run_id=0002_safe_2026-03-16_21-49-34
started_at=2026-03-16T21:49:34.833152+00:00
command=python C:\Users\dancsg\Documents\GitHub\autowinwatt\winwatt_automation\src\winwatt_automation\scripts\map_full_program.py --safe-mode safe

2026-03-16 22:49:35.188 | INFO     | winwatt_automation.live_ui.app_connector:select_main_window:177 - Candidate ranking score=(1, 0, 1, 1, 2250400) data={'title': 'WinWatt gólya', 'window_text': 'WinWatt gólya', 'class_name': 'TMainForm', 'control_type': None, 'process_id': 27808, 'handle': None, 'is_visible': True, 'is_enabled': False, 'rectangle': {'left': -10, 'top': -10, 'right': 1930, 'bottom': 1150, 'width': 1940, 'height': 1160}, 'size': {'width': 1940, 'height': 1160}}
2026-03-16 22:49:35.190 | INFO     | winwatt_automation.live_ui.app_connector:select_main_window:187 - Selected main window process_id=27808 handle=None score=(1, 0, 1, 1, 2250400) reasons=['has_process_id=True', 'has_handle=False', 'visible=True', 'enabled=False', 'title_has_winwatt=True', 'area=2250400']
2026-03-16 22:49:35.220 | INFO     | winwatt_automation.live_ui.app_connector:_connect_with_win32_handle:230 - Connected to WinWatt backend=win32 attach_mode=process candidate={'process_id': 27808, 'handle': None, 'class_name': 'TMainForm', 'title': 'WinWatt gólya'}
2026-03-16 22:49:35.228 | INFO     | winwatt_automation.live_ui.app_connector:_connect_with_win32_handle:244 - Resolved win32 main window after process attach process_id=27808 resolved_handle=None
2026-03-16 22:49:35.229 | INFO     | winwatt_automation.live_ui.app_connector:_resolve_uia_main_window:280 - Connected to WinWatt backend=uia process_id=27808
2026-03-16 22:49:35.229 | INFO     | winwatt_automation.live_ui.app_connector:_resolve_uia_main_window:282 - Resolving main WinWatt window backend=uia class_name=TMainForm title_re=.*WinWatt.*
2026-03-16 22:49:37.575 | INFO     | winwatt_automation.live_ui.app_connector:select_main_window:177 - Candidate ranking score=(1, 0, 1, 1, 2250400) data={'title': 'WinWatt gólya', 'window_text': 'WinWatt gólya', 'class_name': 'TMainForm', 'control_type': None, 'process_id': 27808, 'handle': None, 'is_visible': True, 'is_enabled': False, 'rectangle': {'left': -10, 'top': -10, 'right': 1930, 'bottom': 1150, 'width': 1940, 'height': 1160}, 'size': {'width': 1940, 'height': 1160}}
2026-03-16 22:49:37.575 | INFO     | winwatt_automation.live_ui.app_connector:select_main_window:187 - Selected main window process_id=27808 handle=None score=(1, 0, 1, 1, 2250400) reasons=['has_process_id=True', 'has_handle=False', 'visible=True', 'enabled=False', 'title_has_winwatt=True', 'area=2250400']
2026-03-16 22:49:37.576 | INFO     | winwatt_automation.live_ui.app_connector:_connect_with_win32_handle:230 - Connected to WinWatt backend=win32 attach_mode=process candidate={'process_id': 27808, 'handle': None, 'class_name': 'TMainForm', 'title': 'WinWatt gólya'}
2026-03-16 22:49:37.577 | INFO     | winwatt_automation.live_ui.app_connector:_connect_with_win32_handle:244 - Resolved win32 main window after process attach process_id=27808 resolved_handle=None
2026-03-16 22:49:37.578 | INFO     | winwatt_automation.live_ui.app_connector:_resolve_uia_main_window:280 - Connected to WinWatt backend=uia process_id=27808
2026-03-16 22:49:37.578 | INFO     | winwatt_automation.live_ui.app_connector:_resolve_uia_main_window:282 - Resolving main WinWatt window backend=uia class_name=TMainForm title_re=.*WinWatt.*
2026-03-16 22:49:38.828 | INFO     | winwatt_automation.live_ui.menu_helpers:_menu_items:152 - Discovered 7 MenuItem controls
2026-03-16 22:49:39.226 | INFO     | winwatt_automation.live_ui.menu_helpers:list_top_menu_items:182 - Top-level menu items (raw): ['Rendszer', 'Fájl', 'Jegyzékek', 'Adatbázis...', 'Beállítások', 'Ablak', 'Súgó']
2026-03-16 22:49:39.474 | INFO     | winwatt_automation.runtime_mapping.program_mapper:get_canonical_top_menu_names:177 - Canonical top-level menus [7]: ['Rendszer', 'Fájl', 'Jegyzékek', 'Adatbázis...', 'Beállítások', 'Ablak', 'Súgó']
2026-03-16 22:49:40.356 | INFO     | winwatt_automation.live_ui.app_connector:select_main_window:177 - Candidate ranking score=(1, 0, 1, 1, 2250400) data={'title': 'WinWatt gólya', 'window_text': 'WinWatt gólya', 'class_name': 'TMainForm', 'control_type': None, 'process_id': 27808, 'handle': None, 'is_visible': True, 'is_enabled': False, 'rectangle': {'left': -10, 'top': -10, 'right': 1930, 'bottom': 1150, 'width': 1940, 'height': 1160}, 'size': {'width': 1940, 'height': 1160}}
2026-03-16 22:49:40.356 | INFO     | winwatt_automation.live_ui.app_connector:select_main_window:187 - Selected main window process_id=27808 handle=None score=(1, 0, 1, 1, 2250400) reasons=['has_process_id=True', 'has_handle=False', 'visible=True', 'enabled=False', 'title_has_winwatt=True', 'area=2250400']
2026-03-16 22:49:40.356 | INFO     | winwatt_automation.live_ui.app_connector:_connect_with_win32_handle:230 - Connected to WinWatt backend=win32 attach_mode=process candidate={'process_id': 27808, 'handle': None, 'class_name': 'TMainForm', 'title': 'WinWatt gólya'}
2026-03-16 22:49:40.358 | INFO     | winwatt_automation.live_ui.app_connector:_connect_with_win32_handle:244 - Resolved win32 main window after process attach process_id=27808 resolved_handle=None
2026-03-16 22:49:40.358 | INFO     | winwatt_automation.live_ui.app_connector:_resolve_uia_main_window:280 - Connected to WinWatt backend=uia process_id=27808
2026-03-16 22:49:40.358 | INFO     | winwatt_automation.live_ui.app_connector:_resolve_uia_main_window:282 - Resolving main WinWatt window backend=uia class_name=TMainForm title_re=.*WinWatt.*
2026-03-16 22:49:41.484 | INFO     | winwatt_automation.live_ui.app_connector:ensure_main_window_foreground_before_click:634 - focus_guard precheck action=baseline_restore:no_project:before:Fájl main_handle=2755046 exists=True visible=True enabled=False rect={'left': -10, 'top': -10, 'right': 1930, 'bottom': 1150, 'width': 1940, 'height': 1160}
2026-03-16 22:49:42.419 | INFO     | winwatt_automation.live_ui.app_connector:select_main_window:177 - Candidate ranking score=(1, 0, 1, 1, 2250400) data={'title': 'WinWatt gólya', 'window_text': 'WinWatt gólya', 'class_name': 'TMainForm', 'control_type': None, 'process_id': 27808, 'handle': None, 'is_visible': True, 'is_enabled': False, 'rectangle': {'left': -10, 'top': -10, 'right': 1930, 'bottom': 1150, 'width': 1940, 'height': 1160}, 'size': {'width': 1940, 'height': 1160}}
2026-03-16 22:49:42.419 | INFO     | winwatt_automation.live_ui.app_connector:select_main_window:187 - Selected main window process_id=27808 handle=None score=(1, 0, 1, 1, 2250400) reasons=['has_process_id=True', 'has_handle=False', 'visible=True', 'enabled=False', 'title_has_winwatt=True', 'area=2250400']
2026-03-16 22:49:42.420 | INFO     | winwatt_automation.live_ui.app_connector:_connect_with_win32_handle:230 - Connected to WinWatt backend=win32 attach_mode=process candidate={'process_id': 27808, 'handle': None, 'class_name': 'TMainForm', 'title': 'WinWatt gólya'}
2026-03-16 22:49:42.421 | INFO     | winwatt_automation.live_ui.app_connector:_connect_with_win32_handle:244 - Resolved win32 main window after process attach process_id=27808 resolved_handle=None
2026-03-16 22:49:42.422 | INFO     | winwatt_automation.live_ui.app_connector:_resolve_uia_main_window:280 - Connected to WinWatt backend=uia process_id=27808
2026-03-16 22:49:42.422 | INFO     | winwatt_automation.live_ui.app_connector:_resolve_uia_main_window:282 - Resolving main WinWatt window backend=uia class_name=TMainForm title_re=.*WinWatt.*
2026-03-16 22:49:43.001 | WARNING  | winwatt_automation.runtime_mapping.program_mapper:restore_clean_menu_baseline:198 - baseline_restore modal_pending state=no_project stage=before:Fájl error=focus_not_restored: main window not ready before action=baseline_restore:no_project:before:Fájl visible=True enabled=False
2026-03-16 22:49:43.001 | INFO     | winwatt_automation.runtime_mapping.program_mapper:recover_after_project_open:598 - project_open_recovery_start timeout_s=15.0 poll_interval_s=0.25
2026-03-16 22:49:43.852 | INFO     | winwatt_automation.live_ui.app_connector:select_main_window:177 - Candidate ranking score=(1, 0, 1, 1, 2250400) data={'title': 'WinWatt gólya', 'window_text': 'WinWatt gólya', 'class_name': 'TMainForm', 'control_type': None, 'process_id': 27808, 'handle': None, 'is_visible': True, 'is_enabled': False, 'rectangle': {'left': -10, 'top': -10, 'right': 1930, 'bottom': 1150, 'width': 1940, 'height': 1160}, 'size': {'width': 1940, 'height': 1160}}
2026-03-16 22:49:43.852 | INFO     | winwatt_automation.live_ui.app_connector:select_main_window:187 - Selected main window process_id=27808 handle=None score=(1, 0, 1, 1, 2250400) reasons=['has_process_id=True', 'has_handle=False', 'visible=True', 'enabled=False', 'title_has_winwatt=True', 'area=2250400']
2026-03-16 22:49:43.852 | INFO     | winwatt_automation.live_ui.app_connector:_connect_with_win32_handle:230 - Connected to WinWatt backend=win32 attach_mode=process candidate={'process_id': 27808, 'handle': None, 'class_name': 'TMainForm', 'title': 'WinWatt gólya'}
2026-03-16 22:49:43.854 | INFO     | winwatt_automation.live_ui.app_connector:_connect_with_win32_handle:244 - Resolved win32 main window after process attach process_id=27808 resolved_handle=None
2026-03-16 22:49:43.854 | INFO     | winwatt_automation.live_ui.app_connector:_resolve_uia_main_window:280 - Connected to WinWatt backend=uia process_id=27808
2026-03-16 22:49:43.854 | INFO     | winwatt_automation.live_ui.app_connector:_resolve_uia_main_window:282 - Resolving main WinWatt window backend=uia class_name=TMainForm title_re=.*WinWatt.*
2026-03-16 22:49:46.055 | WARNING  | winwatt_automation.runtime_mapping.program_mapper:recover_after_project_open:615 - project_open_recovery_modal_detected diagnostics={'foreground_window': {'handle': 8325444, 'title': 'WinWatt Dev Cycle Controller', 'class_name': 'TkTopLevel', 'process_id': 31448}, 'dialog_candidates': [], 'main_window': {'enabled': False, 'visible': True, 'rect': {'left': -10, 'top': -10, 'right': 1930, 'bottom': 1150}, 'title': 'WinWatt gólya', 'class_name': 'TMainForm', 'process_id': 27808, 'handle': None, 'exists': True}}
2026-03-16 22:49:46.055 | INFO     | winwatt_automation.runtime_mapping.program_mapper:_attempt_project_open_modal_close:579 - project_open_recovery_close_attempt method=key name=Esc
2026-03-16 22:49:46.927 | INFO     | winwatt_automation.live_ui.app_connector:select_main_window:177 - Candidate ranking score=(1, 0, 1, 1, 2250400) data={'title': 'WinWatt gólya', 'window_text': 'WinWatt gólya', 'class_name': 'TMainForm', 'control_type': None, 'process_id': 27808, 'handle': None, 'is_visible': True, 'is_enabled': False, 'rectangle': {'left': -10, 'top': -10, 'right': 1930, 'bottom': 1150, 'width': 1940, 'height': 1160}, 'size': {'width': 1940, 'height': 1160}}
2026-03-16 22:49:46.927 | INFO     | winwatt_automation.live_ui.app_connector:select_main_window:187 - Selected main window process_id=27808 handle=None score=(1, 0, 1, 1, 2250400) reasons=['has_process_id=True', 'has_handle=False', 'visible=True', 'enabled=False', 'title_has_winwatt=True', 'area=2250400']
2026-03-16 22:49:46.928 | INFO     | winwatt_automation.live_ui.app_connector:_connect_with_win32_handle:230 - Connected to WinWatt backend=win32 attach_mode=process candidate={'process_id': 27808, 'handle': None, 'class_name': 'TMainForm', 'title': 'WinWatt gólya'}
2026-03-16 22:49:46.930 | INFO     | winwatt_automation.live_ui.app_connector:_connect_with_win32_handle:244 - Resolved win32 main window after process attach process_id=27808 resolved_handle=None
2026-03-16 22:49:46.930 | INFO     | winwatt_automation.live_ui.app_connector:_resolve_uia_main_window:280 - Connected to WinWatt backend=uia process_id=27808
2026-03-16 22:49:46.930 | INFO     | winwatt_automation.live_ui.app_connector:_resolve_uia_main_window:282 - Resolving main WinWatt window backend=uia class_name=TMainForm title_re=.*WinWatt.*
2026-03-16 22:49:48.063 | INFO     | winwatt_automation.runtime_mapping.program_mapper:_attempt_project_open_modal_close:579 - project_open_recovery_close_attempt method=key name=Enter
2026-03-16 22:49:48.902 | INFO     | winwatt_automation.live_ui.app_connector:select_main_window:177 - Candidate ranking score=(1, 0, 1, 1, 2250400) data={'title': 'WinWatt gólya', 'window_text': 'WinWatt gólya', 'class_name': 'TMainForm', 'control_type': None, 'process_id': 27808, 'handle': None, 'is_visible': True, 'is_enabled': False, 'rectangle': {'left': -10, 'top': -10, 'right': 1930, 'bottom': 1150, 'width': 1940, 'height': 1160}, 'size': {'width': 1940, 'height': 1160}}
2026-03-16 22:49:48.902 | INFO     | winwatt_automation.live_ui.app_connector:select_main_window:187 - Selected main window process_id=27808 handle=None score=(1, 0, 1, 1, 2250400) reasons=['has_process_id=True', 'has_handle=False', 'visible=True', 'enabled=False', 'title_has_winwatt=True', 'area=2250400']
2026-03-16 22:49:48.903 | INFO     | winwatt_automation.live_ui.app_connector:_connect_with_win32_handle:230 - Connected to WinWatt backend=win32 attach_mode=process candidate={'process_id': 27808, 'handle': None, 'class_name': 'TMainForm', 'title': 'WinWatt gólya'}
2026-03-16 22:49:48.904 | INFO     | winwatt_automation.live_ui.app_connector:_connect_with_win32_handle:244 - Resolved win32 main window after process attach process_id=27808 resolved_handle=None
2026-03-16 22:49:48.906 | INFO     | winwatt_automation.live_ui.app_connector:_resolve_uia_main_window:280 - Connected to WinWatt backend=uia process_id=27808
2026-03-16 22:49:48.906 | INFO     | winwatt_automation.live_ui.app_connector:_resolve_uia_main_window:282 - Resolving main WinWatt window backend=uia class_name=TMainForm title_re=.*WinWatt.*
2026-03-16 22:49:50.129 | INFO     | winwatt_automation.runtime_mapping.program_mapper:_attempt_project_open_modal_close:579 - project_open_recovery_close_attempt method=key name=Alt+F4
2026-03-16 22:49:51.403 | INFO     | winwatt_automation.live_ui.app_connector:select_main_window:177 - Candidate ranking score=(1, 0, 1, 1, 2250400) data={'title': 'WinWatt gólya', 'window_text': 'WinWatt gólya', 'class_name': 'TMainForm', 'control_type': None, 'process_id': 27808, 'handle': None, 'is_visible': True, 'is_enabled': False, 'rectangle': {'left': -10, 'top': -10, 'right': 1930, 'bottom': 1150, 'width': 1940, 'height': 1160}, 'size': {'width': 1940, 'height': 1160}}
2026-03-16 22:49:51.403 | INFO     | winwatt_automation.live_ui.app_connector:select_main_window:187 - Selected main window process_id=27808 handle=None score=(1, 0, 1, 1, 2250400) reasons=['has_process_id=True', 'has_handle=False', 'visible=True', 'enabled=False', 'title_has_winwatt=True', 'area=2250400']
2026-03-16 22:49:51.406 | INFO     | winwatt_automation.live_ui.app_connector:_connect_with_win32_handle:230 - Connected to WinWatt backend=win32 attach_mode=process candidate={'process_id': 27808, 'handle': None, 'class_name': 'TMainForm', 'title': 'WinWatt gólya'}
2026-03-16 22:49:51.409 | INFO     | winwatt_automation.live_ui.app_connector:_connect_with_win32_handle:244 - Resolved win32 main window after process attach process_id=27808 resolved_handle=None
2026-03-16 22:49:51.410 | INFO     | winwatt_automation.live_ui.app_connector:_resolve_uia_main_window:280 - Connected to WinWatt backend=uia process_id=27808
2026-03-16 22:49:51.410 | INFO     | winwatt_automation.live_ui.app_connector:_resolve_uia_main_window:282 - Resolving main WinWatt window backend=uia class_name=TMainForm title_re=.*WinWatt.*
2026-03-16 22:49:52.543 | INFO     | winwatt_automation.runtime_mapping.program_mapper:_attempt_project_open_modal_close:588 - project_open_recovery_close_attempt method=button name=OK
2026-03-16 22:49:53.456 | INFO     | winwatt_automation.live_ui.app_connector:select_main_window:177 - Candidate ranking score=(1, 0, 1, 1, 2250400) data={'title': 'WinWatt gólya', 'window_text': 'WinWatt gólya', 'class_name': 'TMainForm', 'control_type': None, 'process_id': 27808, 'handle': None, 'is_visible': True, 'is_enabled': False, 'rectangle': {'left': -10, 'top': -10, 'right': 1930, 'bottom': 1150, 'width': 1940, 'height': 1160}, 'size': {'width': 1940, 'height': 1160}}
2026-03-16 22:49:53.457 | INFO     | winwatt_automation.live_ui.app_connector:select_main_window:187 - Selected main window process_id=27808 handle=None score=(1, 0, 1, 1, 2250400) reasons=['has_process_id=True', 'has_handle=False', 'visible=True', 'enabled=False', 'title_has_winwatt=True', 'area=2250400']
2026-03-16 22:49:53.457 | INFO     | winwatt_automation.live_ui.app_connector:_connect_with_win32_handle:230 - Connected to WinWatt backend=win32 attach_mode=process candidate={'process_id': 27808, 'handle': None, 'class_name': 'TMainForm', 'title': 'WinWatt gólya'}
2026-03-16 22:49:53.460 | INFO     | winwatt_automation.live_ui.app_connector:_connect_with_win32_handle:244 - Resolved win32 main window after process attach process_id=27808 resolved_handle=None
2026-03-16 22:49:53.461 | INFO     | winwatt_automation.live_ui.app_connector:_resolve_uia_main_window:280 - Connected to WinWatt backend=uia process_id=27808
2026-03-16 22:49:53.461 | INFO     | winwatt_automation.live_ui.app_connector:_resolve_uia_main_window:282 - Resolving main WinWatt window backend=uia class_name=TMainForm title_re=.*WinWatt.*
2026-03-16 22:49:54.562 | INFO     | winwatt_automation.runtime_mapping.program_mapper:_attempt_project_open_modal_close:588 - project_open_recovery_close_attempt method=button name=Rendben
2026-03-16 22:49:55.406 | INFO     | winwatt_automation.live_ui.app_connector:select_main_window:177 - Candidate ranking score=(1, 0, 1, 1, 2250400) data={'title': 'WinWatt gólya', 'window_text': 'WinWatt gólya', 'class_name': 'TMainForm', 'control_type': None, 'process_id': 27808, 'handle': None, 'is_visible': True, 'is_enabled': False, 'rectangle': {'left': -10, 'top': -10, 'right': 1930, 'bottom': 1150, 'width': 1940, 'height': 1160}, 'size': {'width': 1940, 'height': 1160}}
2026-03-16 22:49:55.406 | INFO     | winwatt_automation.live_ui.app_connector:select_main_window:187 - Selected main window process_id=27808 handle=None score=(1, 0, 1, 1, 2250400) reasons=['has_process_id=True', 'has_handle=False', 'visible=True', 'enabled=False', 'title_has_winwatt=True', 'area=2250400']
2026-03-16 22:49:55.406 | INFO     | winwatt_automation.live_ui.app_connector:_connect_with_win32_handle:230 - Connected to WinWatt backend=win32 attach_mode=process candidate={'process_id': 27808, 'handle': None, 'class_name': 'TMainForm', 'title': 'WinWatt gólya'}
2026-03-16 22:49:55.408 | INFO     | winwatt_automation.live_ui.app_connector:_connect_with_win32_handle:244 - Resolved win32 main window after process attach process_id=27808 resolved_handle=None
2026-03-16 22:49:55.408 | INFO     | winwatt_automation.live_ui.app_connector:_resolve_uia_main_window:280 - Connected to WinWatt backend=uia process_id=27808
2026-03-16 22:49:55.409 | INFO     | winwatt_automation.live_ui.app_connector:_resolve_uia_main_window:282 - Resolving main WinWatt window backend=uia class_name=TMainForm title_re=.*WinWatt.*
2026-03-16 22:49:56.709 | INFO     | winwatt_automation.runtime_mapping.program_mapper:_attempt_project_open_modal_close:588 - project_open_recovery_close_attempt method=button name=Bezár
2026-03-16 22:49:57.642 | INFO     | winwatt_automation.live_ui.app_connector:select_main_window:177 - Candidate ranking score=(1, 0, 1, 1, 2250400) data={'title': 'WinWatt gólya', 'window_text': 'WinWatt gólya', 'class_name': 'TMainForm', 'control_type': None, 'process_id': 27808, 'handle': None, 'is_visible': True, 'is_enabled': False, 'rectangle': {'left': -10, 'top': -10, 'right': 1930, 'bottom': 1150, 'width': 1940, 'height': 1160}, 'size': {'width': 1940, 'height': 1160}}
2026-03-16 22:49:57.643 | INFO     | winwatt_automation.live_ui.app_connector:select_main_window:187 - Selected main window process_id=27808 handle=None score=(1, 0, 1, 1, 2250400) reasons=['has_process_id=True', 'has_handle=False', 'visible=True', 'enabled=False', 'title_has_winwatt=True', 'area=2250400']
2026-03-16 22:49:57.645 | INFO     | winwatt_automation.live_ui.app_connector:_connect_with_win32_handle:230 - Connected to WinWatt backend=win32 attach_mode=process candidate={'process_id': 27808, 'handle': None, 'class_name': 'TMainForm', 'title': 'WinWatt gólya'}
2026-03-16 22:49:57.648 | INFO     | winwatt_automation.live_ui.app_connector:_connect_with_win32_handle:244 - Resolved win32 main window after process attach process_id=27808 resolved_handle=None
2026-03-16 22:49:57.648 | INFO     | winwatt_automation.live_ui.app_connector:_resolve_uia_main_window:280 - Connected to WinWatt backend=uia process_id=27808
2026-03-16 22:49:57.649 | INFO     | winwatt_automation.live_ui.app_connector:_resolve_uia_main_window:282 - Resolving main WinWatt window backend=uia class_name=TMainForm title_re=.*WinWatt.*
2026-03-16 22:49:58.826 | INFO     | winwatt_automation.runtime_mapping.program_mapper:_attempt_project_open_modal_close:588 - project_open_recovery_close_attempt method=button name=Mégse
2026-03-16 22:49:59.709 | INFO     | winwatt_automation.live_ui.app_connector:select_main_window:177 - Candidate ranking score=(1, 0, 1, 1, 2250400) data={'title': 'WinWatt gólya', 'window_text': 'WinWatt gólya', 'class_name': 'TMainForm', 'control_type': None, 'process_id': 27808, 'handle': None, 'is_visible': True, 'is_enabled': False, 'rectangle': {'left': -10, 'top': -10, 'right': 1930, 'bottom': 1150, 'width': 1940, 'height': 1160}, 'size': {'width': 1940, 'height': 1160}}
2026-03-16 22:49:59.710 | INFO     | winwatt_automation.live_ui.app_connector:select_main_window:187 - Selected main window process_id=27808 handle=None score=(1, 0, 1, 1, 2250400) reasons=['has_process_id=True', 'has_handle=False', 'visible=True', 'enabled=False', 'title_has_winwatt=True', 'area=2250400']
2026-03-16 22:49:59.710 | INFO     | winwatt_automation.live_ui.app_connector:_connect_with_win32_handle:230 - Connected to WinWatt backend=win32 attach_mode=process candidate={'process_id': 27808, 'handle': None, 'class_name': 'TMainForm', 'title': 'WinWatt gólya'}
2026-03-16 22:49:59.712 | INFO     | winwatt_automation.live_ui.app_connector:_connect_with_win32_handle:244 - Resolved win32 main window after process attach process_id=27808 resolved_handle=None
2026-03-16 22:49:59.712 | INFO     | winwatt_automation.live_ui.app_connector:_resolve_uia_main_window:280 - Connected to WinWatt backend=uia process_id=27808
2026-03-16 22:49:59.712 | INFO     | winwatt_automation.live_ui.app_connector:_resolve_uia_main_window:282 - Resolving main WinWatt window backend=uia class_name=TMainForm title_re=.*WinWatt.*
2026-03-16 22:50:00.830 | INFO     | winwatt_automation.runtime_mapping.program_mapper:_attempt_project_open_modal_close:588 - project_open_recovery_close_attempt method=button name=Cancel
2026-03-16 22:50:01.728 | INFO     | winwatt_automation.live_ui.app_connector:select_main_window:177 - Candidate ranking score=(1, 0, 1, 1, 2250400) data={'title': 'WinWatt gólya', 'window_text': 'WinWatt gólya', 'class_name': 'TMainForm', 'control_type': None, 'process_id': 27808, 'handle': None, 'is_visible': True, 'is_enabled': False, 'rectangle': {'left': -10, 'top': -10, 'right': 1930, 'bottom': 1150, 'width': 1940, 'height': 1160}, 'size': {'width': 1940, 'height': 1160}}
2026-03-16 22:50:01.728 | INFO     | winwatt_automation.live_ui.app_connector:select_main_window:187 - Selected main window process_id=27808 handle=None score=(1, 0, 1, 1, 2250400) reasons=['has_process_id=True', 'has_handle=False', 'visible=True', 'enabled=False', 'title_has_winwatt=True', 'area=2250400']
2026-03-16 22:50:01.729 | INFO     | winwatt_automation.live_ui.app_connector:_connect_with_win32_handle:230 - Connected to WinWatt backend=win32 attach_mode=process candidate={'process_id': 27808, 'handle': None, 'class_name': 'TMainForm', 'title': 'WinWatt gólya'}
2026-03-16 22:50:01.731 | INFO     | winwatt_automation.live_ui.app_connector:_connect_with_win32_handle:244 - Resolved win32 main window after process attach process_id=27808 resolved_handle=None
2026-03-16 22:50:01.731 | INFO     | winwatt_automation.live_ui.app_connector:_resolve_uia_main_window:280 - Connected to WinWatt backend=uia process_id=27808
2026-03-16 22:50:01.731 | INFO     | winwatt_automation.live_ui.app_connector:_resolve_uia_main_window:282 - Resolving main WinWatt window backend=uia class_name=TMainForm title_re=.*WinWatt.*
2026-03-16 22:50:02.799 | INFO     | winwatt_automation.runtime_mapping.program_mapper:_attempt_project_open_modal_close:588 - project_open_recovery_close_attempt method=button name=Close
2026-03-16 22:50:03.566 | INFO     | winwatt_automation.live_ui.app_connector:select_main_window:177 - Candidate ranking score=(1, 0, 1, 1, 2250400) data={'title': 'WinWatt gólya', 'window_text': 'WinWatt gólya', 'class_name': 'TMainForm', 'control_type': None, 'process_id': 27808, 'handle': None, 'is_visible': True, 'is_enabled': False, 'rectangle': {'left': -10, 'top': -10, 'right': 1930, 'bottom': 1150, 'width': 1940, 'height': 1160}, 'size': {'width': 1940, 'height': 1160}}
2026-03-16 22:50:03.566 | INFO     | winwatt_automation.live_ui.app_connector:select_main_window:187 - Selected main window process_id=27808 handle=None score=(1, 0, 1, 1, 2250400) reasons=['has_process_id=True', 'has_handle=False', 'visible=True', 'enabled=False', 'title_has_winwatt=True', 'area=2250400']
2026-03-16 22:50:03.567 | INFO     | winwatt_automation.live_ui.app_connector:_connect_with_win32_handle:230 - Connected to WinWatt backend=win32 attach_mode=process candidate={'process_id': 27808, 'handle': None, 'class_name': 'TMainForm', 'title': 'WinWatt gólya'}
2026-03-16 22:50:03.569 | INFO     | winwatt_automation.live_ui.app_connector:_connect_with_win32_handle:244 - Resolved win32 main window after process attach process_id=27808 resolved_handle=None
2026-03-16 22:50:03.569 | INFO     | winwatt_automation.live_ui.app_connector:_resolve_uia_main_window:280 - Connected to WinWatt backend=uia process_id=27808
2026-03-16 22:50:03.569 | INFO     | winwatt_automation.live_ui.app_connector:_resolve_uia_main_window:282 - Resolving main WinWatt window backend=uia class_name=TMainForm title_re=.*WinWatt.*
2026-03-16 22:50:04.787 | INFO     | winwatt_automation.runtime_mapping.program_mapper:_attempt_project_open_modal_close:588 - project_open_recovery_close_attempt method=button name=No
2026-03-16 22:50:05.694 | INFO     | winwatt_automation.live_ui.app_connector:select_main_window:177 - Candidate ranking score=(1, 0, 1, 1, 2250400) data={'title': 'WinWatt gólya', 'window_text': 'WinWatt gólya', 'class_name': 'TMainForm', 'control_type': None, 'process_id': 27808, 'handle': None, 'is_visible': True, 'is_enabled': False, 'rectangle': {'left': -10, 'top': -10, 'right': 1930, 'bottom': 1150, 'width': 1940, 'height': 1160}, 'size': {'width': 1940, 'height': 1160}}
2026-03-16 22:50:05.694 | INFO     | winwatt_automation.live_ui.app_connector:select_main_window:187 - Selected main window process_id=27808 handle=None score=(1, 0, 1, 1, 2250400) reasons=['has_process_id=True', 'has_handle=False', 'visible=True', 'enabled=False', 'title_has_winwatt=True', 'area=2250400']
2026-03-16 22:50:05.695 | INFO     | winwatt_automation.live_ui.app_connector:_connect_with_win32_handle:230 - Connected to WinWatt backend=win32 attach_mode=process candidate={'process_id': 27808, 'handle': None, 'class_name': 'TMainForm', 'title': 'WinWatt gólya'}
2026-03-16 22:50:05.699 | INFO     | winwatt_automation.live_ui.app_connector:_connect_with_win32_handle:244 - Resolved win32 main window after process attach process_id=27808 resolved_handle=None
2026-03-16 22:50:05.699 | INFO     | winwatt_automation.live_ui.app_connector:_resolve_uia_main_window:280 - Connected to WinWatt backend=uia process_id=27808
2026-03-16 22:50:05.700 | INFO     | winwatt_automation.live_ui.app_connector:_resolve_uia_main_window:282 - Resolving main WinWatt window backend=uia class_name=TMainForm title_re=.*WinWatt.*
2026-03-16 22:50:06.802 | INFO     | winwatt_automation.runtime_mapping.program_mapper:_attempt_project_open_modal_close:588 - project_open_recovery_close_attempt method=button name=Nem
2026-03-16 22:50:07.716 | INFO     | winwatt_automation.live_ui.app_connector:select_main_window:177 - Candidate ranking score=(1, 0, 1, 1, 2250400) data={'title': 'WinWatt gólya', 'window_text': 'WinWatt gólya', 'class_name': 'TMainForm', 'control_type': None, 'process_id': 27808, 'handle': None, 'is_visible': True, 'is_enabled': False, 'rectangle': {'left': -10, 'top': -10, 'right': 1930, 'bottom': 1150, 'width': 1940, 'height': 1160}, 'size': {'width': 1940, 'height': 1160}}
2026-03-16 22:50:07.716 | INFO     | winwatt_automation.live_ui.app_connector:select_main_window:187 - Selected main window process_id=27808 handle=None score=(1, 0, 1, 1, 2250400) reasons=['has_process_id=True', 'has_handle=False', 'visible=True', 'enabled=False', 'title_has_winwatt=True', 'area=2250400']
2026-03-16 22:50:07.717 | INFO     | winwatt_automation.live_ui.app_connector:_connect_with_win32_handle:230 - Connected to WinWatt backend=win32 attach_mode=process candidate={'process_id': 27808, 'handle': None, 'class_name': 'TMainForm', 'title': 'WinWatt gólya'}
2026-03-16 22:50:07.719 | INFO     | winwatt_automation.live_ui.app_connector:_connect_with_win32_handle:244 - Resolved win32 main window after process attach process_id=27808 resolved_handle=None
2026-03-16 22:50:07.719 | INFO     | winwatt_automation.live_ui.app_connector:_resolve_uia_main_window:280 - Connected to WinWatt backend=uia process_id=27808
2026-03-16 22:50:07.719 | INFO     | winwatt_automation.live_ui.app_connector:_resolve_uia_main_window:282 - Resolving main WinWatt window backend=uia class_name=TMainForm title_re=.*WinWatt.*
2026-03-16 22:50:09.652 | INFO     | winwatt_automation.live_ui.app_connector:select_main_window:177 - Candidate ranking score=(1, 0, 1, 1, 2250400) data={'title': 'WinWatt gólya', 'window_text': 'WinWatt gólya', 'class_name': 'TMainForm', 'control_type': None, 'process_id': 27808, 'handle': None, 'is_visible': True, 'is_enabled': False, 'rectangle': {'left': -10, 'top': -10, 'right': 1930, 'bottom': 1150, 'width': 1940, 'height': 1160}, 'size': {'width': 1940, 'height': 1160}}
2026-03-16 22:50:09.652 | INFO     | winwatt_automation.live_ui.app_connector:select_main_window:187 - Selected main window process_id=27808 handle=None score=(1, 0, 1, 1, 2250400) reasons=['has_process_id=True', 'has_handle=False', 'visible=True', 'enabled=False', 'title_has_winwatt=True', 'area=2250400']
2026-03-16 22:50:09.652 | INFO     | winwatt_automation.live_ui.app_connector:_connect_with_win32_handle:230 - Connected to WinWatt backend=win32 attach_mode=process candidate={'process_id': 27808, 'handle': None, 'class_name': 'TMainForm', 'title': 'WinWatt gólya'}
2026-03-16 22:50:09.654 | INFO     | winwatt_automation.live_ui.app_connector:_connect_with_win32_handle:244 - Resolved win32 main window after process attach process_id=27808 resolved_handle=None
2026-03-16 22:50:09.654 | INFO     | winwatt_automation.live_ui.app_connector:_resolve_uia_main_window:280 - Connected to WinWatt backend=uia process_id=27808
2026-03-16 22:50:09.654 | INFO     | winwatt_automation.live_ui.app_connector:_resolve_uia_main_window:282 - Resolving main WinWatt window backend=uia class_name=TMainForm title_re=.*WinWatt.*
2026-03-16 22:50:10.990 | ERROR    | winwatt_automation.runtime_mapping.program_mapper:recover_after_project_open:622 - project_open_recovery_failed diagnostics={'foreground_window': {'handle': 199156, 'title': 'dev_cycle_controller_gui.py - autowinwatt - Visual Studio Code', 'class_name': 'Chrome_WidgetWin_1', 'process_id': 28872}, 'dialog_candidates': [], 'main_window': {'enabled': False, 'visible': True, 'rect': {'left': -10, 'top': -10, 'right': 1930, 'bottom': 1150}, 'title': 'WinWatt gólya', 'class_name': 'TMainForm', 'process_id': 27808, 'handle': None, 'exists': True}}
2026-03-16 22:50:10.991 | ERROR    | winwatt_automation.runtime_mapping.program_mapper:restore_clean_menu_baseline:203 - baseline_restore failed state=no_project stage=before:Fájl error=focus_not_restored: main window not ready before action=baseline_restore:no_project:before:Fájl visible=True enabled=False
2026-03-16 22:50:10.991 | ERROR    | winwatt_automation.runtime_mapping.program_mapper:map_runtime_state:929 - unrecoverable main window loss before top menu state=no_project top_menu=Fájl
[event] state_mapped: {"actions": 0, "dialogs": 0, "state_id": "no_project", "top_menus": 5}
2026-03-16 22:50:11.825 | INFO     | winwatt_automation.live_ui.app_connector:select_main_window:177 - Candidate ranking score=(1, 0, 1, 1, 2250400) data={'title': 'WinWatt gólya', 'window_text': 'WinWatt gólya', 'class_name': 'TMainForm', 'control_type': None, 'process_id': 27808, 'handle': None, 'is_visible': True, 'is_enabled': False, 'rectangle': {'left': -10, 'top': -10, 'right': 1930, 'bottom': 1150, 'width': 1940, 'height': 1160}, 'size': {'width': 1940, 'height': 1160}}
2026-03-16 22:50:11.825 | INFO     | winwatt_automation.live_ui.app_connector:select_main_window:187 - Selected main window process_id=27808 handle=None score=(1, 0, 1, 1, 2250400) reasons=['has_process_id=True', 'has_handle=False', 'visible=True', 'enabled=False', 'title_has_winwatt=True', 'area=2250400']
2026-03-16 22:50:11.826 | INFO     | winwatt_automation.live_ui.app_connector:_connect_with_win32_handle:230 - Connected to WinWatt backend=win32 attach_mode=process candidate={'process_id': 27808, 'handle': None, 'class_name': 'TMainForm', 'title': 'WinWatt gólya'}
2026-03-16 22:50:11.827 | INFO     | winwatt_automation.live_ui.app_connector:_connect_with_win32_handle:244 - Resolved win32 main window after process attach process_id=27808 resolved_handle=None
2026-03-16 22:50:11.828 | INFO     | winwatt_automation.live_ui.app_connector:_resolve_uia_main_window:280 - Connected to WinWatt backend=uia process_id=27808
2026-03-16 22:50:11.828 | INFO     | winwatt_automation.live_ui.app_connector:_resolve_uia_main_window:282 - Resolving main WinWatt window backend=uia class_name=TMainForm title_re=.*WinWatt.*
2026-03-16 22:50:13.834 | INFO     | winwatt_automation.live_ui.app_connector:select_main_window:177 - Candidate ranking score=(1, 0, 1, 1, 2250400) data={'title': 'WinWatt gólya', 'window_text': 'WinWatt gólya', 'class_name': 'TMainForm', 'control_type': None, 'process_id': 27808, 'handle': None, 'is_visible': True, 'is_enabled': False, 'rectangle': {'left': -10, 'top': -10, 'right': 1930, 'bottom': 1150, 'width': 1940, 'height': 1160}, 'size': {'width': 1940, 'height': 1160}}
2026-03-16 22:50:13.834 | INFO     | winwatt_automation.live_ui.app_connector:select_main_window:187 - Selected main window process_id=27808 handle=None score=(1, 0, 1, 1, 2250400) reasons=['has_process_id=True', 'has_handle=False', 'visible=True', 'enabled=False', 'title_has_winwatt=True', 'area=2250400']
2026-03-16 22:50:13.835 | INFO     | winwatt_automation.live_ui.app_connector:_connect_with_win32_handle:230 - Connected to WinWatt backend=win32 attach_mode=process candidate={'process_id': 27808, 'handle': None, 'class_name': 'TMainForm', 'title': 'WinWatt gólya'}
2026-03-16 22:50:13.836 | INFO     | winwatt_automation.live_ui.app_connector:_connect_with_win32_handle:244 - Resolved win32 main window after process attach process_id=27808 resolved_handle=None
2026-03-16 22:50:13.837 | INFO     | winwatt_automation.live_ui.app_connector:_resolve_uia_main_window:280 - Connected to WinWatt backend=uia process_id=27808
2026-03-16 22:50:13.837 | INFO     | winwatt_automation.live_ui.app_connector:_resolve_uia_main_window:282 - Resolving main WinWatt window backend=uia class_name=TMainForm title_re=.*WinWatt.*
2026-03-16 22:50:15.144 | INFO     | winwatt_automation.live_ui.menu_helpers:_menu_items:152 - Discovered 7 MenuItem controls
2026-03-16 22:50:15.582 | INFO     | winwatt_automation.live_ui.menu_helpers:list_top_menu_items:182 - Top-level menu items (raw): ['Rendszer', 'Fájl', 'Jegyzékek', 'Adatbázis...', 'Beállítások', 'Ablak', 'Súgó']
2026-03-16 22:50:15.885 | INFO     | winwatt_automation.runtime_mapping.program_mapper:get_canonical_top_menu_names:177 - Canonical top-level menus [7]: ['Rendszer', 'Fájl', 'Jegyzékek', 'Adatbázis...', 'Beállítások', 'Ablak', 'Súgó']
2026-03-16 22:50:16.769 | INFO     | winwatt_automation.live_ui.app_connector:select_main_window:177 - Candidate ranking score=(1, 0, 1, 1, 2250400) data={'title': 'WinWatt gólya', 'window_text': 'WinWatt gólya', 'class_name': 'TMainForm', 'control_type': None, 'process_id': 27808, 'handle': None, 'is_visible': True, 'is_enabled': False, 'rectangle': {'left': -10, 'top': -10, 'right': 1930, 'bottom': 1150, 'width': 1940, 'height': 1160}, 'size': {'width': 1940, 'height': 1160}}
2026-03-16 22:50:16.770 | INFO     | winwatt_automation.live_ui.app_connector:select_main_window:187 - Selected main window process_id=27808 handle=None score=(1, 0, 1, 1, 2250400) reasons=['has_process_id=True', 'has_handle=False', 'visible=True', 'enabled=False', 'title_has_winwatt=True', 'area=2250400']
2026-03-16 22:50:16.770 | INFO     | winwatt_automation.live_ui.app_connector:_connect_with_win32_handle:230 - Connected to WinWatt backend=win32 attach_mode=process candidate={'process_id': 27808, 'handle': None, 'class_name': 'TMainForm', 'title': 'WinWatt gólya'}
2026-03-16 22:50:16.772 | INFO     | winwatt_automation.live_ui.app_connector:_connect_with_win32_handle:244 - Resolved win32 main window after process attach process_id=27808 resolved_handle=None
2026-03-16 22:50:16.772 | INFO     | winwatt_automation.live_ui.app_connector:_resolve_uia_main_window:280 - Connected to WinWatt backend=uia process_id=27808
2026-03-16 22:50:16.773 | INFO     | winwatt_automation.live_ui.app_connector:_resolve_uia_main_window:282 - Resolving main WinWatt window backend=uia class_name=TMainForm title_re=.*WinWatt.*
2026-03-16 22:50:17.888 | INFO     | winwatt_automation.live_ui.app_connector:ensure_main_window_foreground_before_click:634 - focus_guard precheck action=baseline_restore:project_open:before:Fájl main_handle=2755046 exists=True visible=True enabled=False rect={'left': -10, 'top': -10, 'right': 1930, 'bottom': 1150, 'width': 1940, 'height': 1160}
2026-03-16 22:50:18.624 | INFO     | winwatt_automation.live_ui.app_connector:select_main_window:177 - Candidate ranking score=(1, 0, 1, 1, 2250400) data={'title': 'WinWatt gólya', 'window_text': 'WinWatt gólya', 'class_name': 'TMainForm', 'control_type': None, 'process_id': 27808, 'handle': None, 'is_visible': True, 'is_enabled': False, 'rectangle': {'left': -10, 'top': -10, 'right': 1930, 'bottom': 1150, 'width': 1940, 'height': 1160}, 'size': {'width': 1940, 'height': 1160}}
2026-03-16 22:50:18.624 | INFO     | winwatt_automation.live_ui.app_connector:select_main_window:187 - Selected main window process_id=27808 handle=None score=(1, 0, 1, 1, 2250400) reasons=['has_process_id=True', 'has_handle=False', 'visible=True', 'enabled=False', 'title_has_winwatt=True', 'area=2250400']
2026-03-16 22:50:18.624 | INFO     | winwatt_automation.live_ui.app_connector:_connect_with_win32_handle:230 - Connected to WinWatt backend=win32 attach_mode=process candidate={'process_id': 27808, 'handle': None, 'class_name': 'TMainForm', 'title': 'WinWatt gólya'}
2026-03-16 22:50:18.626 | INFO     | winwatt_automation.live_ui.app_connector:_connect_with_win32_handle:244 - Resolved win32 main window after process attach process_id=27808 resolved_handle=None
2026-03-16 22:50:18.626 | INFO     | winwatt_automation.live_ui.app_connector:_resolve_uia_main_window:280 - Connected to WinWatt backend=uia process_id=27808
2026-03-16 22:50:18.626 | INFO     | winwatt_automation.live_ui.app_connector:_resolve_uia_main_window:282 - Resolving main WinWatt window backend=uia class_name=TMainForm title_re=.*WinWatt.*
2026-03-16 22:50:19.187 | WARNING  | winwatt_automation.runtime_mapping.program_mapper:restore_clean_menu_baseline:198 - baseline_restore modal_pending state=project_open stage=before:Fájl error=focus_not_restored: main window not ready before action=baseline_restore:project_open:before:Fájl visible=True enabled=False
2026-03-16 22:50:19.187 | INFO     | winwatt_automation.runtime_mapping.program_mapper:recover_after_project_open:598 - project_open_recovery_start timeout_s=15.0 poll_interval_s=0.25
2026-03-16 22:50:19.887 | INFO     | winwatt_automation.live_ui.app_connector:select_main_window:177 - Candidate ranking score=(1, 0, 1, 1, 2250400) data={'title': 'WinWatt gólya', 'window_text': 'WinWatt gólya', 'class_name': 'TMainForm', 'control_type': None, 'process_id': 27808, 'handle': None, 'is_visible': True, 'is_enabled': False, 'rectangle': {'left': -10, 'top': -10, 'right': 1930, 'bottom': 1150, 'width': 1940, 'height': 1160}, 'size': {'width': 1940, 'height': 1160}}
2026-03-16 22:50:19.887 | INFO     | winwatt_automation.live_ui.app_connector:select_main_window:187 - Selected main window process_id=27808 handle=None score=(1, 0, 1, 1, 2250400) reasons=['has_process_id=True', 'has_handle=False', 'visible=True', 'enabled=False', 'title_has_winwatt=True', 'area=2250400']
2026-03-16 22:50:19.888 | INFO     | winwatt_automation.live_ui.app_connector:_connect_with_win32_handle:230 - Connected to WinWatt backend=win32 attach_mode=process candidate={'process_id': 27808, 'handle': None, 'class_name': 'TMainForm', 'title': 'WinWatt gólya'}
2026-03-16 22:50:19.889 | INFO     | winwatt_automation.live_ui.app_connector:_connect_with_win32_handle:244 - Resolved win32 main window after process attach process_id=27808 resolved_handle=None
2026-03-16 22:50:19.890 | INFO     | winwatt_automation.live_ui.app_connector:_resolve_uia_main_window:280 - Connected to WinWatt backend=uia process_id=27808
2026-03-16 22:50:19.890 | INFO     | winwatt_automation.live_ui.app_connector:_resolve_uia_main_window:282 - Resolving main WinWatt window backend=uia class_name=TMainForm title_re=.*WinWatt.*
2026-03-16 22:50:23.592 | WARNING  | winwatt_automation.runtime_mapping.program_mapper:recover_after_project_open:615 - project_open_recovery_modal_detected diagnostics={'foreground_window': {'handle': 199156, 'title': 'dev_cycle_controller_gui.py - autowinwatt - Visual Studio Code', 'class_name': 'Chrome_WidgetWin_1', 'process_id': 28872}, 'dialog_candidates': [], 'main_window': {'enabled': False, 'visible': True, 'rect': {'left': -10, 'top': -10, 'right': 1930, 'bottom': 1150}, 'title': 'WinWatt gólya', 'class_name': 'TMainForm', 'process_id': 27808, 'handle': None, 'exists': True}}
2026-03-16 22:50:23.592 | INFO     | winwatt_automation.runtime_mapping.program_mapper:_attempt_project_open_modal_close:579 - project_open_recovery_close_attempt method=key name=Esc
2026-03-16 22:50:24.960 | INFO     | winwatt_automation.live_ui.app_connector:select_main_window:177 - Candidate ranking score=(1, 0, 1, 1, 2250400) data={'title': 'WinWatt gólya', 'window_text': 'WinWatt gólya', 'class_name': 'TMainForm', 'control_type': None, 'process_id': 27808, 'handle': None, 'is_visible': True, 'is_enabled': False, 'rectangle': {'left': -10, 'top': -10, 'right': 1930, 'bottom': 1150, 'width': 1940, 'height': 1160}, 'size': {'width': 1940, 'height': 1160}}
2026-03-16 22:50:24.960 | INFO     | winwatt_automation.live_ui.app_connector:select_main_window:187 - Selected main window process_id=27808 handle=None score=(1, 0, 1, 1, 2250400) reasons=['has_process_id=True', 'has_handle=False', 'visible=True', 'enabled=False', 'title_has_winwatt=True', 'area=2250400']
2026-03-16 22:50:24.961 | INFO     | winwatt_automation.live_ui.app_connector:_connect_with_win32_handle:230 - Connected to WinWatt backend=win32 attach_mode=process candidate={'process_id': 27808, 'handle': None, 'class_name': 'TMainForm', 'title': 'WinWatt gólya'}
2026-03-16 22:50:24.962 | INFO     | winwatt_automation.live_ui.app_connector:_connect_with_win32_handle:244 - Resolved win32 main window after process attach process_id=27808 resolved_handle=None
2026-03-16 22:50:24.963 | INFO     | winwatt_automation.live_ui.app_connector:_resolve_uia_main_window:280 - Connected to WinWatt backend=uia process_id=27808
2026-03-16 22:50:24.963 | INFO     | winwatt_automation.live_ui.app_connector:_resolve_uia_main_window:282 - Resolving main WinWatt window backend=uia class_name=TMainForm title_re=.*WinWatt.*
2026-03-16 22:50:26.174 | INFO     | winwatt_automation.runtime_mapping.program_mapper:_attempt_project_open_modal_close:579 - project_open_recovery_close_attempt method=key name=Enter
2026-03-16 22:50:26.966 | INFO     | winwatt_automation.live_ui.app_connector:select_main_window:177 - Candidate ranking score=(1, 0, 1, 1, 2250400) data={'title': 'WinWatt gólya', 'window_text': 'WinWatt gólya', 'class_name': 'TMainForm', 'control_type': None, 'process_id': 27808, 'handle': None, 'is_visible': True, 'is_enabled': False, 'rectangle': {'left': -10, 'top': -10, 'right': 1930, 'bottom': 1150, 'width': 1940, 'height': 1160}, 'size': {'width': 1940, 'height': 1160}}
2026-03-16 22:50:26.966 | INFO     | winwatt_automation.live_ui.app_connector:select_main_window:187 - Selected main window process_id=27808 handle=None score=(1, 0, 1, 1, 2250400) reasons=['has_process_id=True', 'has_handle=False', 'visible=True', 'enabled=False', 'title_has_winwatt=True', 'area=2250400']
2026-03-16 22:50:26.967 | INFO     | winwatt_automation.live_ui.app_connector:_connect_with_win32_handle:230 - Connected to WinWatt backend=win32 attach_mode=process candidate={'process_id': 27808, 'handle': None, 'class_name': 'TMainForm', 'title': 'WinWatt gólya'}
2026-03-16 22:50:26.968 | INFO     | winwatt_automation.live_ui.app_connector:_connect_with_win32_handle:244 - Resolved win32 main window after process attach process_id=27808 resolved_handle=None
2026-03-16 22:50:26.969 | INFO     | winwatt_automation.live_ui.app_connector:_resolve_uia_main_window:280 - Connected to WinWatt backend=uia process_id=27808
2026-03-16 22:50:26.969 | INFO     | winwatt_automation.live_ui.app_connector:_resolve_uia_main_window:282 - Resolving main WinWatt window backend=uia class_name=TMainForm title_re=.*WinWatt.*
2026-03-16 22:50:28.164 | INFO     | winwatt_automation.runtime_mapping.program_mapper:_attempt_project_open_modal_close:579 - project_open_recovery_close_attempt method=key name=Alt+F4
