run_id=0002_safe_2026-03-16_21-58-45
started_at=2026-03-16T21:58:45.871852+00:00
command=python C:\Users\dancsg\Documents\GitHub\autowinwatt\winwatt_automation\src\winwatt_automation\scripts\map_full_program.py --safe-mode safe

2026-03-16 22:58:46.132 | INFO     | winwatt_automation.live_ui.app_connector:select_main_window:177 - Candidate ranking score=(1, 1, 1, 1, 2250400) data={'title': 'WinWatt gólya', 'window_text': 'WinWatt gólya', 'class_name': 'TMainForm', 'control_type': None, 'process_id': 35696, 'handle': None, 'is_visible': True, 'is_enabled': True, 'rectangle': {'left': -10, 'top': -10, 'right': 1930, 'bottom': 1150, 'width': 1940, 'height': 1160}, 'size': {'width': 1940, 'height': 1160}}
2026-03-16 22:58:46.133 | INFO     | winwatt_automation.live_ui.app_connector:select_main_window:187 - Selected main window process_id=35696 handle=None score=(1, 1, 1, 1, 2250400) reasons=['has_process_id=True', 'has_handle=False', 'visible=True', 'enabled=True', 'title_has_winwatt=True', 'area=2250400']
2026-03-16 22:58:46.134 | INFO     | winwatt_automation.live_ui.app_connector:_connect_with_win32_handle:230 - Connected to WinWatt backend=win32 attach_mode=process candidate={'process_id': 35696, 'handle': None, 'class_name': 'TMainForm', 'title': 'WinWatt gólya'}
2026-03-16 22:58:46.139 | INFO     | winwatt_automation.live_ui.app_connector:_connect_with_win32_handle:244 - Resolved win32 main window after process attach process_id=35696 resolved_handle=None
2026-03-16 22:58:46.139 | INFO     | winwatt_automation.live_ui.app_connector:_resolve_uia_main_window:280 - Connected to WinWatt backend=uia process_id=35696
2026-03-16 22:58:46.140 | INFO     | winwatt_automation.live_ui.app_connector:_resolve_uia_main_window:282 - Resolving main WinWatt window backend=uia class_name=TMainForm title_re=.*WinWatt.*
2026-03-16 22:58:48.624 | INFO     | winwatt_automation.live_ui.app_connector:select_main_window:177 - Candidate ranking score=(1, 1, 1, 1, 2250400) data={'title': 'WinWatt gólya', 'window_text': 'WinWatt gólya', 'class_name': 'TMainForm', 'control_type': None, 'process_id': 35696, 'handle': None, 'is_visible': True, 'is_enabled': True, 'rectangle': {'left': -10, 'top': -10, 'right': 1930, 'bottom': 1150, 'width': 1940, 'height': 1160}, 'size': {'width': 1940, 'height': 1160}}
2026-03-16 22:58:48.624 | INFO     | winwatt_automation.live_ui.app_connector:select_main_window:187 - Selected main window process_id=35696 handle=None score=(1, 1, 1, 1, 2250400) reasons=['has_process_id=True', 'has_handle=False', 'visible=True', 'enabled=True', 'title_has_winwatt=True', 'area=2250400']
2026-03-16 22:58:48.625 | INFO     | winwatt_automation.live_ui.app_connector:_connect_with_win32_handle:230 - Connected to WinWatt backend=win32 attach_mode=process candidate={'process_id': 35696, 'handle': None, 'class_name': 'TMainForm', 'title': 'WinWatt gólya'}
2026-03-16 22:58:48.627 | INFO     | winwatt_automation.live_ui.app_connector:_connect_with_win32_handle:244 - Resolved win32 main window after process attach process_id=35696 resolved_handle=None
2026-03-16 22:58:48.627 | INFO     | winwatt_automation.live_ui.app_connector:_resolve_uia_main_window:280 - Connected to WinWatt backend=uia process_id=35696
2026-03-16 22:58:48.627 | INFO     | winwatt_automation.live_ui.app_connector:_resolve_uia_main_window:282 - Resolving main WinWatt window backend=uia class_name=TMainForm title_re=.*WinWatt.*
2026-03-16 22:58:50.054 | INFO     | winwatt_automation.live_ui.menu_helpers:_menu_items:152 - Discovered 7 MenuItem controls
2026-03-16 22:58:50.544 | INFO     | winwatt_automation.live_ui.menu_helpers:list_top_menu_items:182 - Top-level menu items (raw): ['Rendszer', 'Fájl', 'Jegyzékek', 'Adatbázis...', 'Beállítások', 'Ablak', 'Súgó']
2026-03-16 22:58:50.879 | INFO     | winwatt_automation.runtime_mapping.program_mapper:get_canonical_top_menu_names:177 - Canonical top-level menus [7]: ['Rendszer', 'Fájl', 'Jegyzékek', 'Adatbázis...', 'Beállítások', 'Ablak', 'Súgó']
2026-03-16 22:58:52.032 | INFO     | winwatt_automation.live_ui.app_connector:select_main_window:177 - Candidate ranking score=(1, 1, 1, 1, 2250400) data={'title': 'WinWatt gólya', 'window_text': 'WinWatt gólya', 'class_name': 'TMainForm', 'control_type': None, 'process_id': 35696, 'handle': None, 'is_visible': True, 'is_enabled': True, 'rectangle': {'left': -10, 'top': -10, 'right': 1930, 'bottom': 1150, 'width': 1940, 'height': 1160}, 'size': {'width': 1940, 'height': 1160}}
2026-03-16 22:58:52.032 | INFO     | winwatt_automation.live_ui.app_connector:select_main_window:187 - Selected main window process_id=35696 handle=None score=(1, 1, 1, 1, 2250400) reasons=['has_process_id=True', 'has_handle=False', 'visible=True', 'enabled=True', 'title_has_winwatt=True', 'area=2250400']
2026-03-16 22:58:52.034 | INFO     | winwatt_automation.live_ui.app_connector:_connect_with_win32_handle:230 - Connected to WinWatt backend=win32 attach_mode=process candidate={'process_id': 35696, 'handle': None, 'class_name': 'TMainForm', 'title': 'WinWatt gólya'}
2026-03-16 22:58:52.036 | INFO     | winwatt_automation.live_ui.app_connector:_connect_with_win32_handle:244 - Resolved win32 main window after process attach process_id=35696 resolved_handle=None
2026-03-16 22:58:52.037 | INFO     | winwatt_automation.live_ui.app_connector:_resolve_uia_main_window:280 - Connected to WinWatt backend=uia process_id=35696
2026-03-16 22:58:52.037 | INFO     | winwatt_automation.live_ui.app_connector:_resolve_uia_main_window:282 - Resolving main WinWatt window backend=uia class_name=TMainForm title_re=.*WinWatt.*
2026-03-16 22:58:53.405 | INFO     | winwatt_automation.live_ui.app_connector:ensure_main_window_foreground_before_click:634 - focus_guard precheck action=baseline_restore:no_project:before:Fájl main_handle=395540 exists=True visible=True enabled=True rect={'left': -10, 'top': -10, 'right': 1930, 'bottom': 1150, 'width': 1940, 'height': 1160}
2026-03-16 22:58:54.851 | INFO     | winwatt_automation.live_ui.app_connector:ensure_main_window_foreground_before_click:653 - focus_guard result action=baseline_restore:no_project:before:Fájl status=focus_ok
2026-03-16 22:58:57.249 | INFO     | winwatt_automation.live_ui.menu_helpers:_menu_items:152 - Discovered 7 MenuItem controls
2026-03-16 22:58:59.397 | INFO     | winwatt_automation.live_ui.menu_helpers:capture_menu_popup_snapshot:341 - Captured menu snapshot rows=12
2026-03-16 22:59:03.663 | INFO     | winwatt_automation.live_ui.menu_helpers:_menu_items:152 - Discovered 7 MenuItem controls
2026-03-16 22:59:04.229 | INFO     | winwatt_automation.live_ui.menu_helpers:list_top_menu_items:182 - Top-level menu items (raw): ['Rendszer', 'Fájl', 'Jegyzékek', 'Adatbázis...', 'Beállítások', 'Ablak', 'Súgó']
2026-03-16 22:59:04.551 | INFO     | winwatt_automation.live_ui.app_connector:prepare_main_window_for_menu_interaction:480 - Preparing WinWatt window for menu interaction
2026-03-16 22:59:06.005 | INFO     | winwatt_automation.live_ui.app_connector:prepare_main_window_for_menu_interaction:500 - Window state before: normal
2026-03-16 22:59:06.320 | INFO     | winwatt_automation.live_ui.app_connector:prepare_main_window_for_menu_interaction:521 - Window maximized
2026-03-16 22:59:06.623 | INFO     | winwatt_automation.live_ui.app_connector:prepare_main_window_for_menu_interaction:534 - Focus confirmed
2026-03-16 22:59:09.595 | INFO     | winwatt_automation.live_ui.app_connector:ensure_main_window_foreground_before_click:634 - focus_guard precheck action=click_top_menu_item:Fájl main_handle=395540 exists=True visible=True enabled=True rect={'left': -10, 'top': -10, 'right': 1930, 'bottom': 1150, 'width': 1940, 'height': 1160}
2026-03-16 22:59:10.248 | INFO     | winwatt_automation.live_ui.app_connector:ensure_main_window_foreground_before_click:653 - focus_guard result action=click_top_menu_item:Fájl status=focus_ok
2026-03-16 22:59:10.251 | INFO     | winwatt_automation.live_ui.menu_helpers:click_top_menu_item:828 - click_top_menu_item('Fájl'): foreground_before_click={'handle': 395540, 'title': 'WinWatt gólya', 'class_name': 'TMainForm', 'process_id': 35696}
2026-03-16 22:59:12.385 | INFO     | winwatt_automation.live_ui.menu_helpers:_menu_items:152 - Discovered 7 MenuItem controls
2026-03-16 22:59:14.975 | INFO     | winwatt_automation.live_ui.menu_helpers:_menu_items:152 - Discovered 7 MenuItem controls
2026-03-16 22:59:17.262 | INFO     | winwatt_automation.live_ui.menu_helpers:capture_menu_popup_snapshot:341 - Captured menu snapshot rows=14
2026-03-16 22:59:17.803 | INFO     | winwatt_automation.live_ui.menu_helpers:_validate_post_menu_open_foreground:45 - post_click_foreground_validation title=Fájl foreground={'handle': 395540, 'title': 'WinWatt gólya', 'class_name': 'TMainForm', 'process_id': 35696}
2026-03-16 22:59:21.866 | INFO     | winwatt_automation.live_ui.menu_helpers:_menu_items:152 - Discovered 41 MenuItem controls
2026-03-16 22:59:24.682 | INFO     | winwatt_automation.live_ui.menu_helpers:capture_menu_popup_snapshot:341 - Captured menu snapshot rows=82
2026-03-16 22:59:24.683 | INFO     | winwatt_automation.live_ui.menu_helpers:did_any_new_menu_popup_appear:783 - Menu popup snapshot diff: before=14 after=82 new=68
2026-03-16 22:59:27.518 | INFO     | winwatt_automation.live_ui.menu_helpers:_menu_items:152 - Discovered 41 MenuItem controls
2026-03-16 22:59:30.461 | INFO     | winwatt_automation.live_ui.menu_helpers:capture_menu_popup_snapshot:341 - Captured menu snapshot rows=82
2026-03-16 22:59:35.680 | INFO     | winwatt_automation.live_ui.menu_helpers:_menu_items:152 - Discovered 41 MenuItem controls
2026-03-16 22:59:38.859 | INFO     | winwatt_automation.live_ui.menu_helpers:list_top_menu_items:182 - Top-level menu items (raw): ['Rendszer', 'Fájl', 'Jegyzékek', 'Adatbázis...', 'Beállítások', 'Ablak', 'Súgó']
2026-03-16 22:59:44.053 | INFO     | winwatt_automation.live_ui.menu_helpers:_menu_items:152 - Discovered 41 MenuItem controls
2026-03-16 22:59:46.134 | INFO     | winwatt_automation.live_ui.menu_helpers:list_top_menu_items:182 - Top-level menu items (raw): ['Rendszer', 'Fájl', 'Jegyzékek', 'Adatbázis...', 'Beállítások', 'Ablak', 'Súgó']
2026-03-16 22:59:49.535 | INFO     | winwatt_automation.live_ui.menu_helpers:_menu_items:152 - Discovered 41 MenuItem controls
2026-03-16 22:59:52.543 | INFO     | winwatt_automation.live_ui.menu_helpers:capture_menu_popup_snapshot:341 - Captured menu snapshot rows=82
2026-03-16 22:59:57.320 | INFO     | winwatt_automation.live_ui.menu_helpers:_menu_items:152 - Discovered 41 MenuItem controls
2026-03-16 22:59:59.537 | INFO     | winwatt_automation.live_ui.menu_helpers:list_top_menu_items:182 - Top-level menu items (raw): ['Rendszer', 'Fájl', 'Jegyzékek', 'Adatbázis...', 'Beállítások', 'Ablak', 'Súgó']
2026-03-16 23:00:04.825 | INFO     | winwatt_automation.live_ui.menu_helpers:_menu_items:152 - Discovered 41 MenuItem controls
2026-03-16 23:00:06.863 | INFO     | winwatt_automation.live_ui.menu_helpers:list_top_menu_items:182 - Top-level menu items (raw): ['Rendszer', 'Fájl', 'Jegyzékek', 'Adatbázis...', 'Beállítások', 'Ablak', 'Súgó']
2026-03-16 23:00:09.961 | INFO     | winwatt_automation.live_ui.app_connector:ensure_main_window_foreground_before_click:634 - focus_guard precheck action=baseline_restore:no_project:after:Fájl main_handle=395540 exists=True visible=True enabled=True rect={'left': -10, 'top': -10, 'right': 1930, 'bottom': 1150, 'width': 1940, 'height': 1160}
2026-03-16 23:00:10.480 | INFO     | winwatt_automation.live_ui.app_connector:ensure_main_window_foreground_before_click:653 - focus_guard result action=baseline_restore:no_project:after:Fájl status=focus_ok
2026-03-16 23:00:12.748 | INFO     | winwatt_automation.live_ui.menu_helpers:_menu_items:152 - Discovered 7 MenuItem controls
2026-03-16 23:00:14.983 | INFO     | winwatt_automation.live_ui.menu_helpers:capture_menu_popup_snapshot:341 - Captured menu snapshot rows=14
2026-03-16 23:00:17.335 | INFO     | winwatt_automation.live_ui.app_connector:ensure_main_window_foreground_before_click:634 - focus_guard precheck action=baseline_restore:no_project:before:Jegyzékek main_handle=395540 exists=True visible=True enabled=True rect={'left': -10, 'top': -10, 'right': 1930, 'bottom': 1150, 'width': 1940, 'height': 1160}
2026-03-16 23:00:17.790 | INFO     | winwatt_automation.live_ui.app_connector:ensure_main_window_foreground_before_click:653 - focus_guard result action=baseline_restore:no_project:before:Jegyzékek status=focus_ok
2026-03-16 23:00:19.887 | INFO     | winwatt_automation.live_ui.menu_helpers:_menu_items:152 - Discovered 7 MenuItem controls
2026-03-16 23:00:23.354 | INFO     | winwatt_automation.live_ui.menu_helpers:capture_menu_popup_snapshot:341 - Captured menu snapshot rows=14
2026-03-16 23:00:28.079 | INFO     | winwatt_automation.live_ui.menu_helpers:_menu_items:152 - Discovered 7 MenuItem controls
2026-03-16 23:00:28.599 | INFO     | winwatt_automation.live_ui.menu_helpers:list_top_menu_items:182 - Top-level menu items (raw): ['Rendszer', 'Fájl', 'Jegyzékek', 'Adatbázis...', 'Beállítások', 'Ablak', 'Súgó']
2026-03-16 23:00:28.955 | INFO     | winwatt_automation.live_ui.app_connector:prepare_main_window_for_menu_interaction:480 - Preparing WinWatt window for menu interaction
2026-03-16 23:00:30.575 | INFO     | winwatt_automation.live_ui.app_connector:prepare_main_window_for_menu_interaction:500 - Window state before: maximized
2026-03-16 23:00:30.998 | INFO     | winwatt_automation.live_ui.app_connector:prepare_main_window_for_menu_interaction:521 - Window maximized
2026-03-16 23:00:31.300 | INFO     | winwatt_automation.live_ui.app_connector:prepare_main_window_for_menu_interaction:534 - Focus confirmed
2026-03-16 23:00:33.615 | INFO     | winwatt_automation.live_ui.app_connector:ensure_main_window_foreground_before_click:634 - focus_guard precheck action=click_top_menu_item:Jegyzékek main_handle=395540 exists=True visible=True enabled=True rect={'left': -10, 'top': -10, 'right': 1930, 'bottom': 1150, 'width': 1940, 'height': 1160}
2026-03-16 23:00:34.148 | INFO     | winwatt_automation.live_ui.app_connector:ensure_main_window_foreground_before_click:653 - focus_guard result action=click_top_menu_item:Jegyzékek status=focus_ok
2026-03-16 23:00:34.150 | INFO     | winwatt_automation.live_ui.menu_helpers:click_top_menu_item:828 - click_top_menu_item('Jegyzékek'): foreground_before_click={'handle': 395540, 'title': 'WinWatt gólya', 'class_name': 'TMainForm', 'process_id': 35696}
2026-03-16 23:00:36.070 | INFO     | winwatt_automation.live_ui.menu_helpers:_menu_items:152 - Discovered 7 MenuItem controls
2026-03-16 23:00:39.046 | INFO     | winwatt_automation.live_ui.menu_helpers:_menu_items:152 - Discovered 7 MenuItem controls
2026-03-16 23:00:41.213 | INFO     | winwatt_automation.live_ui.menu_helpers:capture_menu_popup_snapshot:341 - Captured menu snapshot rows=14
2026-03-16 23:00:41.720 | INFO     | winwatt_automation.live_ui.menu_helpers:_validate_post_menu_open_foreground:45 - post_click_foreground_validation title=Jegyzékek foreground={'handle': 395540, 'title': 'WinWatt gólya', 'class_name': 'TMainForm', 'process_id': 35696}
2026-03-16 23:00:45.050 | INFO     | winwatt_automation.live_ui.menu_helpers:_menu_items:152 - Discovered 35 MenuItem controls
2026-03-16 23:00:47.923 | INFO     | winwatt_automation.live_ui.menu_helpers:capture_menu_popup_snapshot:341 - Captured menu snapshot rows=70
2026-03-16 23:00:47.924 | INFO     | winwatt_automation.live_ui.menu_helpers:did_any_new_menu_popup_appear:783 - Menu popup snapshot diff: before=14 after=70 new=56
2026-03-16 23:00:50.973 | INFO     | winwatt_automation.live_ui.menu_helpers:_menu_items:152 - Discovered 35 MenuItem controls
2026-03-16 23:00:53.966 | INFO     | winwatt_automation.live_ui.menu_helpers:capture_menu_popup_snapshot:341 - Captured menu snapshot rows=70
2026-03-16 23:00:58.540 | INFO     | winwatt_automation.live_ui.menu_helpers:_menu_items:152 - Discovered 35 MenuItem controls
2026-03-16 23:01:00.309 | INFO     | winwatt_automation.live_ui.menu_helpers:list_top_menu_items:182 - Top-level menu items (raw): ['Rendszer', 'Fájl', 'Jegyzékek', 'Adatbázis...', 'Beállítások', 'Ablak', 'Súgó']
2026-03-16 23:01:05.287 | INFO     | winwatt_automation.live_ui.menu_helpers:_menu_items:152 - Discovered 35 MenuItem controls
2026-03-16 23:01:07.053 | INFO     | winwatt_automation.live_ui.menu_helpers:list_top_menu_items:182 - Top-level menu items (raw): ['Rendszer', 'Fájl', 'Jegyzékek', 'Adatbázis...', 'Beállítások', 'Ablak', 'Súgó']
2026-03-16 23:01:10.220 | INFO     | winwatt_automation.live_ui.menu_helpers:_menu_items:152 - Discovered 35 MenuItem controls
2026-03-16 23:01:13.123 | INFO     | winwatt_automation.live_ui.menu_helpers:capture_menu_popup_snapshot:341 - Captured menu snapshot rows=70
2026-03-16 23:01:17.474 | INFO     | winwatt_automation.live_ui.menu_helpers:_menu_items:152 - Discovered 35 MenuItem controls
2026-03-16 23:01:19.284 | INFO     | winwatt_automation.live_ui.menu_helpers:list_top_menu_items:182 - Top-level menu items (raw): ['Rendszer', 'Fájl', 'Jegyzékek', 'Adatbázis...', 'Beállítások', 'Ablak', 'Súgó']
2026-03-16 23:01:24.308 | INFO     | winwatt_automation.live_ui.menu_helpers:_menu_items:152 - Discovered 35 MenuItem controls
2026-03-16 23:01:26.370 | INFO     | winwatt_automation.live_ui.menu_helpers:list_top_menu_items:182 - Top-level menu items (raw): ['Rendszer', 'Fájl', 'Jegyzékek', 'Adatbázis...', 'Beállítások', 'Ablak', 'Súgó']
2026-03-16 23:01:29.334 | INFO     | winwatt_automation.live_ui.app_connector:ensure_main_window_foreground_before_click:634 - focus_guard precheck action=baseline_restore:no_project:after:Jegyzékek main_handle=395540 exists=True visible=True enabled=True rect={'left': -10, 'top': -10, 'right': 1930, 'bottom': 1150, 'width': 1940, 'height': 1160}
2026-03-16 23:01:29.895 | INFO     | winwatt_automation.live_ui.app_connector:ensure_main_window_foreground_before_click:653 - focus_guard result action=baseline_restore:no_project:after:Jegyzékek status=focus_ok
2026-03-16 23:01:32.023 | INFO     | winwatt_automation.live_ui.menu_helpers:_menu_items:152 - Discovered 7 MenuItem controls
2026-03-16 23:01:34.054 | INFO     | winwatt_automation.live_ui.menu_helpers:capture_menu_popup_snapshot:341 - Captured menu snapshot rows=14
2026-03-16 23:01:36.367 | INFO     | winwatt_automation.live_ui.app_connector:ensure_main_window_foreground_before_click:634 - focus_guard precheck action=baseline_restore:no_project:before:Beállítások main_handle=395540 exists=True visible=True enabled=True rect={'left': -10, 'top': -10, 'right': 1930, 'bottom': 1150, 'width': 1940, 'height': 1160}
2026-03-16 23:01:36.997 | INFO     | winwatt_automation.live_ui.app_connector:ensure_main_window_foreground_before_click:653 - focus_guard result action=baseline_restore:no_project:before:Beállítások status=focus_ok
2026-03-16 23:01:39.367 | INFO     | winwatt_automation.live_ui.menu_helpers:_menu_items:152 - Discovered 7 MenuItem controls
2026-03-16 23:01:41.699 | INFO     | winwatt_automation.live_ui.menu_helpers:capture_menu_popup_snapshot:341 - Captured menu snapshot rows=14
2026-03-16 23:01:45.521 | INFO     | winwatt_automation.live_ui.menu_helpers:_menu_items:152 - Discovered 7 MenuItem controls
2026-03-16 23:01:46.000 | INFO     | winwatt_automation.live_ui.menu_helpers:list_top_menu_items:182 - Top-level menu items (raw): ['Rendszer', 'Fájl', 'Jegyzékek', 'Adatbázis...', 'Beállítások', 'Ablak', 'Súgó']
2026-03-16 23:01:46.275 | INFO     | winwatt_automation.live_ui.app_connector:prepare_main_window_for_menu_interaction:480 - Preparing WinWatt window for menu interaction
2026-03-16 23:01:47.901 | INFO     | winwatt_automation.live_ui.app_connector:prepare_main_window_for_menu_interaction:500 - Window state before: maximized
2026-03-16 23:01:48.283 | INFO     | winwatt_automation.live_ui.app_connector:prepare_main_window_for_menu_interaction:521 - Window maximized
2026-03-16 23:01:48.586 | INFO     | winwatt_automation.live_ui.app_connector:prepare_main_window_for_menu_interaction:534 - Focus confirmed
2026-03-16 23:01:51.570 | INFO     | winwatt_automation.live_ui.app_connector:ensure_main_window_foreground_before_click:634 - focus_guard precheck action=click_top_menu_item:Beállítások main_handle=395540 exists=True visible=True enabled=True rect={'left': -10, 'top': -10, 'right': 1930, 'bottom': 1150, 'width': 1940, 'height': 1160}
2026-03-16 23:01:52.307 | INFO     | winwatt_automation.live_ui.app_connector:ensure_main_window_foreground_before_click:653 - focus_guard result action=click_top_menu_item:Beállítások status=focus_ok
2026-03-16 23:01:52.311 | INFO     | winwatt_automation.live_ui.menu_helpers:click_top_menu_item:828 - click_top_menu_item('Beállítások'): foreground_before_click={'handle': 395540, 'title': 'WinWatt gólya', 'class_name': 'TMainForm', 'process_id': 35696}
2026-03-16 23:01:54.466 | INFO     | winwatt_automation.live_ui.menu_helpers:_menu_items:152 - Discovered 7 MenuItem controls
2026-03-16 23:01:56.901 | INFO     | winwatt_automation.live_ui.menu_helpers:_menu_items:152 - Discovered 7 MenuItem controls
2026-03-16 23:01:59.048 | INFO     | winwatt_automation.live_ui.menu_helpers:capture_menu_popup_snapshot:341 - Captured menu snapshot rows=14
2026-03-16 23:02:00.053 | INFO     | winwatt_automation.live_ui.menu_helpers:_validate_post_menu_open_foreground:45 - post_click_foreground_validation title=Beállítások foreground={'handle': 395540, 'title': '', 'class_name': 'TMainForm', 'process_id': 35696}
2026-03-16 23:02:03.179 | INFO     | winwatt_automation.live_ui.menu_helpers:_menu_items:152 - Discovered 7 MenuItem controls
2026-03-16 23:02:08.193 | INFO     | winwatt_automation.live_ui.menu_helpers:capture_menu_popup_snapshot:341 - Captured menu snapshot rows=14
2026-03-16 23:02:08.193 | INFO     | winwatt_automation.live_ui.menu_helpers:did_any_new_menu_popup_appear:783 - Menu popup snapshot diff: before=14 after=14 new=0
2026-03-16 23:02:10.456 | INFO     | winwatt_automation.live_ui.app_connector:ensure_main_window_foreground_before_click:634 - focus_guard precheck action=relative_menu_click main_handle=395540 exists=True visible=True enabled=False rect={'left': -10, 'top': -10, 'right': 1930, 'bottom': 1150, 'width': 1940, 'height': 1160}
2026-03-16 23:02:10.457 | ERROR    | winwatt_automation.runtime_mapping.program_mapper:map_runtime_state:1008 - Top menu mapping failed: Beállítások
Traceback (most recent call last):

  File "<frozen runpy>", line 198, in _run_module_as_main
  File "<frozen runpy>", line 88, in _run_code

  File "C:\Users\dancsg\Documents\GitHub\autowinwatt\winwatt_automation\src\winwatt_automation\scripts\map_full_program.py", line 121, in <module>
    raise SystemExit(main())
                     └ <function main at 0x000001490620D6F0>

  File "C:\Users\dancsg\Documents\GitHub\autowinwatt\winwatt_automation\src\winwatt_automation\scripts\map_full_program.py", line 52, in main
    result = build_full_runtime_program_map(
             └ <function build_full_runtime_program_map at 0x000001490620D2D0>

  File "C:\Users\dancsg\Documents\GitHub\autowinwatt\winwatt_automation\src\winwatt_automation\runtime_mapping\program_mapper.py", line 1160, in build_full_runtime_program_map
    state_no_project = map_runtime_state(
                       └ <function map_runtime_state at 0x000001490620C930>

> File "C:\Users\dancsg\Documents\GitHub\autowinwatt\winwatt_automation\src\winwatt_automation\runtime_mapping\program_mapper.py", line 990, in map_runtime_state
    tree, rows, actions, dialogs, windows = explore_menu_tree(
    │     │     │        │                  └ <function explore_menu_tree at 0x000001490620C510>
    │     │     │        └ []
    │     │     └ [RuntimeActionResult(state_id='no_project', top_menu='Jegyzékek', row_index=0, menu_path=['Jegyzékek', ''], action_key='Jegyz...
    │     └ [RuntimeMenuRow(state_id='no_project', top_menu='Jegyzékek', row_index=0, menu_path=['Jegyzékek', ''], text='', normalized_te...
    └ [{'state_id': 'no_project', 'title_raw': '', 'title': '', 'normalized_title': '', 'path': ['Jegyzékek', ''], 'level': 1, 'ind...

  File "C:\Users\dancsg\Documents\GitHub\autowinwatt\winwatt_automation\src\winwatt_automation\runtime_mapping\program_mapper.py", line 751, in explore_menu_tree
    menu_helpers.click_top_menu_item(top_menu)
    │            │                   └ 'Beállítások'
    │            └ <function click_top_menu_item at 0x000001490623A820>
    └ <module 'winwatt_automation.live_ui.menu_helpers' from 'C:\\Users\\dancsg\\Documents\\GitHub\\autowinwatt\\winwatt_automation...

  File "C:\Users\dancsg\Documents\GitHub\autowinwatt\winwatt_automation\src\winwatt_automation\live_ui\menu_helpers.py", line 851, in click_top_menu_item
    _click_by_relative_rect_center(item, main_window)
    │                              │     └ <pywinauto.application.WindowSpecification object at 0x00000149075E45A0>
    │                              └ <uia_controls.MenuItemWrapper - 'Beállítások', MenuItem, -6176226043820935260>
    └ <function _click_by_relative_rect_center at 0x000001490623A6C0>

  File "C:\Users\dancsg\Documents\GitHub\autowinwatt\winwatt_automation\src\winwatt_automation\live_ui\menu_helpers.py", line 797, in _click_by_relative_rect_center
    ensure_main_window_foreground_before_click(action_label="relative_menu_click")
    └ <function ensure_main_window_foreground_before_click at 0x0000014906133A00>

  File "C:\Users\dancsg\Documents\GitHub\autowinwatt\winwatt_automation\src\winwatt_automation\live_ui\app_connector.py", line 646, in ensure_main_window_foreground_before_click
    raise RuntimeError(

RuntimeError: focus_not_restored: main window not ready before action=relative_menu_click visible=True enabled=False
2026-03-16 23:02:10.636 | ERROR    | winwatt_automation.runtime_mapping.program_mapper:map_runtime_state:1031 - unrecoverable main window loss during top menu state=no_project top_menu=Beállítások
[event] state_mapped: {"actions": 3, "dialogs": 0, "state_id": "no_project", "top_menus": 5}
2026-03-16 23:02:14.574 | INFO     | winwatt_automation.live_ui.menu_helpers:_menu_items:152 - Discovered 7 MenuItem controls
2026-03-16 23:02:15.062 | INFO     | winwatt_automation.live_ui.menu_helpers:list_top_menu_items:182 - Top-level menu items (raw): ['Rendszer', 'Fájl', 'Jegyzékek', 'Adatbázis...', 'Beállítások', 'Ablak', 'Súgó']
2026-03-16 23:02:15.377 | INFO     | winwatt_automation.runtime_mapping.program_mapper:get_canonical_top_menu_names:177 - Canonical top-level menus [7]: ['Rendszer', 'Fájl', 'Jegyzékek', 'Adatbázis...', 'Beállítások', 'Ablak', 'Súgó']
2026-03-16 23:02:17.776 | INFO     | winwatt_automation.live_ui.app_connector:ensure_main_window_foreground_before_click:634 - focus_guard precheck action=baseline_restore:project_open:before:Fájl main_handle=395540 exists=True visible=True enabled=False rect={'left': -10, 'top': -10, 'right': 1930, 'bottom': 1150, 'width': 1940, 'height': 1160}
2026-03-16 23:02:19.448 | WARNING  | winwatt_automation.runtime_mapping.program_mapper:restore_clean_menu_baseline:198 - baseline_restore modal_pending state=project_open stage=before:Fájl error=focus_not_restored: main window not ready before action=baseline_restore:project_open:before:Fájl visible=True enabled=False
2026-03-16 23:02:19.449 | INFO     | winwatt_automation.runtime_mapping.program_mapper:recover_after_project_open:650 - project_open_recovery_start timeout_s=15.0 poll_interval_s=0.25
2026-03-16 23:02:23.230 | WARNING  | winwatt_automation.runtime_mapping.program_mapper:recover_after_project_open:667 - project_open_recovery_modal_detected diagnostics={'foreground_window': {'handle': 13240644, 'title': 'Adatbázis adatok karbantartása', 'class_name': 'TDeviceDatabaseForm', 'process_id': 35696}, 'dialog_candidates': [], 'main_window': {'enabled': False, 'visible': True, 'rect': {'left': -10, 'top': -10, 'right': 1930, 'bottom': 1150}, 'title': 'WinWatt gólya', 'class_name': 'TMainForm', 'process_id': 35696, 'handle': None, 'exists': True}}
2026-03-16 23:02:23.230 | INFO     | winwatt_automation.runtime_mapping.program_mapper:_attempt_project_open_modal_close:627 - project_open_recovery_close_attempt method=key name=Esc
2026-03-16 23:02:26.198 | INFO     | winwatt_automation.runtime_mapping.program_mapper:_attempt_project_open_modal_close:635 - project_open_recovery_close_success method=key name=Esc
2026-03-16 23:02:28.796 | INFO     | winwatt_automation.runtime_mapping.program_mapper:recover_after_project_open:660 - project_open_recovery_success
2026-03-16 23:02:30.337 | INFO     | winwatt_automation.runtime_mapping.program_mapper:restore_clean_menu_baseline:201 - baseline_restore modal_pending_recovered state=project_open stage=before:Fájl
2026-03-16 23:02:32.235 | INFO     | winwatt_automation.live_ui.menu_helpers:_menu_items:152 - Discovered 7 MenuItem controls
2026-03-16 23:02:34.250 | INFO     | winwatt_automation.live_ui.menu_helpers:capture_menu_popup_snapshot:341 - Captured menu snapshot rows=14
2026-03-16 23:02:38.765 | INFO     | winwatt_automation.live_ui.menu_helpers:_menu_items:152 - Discovered 7 MenuItem controls
2026-03-16 23:02:39.281 | INFO     | winwatt_automation.live_ui.menu_helpers:list_top_menu_items:182 - Top-level menu items (raw): ['Rendszer', 'Fájl', 'Jegyzékek', 'Adatbázis...', 'Beállítások', 'Ablak', 'Súgó']
2026-03-16 23:02:39.734 | INFO     | winwatt_automation.live_ui.app_connector:prepare_main_window_for_menu_interaction:480 - Preparing WinWatt window for menu interaction
2026-03-16 23:02:41.583 | INFO     | winwatt_automation.live_ui.app_connector:prepare_main_window_for_menu_interaction:500 - Window state before: maximized
2026-03-16 23:02:41.921 | INFO     | winwatt_automation.live_ui.app_connector:prepare_main_window_for_menu_interaction:521 - Window maximized
2026-03-16 23:02:42.224 | INFO     | winwatt_automation.live_ui.app_connector:prepare_main_window_for_menu_interaction:534 - Focus confirmed
2026-03-16 23:02:44.320 | INFO     | winwatt_automation.live_ui.app_connector:ensure_main_window_foreground_before_click:634 - focus_guard precheck action=click_top_menu_item:Fájl main_handle=395540 exists=True visible=True enabled=True rect={'left': -10, 'top': -10, 'right': 1930, 'bottom': 1150, 'width': 1940, 'height': 1160}
2026-03-16 23:02:44.768 | INFO     | winwatt_automation.live_ui.app_connector:ensure_main_window_foreground_before_click:653 - focus_guard result action=click_top_menu_item:Fájl status=focus_ok
2026-03-16 23:02:44.769 | INFO     | winwatt_automation.live_ui.menu_helpers:click_top_menu_item:828 - click_top_menu_item('Fájl'): foreground_before_click={'handle': 395540, 'title': 'WinWatt gólya', 'class_name': 'TMainForm', 'process_id': 35696}
2026-03-16 23:02:46.624 | INFO     | winwatt_automation.live_ui.menu_helpers:_menu_items:152 - Discovered 7 MenuItem controls
2026-03-16 23:02:49.037 | INFO     | winwatt_automation.live_ui.menu_helpers:_menu_items:152 - Discovered 7 MenuItem controls
2026-03-16 23:02:51.076 | INFO     | winwatt_automation.live_ui.menu_helpers:capture_menu_popup_snapshot:341 - Captured menu snapshot rows=14
2026-03-16 23:02:51.581 | INFO     | winwatt_automation.live_ui.menu_helpers:_validate_post_menu_open_foreground:45 - post_click_foreground_validation title=Fájl foreground={'handle': 395540, 'title': 'WinWatt gólya', 'class_name': 'TMainForm', 'process_id': 35696}
2026-03-16 23:02:54.996 | INFO     | winwatt_automation.live_ui.menu_helpers:_menu_items:152 - Discovered 41 MenuItem controls
2026-03-16 23:02:57.851 | INFO     | winwatt_automation.live_ui.menu_helpers:capture_menu_popup_snapshot:341 - Captured menu snapshot rows=82
2026-03-16 23:02:57.851 | INFO     | winwatt_automation.live_ui.menu_helpers:did_any_new_menu_popup_appear:783 - Menu popup snapshot diff: before=14 after=82 new=68
2026-03-16 23:03:00.317 | INFO     | winwatt_automation.live_ui.menu_helpers:_menu_items:152 - Discovered 41 MenuItem controls
2026-03-16 23:03:03.555 | INFO     | winwatt_automation.live_ui.menu_helpers:capture_menu_popup_snapshot:341 - Captured menu snapshot rows=82
2026-03-16 23:03:08.281 | INFO     | winwatt_automation.live_ui.menu_helpers:_menu_items:152 - Discovered 41 MenuItem controls
2026-03-16 23:03:10.366 | INFO     | winwatt_automation.live_ui.menu_helpers:list_top_menu_items:182 - Top-level menu items (raw): ['Rendszer', 'Fájl', 'Jegyzékek', 'Adatbázis...', 'Beállítások', 'Ablak', 'Súgó']
2026-03-16 23:03:15.883 | INFO     | winwatt_automation.live_ui.menu_helpers:_menu_items:152 - Discovered 41 MenuItem controls
2026-03-16 23:03:18.204 | INFO     | winwatt_automation.live_ui.menu_helpers:list_top_menu_items:182 - Top-level menu items (raw): ['Rendszer', 'Fájl', 'Jegyzékek', 'Adatbázis...', 'Beállítások', 'Ablak', 'Súgó']
2026-03-16 23:03:21.273 | INFO     | winwatt_automation.live_ui.menu_helpers:_menu_items:152 - Discovered 41 MenuItem controls
2026-03-16 23:03:24.272 | INFO     | winwatt_automation.live_ui.menu_helpers:capture_menu_popup_snapshot:341 - Captured menu snapshot rows=82
2026-03-16 23:03:29.232 | INFO     | winwatt_automation.live_ui.menu_helpers:_menu_items:152 - Discovered 41 MenuItem controls
2026-03-16 23:03:31.332 | INFO     | winwatt_automation.live_ui.menu_helpers:list_top_menu_items:182 - Top-level menu items (raw): ['Rendszer', 'Fájl', 'Jegyzékek', 'Adatbázis...', 'Beállítások', 'Ablak', 'Súgó']
2026-03-16 23:03:36.425 | INFO     | winwatt_automation.live_ui.menu_helpers:_menu_items:152 - Discovered 41 MenuItem controls
2026-03-16 23:03:39.930 | INFO     | winwatt_automation.live_ui.menu_helpers:list_top_menu_items:182 - Top-level menu items (raw): ['Rendszer', 'Fájl', 'Jegyzékek', 'Adatbázis...', 'Beállítások', 'Ablak', 'Súgó']
2026-03-16 23:03:43.242 | INFO     | winwatt_automation.live_ui.app_connector:ensure_main_window_foreground_before_click:634 - focus_guard precheck action=baseline_restore:project_open:after:Fájl main_handle=395540 exists=True visible=True enabled=True rect={'left': -10, 'top': -10, 'right': 1930, 'bottom': 1150, 'width': 1940, 'height': 1160}
2026-03-16 23:03:43.767 | INFO     | winwatt_automation.live_ui.app_connector:ensure_main_window_foreground_before_click:653 - focus_guard result action=baseline_restore:project_open:after:Fájl status=focus_ok
2026-03-16 23:03:46.076 | INFO     | winwatt_automation.live_ui.menu_helpers:_menu_items:152 - Discovered 7 MenuItem controls
2026-03-16 23:03:48.092 | INFO     | winwatt_automation.live_ui.menu_helpers:capture_menu_popup_snapshot:341 - Captured menu snapshot rows=14
2026-03-16 23:03:50.782 | INFO     | winwatt_automation.live_ui.app_connector:ensure_main_window_foreground_before_click:634 - focus_guard precheck action=baseline_restore:project_open:before:Jegyzékek main_handle=395540 exists=True visible=True enabled=True rect={'left': -10, 'top': -10, 'right': 1930, 'bottom': 1150, 'width': 1940, 'height': 1160}
2026-03-16 23:03:51.393 | INFO     | winwatt_automation.live_ui.app_connector:ensure_main_window_foreground_before_click:653 - focus_guard result action=baseline_restore:project_open:before:Jegyzékek status=focus_ok
2026-03-16 23:03:53.517 | INFO     | winwatt_automation.live_ui.menu_helpers:_menu_items:152 - Discovered 7 MenuItem controls
2026-03-16 23:03:55.647 | INFO     | winwatt_automation.live_ui.menu_helpers:capture_menu_popup_snapshot:341 - Captured menu snapshot rows=14
2026-03-16 23:03:59.544 | INFO     | winwatt_automation.live_ui.menu_helpers:_menu_items:152 - Discovered 7 MenuItem controls
2026-03-16 23:03:59.954 | INFO     | winwatt_automation.live_ui.menu_helpers:list_top_menu_items:182 - Top-level menu items (raw): ['Rendszer', 'Fájl', 'Jegyzékek', 'Adatbázis...', 'Beállítások', 'Ablak', 'Súgó']
2026-03-16 23:04:00.302 | INFO     | winwatt_automation.live_ui.app_connector:prepare_main_window_for_menu_interaction:480 - Preparing WinWatt window for menu interaction
2026-03-16 23:04:01.892 | INFO     | winwatt_automation.live_ui.app_connector:prepare_main_window_for_menu_interaction:500 - Window state before: maximized
2026-03-16 23:04:02.189 | INFO     | winwatt_automation.live_ui.app_connector:prepare_main_window_for_menu_interaction:521 - Window maximized
2026-03-16 23:04:02.491 | INFO     | winwatt_automation.live_ui.app_connector:prepare_main_window_for_menu_interaction:534 - Focus confirmed
2026-03-16 23:04:04.863 | INFO     | winwatt_automation.live_ui.app_connector:ensure_main_window_foreground_before_click:634 - focus_guard precheck action=click_top_menu_item:Jegyzékek main_handle=395540 exists=True visible=True enabled=True rect={'left': -10, 'top': -10, 'right': 1930, 'bottom': 1150, 'width': 1940, 'height': 1160}
2026-03-16 23:04:05.501 | INFO     | winwatt_automation.live_ui.app_connector:ensure_main_window_foreground_before_click:653 - focus_guard result action=click_top_menu_item:Jegyzékek status=focus_ok
2026-03-16 23:04:05.504 | INFO     | winwatt_automation.live_ui.menu_helpers:click_top_menu_item:828 - click_top_menu_item('Jegyzékek'): foreground_before_click={'handle': 395540, 'title': 'WinWatt gólya', 'class_name': 'TMainForm', 'process_id': 35696}
2026-03-16 23:04:07.542 | INFO     | winwatt_automation.live_ui.menu_helpers:_menu_items:152 - Discovered 7 MenuItem controls
2026-03-16 23:04:09.908 | INFO     | winwatt_automation.live_ui.menu_helpers:_menu_items:152 - Discovered 7 MenuItem controls
2026-03-16 23:04:11.795 | INFO     | winwatt_automation.live_ui.menu_helpers:capture_menu_popup_snapshot:341 - Captured menu snapshot rows=14
2026-03-16 23:04:12.331 | INFO     | winwatt_automation.live_ui.menu_helpers:_validate_post_menu_open_foreground:45 - post_click_foreground_validation title=Jegyzékek foreground={'handle': 395540, 'title': 'WinWatt gólya', 'class_name': 'TMainForm', 'process_id': 35696}
2026-03-16 23:04:15.361 | INFO     | winwatt_automation.live_ui.menu_helpers:_menu_items:152 - Discovered 35 MenuItem controls
2026-03-16 23:04:18.180 | INFO     | winwatt_automation.live_ui.menu_helpers:capture_menu_popup_snapshot:341 - Captured menu snapshot rows=70
2026-03-16 23:04:18.180 | INFO     | winwatt_automation.live_ui.menu_helpers:did_any_new_menu_popup_appear:783 - Menu popup snapshot diff: before=14 after=70 new=56
2026-03-16 23:04:20.997 | INFO     | winwatt_automation.live_ui.menu_helpers:_menu_items:152 - Discovered 35 MenuItem controls
2026-03-16 23:04:23.952 | INFO     | winwatt_automation.live_ui.menu_helpers:capture_menu_popup_snapshot:341 - Captured menu snapshot rows=70
2026-03-16 23:04:28.554 | INFO     | winwatt_automation.live_ui.menu_helpers:_menu_items:152 - Discovered 35 MenuItem controls
2026-03-16 23:04:30.605 | INFO     | winwatt_automation.live_ui.menu_helpers:list_top_menu_items:182 - Top-level menu items (raw): ['Rendszer', 'Fájl', 'Jegyzékek', 'Adatbázis...', 'Beállítások', 'Ablak', 'Súgó']
2026-03-16 23:04:35.593 | INFO     | winwatt_automation.live_ui.menu_helpers:_menu_items:152 - Discovered 35 MenuItem controls
2026-03-16 23:04:38.100 | INFO     | winwatt_automation.live_ui.menu_helpers:list_top_menu_items:182 - Top-level menu items (raw): ['Rendszer', 'Fájl', 'Jegyzékek', 'Adatbázis...', 'Beállítások', 'Ablak', 'Súgó']
2026-03-16 23:04:41.178 | INFO     | winwatt_automation.live_ui.menu_helpers:_menu_items:152 - Discovered 35 MenuItem controls
2026-03-16 23:04:44.177 | INFO     | winwatt_automation.live_ui.menu_helpers:capture_menu_popup_snapshot:341 - Captured menu snapshot rows=70
2026-03-16 23:04:48.865 | INFO     | winwatt_automation.live_ui.menu_helpers:_menu_items:152 - Discovered 35 MenuItem controls
2026-03-16 23:04:50.666 | INFO     | winwatt_automation.live_ui.menu_helpers:list_top_menu_items:182 - Top-level menu items (raw): ['Rendszer', 'Fájl', 'Jegyzékek', 'Adatbázis...', 'Beállítások', 'Ablak', 'Súgó']
2026-03-16 23:04:55.751 | INFO     | winwatt_automation.live_ui.menu_helpers:_menu_items:152 - Discovered 35 MenuItem controls
2026-03-16 23:04:57.770 | INFO     | winwatt_automation.live_ui.menu_helpers:list_top_menu_items:182 - Top-level menu items (raw): ['Rendszer', 'Fájl', 'Jegyzékek', 'Adatbázis...', 'Beállítások', 'Ablak', 'Súgó']
2026-03-16 23:05:00.476 | INFO     | winwatt_automation.live_ui.app_connector:ensure_main_window_foreground_before_click:634 - focus_guard precheck action=baseline_restore:project_open:after:Jegyzékek main_handle=395540 exists=True visible=True enabled=True rect={'left': -10, 'top': -10, 'right': 1930, 'bottom': 1150, 'width': 1940, 'height': 1160}
2026-03-16 23:05:01.057 | INFO     | winwatt_automation.live_ui.app_connector:ensure_main_window_foreground_before_click:653 - focus_guard result action=baseline_restore:project_open:after:Jegyzékek status=focus_ok
2026-03-16 23:05:03.203 | INFO     | winwatt_automation.live_ui.menu_helpers:_menu_items:152 - Discovered 7 MenuItem controls
2026-03-16 23:05:05.240 | INFO     | winwatt_automation.live_ui.menu_helpers:capture_menu_popup_snapshot:341 - Captured menu snapshot rows=14
2026-03-16 23:05:07.710 | INFO     | winwatt_automation.live_ui.app_connector:ensure_main_window_foreground_before_click:634 - focus_guard precheck action=baseline_restore:project_open:before:Beállítások main_handle=395540 exists=True visible=True enabled=True rect={'left': -10, 'top': -10, 'right': 1930, 'bottom': 1150, 'width': 1940, 'height': 1160}
2026-03-16 23:05:08.188 | INFO     | winwatt_automation.live_ui.app_connector:ensure_main_window_foreground_before_click:653 - focus_guard result action=baseline_restore:project_open:before:Beállítások status=focus_ok
2026-03-16 23:05:10.247 | INFO     | winwatt_automation.live_ui.menu_helpers:_menu_items:152 - Discovered 7 MenuItem controls
2026-03-16 23:05:12.486 | INFO     | winwatt_automation.live_ui.menu_helpers:capture_menu_popup_snapshot:341 - Captured menu snapshot rows=14
2026-03-16 23:05:16.158 | INFO     | winwatt_automation.live_ui.menu_helpers:_menu_items:152 - Discovered 7 MenuItem controls
2026-03-16 23:05:16.604 | INFO     | winwatt_automation.live_ui.menu_helpers:list_top_menu_items:182 - Top-level menu items (raw): ['Rendszer', 'Fájl', 'Jegyzékek', 'Adatbázis...', 'Beállítások', 'Ablak', 'Súgó']
2026-03-16 23:05:16.965 | INFO     | winwatt_automation.live_ui.app_connector:prepare_main_window_for_menu_interaction:480 - Preparing WinWatt window for menu interaction
2026-03-16 23:05:18.478 | INFO     | winwatt_automation.live_ui.app_connector:prepare_main_window_for_menu_interaction:500 - Window state before: maximized
2026-03-16 23:05:18.800 | INFO     | winwatt_automation.live_ui.app_connector:prepare_main_window_for_menu_interaction:521 - Window maximized
2026-03-16 23:05:19.103 | INFO     | winwatt_automation.live_ui.app_connector:prepare_main_window_for_menu_interaction:534 - Focus confirmed
2026-03-16 23:05:21.361 | INFO     | winwatt_automation.live_ui.app_connector:ensure_main_window_foreground_before_click:634 - focus_guard precheck action=click_top_menu_item:Beállítások main_handle=395540 exists=True visible=True enabled=True rect={'left': -10, 'top': -10, 'right': 1930, 'bottom': 1150, 'width': 1940, 'height': 1160}
2026-03-16 23:05:21.851 | INFO     | winwatt_automation.live_ui.app_connector:ensure_main_window_foreground_before_click:653 - focus_guard result action=click_top_menu_item:Beállítások status=focus_ok
2026-03-16 23:05:21.852 | INFO     | winwatt_automation.live_ui.menu_helpers:click_top_menu_item:828 - click_top_menu_item('Beállítások'): foreground_before_click={'handle': 395540, 'title': 'WinWatt gólya', 'class_name': 'TMainForm', 'process_id': 35696}
2026-03-16 23:05:23.784 | INFO     | winwatt_automation.live_ui.menu_helpers:_menu_items:152 - Discovered 7 MenuItem controls
2026-03-16 23:05:26.159 | INFO     | winwatt_automation.live_ui.menu_helpers:_menu_items:152 - Discovered 7 MenuItem controls
2026-03-16 23:05:28.543 | INFO     | winwatt_automation.live_ui.menu_helpers:capture_menu_popup_snapshot:341 - Captured menu snapshot rows=14
2026-03-16 23:05:29.583 | INFO     | winwatt_automation.live_ui.menu_helpers:_validate_post_menu_open_foreground:45 - post_click_foreground_validation title=Beállítások foreground={'handle': 395540, 'title': '', 'class_name': 'TMainForm', 'process_id': 35696}
2026-03-16 23:05:32.772 | INFO     | winwatt_automation.live_ui.menu_helpers:_menu_items:152 - Discovered 7 MenuItem controls
2026-03-16 23:05:38.188 | INFO     | winwatt_automation.live_ui.menu_helpers:capture_menu_popup_snapshot:341 - Captured menu snapshot rows=14
2026-03-16 23:05:38.189 | INFO     | winwatt_automation.live_ui.menu_helpers:did_any_new_menu_popup_appear:783 - Menu popup snapshot diff: before=14 after=14 new=0
2026-03-16 23:05:40.630 | INFO     | winwatt_automation.live_ui.app_connector:ensure_main_window_foreground_before_click:634 - focus_guard precheck action=relative_menu_click main_handle=395540 exists=True visible=True enabled=False rect={'left': -10, 'top': -10, 'right': 1930, 'bottom': 1150, 'width': 1940, 'height': 1160}
2026-03-16 23:05:40.630 | ERROR    | winwatt_automation.runtime_mapping.program_mapper:map_runtime_state:1008 - Top menu mapping failed: Beállítások
Traceback (most recent call last):

  File "<frozen runpy>", line 198, in _run_module_as_main
  File "<frozen runpy>", line 88, in _run_code

  File "C:\Users\dancsg\Documents\GitHub\autowinwatt\winwatt_automation\src\winwatt_automation\scripts\map_full_program.py", line 121, in <module>
    raise SystemExit(main())
                     └ <function main at 0x000001490620D6F0>

  File "C:\Users\dancsg\Documents\GitHub\autowinwatt\winwatt_automation\src\winwatt_automation\scripts\map_full_program.py", line 52, in main
    result = build_full_runtime_program_map(
             └ <function build_full_runtime_program_map at 0x000001490620D2D0>

  File "C:\Users\dancsg\Documents\GitHub\autowinwatt\winwatt_automation\src\winwatt_automation\runtime_mapping\program_mapper.py", line 1219, in build_full_runtime_program_map
    state_project_open = map_runtime_state(
                         └ <function map_runtime_state at 0x000001490620C930>

> File "C:\Users\dancsg\Documents\GitHub\autowinwatt\winwatt_automation\src\winwatt_automation\runtime_mapping\program_mapper.py", line 990, in map_runtime_state
    tree, rows, actions, dialogs, windows = explore_menu_tree(
    │     │     │        │                  └ <function explore_menu_tree at 0x000001490620C510>
    │     │     │        └ []
    │     │     └ [RuntimeActionResult(state_id='project_open', top_menu='Jegyzékek', row_index=0, menu_path=['Jegyzékek', ''], action_key='Jeg...
    │     └ [RuntimeMenuRow(state_id='project_open', top_menu='Jegyzékek', row_index=0, menu_path=['Jegyzékek', ''], text='', normalized_...
    └ [{'state_id': 'project_open', 'title_raw': '', 'title': '', 'normalized_title': '', 'path': ['Jegyzékek', ''], 'level': 1, 'i...

  File "C:\Users\dancsg\Documents\GitHub\autowinwatt\winwatt_automation\src\winwatt_automation\runtime_mapping\program_mapper.py", line 751, in explore_menu_tree
    menu_helpers.click_top_menu_item(top_menu)
    │            │                   └ 'Beállítások'
    │            └ <function click_top_menu_item at 0x000001490623A820>
    └ <module 'winwatt_automation.live_ui.menu_helpers' from 'C:\\Users\\dancsg\\Documents\\GitHub\\autowinwatt\\winwatt_automation...

  File "C:\Users\dancsg\Documents\GitHub\autowinwatt\winwatt_automation\src\winwatt_automation\live_ui\menu_helpers.py", line 851, in click_top_menu_item
    _click_by_relative_rect_center(item, main_window)
    │                              │     └ <pywinauto.application.WindowSpecification object at 0x00000149075E45A0>
    │                              └ <uia_controls.MenuItemWrapper - 'Beállítások', MenuItem, -6176226043820935260>
    └ <function _click_by_relative_rect_center at 0x000001490623A6C0>

  File "C:\Users\dancsg\Documents\GitHub\autowinwatt\winwatt_automation\src\winwatt_automation\live_ui\menu_helpers.py", line 797, in _click_by_relative_rect_center
    ensure_main_window_foreground_before_click(action_label="relative_menu_click")
    └ <function ensure_main_window_foreground_before_click at 0x0000014906133A00>

  File "C:\Users\dancsg\Documents\GitHub\autowinwatt\winwatt_automation\src\winwatt_automation\live_ui\app_connector.py", line 646, in ensure_main_window_foreground_before_click
    raise RuntimeError(

RuntimeError: focus_not_restored: main window not ready before action=relative_menu_click visible=True enabled=False
2026-03-16 23:05:40.660 | ERROR    | winwatt_automation.runtime_mapping.program_mapper:map_runtime_state:1031 - unrecoverable main window loss during top menu state=project_open top_menu=Beállítások
[event] state_mapped: {"actions": 3, "dialogs": 0, "state_id": "project_open", "top_menus": 5}
[event] runtime_diff: {"enabled_changes": 0, "project_only_paths": 0, "summary": {"actions_only_in_a": 0, "actions_only_in_b": 0, "enabled_changes": 0, "project_only_paths": 0, "shared_top_menus": 5}}
[event] runtime_mapping_summary: {"diff_summary": {"actions_only_in_a": 0, "actions_only_in_b": 0, "enabled_changes": 0, "project_only_paths": 0, "shared_top_menus": 5}, "no_project_top_menus": 5, "project_open_top_menus": 5}

finished_at=2026-03-16T22:05:40.687169+00:00 success=True exit_code=0
