run_id=0003_safe_2026-03-16_22-17-49
started_at=2026-03-16T22:17:49.479340+00:00
command=python C:\Users\dancsg\Documents\GitHub\autowinwatt\winwatt_automation\src\winwatt_automation\scripts\map_full_program.py --safe-mode safe

2026-03-16 23:17:49.751 | INFO     | winwatt_automation.live_ui.app_connector:select_main_window:177 - Candidate ranking score=(1, 1, 1, 1, 2250400) data={'title': 'WinWatt gólya', 'window_text': 'WinWatt gólya', 'class_name': 'TMainForm', 'control_type': None, 'process_id': 35696, 'handle': None, 'is_visible': True, 'is_enabled': True, 'rectangle': {'left': -10, 'top': -10, 'right': 1930, 'bottom': 1150, 'width': 1940, 'height': 1160}, 'size': {'width': 1940, 'height': 1160}}
2026-03-16 23:17:49.752 | INFO     | winwatt_automation.live_ui.app_connector:select_main_window:187 - Selected main window process_id=35696 handle=None score=(1, 1, 1, 1, 2250400) reasons=['has_process_id=True', 'has_handle=False', 'visible=True', 'enabled=True', 'title_has_winwatt=True', 'area=2250400']
2026-03-16 23:17:49.768 | INFO     | winwatt_automation.live_ui.app_connector:_connect_with_win32_handle:230 - Connected to WinWatt backend=win32 attach_mode=process candidate={'process_id': 35696, 'handle': None, 'class_name': 'TMainForm', 'title': 'WinWatt gólya'}
2026-03-16 23:17:49.770 | INFO     | winwatt_automation.live_ui.app_connector:_connect_with_win32_handle:244 - Resolved win32 main window after process attach process_id=35696 resolved_handle=None
2026-03-16 23:17:49.771 | INFO     | winwatt_automation.live_ui.app_connector:_resolve_uia_main_window:280 - Connected to WinWatt backend=uia process_id=35696
2026-03-16 23:17:49.771 | INFO     | winwatt_automation.live_ui.app_connector:_resolve_uia_main_window:282 - Resolving main WinWatt window backend=uia class_name=TMainForm title_re=.*WinWatt.*
2026-03-16 23:17:51.712 | INFO     | winwatt_automation.live_ui.app_connector:select_main_window:177 - Candidate ranking score=(1, 1, 1, 1, 2250400) data={'title': 'WinWatt gólya', 'window_text': 'WinWatt gólya', 'class_name': 'TMainForm', 'control_type': None, 'process_id': 35696, 'handle': None, 'is_visible': True, 'is_enabled': True, 'rectangle': {'left': -10, 'top': -10, 'right': 1930, 'bottom': 1150, 'width': 1940, 'height': 1160}, 'size': {'width': 1940, 'height': 1160}}
2026-03-16 23:17:51.712 | INFO     | winwatt_automation.live_ui.app_connector:select_main_window:187 - Selected main window process_id=35696 handle=None score=(1, 1, 1, 1, 2250400) reasons=['has_process_id=True', 'has_handle=False', 'visible=True', 'enabled=True', 'title_has_winwatt=True', 'area=2250400']
2026-03-16 23:17:51.713 | INFO     | winwatt_automation.live_ui.app_connector:_connect_with_win32_handle:230 - Connected to WinWatt backend=win32 attach_mode=process candidate={'process_id': 35696, 'handle': None, 'class_name': 'TMainForm', 'title': 'WinWatt gólya'}
2026-03-16 23:17:51.715 | INFO     | winwatt_automation.live_ui.app_connector:_connect_with_win32_handle:244 - Resolved win32 main window after process attach process_id=35696 resolved_handle=None
2026-03-16 23:17:51.715 | INFO     | winwatt_automation.live_ui.app_connector:_resolve_uia_main_window:280 - Connected to WinWatt backend=uia process_id=35696
2026-03-16 23:17:51.716 | INFO     | winwatt_automation.live_ui.app_connector:_resolve_uia_main_window:282 - Resolving main WinWatt window backend=uia class_name=TMainForm title_re=.*WinWatt.*
2026-03-16 23:17:53.073 | INFO     | winwatt_automation.live_ui.menu_helpers:_menu_items:152 - Discovered 7 MenuItem controls
2026-03-16 23:17:53.511 | INFO     | winwatt_automation.live_ui.menu_helpers:list_top_menu_items:182 - Top-level menu items (raw): ['Rendszer', 'Fájl', 'Jegyzékek', 'Adatbázis...', 'Beállítások', 'Ablak', 'Súgó']
2026-03-16 23:17:53.764 | INFO     | winwatt_automation.runtime_mapping.program_mapper:get_canonical_top_menu_names:177 - Canonical top-level menus [7]: ['Rendszer', 'Fájl', 'Jegyzékek', 'Adatbázis...', 'Beállítások', 'Ablak', 'Súgó']
2026-03-16 23:17:54.670 | INFO     | winwatt_automation.live_ui.app_connector:select_main_window:177 - Candidate ranking score=(1, 1, 1, 1, 2250400) data={'title': 'WinWatt gólya', 'window_text': 'WinWatt gólya', 'class_name': 'TMainForm', 'control_type': None, 'process_id': 35696, 'handle': None, 'is_visible': True, 'is_enabled': True, 'rectangle': {'left': -10, 'top': -10, 'right': 1930, 'bottom': 1150, 'width': 1940, 'height': 1160}, 'size': {'width': 1940, 'height': 1160}}
2026-03-16 23:17:54.670 | INFO     | winwatt_automation.live_ui.app_connector:select_main_window:187 - Selected main window process_id=35696 handle=None score=(1, 1, 1, 1, 2250400) reasons=['has_process_id=True', 'has_handle=False', 'visible=True', 'enabled=True', 'title_has_winwatt=True', 'area=2250400']
2026-03-16 23:17:54.671 | INFO     | winwatt_automation.live_ui.app_connector:_connect_with_win32_handle:230 - Connected to WinWatt backend=win32 attach_mode=process candidate={'process_id': 35696, 'handle': None, 'class_name': 'TMainForm', 'title': 'WinWatt gólya'}
2026-03-16 23:17:54.673 | INFO     | winwatt_automation.live_ui.app_connector:_connect_with_win32_handle:244 - Resolved win32 main window after process attach process_id=35696 resolved_handle=None
2026-03-16 23:17:54.673 | INFO     | winwatt_automation.live_ui.app_connector:_resolve_uia_main_window:280 - Connected to WinWatt backend=uia process_id=35696
2026-03-16 23:17:54.673 | INFO     | winwatt_automation.live_ui.app_connector:_resolve_uia_main_window:282 - Resolving main WinWatt window backend=uia class_name=TMainForm title_re=.*WinWatt.*
2026-03-16 23:17:55.661 | INFO     | winwatt_automation.live_ui.app_connector:ensure_main_window_foreground_before_click:634 - focus_guard precheck action=baseline_restore:no_project:before:Rendszer main_handle=395540 exists=True visible=True enabled=True rect={'left': -10, 'top': -10, 'right': 1930, 'bottom': 1150, 'width': 1940, 'height': 1160}
2026-03-16 23:17:56.799 | INFO     | winwatt_automation.live_ui.app_connector:ensure_main_window_foreground_before_click:653 - focus_guard result action=baseline_restore:no_project:before:Rendszer status=focus_ok
2026-03-16 23:17:58.245 | INFO     | winwatt_automation.live_ui.menu_helpers:_menu_items:152 - Discovered 7 MenuItem controls
2026-03-16 23:17:59.594 | INFO     | winwatt_automation.live_ui.menu_helpers:capture_menu_popup_snapshot:341 - Captured menu snapshot rows=12
2026-03-16 23:18:02.225 | INFO     | winwatt_automation.live_ui.menu_helpers:_menu_items:152 - Discovered 7 MenuItem controls
2026-03-16 23:18:02.640 | INFO     | winwatt_automation.live_ui.menu_helpers:list_top_menu_items:182 - Top-level menu items (raw): ['Rendszer', 'Fájl', 'Jegyzékek', 'Adatbázis...', 'Beállítások', 'Ablak', 'Súgó']
2026-03-16 23:18:02.900 | INFO     | winwatt_automation.live_ui.app_connector:prepare_main_window_for_menu_interaction:480 - Preparing WinWatt window for menu interaction
2026-03-16 23:18:04.022 | INFO     | winwatt_automation.live_ui.app_connector:prepare_main_window_for_menu_interaction:500 - Window state before: normal
2026-03-16 23:18:04.199 | INFO     | winwatt_automation.live_ui.app_connector:prepare_main_window_for_menu_interaction:521 - Window maximized
2026-03-16 23:18:04.502 | INFO     | winwatt_automation.live_ui.app_connector:prepare_main_window_for_menu_interaction:534 - Focus confirmed
2026-03-16 23:18:06.811 | INFO     | winwatt_automation.live_ui.app_connector:ensure_main_window_foreground_before_click:634 - focus_guard precheck action=click_top_menu_item:Rendszer main_handle=395540 exists=True visible=True enabled=True rect={'left': -10, 'top': -10, 'right': 1930, 'bottom': 1150, 'width': 1940, 'height': 1160}
2026-03-16 23:18:07.336 | INFO     | winwatt_automation.live_ui.app_connector:ensure_main_window_foreground_before_click:653 - focus_guard result action=click_top_menu_item:Rendszer status=focus_ok
2026-03-16 23:18:07.339 | INFO     | winwatt_automation.live_ui.menu_helpers:click_top_menu_item:828 - click_top_menu_item('Rendszer'): foreground_before_click={'handle': 395540, 'title': 'WinWatt gólya', 'class_name': 'TMainForm', 'process_id': 35696}
2026-03-16 23:18:09.315 | INFO     | winwatt_automation.live_ui.menu_helpers:_menu_items:152 - Discovered 7 MenuItem controls
2026-03-16 23:18:11.841 | INFO     | winwatt_automation.live_ui.menu_helpers:_menu_items:152 - Discovered 7 MenuItem controls
2026-03-16 23:18:14.033 | INFO     | winwatt_automation.live_ui.menu_helpers:capture_menu_popup_snapshot:341 - Captured menu snapshot rows=14
2026-03-16 23:18:14.216 | ERROR    | winwatt_automation.live_ui.menu_helpers:_validate_not_in_forbidden_top_left_zone:39 - blocked_click_forbidden_zone point=(11, 11) main_left=-10 main_top=-10
2026-03-16 23:18:14.217 | WARNING  | winwatt_automation.live_ui.menu_helpers:click_top_menu_item:843 - Top menu item 'Rendszer' click_input() failed: click_blocked_forbidden_zone
2026-03-16 23:18:14.423 | INFO     | winwatt_automation.live_ui.menu_helpers:_validate_post_menu_open_foreground:45 - post_click_foreground_validation title=Rendszer foreground={'handle': 395540, 'title': 'WinWatt gólya', 'class_name': 'TMainForm', 'process_id': 35696}
2026-03-16 23:18:16.839 | INFO     | winwatt_automation.live_ui.menu_helpers:_menu_items:152 - Discovered 7 MenuItem controls
2026-03-16 23:18:18.992 | INFO     | winwatt_automation.live_ui.menu_helpers:capture_menu_popup_snapshot:341 - Captured menu snapshot rows=14
2026-03-16 23:18:18.992 | INFO     | winwatt_automation.live_ui.menu_helpers:did_any_new_menu_popup_appear:783 - Menu popup snapshot diff: before=14 after=14 new=0
2026-03-16 23:18:21.043 | INFO     | winwatt_automation.live_ui.app_connector:ensure_main_window_foreground_before_click:634 - focus_guard precheck action=relative_menu_click main_handle=395540 exists=True visible=True enabled=True rect={'left': -10, 'top': -10, 'right': 1930, 'bottom': 1150, 'width': 1940, 'height': 1160}
2026-03-16 23:18:21.542 | INFO     | winwatt_automation.live_ui.app_connector:ensure_main_window_foreground_before_click:653 - focus_guard result action=relative_menu_click status=focus_ok
2026-03-16 23:18:22.608 | ERROR    | winwatt_automation.live_ui.menu_helpers:_validate_not_in_forbidden_top_left_zone:39 - blocked_click_forbidden_zone point=(11, 11) main_left=-10 main_top=-10
2026-03-16 23:18:22.608 | ERROR    | winwatt_automation.runtime_mapping.program_mapper:map_runtime_state:1008 - Top menu mapping failed: Rendszer
Traceback (most recent call last):

  File "<frozen runpy>", line 198, in _run_module_as_main
  File "<frozen runpy>", line 88, in _run_code

  File "C:\Users\dancsg\Documents\GitHub\autowinwatt\winwatt_automation\src\winwatt_automation\scripts\map_full_program.py", line 150, in <module>
    raise SystemExit(main())
                     └ <function main at 0x0000022F71D45900>

  File "C:\Users\dancsg\Documents\GitHub\autowinwatt\winwatt_automation\src\winwatt_automation\scripts\map_full_program.py", line 79, in main
    result = build_full_runtime_program_map(
             └ <function build_full_runtime_program_map at 0x0000022F71D45380>

  File "C:\Users\dancsg\Documents\GitHub\autowinwatt\winwatt_automation\src\winwatt_automation\runtime_mapping\program_mapper.py", line 1160, in build_full_runtime_program_map
    state_no_project = map_runtime_state(
                       └ <function map_runtime_state at 0x0000022F71D449E0>

> File "C:\Users\dancsg\Documents\GitHub\autowinwatt\winwatt_automation\src\winwatt_automation\runtime_mapping\program_mapper.py", line 990, in map_runtime_state
    tree, rows, actions, dialogs, windows = explore_menu_tree(
                                            └ <function explore_menu_tree at 0x0000022F71D445C0>

  File "C:\Users\dancsg\Documents\GitHub\autowinwatt\winwatt_automation\src\winwatt_automation\runtime_mapping\program_mapper.py", line 751, in explore_menu_tree
    menu_helpers.click_top_menu_item(top_menu)
    │            │                   └ 'Rendszer'
    │            └ <function click_top_menu_item at 0x0000022F71D92AE0>
    └ <module 'winwatt_automation.live_ui.menu_helpers' from 'C:\\Users\\dancsg\\Documents\\GitHub\\autowinwatt\\winwatt_automation...

  File "C:\Users\dancsg\Documents\GitHub\autowinwatt\winwatt_automation\src\winwatt_automation\live_ui\menu_helpers.py", line 851, in click_top_menu_item
    _click_by_relative_rect_center(item, main_window)
    │                              │     └ <pywinauto.application.WindowSpecification object at 0x0000022F730E07C0>
    │                              └ <uia_controls.MenuItemWrapper - 'Rendszer', MenuItem, 7714651073799318317>
    └ <function _click_by_relative_rect_center at 0x0000022F71D92980>

  File "C:\Users\dancsg\Documents\GitHub\autowinwatt\winwatt_automation\src\winwatt_automation\live_ui\menu_helpers.py", line 814, in _click_by_relative_rect_center
    _validate_not_in_forbidden_top_left_zone(main_window, (x, y))
    │                                        │             │  └ 11
    │                                        │             └ 11
    │                                        └ <pywinauto.application.WindowSpecification object at 0x0000022F730E07C0>
    └ <function _validate_not_in_forbidden_top_left_zone at 0x0000022F71D90040>

  File "C:\Users\dancsg\Documents\GitHub\autowinwatt\winwatt_automation\src\winwatt_automation\live_ui\menu_helpers.py", line 40, in _validate_not_in_forbidden_top_left_zone
    raise RuntimeError("click_blocked_forbidden_zone")

RuntimeError: click_blocked_forbidden_zone
2026-03-16 23:18:24.516 | INFO     | winwatt_automation.live_ui.app_connector:ensure_main_window_foreground_before_click:634 - focus_guard precheck action=baseline_restore:no_project:after:Rendszer main_handle=395540 exists=True visible=True enabled=True rect={'left': -10, 'top': -10, 'right': 1930, 'bottom': 1150, 'width': 1940, 'height': 1160}
2026-03-16 23:18:25.020 | INFO     | winwatt_automation.live_ui.app_connector:ensure_main_window_foreground_before_click:653 - focus_guard result action=baseline_restore:no_project:after:Rendszer status=focus_ok
2026-03-16 23:18:27.344 | INFO     | winwatt_automation.live_ui.menu_helpers:_menu_items:152 - Discovered 7 MenuItem controls
2026-03-16 23:18:29.316 | INFO     | winwatt_automation.live_ui.menu_helpers:capture_menu_popup_snapshot:341 - Captured menu snapshot rows=14
2026-03-16 23:18:31.743 | INFO     | winwatt_automation.live_ui.app_connector:ensure_main_window_foreground_before_click:634 - focus_guard precheck action=baseline_restore:no_project:before:Fájl main_handle=395540 exists=True visible=True enabled=True rect={'left': -10, 'top': -10, 'right': 1930, 'bottom': 1150, 'width': 1940, 'height': 1160}
2026-03-16 23:18:32.364 | INFO     | winwatt_automation.live_ui.app_connector:ensure_main_window_foreground_before_click:653 - focus_guard result action=baseline_restore:no_project:before:Fájl status=focus_ok
2026-03-16 23:18:34.539 | INFO     | winwatt_automation.live_ui.menu_helpers:_menu_items:152 - Discovered 7 MenuItem controls
2026-03-16 23:18:36.664 | INFO     | winwatt_automation.live_ui.menu_helpers:capture_menu_popup_snapshot:341 - Captured menu snapshot rows=14
2026-03-16 23:18:40.681 | INFO     | winwatt_automation.live_ui.menu_helpers:_menu_items:152 - Discovered 7 MenuItem controls
2026-03-16 23:18:41.217 | INFO     | winwatt_automation.live_ui.menu_helpers:list_top_menu_items:182 - Top-level menu items (raw): ['Rendszer', 'Fájl', 'Jegyzékek', 'Adatbázis...', 'Beállítások', 'Ablak', 'Súgó']
2026-03-16 23:18:41.558 | INFO     | winwatt_automation.live_ui.app_connector:prepare_main_window_for_menu_interaction:480 - Preparing WinWatt window for menu interaction
2026-03-16 23:18:43.040 | INFO     | winwatt_automation.live_ui.app_connector:prepare_main_window_for_menu_interaction:500 - Window state before: maximized
2026-03-16 23:18:43.404 | INFO     | winwatt_automation.live_ui.app_connector:prepare_main_window_for_menu_interaction:521 - Window maximized
2026-03-16 23:18:43.707 | INFO     | winwatt_automation.live_ui.app_connector:prepare_main_window_for_menu_interaction:534 - Focus confirmed
2026-03-16 23:18:45.642 | INFO     | winwatt_automation.live_ui.app_connector:ensure_main_window_foreground_before_click:634 - focus_guard precheck action=click_top_menu_item:Fájl main_handle=395540 exists=True visible=True enabled=True rect={'left': -10, 'top': -10, 'right': 1930, 'bottom': 1150, 'width': 1940, 'height': 1160}
2026-03-16 23:18:46.154 | INFO     | winwatt_automation.live_ui.app_connector:ensure_main_window_foreground_before_click:653 - focus_guard result action=click_top_menu_item:Fájl status=focus_ok
2026-03-16 23:18:46.156 | INFO     | winwatt_automation.live_ui.menu_helpers:click_top_menu_item:828 - click_top_menu_item('Fájl'): foreground_before_click={'handle': 395540, 'title': 'WinWatt gólya', 'class_name': 'TMainForm', 'process_id': 35696}
2026-03-16 23:18:47.799 | INFO     | winwatt_automation.live_ui.menu_helpers:_menu_items:152 - Discovered 7 MenuItem controls
2026-03-16 23:18:50.281 | INFO     | winwatt_automation.live_ui.menu_helpers:_menu_items:152 - Discovered 7 MenuItem controls
2026-03-16 23:18:52.293 | INFO     | winwatt_automation.live_ui.menu_helpers:capture_menu_popup_snapshot:341 - Captured menu snapshot rows=14
2026-03-16 23:18:52.850 | INFO     | winwatt_automation.live_ui.menu_helpers:_validate_post_menu_open_foreground:45 - post_click_foreground_validation title=Fájl foreground={'handle': 395540, 'title': 'WinWatt gólya', 'class_name': 'TMainForm', 'process_id': 35696}
2026-03-16 23:18:56.043 | INFO     | winwatt_automation.live_ui.menu_helpers:_menu_items:152 - Discovered 41 MenuItem controls
2026-03-16 23:18:59.103 | INFO     | winwatt_automation.live_ui.menu_helpers:capture_menu_popup_snapshot:341 - Captured menu snapshot rows=82
2026-03-16 23:18:59.104 | INFO     | winwatt_automation.live_ui.menu_helpers:did_any_new_menu_popup_appear:783 - Menu popup snapshot diff: before=14 after=82 new=68
2026-03-16 23:19:02.368 | INFO     | winwatt_automation.live_ui.menu_helpers:_menu_items:152 - Discovered 41 MenuItem controls
2026-03-16 23:19:07.235 | INFO     | winwatt_automation.live_ui.menu_helpers:capture_menu_popup_snapshot:341 - Captured menu snapshot rows=82
2026-03-16 23:19:12.149 | INFO     | winwatt_automation.live_ui.menu_helpers:_menu_items:152 - Discovered 41 MenuItem controls
2026-03-16 23:19:14.290 | INFO     | winwatt_automation.live_ui.menu_helpers:list_top_menu_items:182 - Top-level menu items (raw): ['Rendszer', 'Fájl', 'Jegyzékek', 'Adatbázis...', 'Beállítások', 'Ablak', 'Súgó']
2026-03-16 23:19:20.220 | INFO     | winwatt_automation.live_ui.menu_helpers:_menu_items:152 - Discovered 41 MenuItem controls
2026-03-16 23:19:22.226 | INFO     | winwatt_automation.live_ui.menu_helpers:list_top_menu_items:182 - Top-level menu items (raw): ['Rendszer', 'Fájl', 'Jegyzékek', 'Adatbázis...', 'Beállítások', 'Ablak', 'Súgó']
2026-03-16 23:19:25.492 | INFO     | winwatt_automation.live_ui.menu_helpers:_menu_items:152 - Discovered 41 MenuItem controls
2026-03-16 23:19:28.437 | INFO     | winwatt_automation.live_ui.menu_helpers:capture_menu_popup_snapshot:341 - Captured menu snapshot rows=82
2026-03-16 23:19:33.202 | INFO     | winwatt_automation.live_ui.menu_helpers:_menu_items:152 - Discovered 41 MenuItem controls
2026-03-16 23:19:35.893 | INFO     | winwatt_automation.live_ui.menu_helpers:list_top_menu_items:182 - Top-level menu items (raw): ['Rendszer', 'Fájl', 'Jegyzékek', 'Adatbázis...', 'Beállítások', 'Ablak', 'Súgó']
2026-03-16 23:19:42.371 | INFO     | winwatt_automation.live_ui.menu_helpers:_menu_items:152 - Discovered 41 MenuItem controls
2026-03-16 23:19:44.649 | INFO     | winwatt_automation.live_ui.menu_helpers:list_top_menu_items:182 - Top-level menu items (raw): ['Rendszer', 'Fájl', 'Jegyzékek', 'Adatbázis...', 'Beállítások', 'Ablak', 'Súgó']
2026-03-16 23:19:47.464 | INFO     | winwatt_automation.live_ui.app_connector:ensure_main_window_foreground_before_click:634 - focus_guard precheck action=baseline_restore:no_project:after:Fájl main_handle=395540 exists=True visible=True enabled=True rect={'left': -10, 'top': -10, 'right': 1930, 'bottom': 1150, 'width': 1940, 'height': 1160}
2026-03-16 23:19:48.084 | INFO     | winwatt_automation.live_ui.app_connector:ensure_main_window_foreground_before_click:653 - focus_guard result action=baseline_restore:no_project:after:Fájl status=focus_ok
2026-03-16 23:19:50.379 | INFO     | winwatt_automation.live_ui.menu_helpers:_menu_items:152 - Discovered 7 MenuItem controls
2026-03-16 23:19:52.675 | INFO     | winwatt_automation.live_ui.menu_helpers:capture_menu_popup_snapshot:341 - Captured menu snapshot rows=14
2026-03-16 23:19:55.093 | INFO     | winwatt_automation.live_ui.app_connector:ensure_main_window_foreground_before_click:634 - focus_guard precheck action=baseline_restore:no_project:before:Jegyzékek main_handle=395540 exists=True visible=True enabled=True rect={'left': -10, 'top': -10, 'right': 1930, 'bottom': 1150, 'width': 1940, 'height': 1160}
2026-03-16 23:19:55.721 | INFO     | winwatt_automation.live_ui.app_connector:ensure_main_window_foreground_before_click:653 - focus_guard result action=baseline_restore:no_project:before:Jegyzékek status=focus_ok
2026-03-16 23:19:57.465 | INFO     | winwatt_automation.live_ui.menu_helpers:_menu_items:152 - Discovered 7 MenuItem controls
2026-03-16 23:19:59.494 | INFO     | winwatt_automation.live_ui.menu_helpers:capture_menu_popup_snapshot:341 - Captured menu snapshot rows=14
2026-03-16 23:20:03.544 | INFO     | winwatt_automation.live_ui.menu_helpers:_menu_items:152 - Discovered 7 MenuItem controls
2026-03-16 23:20:04.108 | INFO     | winwatt_automation.live_ui.menu_helpers:list_top_menu_items:182 - Top-level menu items (raw): ['Rendszer', 'Fájl', 'Jegyzékek', 'Adatbázis...', 'Beállítások', 'Ablak', 'Súgó']
2026-03-16 23:20:04.504 | INFO     | winwatt_automation.live_ui.app_connector:prepare_main_window_for_menu_interaction:480 - Preparing WinWatt window for menu interaction
2026-03-16 23:20:06.351 | INFO     | winwatt_automation.live_ui.app_connector:prepare_main_window_for_menu_interaction:500 - Window state before: maximized
2026-03-16 23:20:06.559 | INFO     | winwatt_automation.live_ui.app_connector:prepare_main_window_for_menu_interaction:521 - Window maximized
2026-03-16 23:20:06.861 | INFO     | winwatt_automation.live_ui.app_connector:prepare_main_window_for_menu_interaction:534 - Focus confirmed
2026-03-16 23:20:09.291 | INFO     | winwatt_automation.live_ui.app_connector:ensure_main_window_foreground_before_click:634 - focus_guard precheck action=click_top_menu_item:Jegyzékek main_handle=395540 exists=True visible=True enabled=True rect={'left': -10, 'top': -10, 'right': 1930, 'bottom': 1150, 'width': 1940, 'height': 1160}
2026-03-16 23:20:09.721 | INFO     | winwatt_automation.live_ui.app_connector:ensure_main_window_foreground_before_click:653 - focus_guard result action=click_top_menu_item:Jegyzékek status=focus_ok
2026-03-16 23:20:09.722 | INFO     | winwatt_automation.live_ui.menu_helpers:click_top_menu_item:828 - click_top_menu_item('Jegyzékek'): foreground_before_click={'handle': 395540, 'title': 'WinWatt gólya', 'class_name': 'TMainForm', 'process_id': 35696}
2026-03-16 23:20:11.654 | INFO     | winwatt_automation.live_ui.menu_helpers:_menu_items:152 - Discovered 7 MenuItem controls
2026-03-16 23:20:13.981 | INFO     | winwatt_automation.live_ui.menu_helpers:_menu_items:152 - Discovered 7 MenuItem controls
2026-03-16 23:20:16.006 | INFO     | winwatt_automation.live_ui.menu_helpers:capture_menu_popup_snapshot:341 - Captured menu snapshot rows=14
2026-03-16 23:20:16.516 | INFO     | winwatt_automation.live_ui.menu_helpers:_validate_post_menu_open_foreground:45 - post_click_foreground_validation title=Jegyzékek foreground={'handle': 395540, 'title': 'WinWatt gólya', 'class_name': 'TMainForm', 'process_id': 35696}
2026-03-16 23:20:19.537 | INFO     | winwatt_automation.live_ui.menu_helpers:_menu_items:152 - Discovered 35 MenuItem controls
2026-03-16 23:20:24.072 | INFO     | winwatt_automation.live_ui.menu_helpers:capture_menu_popup_snapshot:341 - Captured menu snapshot rows=70
2026-03-16 23:20:24.073 | INFO     | winwatt_automation.live_ui.menu_helpers:did_any_new_menu_popup_appear:783 - Menu popup snapshot diff: before=14 after=70 new=56
2026-03-16 23:20:27.195 | INFO     | winwatt_automation.live_ui.menu_helpers:_menu_items:152 - Discovered 35 MenuItem controls
2026-03-16 23:20:29.996 | INFO     | winwatt_automation.live_ui.menu_helpers:capture_menu_popup_snapshot:341 - Captured menu snapshot rows=70
2026-03-16 23:20:34.994 | INFO     | winwatt_automation.live_ui.menu_helpers:_menu_items:152 - Discovered 35 MenuItem controls
2026-03-16 23:20:37.878 | INFO     | winwatt_automation.live_ui.menu_helpers:list_top_menu_items:182 - Top-level menu items (raw): ['Rendszer', 'Fájl', 'Jegyzékek', 'Adatbázis...', 'Beállítások', 'Ablak', 'Súgó']
2026-03-16 23:20:43.109 | INFO     | winwatt_automation.live_ui.menu_helpers:_menu_items:152 - Discovered 35 MenuItem controls
2026-03-16 23:20:45.018 | INFO     | winwatt_automation.live_ui.menu_helpers:list_top_menu_items:182 - Top-level menu items (raw): ['Rendszer', 'Fájl', 'Jegyzékek', 'Adatbázis...', 'Beállítások', 'Ablak', 'Súgó']
2026-03-16 23:20:48.305 | INFO     | winwatt_automation.live_ui.menu_helpers:_menu_items:152 - Discovered 35 MenuItem controls
2026-03-16 23:20:51.200 | INFO     | winwatt_automation.live_ui.menu_helpers:capture_menu_popup_snapshot:341 - Captured menu snapshot rows=70
2026-03-16 23:20:55.826 | INFO     | winwatt_automation.live_ui.menu_helpers:_menu_items:152 - Discovered 35 MenuItem controls
2026-03-16 23:20:57.566 | INFO     | winwatt_automation.live_ui.menu_helpers:list_top_menu_items:182 - Top-level menu items (raw): ['Rendszer', 'Fájl', 'Jegyzékek', 'Adatbázis...', 'Beállítások', 'Ablak', 'Súgó']
2026-03-16 23:21:02.479 | INFO     | winwatt_automation.live_ui.menu_helpers:_menu_items:152 - Discovered 35 MenuItem controls
2026-03-16 23:21:04.196 | INFO     | winwatt_automation.live_ui.menu_helpers:list_top_menu_items:182 - Top-level menu items (raw): ['Rendszer', 'Fájl', 'Jegyzékek', 'Adatbázis...', 'Beállítások', 'Ablak', 'Súgó']
2026-03-16 23:21:06.930 | INFO     | winwatt_automation.live_ui.app_connector:ensure_main_window_foreground_before_click:634 - focus_guard precheck action=baseline_restore:no_project:after:Jegyzékek main_handle=395540 exists=True visible=True enabled=True rect={'left': -10, 'top': -10, 'right': 1930, 'bottom': 1150, 'width': 1940, 'height': 1160}
2026-03-16 23:21:07.431 | INFO     | winwatt_automation.live_ui.app_connector:ensure_main_window_foreground_before_click:653 - focus_guard result action=baseline_restore:no_project:after:Jegyzékek status=focus_ok
2026-03-16 23:21:09.757 | INFO     | winwatt_automation.live_ui.menu_helpers:_menu_items:152 - Discovered 7 MenuItem controls
2026-03-16 23:21:12.219 | INFO     | winwatt_automation.live_ui.menu_helpers:capture_menu_popup_snapshot:341 - Captured menu snapshot rows=14
2026-03-16 23:21:14.787 | INFO     | winwatt_automation.live_ui.app_connector:ensure_main_window_foreground_before_click:634 - focus_guard precheck action=baseline_restore:no_project:before:Adatbázis... main_handle=395540 exists=True visible=True enabled=True rect={'left': -10, 'top': -10, 'right': 1930, 'bottom': 1150, 'width': 1940, 'height': 1160}
2026-03-16 23:21:15.359 | INFO     | winwatt_automation.live_ui.app_connector:ensure_main_window_foreground_before_click:653 - focus_guard result action=baseline_restore:no_project:before:Adatbázis... status=focus_ok
2026-03-16 23:21:17.474 | INFO     | winwatt_automation.live_ui.menu_helpers:_menu_items:152 - Discovered 7 MenuItem controls
2026-03-16 23:21:20.241 | INFO     | winwatt_automation.live_ui.menu_helpers:capture_menu_popup_snapshot:341 - Captured menu snapshot rows=14
2026-03-16 23:21:24.234 | INFO     | winwatt_automation.live_ui.menu_helpers:_menu_items:152 - Discovered 7 MenuItem controls
2026-03-16 23:21:24.687 | INFO     | winwatt_automation.live_ui.menu_helpers:list_top_menu_items:182 - Top-level menu items (raw): ['Rendszer', 'Fájl', 'Jegyzékek', 'Adatbázis...', 'Beállítások', 'Ablak', 'Súgó']
2026-03-16 23:21:24.995 | INFO     | winwatt_automation.live_ui.app_connector:prepare_main_window_for_menu_interaction:480 - Preparing WinWatt window for menu interaction
2026-03-16 23:21:26.255 | INFO     | winwatt_automation.live_ui.app_connector:prepare_main_window_for_menu_interaction:500 - Window state before: maximized
2026-03-16 23:21:26.544 | INFO     | winwatt_automation.live_ui.app_connector:prepare_main_window_for_menu_interaction:521 - Window maximized
2026-03-16 23:21:26.847 | INFO     | winwatt_automation.live_ui.app_connector:prepare_main_window_for_menu_interaction:534 - Focus confirmed
2026-03-16 23:21:29.069 | INFO     | winwatt_automation.live_ui.app_connector:ensure_main_window_foreground_before_click:634 - focus_guard precheck action=click_top_menu_item:Adatbázis... main_handle=395540 exists=True visible=True enabled=True rect={'left': -10, 'top': -10, 'right': 1930, 'bottom': 1150, 'width': 1940, 'height': 1160}
2026-03-16 23:21:29.571 | INFO     | winwatt_automation.live_ui.app_connector:ensure_main_window_foreground_before_click:653 - focus_guard result action=click_top_menu_item:Adatbázis... status=focus_ok
2026-03-16 23:21:29.575 | INFO     | winwatt_automation.live_ui.menu_helpers:click_top_menu_item:828 - click_top_menu_item('Adatbázis...'): foreground_before_click={'handle': 395540, 'title': 'WinWatt gólya', 'class_name': 'TMainForm', 'process_id': 35696}
2026-03-16 23:21:31.589 | INFO     | winwatt_automation.live_ui.menu_helpers:_menu_items:152 - Discovered 7 MenuItem controls
2026-03-16 23:21:34.279 | INFO     | winwatt_automation.live_ui.menu_helpers:_menu_items:152 - Discovered 7 MenuItem controls
2026-03-16 23:21:36.393 | INFO     | winwatt_automation.live_ui.menu_helpers:capture_menu_popup_snapshot:341 - Captured menu snapshot rows=14
2026-03-16 23:21:37.449 | INFO     | winwatt_automation.live_ui.menu_helpers:_validate_post_menu_open_foreground:45 - post_click_foreground_validation title=Adatbázis... foreground={'handle': 395540, 'title': '', 'class_name': 'TMainForm', 'process_id': 35696}
2026-03-16 23:21:40.955 | INFO     | winwatt_automation.live_ui.menu_helpers:_menu_items:152 - Discovered 7 MenuItem controls
2026-03-16 23:21:46.139 | INFO     | winwatt_automation.live_ui.menu_helpers:capture_menu_popup_snapshot:341 - Captured menu snapshot rows=14
2026-03-16 23:21:46.140 | INFO     | winwatt_automation.live_ui.menu_helpers:did_any_new_menu_popup_appear:783 - Menu popup snapshot diff: before=14 after=14 new=0
2026-03-16 23:21:48.568 | INFO     | winwatt_automation.live_ui.app_connector:ensure_main_window_foreground_before_click:634 - focus_guard precheck action=relative_menu_click main_handle=395540 exists=True visible=True enabled=False rect={'left': -10, 'top': -10, 'right': 1930, 'bottom': 1150, 'width': 1940, 'height': 1160}
2026-03-16 23:21:48.569 | ERROR    | winwatt_automation.runtime_mapping.program_mapper:map_runtime_state:1008 - Top menu mapping failed: Adatbázis...
Traceback (most recent call last):

  File "<frozen runpy>", line 198, in _run_module_as_main
  File "<frozen runpy>", line 88, in _run_code

  File "C:\Users\dancsg\Documents\GitHub\autowinwatt\winwatt_automation\src\winwatt_automation\scripts\map_full_program.py", line 150, in <module>
    raise SystemExit(main())
                     └ <function main at 0x0000022F71D45900>

  File "C:\Users\dancsg\Documents\GitHub\autowinwatt\winwatt_automation\src\winwatt_automation\scripts\map_full_program.py", line 79, in main
    result = build_full_runtime_program_map(
             └ <function build_full_runtime_program_map at 0x0000022F71D45380>

  File "C:\Users\dancsg\Documents\GitHub\autowinwatt\winwatt_automation\src\winwatt_automation\runtime_mapping\program_mapper.py", line 1160, in build_full_runtime_program_map
    state_no_project = map_runtime_state(
                       └ <function map_runtime_state at 0x0000022F71D449E0>

> File "C:\Users\dancsg\Documents\GitHub\autowinwatt\winwatt_automation\src\winwatt_automation\runtime_mapping\program_mapper.py", line 990, in map_runtime_state
    tree, rows, actions, dialogs, windows = explore_menu_tree(
    │     │     │        │                  └ <function explore_menu_tree at 0x0000022F71D445C0>
    │     │     │        └ []
    │     │     └ [RuntimeActionResult(state_id='no_project', top_menu='Jegyzékek', row_index=0, menu_path=['Jegyzékek', ''], action_key='Jegyz...
    │     └ [RuntimeMenuRow(state_id='no_project', top_menu='Jegyzékek', row_index=0, menu_path=['Jegyzékek', ''], text='', normalized_te...
    └ [{'state_id': 'no_project', 'title_raw': '', 'title': '', 'normalized_title': '', 'path': ['Jegyzékek', ''], 'level': 1, 'ind...

  File "C:\Users\dancsg\Documents\GitHub\autowinwatt\winwatt_automation\src\winwatt_automation\runtime_mapping\program_mapper.py", line 751, in explore_menu_tree
    menu_helpers.click_top_menu_item(top_menu)
    │            │                   └ 'Adatbázis...'
    │            └ <function click_top_menu_item at 0x0000022F71D92AE0>
    └ <module 'winwatt_automation.live_ui.menu_helpers' from 'C:\\Users\\dancsg\\Documents\\GitHub\\autowinwatt\\winwatt_automation...

  File "C:\Users\dancsg\Documents\GitHub\autowinwatt\winwatt_automation\src\winwatt_automation\live_ui\menu_helpers.py", line 851, in click_top_menu_item
    _click_by_relative_rect_center(item, main_window)
    │                              │     └ <pywinauto.application.WindowSpecification object at 0x0000022F730E07C0>
    │                              └ <uia_controls.MenuItemWrapper - 'Adatbázis...', MenuItem, -1283152014848238894>
    └ <function _click_by_relative_rect_center at 0x0000022F71D92980>

  File "C:\Users\dancsg\Documents\GitHub\autowinwatt\winwatt_automation\src\winwatt_automation\live_ui\menu_helpers.py", line 797, in _click_by_relative_rect_center
    ensure_main_window_foreground_before_click(action_label="relative_menu_click")
    └ <function ensure_main_window_foreground_before_click at 0x0000022F71C98A90>

  File "C:\Users\dancsg\Documents\GitHub\autowinwatt\winwatt_automation\src\winwatt_automation\live_ui\app_connector.py", line 646, in ensure_main_window_foreground_before_click
    raise RuntimeError(

RuntimeError: focus_not_restored: main window not ready before action=relative_menu_click visible=True enabled=False
2026-03-16 23:21:48.579 | ERROR    | winwatt_automation.runtime_mapping.program_mapper:map_runtime_state:1031 - unrecoverable main window loss during top menu state=no_project top_menu=Adatbázis...
[event] state_mapped: {"actions": 4, "dialogs": 0, "state_id": "no_project", "top_menus": 7}
2026-03-16 23:21:52.730 | INFO     | winwatt_automation.live_ui.menu_helpers:_menu_items:152 - Discovered 7 MenuItem controls
2026-03-16 23:21:53.264 | INFO     | winwatt_automation.live_ui.menu_helpers:list_top_menu_items:182 - Top-level menu items (raw): ['Rendszer', 'Fájl', 'Jegyzékek', 'Adatbázis...', 'Beállítások', 'Ablak', 'Súgó']
2026-03-16 23:21:53.662 | INFO     | winwatt_automation.runtime_mapping.program_mapper:get_canonical_top_menu_names:177 - Canonical top-level menus [7]: ['Rendszer', 'Fájl', 'Jegyzékek', 'Adatbázis...', 'Beállítások', 'Ablak', 'Súgó']
2026-03-16 23:21:56.035 | INFO     | winwatt_automation.live_ui.app_connector:ensure_main_window_foreground_before_click:634 - focus_guard precheck action=baseline_restore:project_open:before:Rendszer main_handle=395540 exists=True visible=True enabled=False rect={'left': -10, 'top': -10, 'right': 1930, 'bottom': 1150, 'width': 1940, 'height': 1160}
2026-03-16 23:21:57.620 | WARNING  | winwatt_automation.runtime_mapping.program_mapper:restore_clean_menu_baseline:198 - baseline_restore modal_pending state=project_open stage=before:Rendszer error=focus_not_restored: main window not ready before action=baseline_restore:project_open:before:Rendszer visible=True enabled=False
2026-03-16 23:21:57.620 | INFO     | winwatt_automation.runtime_mapping.program_mapper:recover_after_project_open:650 - project_open_recovery_start timeout_s=15.0 poll_interval_s=0.25
2026-03-16 23:22:01.326 | WARNING  | winwatt_automation.runtime_mapping.program_mapper:recover_after_project_open:667 - project_open_recovery_modal_detected diagnostics={'foreground_window': {'handle': 5048554, 'title': 'Adatbázis adatok karbantartása', 'class_name': 'TDeviceDatabaseForm', 'process_id': 35696}, 'dialog_candidates': [], 'main_window': {'enabled': False, 'visible': True, 'rect': {'left': -10, 'top': -10, 'right': 1930, 'bottom': 1150}, 'title': 'WinWatt gólya', 'class_name': 'TMainForm', 'process_id': 35696, 'handle': None, 'exists': True}}
2026-03-16 23:22:01.327 | INFO     | winwatt_automation.runtime_mapping.program_mapper:_attempt_project_open_modal_close:627 - project_open_recovery_close_attempt method=key name=Esc
2026-03-16 23:22:04.374 | INFO     | winwatt_automation.runtime_mapping.program_mapper:_attempt_project_open_modal_close:635 - project_open_recovery_close_success method=key name=Esc
2026-03-16 23:22:07.232 | INFO     | winwatt_automation.runtime_mapping.program_mapper:recover_after_project_open:660 - project_open_recovery_success
2026-03-16 23:22:08.651 | INFO     | winwatt_automation.runtime_mapping.program_mapper:restore_clean_menu_baseline:201 - baseline_restore modal_pending_recovered state=project_open stage=before:Rendszer
2026-03-16 23:22:10.768 | INFO     | winwatt_automation.live_ui.menu_helpers:_menu_items:152 - Discovered 7 MenuItem controls
2026-03-16 23:22:12.811 | INFO     | winwatt_automation.live_ui.menu_helpers:capture_menu_popup_snapshot:341 - Captured menu snapshot rows=14
2026-03-16 23:22:16.719 | INFO     | winwatt_automation.live_ui.menu_helpers:_menu_items:152 - Discovered 7 MenuItem controls
2026-03-16 23:22:17.221 | INFO     | winwatt_automation.live_ui.menu_helpers:list_top_menu_items:182 - Top-level menu items (raw): ['Rendszer', 'Fájl', 'Jegyzékek', 'Adatbázis...', 'Beállítások', 'Ablak', 'Súgó']
2026-03-16 23:22:17.528 | INFO     | winwatt_automation.live_ui.app_connector:prepare_main_window_for_menu_interaction:480 - Preparing WinWatt window for menu interaction
2026-03-16 23:22:19.070 | INFO     | winwatt_automation.live_ui.app_connector:prepare_main_window_for_menu_interaction:500 - Window state before: maximized
2026-03-16 23:22:19.367 | INFO     | winwatt_automation.live_ui.app_connector:prepare_main_window_for_menu_interaction:521 - Window maximized
2026-03-16 23:22:19.668 | INFO     | winwatt_automation.live_ui.app_connector:prepare_main_window_for_menu_interaction:534 - Focus confirmed
2026-03-16 23:22:21.970 | INFO     | winwatt_automation.live_ui.app_connector:ensure_main_window_foreground_before_click:634 - focus_guard precheck action=click_top_menu_item:Rendszer main_handle=395540 exists=True visible=True enabled=True rect={'left': -10, 'top': -10, 'right': 1930, 'bottom': 1150, 'width': 1940, 'height': 1160}
2026-03-16 23:22:22.360 | INFO     | winwatt_automation.live_ui.app_connector:ensure_main_window_foreground_before_click:653 - focus_guard result action=click_top_menu_item:Rendszer status=focus_ok
2026-03-16 23:22:22.361 | INFO     | winwatt_automation.live_ui.menu_helpers:click_top_menu_item:828 - click_top_menu_item('Rendszer'): foreground_before_click={'handle': 395540, 'title': 'WinWatt gólya', 'class_name': 'TMainForm', 'process_id': 35696}
2026-03-16 23:22:24.223 | INFO     | winwatt_automation.live_ui.menu_helpers:_menu_items:152 - Discovered 7 MenuItem controls
2026-03-16 23:22:26.683 | INFO     | winwatt_automation.live_ui.menu_helpers:_menu_items:152 - Discovered 7 MenuItem controls
2026-03-16 23:22:28.972 | INFO     | winwatt_automation.live_ui.menu_helpers:capture_menu_popup_snapshot:341 - Captured menu snapshot rows=14
2026-03-16 23:22:29.129 | ERROR    | winwatt_automation.live_ui.menu_helpers:_validate_not_in_forbidden_top_left_zone:39 - blocked_click_forbidden_zone point=(11, 11) main_left=-10 main_top=-10
2026-03-16 23:22:29.130 | WARNING  | winwatt_automation.live_ui.menu_helpers:click_top_menu_item:843 - Top menu item 'Rendszer' click_input() failed: click_blocked_forbidden_zone
2026-03-16 23:22:29.339 | INFO     | winwatt_automation.live_ui.menu_helpers:_validate_post_menu_open_foreground:45 - post_click_foreground_validation title=Rendszer foreground={'handle': 395540, 'title': 'WinWatt gólya', 'class_name': 'TMainForm', 'process_id': 35696}
2026-03-16 23:22:31.732 | INFO     | winwatt_automation.live_ui.menu_helpers:_menu_items:152 - Discovered 7 MenuItem controls
2026-03-16 23:22:33.758 | INFO     | winwatt_automation.live_ui.menu_helpers:capture_menu_popup_snapshot:341 - Captured menu snapshot rows=14
2026-03-16 23:22:33.759 | INFO     | winwatt_automation.live_ui.menu_helpers:did_any_new_menu_popup_appear:783 - Menu popup snapshot diff: before=14 after=14 new=0
2026-03-16 23:22:35.955 | INFO     | winwatt_automation.live_ui.app_connector:ensure_main_window_foreground_before_click:634 - focus_guard precheck action=relative_menu_click main_handle=395540 exists=True visible=True enabled=True rect={'left': -10, 'top': -10, 'right': 1930, 'bottom': 1150, 'width': 1940, 'height': 1160}
2026-03-16 23:22:36.578 | INFO     | winwatt_automation.live_ui.app_connector:ensure_main_window_foreground_before_click:653 - focus_guard result action=relative_menu_click status=focus_ok
2026-03-16 23:22:37.754 | ERROR    | winwatt_automation.live_ui.menu_helpers:_validate_not_in_forbidden_top_left_zone:39 - blocked_click_forbidden_zone point=(11, 11) main_left=-10 main_top=-10
2026-03-16 23:22:37.754 | ERROR    | winwatt_automation.runtime_mapping.program_mapper:map_runtime_state:1008 - Top menu mapping failed: Rendszer
Traceback (most recent call last):

  File "<frozen runpy>", line 198, in _run_module_as_main
  File "<frozen runpy>", line 88, in _run_code

  File "C:\Users\dancsg\Documents\GitHub\autowinwatt\winwatt_automation\src\winwatt_automation\scripts\map_full_program.py", line 150, in <module>
    raise SystemExit(main())
                     └ <function main at 0x0000022F71D45900>

  File "C:\Users\dancsg\Documents\GitHub\autowinwatt\winwatt_automation\src\winwatt_automation\scripts\map_full_program.py", line 79, in main
    result = build_full_runtime_program_map(
             └ <function build_full_runtime_program_map at 0x0000022F71D45380>

  File "C:\Users\dancsg\Documents\GitHub\autowinwatt\winwatt_automation\src\winwatt_automation\runtime_mapping\program_mapper.py", line 1219, in build_full_runtime_program_map
    state_project_open = map_runtime_state(
                         └ <function map_runtime_state at 0x0000022F71D449E0>

> File "C:\Users\dancsg\Documents\GitHub\autowinwatt\winwatt_automation\src\winwatt_automation\runtime_mapping\program_mapper.py", line 990, in map_runtime_state
    tree, rows, actions, dialogs, windows = explore_menu_tree(
                                            └ <function explore_menu_tree at 0x0000022F71D445C0>

  File "C:\Users\dancsg\Documents\GitHub\autowinwatt\winwatt_automation\src\winwatt_automation\runtime_mapping\program_mapper.py", line 751, in explore_menu_tree
    menu_helpers.click_top_menu_item(top_menu)
    │            │                   └ 'Rendszer'
    │            └ <function click_top_menu_item at 0x0000022F71D92AE0>
    └ <module 'winwatt_automation.live_ui.menu_helpers' from 'C:\\Users\\dancsg\\Documents\\GitHub\\autowinwatt\\winwatt_automation...

  File "C:\Users\dancsg\Documents\GitHub\autowinwatt\winwatt_automation\src\winwatt_automation\live_ui\menu_helpers.py", line 851, in click_top_menu_item
    _click_by_relative_rect_center(item, main_window)
    │                              │     └ <pywinauto.application.WindowSpecification object at 0x0000022F730E07C0>
    │                              └ <uia_controls.MenuItemWrapper - 'Rendszer', MenuItem, 7714651073799318317>
    └ <function _click_by_relative_rect_center at 0x0000022F71D92980>

  File "C:\Users\dancsg\Documents\GitHub\autowinwatt\winwatt_automation\src\winwatt_automation\live_ui\menu_helpers.py", line 814, in _click_by_relative_rect_center
    _validate_not_in_forbidden_top_left_zone(main_window, (x, y))
    │                                        │             │  └ 11
    │                                        │             └ 11
    │                                        └ <pywinauto.application.WindowSpecification object at 0x0000022F730E07C0>
    └ <function _validate_not_in_forbidden_top_left_zone at 0x0000022F71D90040>

  File "C:\Users\dancsg\Documents\GitHub\autowinwatt\winwatt_automation\src\winwatt_automation\live_ui\menu_helpers.py", line 40, in _validate_not_in_forbidden_top_left_zone
    raise RuntimeError("click_blocked_forbidden_zone")

RuntimeError: click_blocked_forbidden_zone
2026-03-16 23:22:40.119 | INFO     | winwatt_automation.live_ui.app_connector:ensure_main_window_foreground_before_click:634 - focus_guard precheck action=baseline_restore:project_open:after:Rendszer main_handle=395540 exists=True visible=True enabled=True rect={'left': -10, 'top': -10, 'right': 1930, 'bottom': 1150, 'width': 1940, 'height': 1160}
2026-03-16 23:22:40.645 | INFO     | winwatt_automation.live_ui.app_connector:ensure_main_window_foreground_before_click:653 - focus_guard result action=baseline_restore:project_open:after:Rendszer status=focus_ok
2026-03-16 23:22:42.813 | INFO     | winwatt_automation.live_ui.menu_helpers:_menu_items:152 - Discovered 7 MenuItem controls
2026-03-16 23:22:44.929 | INFO     | winwatt_automation.live_ui.menu_helpers:capture_menu_popup_snapshot:341 - Captured menu snapshot rows=14
2026-03-16 23:22:47.086 | INFO     | winwatt_automation.live_ui.app_connector:ensure_main_window_foreground_before_click:634 - focus_guard precheck action=baseline_restore:project_open:before:Fájl main_handle=395540 exists=True visible=True enabled=True rect={'left': -10, 'top': -10, 'right': 1930, 'bottom': 1150, 'width': 1940, 'height': 1160}
2026-03-16 23:22:47.590 | INFO     | winwatt_automation.live_ui.app_connector:ensure_main_window_foreground_before_click:653 - focus_guard result action=baseline_restore:project_open:before:Fájl status=focus_ok
2026-03-16 23:22:49.771 | INFO     | winwatt_automation.live_ui.menu_helpers:_menu_items:152 - Discovered 7 MenuItem controls
2026-03-16 23:22:51.704 | INFO     | winwatt_automation.live_ui.menu_helpers:capture_menu_popup_snapshot:341 - Captured menu snapshot rows=14
2026-03-16 23:22:55.492 | INFO     | winwatt_automation.live_ui.menu_helpers:_menu_items:152 - Discovered 7 MenuItem controls
2026-03-16 23:22:55.942 | INFO     | winwatt_automation.live_ui.menu_helpers:list_top_menu_items:182 - Top-level menu items (raw): ['Rendszer', 'Fájl', 'Jegyzékek', 'Adatbázis...', 'Beállítások', 'Ablak', 'Súgó']
2026-03-16 23:22:56.145 | INFO     | winwatt_automation.live_ui.app_connector:prepare_main_window_for_menu_interaction:480 - Preparing WinWatt window for menu interaction
2026-03-16 23:22:57.613 | INFO     | winwatt_automation.live_ui.app_connector:prepare_main_window_for_menu_interaction:500 - Window state before: maximized
2026-03-16 23:22:57.903 | INFO     | winwatt_automation.live_ui.app_connector:prepare_main_window_for_menu_interaction:521 - Window maximized
2026-03-16 23:22:58.204 | INFO     | winwatt_automation.live_ui.app_connector:prepare_main_window_for_menu_interaction:534 - Focus confirmed
2026-03-16 23:23:00.610 | INFO     | winwatt_automation.live_ui.app_connector:ensure_main_window_foreground_before_click:634 - focus_guard precheck action=click_top_menu_item:Fájl main_handle=395540 exists=True visible=True enabled=True rect={'left': -10, 'top': -10, 'right': 1930, 'bottom': 1150, 'width': 1940, 'height': 1160}
2026-03-16 23:23:01.149 | INFO     | winwatt_automation.live_ui.app_connector:ensure_main_window_foreground_before_click:653 - focus_guard result action=click_top_menu_item:Fájl status=focus_ok
2026-03-16 23:23:01.152 | INFO     | winwatt_automation.live_ui.menu_helpers:click_top_menu_item:828 - click_top_menu_item('Fájl'): foreground_before_click={'handle': 395540, 'title': 'WinWatt gólya', 'class_name': 'TMainForm', 'process_id': 35696}
2026-03-16 23:23:03.154 | INFO     | winwatt_automation.live_ui.menu_helpers:_menu_items:152 - Discovered 7 MenuItem controls
2026-03-16 23:23:05.494 | INFO     | winwatt_automation.live_ui.menu_helpers:_menu_items:152 - Discovered 7 MenuItem controls
2026-03-16 23:23:07.784 | INFO     | winwatt_automation.live_ui.menu_helpers:capture_menu_popup_snapshot:341 - Captured menu snapshot rows=14
2026-03-16 23:23:08.277 | INFO     | winwatt_automation.live_ui.menu_helpers:_validate_post_menu_open_foreground:45 - post_click_foreground_validation title=Fájl foreground={'handle': 395540, 'title': 'WinWatt gólya', 'class_name': 'TMainForm', 'process_id': 35696}
2026-03-16 23:23:11.449 | INFO     | winwatt_automation.live_ui.menu_helpers:_menu_items:152 - Discovered 41 MenuItem controls
2026-03-16 23:23:14.496 | INFO     | winwatt_automation.live_ui.menu_helpers:capture_menu_popup_snapshot:341 - Captured menu snapshot rows=82
2026-03-16 23:23:14.501 | INFO     | winwatt_automation.live_ui.menu_helpers:did_any_new_menu_popup_appear:783 - Menu popup snapshot diff: before=14 after=82 new=68
2026-03-16 23:23:17.246 | INFO     | winwatt_automation.live_ui.menu_helpers:_menu_items:152 - Discovered 41 MenuItem controls
2026-03-16 23:23:20.004 | INFO     | winwatt_automation.live_ui.menu_helpers:capture_menu_popup_snapshot:341 - Captured menu snapshot rows=82
2026-03-16 23:23:24.510 | INFO     | winwatt_automation.live_ui.menu_helpers:_menu_items:152 - Discovered 41 MenuItem controls
2026-03-16 23:23:26.534 | INFO     | winwatt_automation.live_ui.menu_helpers:list_top_menu_items:182 - Top-level menu items (raw): ['Rendszer', 'Fájl', 'Jegyzékek', 'Adatbázis...', 'Beállítások', 'Ablak', 'Súgó']
2026-03-16 23:23:31.393 | INFO     | winwatt_automation.live_ui.menu_helpers:_menu_items:152 - Discovered 41 MenuItem controls
2026-03-16 23:23:33.597 | INFO     | winwatt_automation.live_ui.menu_helpers:list_top_menu_items:182 - Top-level menu items (raw): ['Rendszer', 'Fájl', 'Jegyzékek', 'Adatbázis...', 'Beállítások', 'Ablak', 'Súgó']
2026-03-16 23:23:36.905 | INFO     | winwatt_automation.live_ui.menu_helpers:_menu_items:152 - Discovered 41 MenuItem controls
2026-03-16 23:23:40.118 | INFO     | winwatt_automation.live_ui.menu_helpers:capture_menu_popup_snapshot:341 - Captured menu snapshot rows=82
2026-03-16 23:23:45.205 | INFO     | winwatt_automation.live_ui.menu_helpers:_menu_items:152 - Discovered 41 MenuItem controls
2026-03-16 23:23:47.392 | INFO     | winwatt_automation.live_ui.menu_helpers:list_top_menu_items:182 - Top-level menu items (raw): ['Rendszer', 'Fájl', 'Jegyzékek', 'Adatbázis...', 'Beállítások', 'Ablak', 'Súgó']
2026-03-16 23:23:52.466 | INFO     | winwatt_automation.live_ui.menu_helpers:_menu_items:152 - Discovered 41 MenuItem controls
2026-03-16 23:23:54.376 | INFO     | winwatt_automation.live_ui.menu_helpers:list_top_menu_items:182 - Top-level menu items (raw): ['Rendszer', 'Fájl', 'Jegyzékek', 'Adatbázis...', 'Beállítások', 'Ablak', 'Súgó']
2026-03-16 23:23:56.810 | INFO     | winwatt_automation.live_ui.app_connector:ensure_main_window_foreground_before_click:634 - focus_guard precheck action=baseline_restore:project_open:after:Fájl main_handle=395540 exists=True visible=True enabled=True rect={'left': -10, 'top': -10, 'right': 1930, 'bottom': 1150, 'width': 1940, 'height': 1160}
2026-03-16 23:23:57.362 | INFO     | winwatt_automation.live_ui.app_connector:ensure_main_window_foreground_before_click:653 - focus_guard result action=baseline_restore:project_open:after:Fájl status=focus_ok
2026-03-16 23:23:59.679 | INFO     | winwatt_automation.live_ui.menu_helpers:_menu_items:152 - Discovered 7 MenuItem controls
2026-03-16 23:24:01.939 | INFO     | winwatt_automation.live_ui.menu_helpers:capture_menu_popup_snapshot:341 - Captured menu snapshot rows=14
2026-03-16 23:24:04.317 | INFO     | winwatt_automation.live_ui.app_connector:ensure_main_window_foreground_before_click:634 - focus_guard precheck action=baseline_restore:project_open:before:Jegyzékek main_handle=395540 exists=True visible=True enabled=True rect={'left': -10, 'top': -10, 'right': 1930, 'bottom': 1150, 'width': 1940, 'height': 1160}
2026-03-16 23:24:04.810 | INFO     | winwatt_automation.live_ui.app_connector:ensure_main_window_foreground_before_click:653 - focus_guard result action=baseline_restore:project_open:before:Jegyzékek status=focus_ok
2026-03-16 23:24:06.777 | INFO     | winwatt_automation.live_ui.menu_helpers:_menu_items:152 - Discovered 7 MenuItem controls
2026-03-16 23:24:08.779 | INFO     | winwatt_automation.live_ui.menu_helpers:capture_menu_popup_snapshot:341 - Captured menu snapshot rows=14
2026-03-16 23:24:12.809 | INFO     | winwatt_automation.live_ui.menu_helpers:_menu_items:152 - Discovered 7 MenuItem controls
2026-03-16 23:24:13.214 | INFO     | winwatt_automation.live_ui.menu_helpers:list_top_menu_items:182 - Top-level menu items (raw): ['Rendszer', 'Fájl', 'Jegyzékek', 'Adatbázis...', 'Beállítások', 'Ablak', 'Súgó']
2026-03-16 23:24:13.489 | INFO     | winwatt_automation.live_ui.app_connector:prepare_main_window_for_menu_interaction:480 - Preparing WinWatt window for menu interaction
2026-03-16 23:24:15.026 | INFO     | winwatt_automation.live_ui.app_connector:prepare_main_window_for_menu_interaction:500 - Window state before: maximized
2026-03-16 23:24:15.319 | INFO     | winwatt_automation.live_ui.app_connector:prepare_main_window_for_menu_interaction:521 - Window maximized
2026-03-16 23:24:15.622 | INFO     | winwatt_automation.live_ui.app_connector:prepare_main_window_for_menu_interaction:534 - Focus confirmed
2026-03-16 23:24:17.738 | INFO     | winwatt_automation.live_ui.app_connector:ensure_main_window_foreground_before_click:634 - focus_guard precheck action=click_top_menu_item:Jegyzékek main_handle=395540 exists=True visible=True enabled=True rect={'left': -10, 'top': -10, 'right': 1930, 'bottom': 1150, 'width': 1940, 'height': 1160}
2026-03-16 23:24:18.264 | INFO     | winwatt_automation.live_ui.app_connector:ensure_main_window_foreground_before_click:653 - focus_guard result action=click_top_menu_item:Jegyzékek status=focus_ok
2026-03-16 23:24:18.267 | INFO     | winwatt_automation.live_ui.menu_helpers:click_top_menu_item:828 - click_top_menu_item('Jegyzékek'): foreground_before_click={'handle': 395540, 'title': 'WinWatt gólya', 'class_name': 'TMainForm', 'process_id': 35696}
2026-03-16 23:24:20.017 | INFO     | winwatt_automation.live_ui.menu_helpers:_menu_items:152 - Discovered 7 MenuItem controls
2026-03-16 23:24:22.313 | INFO     | winwatt_automation.live_ui.menu_helpers:_menu_items:152 - Discovered 7 MenuItem controls
2026-03-16 23:24:24.387 | INFO     | winwatt_automation.live_ui.menu_helpers:capture_menu_popup_snapshot:341 - Captured menu snapshot rows=14
2026-03-16 23:24:24.894 | INFO     | winwatt_automation.live_ui.menu_helpers:_validate_post_menu_open_foreground:45 - post_click_foreground_validation title=Jegyzékek foreground={'handle': 395540, 'title': 'WinWatt gólya', 'class_name': 'TMainForm', 'process_id': 35696}
2026-03-16 23:24:28.058 | INFO     | winwatt_automation.live_ui.menu_helpers:_menu_items:152 - Discovered 35 MenuItem controls
2026-03-16 23:24:31.012 | INFO     | winwatt_automation.live_ui.menu_helpers:capture_menu_popup_snapshot:341 - Captured menu snapshot rows=70
2026-03-16 23:24:31.013 | INFO     | winwatt_automation.live_ui.menu_helpers:did_any_new_menu_popup_appear:783 - Menu popup snapshot diff: before=14 after=70 new=56
2026-03-16 23:24:33.789 | INFO     | winwatt_automation.live_ui.menu_helpers:_menu_items:152 - Discovered 35 MenuItem controls
2026-03-16 23:24:37.803 | INFO     | winwatt_automation.live_ui.menu_helpers:capture_menu_popup_snapshot:341 - Captured menu snapshot rows=70
2026-03-16 23:24:43.171 | INFO     | winwatt_automation.live_ui.menu_helpers:_menu_items:152 - Discovered 35 MenuItem controls
2026-03-16 23:24:45.312 | INFO     | winwatt_automation.live_ui.menu_helpers:list_top_menu_items:182 - Top-level menu items (raw): ['Rendszer', 'Fájl', 'Jegyzékek', 'Adatbázis...', 'Beállítások', 'Ablak', 'Súgó']
2026-03-16 23:24:50.705 | INFO     | winwatt_automation.live_ui.menu_helpers:_menu_items:152 - Discovered 35 MenuItem controls
2026-03-16 23:24:52.591 | INFO     | winwatt_automation.live_ui.menu_helpers:list_top_menu_items:182 - Top-level menu items (raw): ['Rendszer', 'Fájl', 'Jegyzékek', 'Adatbázis...', 'Beállítások', 'Ablak', 'Súgó']
2026-03-16 23:24:55.793 | INFO     | winwatt_automation.live_ui.menu_helpers:_menu_items:152 - Discovered 35 MenuItem controls
2026-03-16 23:24:58.594 | INFO     | winwatt_automation.live_ui.menu_helpers:capture_menu_popup_snapshot:341 - Captured menu snapshot rows=70
2026-03-16 23:25:03.302 | INFO     | winwatt_automation.live_ui.menu_helpers:_menu_items:152 - Discovered 35 MenuItem controls
2026-03-16 23:25:05.213 | INFO     | winwatt_automation.live_ui.menu_helpers:list_top_menu_items:182 - Top-level menu items (raw): ['Rendszer', 'Fájl', 'Jegyzékek', 'Adatbázis...', 'Beállítások', 'Ablak', 'Súgó']
2026-03-16 23:25:10.618 | INFO     | winwatt_automation.live_ui.menu_helpers:_menu_items:152 - Discovered 35 MenuItem controls
2026-03-16 23:25:12.627 | INFO     | winwatt_automation.live_ui.menu_helpers:list_top_menu_items:182 - Top-level menu items (raw): ['Rendszer', 'Fájl', 'Jegyzékek', 'Adatbázis...', 'Beállítások', 'Ablak', 'Súgó']
2026-03-16 23:25:15.667 | INFO     | winwatt_automation.live_ui.app_connector:ensure_main_window_foreground_before_click:634 - focus_guard precheck action=baseline_restore:project_open:after:Jegyzékek main_handle=395540 exists=True visible=True enabled=True rect={'left': -10, 'top': -10, 'right': 1930, 'bottom': 1150, 'width': 1940, 'height': 1160}
2026-03-16 23:25:16.073 | INFO     | winwatt_automation.live_ui.app_connector:ensure_main_window_foreground_before_click:653 - focus_guard result action=baseline_restore:project_open:after:Jegyzékek status=focus_ok
2026-03-16 23:25:18.152 | INFO     | winwatt_automation.live_ui.menu_helpers:_menu_items:152 - Discovered 7 MenuItem controls
2026-03-16 23:25:20.591 | INFO     | winwatt_automation.live_ui.menu_helpers:capture_menu_popup_snapshot:341 - Captured menu snapshot rows=14
2026-03-16 23:25:23.033 | INFO     | winwatt_automation.live_ui.app_connector:ensure_main_window_foreground_before_click:634 - focus_guard precheck action=baseline_restore:project_open:before:Adatbázis... main_handle=395540 exists=True visible=True enabled=True rect={'left': -10, 'top': -10, 'right': 1930, 'bottom': 1150, 'width': 1940, 'height': 1160}
2026-03-16 23:25:23.498 | INFO     | winwatt_automation.live_ui.app_connector:ensure_main_window_foreground_before_click:653 - focus_guard result action=baseline_restore:project_open:before:Adatbázis... status=focus_ok
2026-03-16 23:25:25.441 | INFO     | winwatt_automation.live_ui.menu_helpers:_menu_items:152 - Discovered 7 MenuItem controls
2026-03-16 23:25:27.706 | INFO     | winwatt_automation.live_ui.menu_helpers:capture_menu_popup_snapshot:341 - Captured menu snapshot rows=14
2026-03-16 23:25:31.496 | INFO     | winwatt_automation.live_ui.menu_helpers:_menu_items:152 - Discovered 7 MenuItem controls
2026-03-16 23:25:32.086 | INFO     | winwatt_automation.live_ui.menu_helpers:list_top_menu_items:182 - Top-level menu items (raw): ['Rendszer', 'Fájl', 'Jegyzékek', 'Adatbázis...', 'Beállítások', 'Ablak', 'Súgó']
2026-03-16 23:25:32.534 | INFO     | winwatt_automation.live_ui.app_connector:prepare_main_window_for_menu_interaction:480 - Preparing WinWatt window for menu interaction
2026-03-16 23:25:34.070 | INFO     | winwatt_automation.live_ui.app_connector:prepare_main_window_for_menu_interaction:500 - Window state before: maximized
2026-03-16 23:25:34.391 | INFO     | winwatt_automation.live_ui.app_connector:prepare_main_window_for_menu_interaction:521 - Window maximized
2026-03-16 23:25:34.693 | INFO     | winwatt_automation.live_ui.app_connector:prepare_main_window_for_menu_interaction:534 - Focus confirmed
2026-03-16 23:25:36.948 | INFO     | winwatt_automation.live_ui.app_connector:ensure_main_window_foreground_before_click:634 - focus_guard precheck action=click_top_menu_item:Adatbázis... main_handle=395540 exists=True visible=True enabled=True rect={'left': -10, 'top': -10, 'right': 1930, 'bottom': 1150, 'width': 1940, 'height': 1160}
2026-03-16 23:25:37.501 | INFO     | winwatt_automation.live_ui.app_connector:ensure_main_window_foreground_before_click:653 - focus_guard result action=click_top_menu_item:Adatbázis... status=focus_ok
2026-03-16 23:25:37.504 | INFO     | winwatt_automation.live_ui.menu_helpers:click_top_menu_item:828 - click_top_menu_item('Adatbázis...'): foreground_before_click={'handle': 395540, 'title': 'WinWatt gólya', 'class_name': 'TMainForm', 'process_id': 35696}
2026-03-16 23:25:39.841 | INFO     | winwatt_automation.live_ui.menu_helpers:_menu_items:152 - Discovered 7 MenuItem controls
2026-03-16 23:25:45.436 | INFO     | winwatt_automation.live_ui.menu_helpers:_menu_items:152 - Discovered 7 MenuItem controls
2026-03-16 23:25:47.822 | INFO     | winwatt_automation.live_ui.menu_helpers:capture_menu_popup_snapshot:341 - Captured menu snapshot rows=14
2026-03-16 23:25:48.830 | INFO     | winwatt_automation.live_ui.menu_helpers:_validate_post_menu_open_foreground:45 - post_click_foreground_validation title=Adatbázis... foreground={'handle': 395540, 'title': '', 'class_name': 'TMainForm', 'process_id': 35696}
2026-03-16 23:25:52.067 | INFO     | winwatt_automation.live_ui.menu_helpers:_menu_items:152 - Discovered 7 MenuItem controls
2026-03-16 23:25:57.223 | INFO     | winwatt_automation.live_ui.menu_helpers:capture_menu_popup_snapshot:341 - Captured menu snapshot rows=14
2026-03-16 23:25:57.224 | INFO     | winwatt_automation.live_ui.menu_helpers:did_any_new_menu_popup_appear:783 - Menu popup snapshot diff: before=14 after=14 new=0
2026-03-16 23:25:59.783 | INFO     | winwatt_automation.live_ui.app_connector:ensure_main_window_foreground_before_click:634 - focus_guard precheck action=relative_menu_click main_handle=395540 exists=True visible=True enabled=False rect={'left': -10, 'top': -10, 'right': 1930, 'bottom': 1150, 'width': 1940, 'height': 1160}
2026-03-16 23:25:59.784 | ERROR    | winwatt_automation.runtime_mapping.program_mapper:map_runtime_state:1008 - Top menu mapping failed: Adatbázis...
Traceback (most recent call last):

  File "<frozen runpy>", line 198, in _run_module_as_main
  File "<frozen runpy>", line 88, in _run_code

  File "C:\Users\dancsg\Documents\GitHub\autowinwatt\winwatt_automation\src\winwatt_automation\scripts\map_full_program.py", line 150, in <module>
    raise SystemExit(main())
                     └ <function main at 0x0000022F71D45900>

  File "C:\Users\dancsg\Documents\GitHub\autowinwatt\winwatt_automation\src\winwatt_automation\scripts\map_full_program.py", line 79, in main
    result = build_full_runtime_program_map(
             └ <function build_full_runtime_program_map at 0x0000022F71D45380>

  File "C:\Users\dancsg\Documents\GitHub\autowinwatt\winwatt_automation\src\winwatt_automation\runtime_mapping\program_mapper.py", line 1219, in build_full_runtime_program_map
    state_project_open = map_runtime_state(
                         └ <function map_runtime_state at 0x0000022F71D449E0>

> File "C:\Users\dancsg\Documents\GitHub\autowinwatt\winwatt_automation\src\winwatt_automation\runtime_mapping\program_mapper.py", line 990, in map_runtime_state
    tree, rows, actions, dialogs, windows = explore_menu_tree(
    │     │     │        │                  └ <function explore_menu_tree at 0x0000022F71D445C0>
    │     │     │        └ []
    │     │     └ [RuntimeActionResult(state_id='project_open', top_menu='Jegyzékek', row_index=0, menu_path=['Jegyzékek', ''], action_key='Jeg...
    │     └ [RuntimeMenuRow(state_id='project_open', top_menu='Jegyzékek', row_index=0, menu_path=['Jegyzékek', ''], text='', normalized_...
    └ [{'state_id': 'project_open', 'title_raw': '', 'title': '', 'normalized_title': '', 'path': ['Jegyzékek', ''], 'level': 1, 'i...

  File "C:\Users\dancsg\Documents\GitHub\autowinwatt\winwatt_automation\src\winwatt_automation\runtime_mapping\program_mapper.py", line 751, in explore_menu_tree
    menu_helpers.click_top_menu_item(top_menu)
    │            │                   └ 'Adatbázis...'
    │            └ <function click_top_menu_item at 0x0000022F71D92AE0>
    └ <module 'winwatt_automation.live_ui.menu_helpers' from 'C:\\Users\\dancsg\\Documents\\GitHub\\autowinwatt\\winwatt_automation...

  File "C:\Users\dancsg\Documents\GitHub\autowinwatt\winwatt_automation\src\winwatt_automation\live_ui\menu_helpers.py", line 851, in click_top_menu_item
    _click_by_relative_rect_center(item, main_window)
    │                              │     └ <pywinauto.application.WindowSpecification object at 0x0000022F730E07C0>
    │                              └ <uia_controls.MenuItemWrapper - 'Adatbázis...', MenuItem, -1283152014848238894>
    └ <function _click_by_relative_rect_center at 0x0000022F71D92980>

  File "C:\Users\dancsg\Documents\GitHub\autowinwatt\winwatt_automation\src\winwatt_automation\live_ui\menu_helpers.py", line 797, in _click_by_relative_rect_center
    ensure_main_window_foreground_before_click(action_label="relative_menu_click")
    └ <function ensure_main_window_foreground_before_click at 0x0000022F71C98A90>

  File "C:\Users\dancsg\Documents\GitHub\autowinwatt\winwatt_automation\src\winwatt_automation\live_ui\app_connector.py", line 646, in ensure_main_window_foreground_before_click
    raise RuntimeError(

RuntimeError: focus_not_restored: main window not ready before action=relative_menu_click visible=True enabled=False
2026-03-16 23:25:59.794 | ERROR    | winwatt_automation.runtime_mapping.program_mapper:map_runtime_state:1031 - unrecoverable main window loss during top menu state=project_open top_menu=Adatbázis...
[event] state_mapped: {"actions": 4, "dialogs": 0, "state_id": "project_open", "top_menus": 7}
[event] runtime_diff: {"enabled_changes": 0, "project_only_paths": 0, "summary": {"actions_only_in_a": 0, "actions_only_in_b": 0, "enabled_changes": 0, "project_only_paths": 0, "shared_top_menus": 7}}
[event] runtime_mapping_summary: {"diff_summary": {"actions_only_in_a": 0, "actions_only_in_b": 0, "enabled_changes": 0, "project_only_paths": 0, "shared_top_menus": 7}, "no_project_top_menus": 7, "project_open_top_menus": 7}

finished_at=2026-03-16T22:25:59.826352+00:00 success=True exit_code=0
