run_id=0010_c_users_dancsg_documents_github_autowinwatt_winwatt_automation_src_winwatt_automation_scripts_map_full_program_py_2026-03-17_07-43-35
started_at=2026-03-17T07:43:35.386523+00:00
command=python C:\Users\dancsg\Documents\GitHub\autowinwatt\winwatt_automation\src\winwatt_automation\scripts\map_full_program.py

2026-03-17 08:43:35.855 | INFO     | winwatt_automation.live_ui.app_connector:select_main_window:177 - Candidate ranking score=(1, 1, 1, 1, 2250400) data={'title': 'WinWatt gólya', 'window_text': 'WinWatt gólya', 'class_name': 'TMainForm', 'control_type': None, 'process_id': 28392, 'handle': None, 'is_visible': True, 'is_enabled': True, 'rectangle': {'left': -10, 'top': -10, 'right': 1930, 'bottom': 1150, 'width': 1940, 'height': 1160}, 'size': {'width': 1940, 'height': 1160}}
2026-03-17 08:43:35.857 | INFO     | winwatt_automation.live_ui.app_connector:select_main_window:187 - Selected main window process_id=28392 handle=None score=(1, 1, 1, 1, 2250400) reasons=['has_process_id=True', 'has_handle=False', 'visible=True', 'enabled=True', 'title_has_winwatt=True', 'area=2250400']
2026-03-17 08:43:35.880 | INFO     | winwatt_automation.live_ui.app_connector:_connect_with_win32_handle:230 - Connected to WinWatt backend=win32 attach_mode=process candidate={'process_id': 28392, 'handle': None, 'class_name': 'TMainForm', 'title': 'WinWatt gólya'}
2026-03-17 08:43:35.883 | INFO     | winwatt_automation.live_ui.app_connector:_connect_with_win32_handle:244 - Resolved win32 main window after process attach process_id=28392 resolved_handle=None
2026-03-17 08:43:35.883 | INFO     | winwatt_automation.live_ui.app_connector:_resolve_uia_main_window:280 - Connected to WinWatt backend=uia process_id=28392
2026-03-17 08:43:35.884 | INFO     | winwatt_automation.live_ui.app_connector:_resolve_uia_main_window:282 - Resolving main WinWatt window backend=uia class_name=TMainForm title_re=.*WinWatt.*
2026-03-17 08:43:40.232 | INFO     | winwatt_automation.live_ui.app_connector:select_main_window:177 - Candidate ranking score=(1, 1, 1, 1, 2250400) data={'title': 'WinWatt gólya', 'window_text': 'WinWatt gólya', 'class_name': 'TMainForm', 'control_type': None, 'process_id': 28392, 'handle': None, 'is_visible': True, 'is_enabled': True, 'rectangle': {'left': -10, 'top': -10, 'right': 1930, 'bottom': 1150, 'width': 1940, 'height': 1160}, 'size': {'width': 1940, 'height': 1160}}
2026-03-17 08:43:40.232 | INFO     | winwatt_automation.live_ui.app_connector:select_main_window:187 - Selected main window process_id=28392 handle=None score=(1, 1, 1, 1, 2250400) reasons=['has_process_id=True', 'has_handle=False', 'visible=True', 'enabled=True', 'title_has_winwatt=True', 'area=2250400']
2026-03-17 08:43:40.233 | INFO     | winwatt_automation.live_ui.app_connector:_connect_with_win32_handle:230 - Connected to WinWatt backend=win32 attach_mode=process candidate={'process_id': 28392, 'handle': None, 'class_name': 'TMainForm', 'title': 'WinWatt gólya'}
2026-03-17 08:43:40.235 | INFO     | winwatt_automation.live_ui.app_connector:_connect_with_win32_handle:244 - Resolved win32 main window after process attach process_id=28392 resolved_handle=None
2026-03-17 08:43:40.236 | INFO     | winwatt_automation.live_ui.app_connector:_resolve_uia_main_window:280 - Connected to WinWatt backend=uia process_id=28392
2026-03-17 08:43:40.236 | INFO     | winwatt_automation.live_ui.app_connector:_resolve_uia_main_window:282 - Resolving main WinWatt window backend=uia class_name=TMainForm title_re=.*WinWatt.*
2026-03-17 08:43:42.662 | INFO     | winwatt_automation.live_ui.menu_helpers:_menu_items:152 - Discovered 7 MenuItem controls
2026-03-17 08:43:43.498 | INFO     | winwatt_automation.live_ui.menu_helpers:list_top_menu_items:182 - Top-level menu items (raw): ['Rendszer', 'Fájl', 'Jegyzékek', 'Adatbázis...', 'Beállítások', 'Ablak', 'Súgó']
2026-03-17 08:43:44.222 | INFO     | winwatt_automation.runtime_mapping.program_mapper:get_canonical_top_menu_names:182 - Canonical top-level menus [7]: ['Rendszer', 'Fájl', 'Jegyzékek', 'Adatbázis...', 'Beállítások', 'Ablak', 'Súgó']
2026-03-17 08:43:47.040 | INFO     | winwatt_automation.live_ui.app_connector:select_main_window:177 - Candidate ranking score=(1, 1, 1, 1, 2250400) data={'title': 'WinWatt gólya', 'window_text': 'WinWatt gólya', 'class_name': 'TMainForm', 'control_type': None, 'process_id': 28392, 'handle': None, 'is_visible': True, 'is_enabled': True, 'rectangle': {'left': -10, 'top': -10, 'right': 1930, 'bottom': 1150, 'width': 1940, 'height': 1160}, 'size': {'width': 1940, 'height': 1160}}
2026-03-17 08:43:47.040 | INFO     | winwatt_automation.live_ui.app_connector:select_main_window:187 - Selected main window process_id=28392 handle=None score=(1, 1, 1, 1, 2250400) reasons=['has_process_id=True', 'has_handle=False', 'visible=True', 'enabled=True', 'title_has_winwatt=True', 'area=2250400']
2026-03-17 08:43:47.041 | INFO     | winwatt_automation.live_ui.app_connector:_connect_with_win32_handle:230 - Connected to WinWatt backend=win32 attach_mode=process candidate={'process_id': 28392, 'handle': None, 'class_name': 'TMainForm', 'title': 'WinWatt gólya'}
2026-03-17 08:43:47.043 | INFO     | winwatt_automation.live_ui.app_connector:_connect_with_win32_handle:244 - Resolved win32 main window after process attach process_id=28392 resolved_handle=None
2026-03-17 08:43:47.044 | INFO     | winwatt_automation.live_ui.app_connector:_resolve_uia_main_window:280 - Connected to WinWatt backend=uia process_id=28392
2026-03-17 08:43:47.044 | INFO     | winwatt_automation.live_ui.app_connector:_resolve_uia_main_window:282 - Resolving main WinWatt window backend=uia class_name=TMainForm title_re=.*WinWatt.*
2026-03-17 08:43:49.317 | INFO     | winwatt_automation.live_ui.app_connector:ensure_main_window_foreground_before_click:634 - focus_guard precheck action=baseline_restore:no_project:before:Rendszer main_handle=723416 exists=True visible=True enabled=True rect={'left': -10, 'top': -10, 'right': 1930, 'bottom': 1150, 'width': 1940, 'height': 1160}
2026-03-17 08:43:51.701 | INFO     | winwatt_automation.live_ui.app_connector:ensure_main_window_foreground_before_click:653 - focus_guard result action=baseline_restore:no_project:before:Rendszer status=focus_ok
2026-03-17 08:43:55.189 | INFO     | winwatt_automation.live_ui.menu_helpers:_menu_items:152 - Discovered 7 MenuItem controls
2026-03-17 08:43:58.563 | INFO     | winwatt_automation.live_ui.menu_helpers:capture_menu_popup_snapshot:341 - Captured menu snapshot rows=12
2026-03-17 08:44:04.193 | INFO     | winwatt_automation.live_ui.menu_helpers:_menu_items:152 - Discovered 7 MenuItem controls
2026-03-17 08:44:04.789 | INFO     | winwatt_automation.live_ui.menu_helpers:list_top_menu_items:182 - Top-level menu items (raw): ['Rendszer', 'Fájl', 'Jegyzékek', 'Adatbázis...', 'Beállítások', 'Ablak', 'Súgó']
2026-03-17 08:44:05.285 | INFO     | winwatt_automation.live_ui.app_connector:prepare_main_window_for_menu_interaction:480 - Preparing WinWatt window for menu interaction
2026-03-17 08:44:07.388 | INFO     | winwatt_automation.live_ui.app_connector:prepare_main_window_for_menu_interaction:500 - Window state before: normal
2026-03-17 08:44:07.661 | INFO     | winwatt_automation.live_ui.app_connector:prepare_main_window_for_menu_interaction:521 - Window maximized
2026-03-17 08:44:07.966 | INFO     | winwatt_automation.live_ui.app_connector:prepare_main_window_for_menu_interaction:534 - Focus confirmed
2026-03-17 08:44:12.146 | INFO     | winwatt_automation.live_ui.app_connector:ensure_main_window_foreground_before_click:634 - focus_guard precheck action=click_top_menu_item:Rendszer main_handle=723416 exists=True visible=True enabled=True rect={'left': -10, 'top': -10, 'right': 1930, 'bottom': 1150, 'width': 1940, 'height': 1160}
2026-03-17 08:44:13.098 | INFO     | winwatt_automation.live_ui.app_connector:ensure_main_window_foreground_before_click:653 - focus_guard result action=click_top_menu_item:Rendszer status=focus_ok
2026-03-17 08:44:13.103 | INFO     | winwatt_automation.live_ui.menu_helpers:click_top_menu_item:828 - click_top_menu_item('Rendszer'): foreground_before_click={'handle': 723416, 'title': 'WinWatt gólya', 'class_name': 'TMainForm', 'process_id': 28392}
2026-03-17 08:44:17.295 | INFO     | winwatt_automation.live_ui.menu_helpers:_menu_items:152 - Discovered 7 MenuItem controls
2026-03-17 08:44:22.371 | INFO     | winwatt_automation.live_ui.menu_helpers:_menu_items:152 - Discovered 7 MenuItem controls
2026-03-17 08:44:26.270 | INFO     | winwatt_automation.live_ui.menu_helpers:capture_menu_popup_snapshot:341 - Captured menu snapshot rows=14
2026-03-17 08:44:26.602 | ERROR    | winwatt_automation.live_ui.menu_helpers:_validate_not_in_forbidden_top_left_zone:39 - blocked_click_forbidden_zone point=(11, 11) main_left=-10 main_top=-10
2026-03-17 08:44:26.603 | WARNING  | winwatt_automation.live_ui.menu_helpers:click_top_menu_item:843 - Top menu item 'Rendszer' click_input() failed: click_blocked_forbidden_zone
2026-03-17 08:44:26.807 | INFO     | winwatt_automation.live_ui.menu_helpers:_validate_post_menu_open_foreground:45 - post_click_foreground_validation title=Rendszer foreground={'handle': 723416, 'title': 'WinWatt gólya', 'class_name': 'TMainForm', 'process_id': 28392}
2026-03-17 08:44:31.784 | INFO     | winwatt_automation.live_ui.menu_helpers:_menu_items:152 - Discovered 7 MenuItem controls
2026-03-17 08:44:36.013 | INFO     | winwatt_automation.live_ui.menu_helpers:capture_menu_popup_snapshot:341 - Captured menu snapshot rows=14
2026-03-17 08:44:36.013 | INFO     | winwatt_automation.live_ui.menu_helpers:did_any_new_menu_popup_appear:783 - Menu popup snapshot diff: before=14 after=14 new=0
2026-03-17 08:44:40.889 | INFO     | winwatt_automation.live_ui.app_connector:ensure_main_window_foreground_before_click:634 - focus_guard precheck action=relative_menu_click main_handle=723416 exists=True visible=True enabled=True rect={'left': -10, 'top': -10, 'right': 1930, 'bottom': 1150, 'width': 1940, 'height': 1160}
2026-03-17 08:44:42.053 | INFO     | winwatt_automation.live_ui.app_connector:ensure_main_window_foreground_before_click:653 - focus_guard result action=relative_menu_click status=focus_ok
2026-03-17 08:44:45.118 | ERROR    | winwatt_automation.live_ui.menu_helpers:_validate_not_in_forbidden_top_left_zone:39 - blocked_click_forbidden_zone point=(11, 11) main_left=-10 main_top=-10
2026-03-17 08:44:45.131 | ERROR    | winwatt_automation.runtime_mapping.program_mapper:map_runtime_state:1034 - Top menu mapping failed: Rendszer
Traceback (most recent call last):

  File "<frozen runpy>", line 198, in _run_module_as_main
  File "<frozen runpy>", line 88, in _run_code

  File "C:\Users\dancsg\Documents\GitHub\autowinwatt\winwatt_automation\src\winwatt_automation\scripts\map_full_program.py", line 150, in <module>
    raise SystemExit(main())
                     └ <function main at 0x000001FF4E1CDBC0>

  File "C:\Users\dancsg\Documents\GitHub\autowinwatt\winwatt_automation\src\winwatt_automation\scripts\map_full_program.py", line 79, in main
    result = build_full_runtime_program_map(
             └ <function build_full_runtime_program_map at 0x000001FF4E1CD640>

  File "C:\Users\dancsg\Documents\GitHub\autowinwatt\winwatt_automation\src\winwatt_automation\runtime_mapping\program_mapper.py", line 1203, in build_full_runtime_program_map
    state_no_project = map_runtime_state(
                       └ <function map_runtime_state at 0x000001FF4E1CCB40>

> File "C:\Users\dancsg\Documents\GitHub\autowinwatt\winwatt_automation\src\winwatt_automation\runtime_mapping\program_mapper.py", line 1015, in map_runtime_state
    tree, rows, actions, dialogs, windows = explore_menu_tree(
                                            └ <function explore_menu_tree at 0x000001FF4E1CC720>

  File "C:\Users\dancsg\Documents\GitHub\autowinwatt\winwatt_automation\src\winwatt_automation\runtime_mapping\program_mapper.py", line 766, in explore_menu_tree
    menu_helpers.click_top_menu_item(top_menu)
    │            │                   └ 'Rendszer'
    │            └ <function click_top_menu_item at 0x000001FF4E21AAE0>
    └ <module 'winwatt_automation.live_ui.menu_helpers' from 'C:\\Users\\dancsg\\Documents\\GitHub\\autowinwatt\\winwatt_automation...

  File "C:\Users\dancsg\Documents\GitHub\autowinwatt\winwatt_automation\src\winwatt_automation\live_ui\menu_helpers.py", line 851, in click_top_menu_item
    _click_by_relative_rect_center(item, main_window)
    │                              │     └ <pywinauto.application.WindowSpecification object at 0x000001FF4F2209E0>
    │                              └ <uia_controls.MenuItemWrapper - 'Rendszer', MenuItem, 8500673013419627208>
    └ <function _click_by_relative_rect_center at 0x000001FF4E21A980>

  File "C:\Users\dancsg\Documents\GitHub\autowinwatt\winwatt_automation\src\winwatt_automation\live_ui\menu_helpers.py", line 814, in _click_by_relative_rect_center
    _validate_not_in_forbidden_top_left_zone(main_window, (x, y))
    │                                        │             │  └ 11
    │                                        │             └ 11
    │                                        └ <pywinauto.application.WindowSpecification object at 0x000001FF4F2209E0>
    └ <function _validate_not_in_forbidden_top_left_zone at 0x000001FF4E218040>

  File "C:\Users\dancsg\Documents\GitHub\autowinwatt\winwatt_automation\src\winwatt_automation\live_ui\menu_helpers.py", line 40, in _validate_not_in_forbidden_top_left_zone
    raise RuntimeError("click_blocked_forbidden_zone")

RuntimeError: click_blocked_forbidden_zone
2026-03-17 08:44:51.315 | INFO     | winwatt_automation.live_ui.app_connector:ensure_main_window_foreground_before_click:634 - focus_guard precheck action=baseline_restore:no_project:after:Rendszer main_handle=723416 exists=True visible=True enabled=True rect={'left': -10, 'top': -10, 'right': 1930, 'bottom': 1150, 'width': 1940, 'height': 1160}
2026-03-17 08:44:53.742 | ERROR    | winwatt_automation.live_ui.app_connector:ensure_main_window_foreground_before_click:677 - focus_guard result action=baseline_restore:no_project:after:Rendszer status=focus_failed foreground={'handle': 723416, 'title': 'WinWatt gólya', 'class_name': 'TMainForm', 'process_id': 28392}
2026-03-17 08:44:57.095 | ERROR    | winwatt_automation.runtime_mapping.program_mapper:restore_clean_menu_baseline:211 - baseline_restore failed state=no_project stage=after:Rendszer error=focus_not_restored: could not bring WinWatt to foreground for action=baseline_restore:no_project:after:Rendszer foreground_title=WinWatt gólya foreground_class=TMainForm
2026-03-17 08:44:57.096 | ERROR    | winwatt_automation.runtime_mapping.program_mapper:map_runtime_state:1071 - unrecoverable main window loss after top menu state=no_project top_menu=Rendszer
[event] state_mapped: {"actions": 1, "dialogs": 0, "state_id": "no_project", "top_menus": 7}
[event] project_open_result: {"dialog_found": false, "error": "Safe mode only allows explicitly approved test project path.", "success": false}
2026-03-17 08:45:05.319 | INFO     | winwatt_automation.live_ui.menu_helpers:_menu_items:152 - Discovered 7 MenuItem controls
2026-03-17 08:45:06.556 | INFO     | winwatt_automation.live_ui.menu_helpers:list_top_menu_items:182 - Top-level menu items (raw): ['Rendszer', 'Fájl', 'Jegyzékek', 'Adatbázis...', 'Beállítások', 'Ablak', 'Súgó']
2026-03-17 08:45:07.246 | INFO     | winwatt_automation.runtime_mapping.program_mapper:get_canonical_top_menu_names:182 - Canonical top-level menus [7]: ['Rendszer', 'Fájl', 'Jegyzékek', 'Adatbázis...', 'Beállítások', 'Ablak', 'Súgó']
2026-03-17 08:45:11.711 | INFO     | winwatt_automation.live_ui.app_connector:ensure_main_window_foreground_before_click:634 - focus_guard precheck action=baseline_restore:project_open:before:Rendszer main_handle=723416 exists=True visible=True enabled=True rect={'left': 171, 'top': 96, 'right': 1170, 'bottom': 1151, 'width': 999, 'height': 1055}
2026-03-17 08:45:12.654 | INFO     | winwatt_automation.live_ui.app_connector:ensure_main_window_foreground_before_click:653 - focus_guard result action=baseline_restore:project_open:before:Rendszer status=focus_ok
2026-03-17 08:45:17.005 | INFO     | winwatt_automation.live_ui.menu_helpers:_menu_items:152 - Discovered 7 MenuItem controls
2026-03-17 08:45:19.903 | INFO     | winwatt_automation.live_ui.app_connector:select_main_window:177 - Candidate ranking score=(1, 1, 1, 1, 1053945) data={'title': 'WinWatt gólya', 'window_text': 'WinWatt gólya', 'class_name': 'TMainForm', 'control_type': None, 'process_id': 28392, 'handle': None, 'is_visible': True, 'is_enabled': True, 'rectangle': {'left': 171, 'top': 96, 'right': 1170, 'bottom': 1151, 'width': 999, 'height': 1055}, 'size': {'width': 999, 'height': 1055}}
2026-03-17 08:45:19.903 | INFO     | winwatt_automation.live_ui.app_connector:select_main_window:187 - Selected main window process_id=28392 handle=None score=(1, 1, 1, 1, 1053945) reasons=['has_process_id=True', 'has_handle=False', 'visible=True', 'enabled=True', 'title_has_winwatt=True', 'area=1053945']
2026-03-17 08:45:19.904 | INFO     | winwatt_automation.live_ui.app_connector:_connect_with_win32_handle:230 - Connected to WinWatt backend=win32 attach_mode=process candidate={'process_id': 28392, 'handle': None, 'class_name': 'TMainForm', 'title': 'WinWatt gólya'}
2026-03-17 08:45:19.908 | INFO     | winwatt_automation.live_ui.app_connector:_connect_with_win32_handle:244 - Resolved win32 main window after process attach process_id=28392 resolved_handle=None
2026-03-17 08:45:19.909 | INFO     | winwatt_automation.live_ui.app_connector:_resolve_uia_main_window:280 - Connected to WinWatt backend=uia process_id=28392
2026-03-17 08:45:19.909 | INFO     | winwatt_automation.live_ui.app_connector:_resolve_uia_main_window:282 - Resolving main WinWatt window backend=uia class_name=TMainForm title_re=.*WinWatt.*
2026-03-17 08:45:22.135 | INFO     | winwatt_automation.live_ui.menu_helpers:capture_menu_popup_snapshot:341 - Captured menu snapshot rows=12
2026-03-17 08:45:24.151 | INFO     | winwatt_automation.live_ui.app_connector:select_main_window:177 - Candidate ranking score=(1, 1, 1, 1, 1053945) data={'title': 'WinWatt gólya', 'window_text': 'WinWatt gólya', 'class_name': 'TMainForm', 'control_type': None, 'process_id': 28392, 'handle': None, 'is_visible': True, 'is_enabled': True, 'rectangle': {'left': 171, 'top': 96, 'right': 1170, 'bottom': 1151, 'width': 999, 'height': 1055}, 'size': {'width': 999, 'height': 1055}}
2026-03-17 08:45:24.151 | INFO     | winwatt_automation.live_ui.app_connector:select_main_window:187 - Selected main window process_id=28392 handle=None score=(1, 1, 1, 1, 1053945) reasons=['has_process_id=True', 'has_handle=False', 'visible=True', 'enabled=True', 'title_has_winwatt=True', 'area=1053945']
2026-03-17 08:45:24.152 | INFO     | winwatt_automation.live_ui.app_connector:_connect_with_win32_handle:230 - Connected to WinWatt backend=win32 attach_mode=process candidate={'process_id': 28392, 'handle': None, 'class_name': 'TMainForm', 'title': 'WinWatt gólya'}
2026-03-17 08:45:24.155 | INFO     | winwatt_automation.live_ui.app_connector:_connect_with_win32_handle:244 - Resolved win32 main window after process attach process_id=28392 resolved_handle=None
2026-03-17 08:45:24.155 | INFO     | winwatt_automation.live_ui.app_connector:_resolve_uia_main_window:280 - Connected to WinWatt backend=uia process_id=28392
2026-03-17 08:45:24.155 | INFO     | winwatt_automation.live_ui.app_connector:_resolve_uia_main_window:282 - Resolving main WinWatt window backend=uia class_name=TMainForm title_re=.*WinWatt.*
2026-03-17 08:45:27.701 | INFO     | winwatt_automation.live_ui.app_connector:select_main_window:177 - Candidate ranking score=(1, 1, 1, 1, 1053945) data={'title': 'WinWatt gólya', 'window_text': 'WinWatt gólya', 'class_name': 'TMainForm', 'control_type': None, 'process_id': 28392, 'handle': None, 'is_visible': True, 'is_enabled': True, 'rectangle': {'left': 171, 'top': 96, 'right': 1170, 'bottom': 1151, 'width': 999, 'height': 1055}, 'size': {'width': 999, 'height': 1055}}
2026-03-17 08:45:27.702 | INFO     | winwatt_automation.live_ui.app_connector:select_main_window:187 - Selected main window process_id=28392 handle=None score=(1, 1, 1, 1, 1053945) reasons=['has_process_id=True', 'has_handle=False', 'visible=True', 'enabled=True', 'title_has_winwatt=True', 'area=1053945']
2026-03-17 08:45:27.703 | INFO     | winwatt_automation.live_ui.app_connector:_connect_with_win32_handle:230 - Connected to WinWatt backend=win32 attach_mode=process candidate={'process_id': 28392, 'handle': None, 'class_name': 'TMainForm', 'title': 'WinWatt gólya'}
2026-03-17 08:45:27.707 | INFO     | winwatt_automation.live_ui.app_connector:_connect_with_win32_handle:244 - Resolved win32 main window after process attach process_id=28392 resolved_handle=None
2026-03-17 08:45:27.707 | INFO     | winwatt_automation.live_ui.app_connector:_resolve_uia_main_window:280 - Connected to WinWatt backend=uia process_id=28392
2026-03-17 08:45:27.708 | INFO     | winwatt_automation.live_ui.app_connector:_resolve_uia_main_window:282 - Resolving main WinWatt window backend=uia class_name=TMainForm title_re=.*WinWatt.*
2026-03-17 08:45:30.275 | INFO     | winwatt_automation.live_ui.menu_helpers:_menu_items:152 - Discovered 7 MenuItem controls
2026-03-17 08:45:31.167 | INFO     | winwatt_automation.live_ui.menu_helpers:list_top_menu_items:182 - Top-level menu items (raw): ['Rendszer', 'Fájl', 'Jegyzékek', 'Adatbázis...', 'Beállítások', 'Ablak', 'Súgó']
2026-03-17 08:45:31.707 | INFO     | winwatt_automation.live_ui.app_connector:prepare_main_window_for_menu_interaction:480 - Preparing WinWatt window for menu interaction
2026-03-17 08:45:33.592 | INFO     | winwatt_automation.live_ui.app_connector:select_main_window:177 - Candidate ranking score=(1, 1, 1, 1, 1053945) data={'title': 'WinWatt gólya', 'window_text': 'WinWatt gólya', 'class_name': 'TMainForm', 'control_type': None, 'process_id': 28392, 'handle': None, 'is_visible': True, 'is_enabled': True, 'rectangle': {'left': 171, 'top': 96, 'right': 1170, 'bottom': 1151, 'width': 999, 'height': 1055}, 'size': {'width': 999, 'height': 1055}}
2026-03-17 08:45:33.593 | INFO     | winwatt_automation.live_ui.app_connector:select_main_window:187 - Selected main window process_id=28392 handle=None score=(1, 1, 1, 1, 1053945) reasons=['has_process_id=True', 'has_handle=False', 'visible=True', 'enabled=True', 'title_has_winwatt=True', 'area=1053945']
2026-03-17 08:45:33.593 | INFO     | winwatt_automation.live_ui.app_connector:_connect_with_win32_handle:230 - Connected to WinWatt backend=win32 attach_mode=process candidate={'process_id': 28392, 'handle': None, 'class_name': 'TMainForm', 'title': 'WinWatt gólya'}
2026-03-17 08:45:33.596 | INFO     | winwatt_automation.live_ui.app_connector:_connect_with_win32_handle:244 - Resolved win32 main window after process attach process_id=28392 resolved_handle=None
2026-03-17 08:45:33.596 | INFO     | winwatt_automation.live_ui.app_connector:_resolve_uia_main_window:280 - Connected to WinWatt backend=uia process_id=28392
2026-03-17 08:45:33.596 | INFO     | winwatt_automation.live_ui.app_connector:_resolve_uia_main_window:282 - Resolving main WinWatt window backend=uia class_name=TMainForm title_re=.*WinWatt.*
2026-03-17 08:45:34.638 | INFO     | winwatt_automation.live_ui.app_connector:prepare_main_window_for_menu_interaction:500 - Window state before: normal
2026-03-17 08:45:35.139 | INFO     | winwatt_automation.live_ui.app_connector:prepare_main_window_for_menu_interaction:521 - Window maximized
2026-03-17 08:45:35.442 | INFO     | winwatt_automation.live_ui.app_connector:prepare_main_window_for_menu_interaction:534 - Focus confirmed
2026-03-17 08:45:40.317 | INFO     | winwatt_automation.live_ui.app_connector:ensure_main_window_foreground_before_click:634 - focus_guard precheck action=click_top_menu_item:Rendszer main_handle=723416 exists=True visible=True enabled=True rect={'left': -10, 'top': -10, 'right': 1930, 'bottom': 1150, 'width': 1940, 'height': 1160}
2026-03-17 08:45:41.577 | INFO     | winwatt_automation.live_ui.app_connector:ensure_main_window_foreground_before_click:653 - focus_guard result action=click_top_menu_item:Rendszer status=focus_ok
2026-03-17 08:45:41.582 | INFO     | winwatt_automation.live_ui.menu_helpers:click_top_menu_item:828 - click_top_menu_item('Rendszer'): foreground_before_click={'handle': 723416, 'title': 'WinWatt gólya', 'class_name': 'TMainForm', 'process_id': 28392}
2026-03-17 08:45:45.265 | INFO     | winwatt_automation.live_ui.app_connector:select_main_window:177 - Candidate ranking score=(1, 1, 1, 1, 2250400) data={'title': 'WinWatt gólya', 'window_text': 'WinWatt gólya', 'class_name': 'TMainForm', 'control_type': None, 'process_id': 28392, 'handle': None, 'is_visible': True, 'is_enabled': True, 'rectangle': {'left': -10, 'top': -10, 'right': 1930, 'bottom': 1150, 'width': 1940, 'height': 1160}, 'size': {'width': 1940, 'height': 1160}}
2026-03-17 08:45:45.265 | INFO     | winwatt_automation.live_ui.app_connector:select_main_window:187 - Selected main window process_id=28392 handle=None score=(1, 1, 1, 1, 2250400) reasons=['has_process_id=True', 'has_handle=False', 'visible=True', 'enabled=True', 'title_has_winwatt=True', 'area=2250400']
2026-03-17 08:45:45.266 | INFO     | winwatt_automation.live_ui.app_connector:_connect_with_win32_handle:230 - Connected to WinWatt backend=win32 attach_mode=process candidate={'process_id': 28392, 'handle': None, 'class_name': 'TMainForm', 'title': 'WinWatt gólya'}
2026-03-17 08:45:45.268 | INFO     | winwatt_automation.live_ui.app_connector:_connect_with_win32_handle:244 - Resolved win32 main window after process attach process_id=28392 resolved_handle=None
2026-03-17 08:45:45.269 | INFO     | winwatt_automation.live_ui.app_connector:_resolve_uia_main_window:280 - Connected to WinWatt backend=uia process_id=28392
2026-03-17 08:45:45.269 | INFO     | winwatt_automation.live_ui.app_connector:_resolve_uia_main_window:282 - Resolving main WinWatt window backend=uia class_name=TMainForm title_re=.*WinWatt.*
2026-03-17 08:45:48.107 | INFO     | winwatt_automation.live_ui.menu_helpers:_menu_items:152 - Discovered 7 MenuItem controls
2026-03-17 08:45:52.536 | INFO     | winwatt_automation.live_ui.app_connector:select_main_window:177 - Candidate ranking score=(1, 1, 1, 1, 2250400) data={'title': 'WinWatt gólya', 'window_text': 'WinWatt gólya', 'class_name': 'TMainForm', 'control_type': None, 'process_id': 28392, 'handle': None, 'is_visible': True, 'is_enabled': True, 'rectangle': {'left': -10, 'top': -10, 'right': 1930, 'bottom': 1150, 'width': 1940, 'height': 1160}, 'size': {'width': 1940, 'height': 1160}}
2026-03-17 08:45:52.536 | INFO     | winwatt_automation.live_ui.app_connector:select_main_window:187 - Selected main window process_id=28392 handle=None score=(1, 1, 1, 1, 2250400) reasons=['has_process_id=True', 'has_handle=False', 'visible=True', 'enabled=True', 'title_has_winwatt=True', 'area=2250400']
2026-03-17 08:45:52.537 | INFO     | winwatt_automation.live_ui.app_connector:_connect_with_win32_handle:230 - Connected to WinWatt backend=win32 attach_mode=process candidate={'process_id': 28392, 'handle': None, 'class_name': 'TMainForm', 'title': 'WinWatt gólya'}
2026-03-17 08:45:52.540 | INFO     | winwatt_automation.live_ui.app_connector:_connect_with_win32_handle:244 - Resolved win32 main window after process attach process_id=28392 resolved_handle=None
2026-03-17 08:45:52.541 | INFO     | winwatt_automation.live_ui.app_connector:_resolve_uia_main_window:280 - Connected to WinWatt backend=uia process_id=28392
2026-03-17 08:45:52.541 | INFO     | winwatt_automation.live_ui.app_connector:_resolve_uia_main_window:282 - Resolving main WinWatt window backend=uia class_name=TMainForm title_re=.*WinWatt.*
2026-03-17 08:45:54.779 | INFO     | winwatt_automation.live_ui.menu_helpers:_menu_items:152 - Discovered 7 MenuItem controls
2026-03-17 08:45:57.078 | INFO     | winwatt_automation.live_ui.app_connector:select_main_window:177 - Candidate ranking score=(1, 1, 1, 1, 2250400) data={'title': 'WinWatt gólya', 'window_text': 'WinWatt gólya', 'class_name': 'TMainForm', 'control_type': None, 'process_id': 28392, 'handle': None, 'is_visible': True, 'is_enabled': True, 'rectangle': {'left': -10, 'top': -10, 'right': 1930, 'bottom': 1150, 'width': 1940, 'height': 1160}, 'size': {'width': 1940, 'height': 1160}}
2026-03-17 08:45:57.079 | INFO     | winwatt_automation.live_ui.app_connector:select_main_window:187 - Selected main window process_id=28392 handle=None score=(1, 1, 1, 1, 2250400) reasons=['has_process_id=True', 'has_handle=False', 'visible=True', 'enabled=True', 'title_has_winwatt=True', 'area=2250400']
2026-03-17 08:45:57.080 | INFO     | winwatt_automation.live_ui.app_connector:_connect_with_win32_handle:230 - Connected to WinWatt backend=win32 attach_mode=process candidate={'process_id': 28392, 'handle': None, 'class_name': 'TMainForm', 'title': 'WinWatt gólya'}
2026-03-17 08:45:57.083 | INFO     | winwatt_automation.live_ui.app_connector:_connect_with_win32_handle:244 - Resolved win32 main window after process attach process_id=28392 resolved_handle=None
2026-03-17 08:45:57.083 | INFO     | winwatt_automation.live_ui.app_connector:_resolve_uia_main_window:280 - Connected to WinWatt backend=uia process_id=28392
2026-03-17 08:45:57.084 | INFO     | winwatt_automation.live_ui.app_connector:_resolve_uia_main_window:282 - Resolving main WinWatt window backend=uia class_name=TMainForm title_re=.*WinWatt.*
2026-03-17 08:45:59.361 | INFO     | winwatt_automation.live_ui.menu_helpers:capture_menu_popup_snapshot:341 - Captured menu snapshot rows=14
2026-03-17 08:45:59.669 | ERROR    | winwatt_automation.live_ui.menu_helpers:_validate_not_in_forbidden_top_left_zone:39 - blocked_click_forbidden_zone point=(11, 11) main_left=-10 main_top=-10
2026-03-17 08:45:59.669 | WARNING  | winwatt_automation.live_ui.menu_helpers:click_top_menu_item:843 - Top menu item 'Rendszer' click_input() failed: click_blocked_forbidden_zone
2026-03-17 08:45:59.873 | INFO     | winwatt_automation.live_ui.menu_helpers:_validate_post_menu_open_foreground:45 - post_click_foreground_validation title=Rendszer foreground={'handle': 788988, 'title': 'dev_cycle_controller_gui.py - autowinwatt - Visual Studio Code', 'class_name': 'Chrome_WidgetWin_1', 'process_id': 33532}
2026-03-17 08:46:00.881 | ERROR    | winwatt_automation.runtime_mapping.program_mapper:map_runtime_state:1034 - Top menu mapping failed: Rendszer
Traceback (most recent call last):

  File "<frozen runpy>", line 198, in _run_module_as_main
  File "<frozen runpy>", line 88, in _run_code

  File "C:\Users\dancsg\Documents\GitHub\autowinwatt\winwatt_automation\src\winwatt_automation\scripts\map_full_program.py", line 150, in <module>
    raise SystemExit(main())
                     └ <function main at 0x000001FF4E1CDBC0>

  File "C:\Users\dancsg\Documents\GitHub\autowinwatt\winwatt_automation\src\winwatt_automation\scripts\map_full_program.py", line 79, in main
    result = build_full_runtime_program_map(
             └ <function build_full_runtime_program_map at 0x000001FF4E1CD640>

  File "C:\Users\dancsg\Documents\GitHub\autowinwatt\winwatt_automation\src\winwatt_automation\runtime_mapping\program_mapper.py", line 1264, in build_full_runtime_program_map
    state_project_open = map_runtime_state(
                         └ <function map_runtime_state at 0x000001FF4E1CCB40>

> File "C:\Users\dancsg\Documents\GitHub\autowinwatt\winwatt_automation\src\winwatt_automation\runtime_mapping\program_mapper.py", line 1015, in map_runtime_state
    tree, rows, actions, dialogs, windows = explore_menu_tree(
                                            └ <function explore_menu_tree at 0x000001FF4E1CC720>

  File "C:\Users\dancsg\Documents\GitHub\autowinwatt\winwatt_automation\src\winwatt_automation\runtime_mapping\program_mapper.py", line 766, in explore_menu_tree
    menu_helpers.click_top_menu_item(top_menu)
    │            │                   └ 'Rendszer'
    │            └ <function click_top_menu_item at 0x000001FF4E21AAE0>
    └ <module 'winwatt_automation.live_ui.menu_helpers' from 'C:\\Users\\dancsg\\Documents\\GitHub\\autowinwatt\\winwatt_automation...

  File "C:\Users\dancsg\Documents\GitHub\autowinwatt\winwatt_automation\src\winwatt_automation\live_ui\menu_helpers.py", line 846, in click_top_menu_item
    _validate_post_menu_open_foreground(main_window, title=title)
    │                                   │                  └ 'Rendszer'
    │                                   └ <pywinauto.application.WindowSpecification object at 0x000001FF501AF410>
    └ <function _validate_post_menu_open_foreground at 0x000001FF4E2181A0>

  File "C:\Users\dancsg\Documents\GitHub\autowinwatt\winwatt_automation\src\winwatt_automation\live_ui\menu_helpers.py", line 56, in _validate_post_menu_open_foreground
    raise RuntimeError("failed_wrong_window")

RuntimeError: failed_wrong_window
2026-03-17 08:46:02.980 | INFO     | winwatt_automation.live_ui.app_connector:select_main_window:177 - Candidate ranking score=(1, 1, 1, 1, 2250400) data={'title': 'WinWatt gólya', 'window_text': 'WinWatt gólya', 'class_name': 'TMainForm', 'control_type': None, 'process_id': 28392, 'handle': None, 'is_visible': True, 'is_enabled': True, 'rectangle': {'left': -10, 'top': -10, 'right': 1930, 'bottom': 1150, 'width': 1940, 'height': 1160}, 'size': {'width': 1940, 'height': 1160}}
2026-03-17 08:46:02.981 | INFO     | winwatt_automation.live_ui.app_connector:select_main_window:187 - Selected main window process_id=28392 handle=None score=(1, 1, 1, 1, 2250400) reasons=['has_process_id=True', 'has_handle=False', 'visible=True', 'enabled=True', 'title_has_winwatt=True', 'area=2250400']
2026-03-17 08:46:02.981 | INFO     | winwatt_automation.live_ui.app_connector:_connect_with_win32_handle:230 - Connected to WinWatt backend=win32 attach_mode=process candidate={'process_id': 28392, 'handle': None, 'class_name': 'TMainForm', 'title': 'WinWatt gólya'}
2026-03-17 08:46:02.984 | INFO     | winwatt_automation.live_ui.app_connector:_connect_with_win32_handle:244 - Resolved win32 main window after process attach process_id=28392 resolved_handle=None
2026-03-17 08:46:02.984 | INFO     | winwatt_automation.live_ui.app_connector:_resolve_uia_main_window:280 - Connected to WinWatt backend=uia process_id=28392
2026-03-17 08:46:02.984 | INFO     | winwatt_automation.live_ui.app_connector:_resolve_uia_main_window:282 - Resolving main WinWatt window backend=uia class_name=TMainForm title_re=.*WinWatt.*
2026-03-17 08:46:04.988 | INFO     | winwatt_automation.live_ui.app_connector:ensure_main_window_foreground_before_click:634 - focus_guard precheck action=baseline_restore:project_open:after:Rendszer main_handle=723416 exists=True visible=True enabled=True rect={'left': -10, 'top': -10, 'right': 1930, 'bottom': 1150, 'width': 1940, 'height': 1160}
2026-03-17 08:46:07.118 | INFO     | winwatt_automation.live_ui.app_connector:ensure_main_window_foreground_before_click:653 - focus_guard result action=baseline_restore:project_open:after:Rendszer status=focus_ok
2026-03-17 08:46:09.897 | INFO     | winwatt_automation.live_ui.menu_helpers:_menu_items:152 - Discovered 7 MenuItem controls
2026-03-17 08:46:12.652 | INFO     | winwatt_automation.live_ui.menu_helpers:capture_menu_popup_snapshot:341 - Captured menu snapshot rows=12
2026-03-17 08:46:15.610 | INFO     | winwatt_automation.live_ui.app_connector:ensure_main_window_foreground_before_click:634 - focus_guard precheck action=baseline_restore:project_open:before:Fájl main_handle=723416 exists=True visible=True enabled=True rect={'left': 171, 'top': 96, 'right': 1170, 'bottom': 1151, 'width': 999, 'height': 1055}
2026-03-17 08:46:16.223 | INFO     | winwatt_automation.live_ui.app_connector:ensure_main_window_foreground_before_click:653 - focus_guard result action=baseline_restore:project_open:before:Fájl status=focus_ok
2026-03-17 08:46:18.705 | INFO     | winwatt_automation.live_ui.menu_helpers:_menu_items:152 - Discovered 7 MenuItem controls
2026-03-17 08:46:21.178 | INFO     | winwatt_automation.live_ui.menu_helpers:capture_menu_popup_snapshot:341 - Captured menu snapshot rows=12
2026-03-17 08:46:26.275 | INFO     | winwatt_automation.live_ui.menu_helpers:_menu_items:152 - Discovered 7 MenuItem controls
2026-03-17 08:46:26.826 | INFO     | winwatt_automation.live_ui.menu_helpers:list_top_menu_items:182 - Top-level menu items (raw): ['Rendszer', 'Fájl', 'Jegyzékek', 'Adatbázis...', 'Beállítások', 'Ablak', 'Súgó']
2026-03-17 08:46:27.093 | INFO     | winwatt_automation.live_ui.app_connector:prepare_main_window_for_menu_interaction:480 - Preparing WinWatt window for menu interaction
2026-03-17 08:46:29.183 | INFO     | winwatt_automation.live_ui.app_connector:prepare_main_window_for_menu_interaction:500 - Window state before: normal
2026-03-17 08:46:29.518 | INFO     | winwatt_automation.live_ui.app_connector:prepare_main_window_for_menu_interaction:521 - Window maximized
2026-03-17 08:46:29.820 | INFO     | winwatt_automation.live_ui.app_connector:prepare_main_window_for_menu_interaction:534 - Focus confirmed
2026-03-17 08:46:35.238 | INFO     | winwatt_automation.live_ui.app_connector:ensure_main_window_foreground_before_click:634 - focus_guard precheck action=click_top_menu_item:Fájl main_handle=723416 exists=True visible=True enabled=True rect={'left': -10, 'top': -10, 'right': 1930, 'bottom': 1150, 'width': 1940, 'height': 1160}
2026-03-17 08:46:37.265 | ERROR    | winwatt_automation.live_ui.app_connector:ensure_main_window_foreground_before_click:677 - focus_guard result action=click_top_menu_item:Fájl status=focus_failed foreground={'handle': 723416, 'title': 'WinWatt gólya', 'class_name': 'TMainForm', 'process_id': 28392}
2026-03-17 08:46:37.266 | ERROR    | winwatt_automation.runtime_mapping.program_mapper:map_runtime_state:1034 - Top menu mapping failed: Fájl
Traceback (most recent call last):

  File "<frozen runpy>", line 198, in _run_module_as_main
  File "<frozen runpy>", line 88, in _run_code

  File "C:\Users\dancsg\Documents\GitHub\autowinwatt\winwatt_automation\src\winwatt_automation\scripts\map_full_program.py", line 150, in <module>
    raise SystemExit(main())
                     └ <function main at 0x000001FF4E1CDBC0>

  File "C:\Users\dancsg\Documents\GitHub\autowinwatt\winwatt_automation\src\winwatt_automation\scripts\map_full_program.py", line 79, in main
    result = build_full_runtime_program_map(
             └ <function build_full_runtime_program_map at 0x000001FF4E1CD640>

  File "C:\Users\dancsg\Documents\GitHub\autowinwatt\winwatt_automation\src\winwatt_automation\runtime_mapping\program_mapper.py", line 1264, in build_full_runtime_program_map
    state_project_open = map_runtime_state(
                         └ <function map_runtime_state at 0x000001FF4E1CCB40>

> File "C:\Users\dancsg\Documents\GitHub\autowinwatt\winwatt_automation\src\winwatt_automation\runtime_mapping\program_mapper.py", line 1015, in map_runtime_state
    tree, rows, actions, dialogs, windows = explore_menu_tree(
                                            └ <function explore_menu_tree at 0x000001FF4E1CC720>

  File "C:\Users\dancsg\Documents\GitHub\autowinwatt\winwatt_automation\src\winwatt_automation\runtime_mapping\program_mapper.py", line 766, in explore_menu_tree
    menu_helpers.click_top_menu_item(top_menu)
    │            │                   └ 'Fájl'
    │            └ <function click_top_menu_item at 0x000001FF4E21AAE0>
    └ <module 'winwatt_automation.live_ui.menu_helpers' from 'C:\\Users\\dancsg\\Documents\\GitHub\\autowinwatt\\winwatt_automation...

  File "C:\Users\dancsg\Documents\GitHub\autowinwatt\winwatt_automation\src\winwatt_automation\live_ui\menu_helpers.py", line 827, in click_top_menu_item
    main_window = ensure_main_window_foreground_before_click(action_label=f"click_top_menu_item:{title}")
                  │                                                                              └ 'Fájl'
                  └ <function ensure_main_window_foreground_before_click at 0x000001FF4E104A90>

  File "C:\Users\dancsg\Documents\GitHub\autowinwatt\winwatt_automation\src\winwatt_automation\live_ui\app_connector.py", line 678, in ensure_main_window_foreground_before_click
    raise RuntimeError(

RuntimeError: focus_not_restored: could not bring WinWatt to foreground for action=click_top_menu_item:Fájl foreground_title=WinWatt gólya foreground_class=TMainForm
[event] run_failed: {"error": "No WinWatt-like windows found on backend=win32"}

finished_at=2026-03-17T07:46:49.846204+00:00 success=False exit_code=1
