run_id=0016_c_users_dancsg_documents_github_autowinwatt_winwatt_automation_src_winwatt_automation_scripts_map_full_program_py_2026-03-17_10-28-46
started_at=2026-03-17T10:28:46.218368+00:00
command=python C:\Users\dancsg\Documents\GitHub\autowinwatt\winwatt_automation\src\winwatt_automation\scripts\map_full_program.py

2026-03-17 11:28:46.576 | INFO     | winwatt_automation.live_ui.app_connector:select_main_window:184 - Candidate ranking score=(1, 1, 1, 1, 2250400) data={'title': 'WinWatt gólya', 'window_text': 'WinWatt gólya', 'class_name': 'TMainForm', 'control_type': None, 'process_id': 30108, 'handle': None, 'is_visible': True, 'is_enabled': True, 'rectangle': {'left': -10, 'top': -10, 'right': 1930, 'bottom': 1150, 'width': 1940, 'height': 1160}, 'size': {'width': 1940, 'height': 1160}}
2026-03-17 11:28:46.576 | INFO     | winwatt_automation.live_ui.app_connector:select_main_window:194 - Selected main window process_id=30108 handle=None score=(1, 1, 1, 1, 2250400) reasons=['has_process_id=True', 'has_handle=False', 'visible=True', 'enabled=True', 'title_has_winwatt=True', 'area=2250400']
2026-03-17 11:28:46.577 | INFO     | winwatt_automation.live_ui.app_connector:_connect_with_win32_handle:237 - Connected to WinWatt backend=win32 attach_mode=process candidate={'process_id': 30108, 'handle': None, 'class_name': 'TMainForm', 'title': 'WinWatt gólya'}
2026-03-17 11:28:46.580 | INFO     | winwatt_automation.live_ui.app_connector:_connect_with_win32_handle:251 - Resolved win32 main window after process attach process_id=30108 resolved_handle=None
2026-03-17 11:28:46.580 | INFO     | winwatt_automation.live_ui.app_connector:_resolve_uia_main_window:287 - Connected to WinWatt backend=uia process_id=30108
2026-03-17 11:28:46.580 | INFO     | winwatt_automation.live_ui.app_connector:_resolve_uia_main_window:289 - Resolving main WinWatt window backend=uia class_name=TMainForm title_re=.*WinWatt.*
2026-03-17 11:28:49.933 | INFO     | winwatt_automation.live_ui.menu_helpers:list_top_menu_items:190 - Top-level menu items (raw): ['Rendszer', 'Fájl', 'Jegyzékek', 'Adatbázis...', 'Beállítások', 'Ablak', 'Súgó']
2026-03-17 11:28:50.226 | INFO     | winwatt_automation.runtime_mapping.program_mapper:get_canonical_top_menu_names:216 - Canonical top-level menus [7]: ['Rendszer', 'Fájl', 'Jegyzékek', 'Adatbázis...', 'Beállítások', 'Ablak', 'Súgó']
2026-03-17 11:28:52.738 | INFO     | winwatt_automation.live_ui.app_connector:select_main_window:184 - Candidate ranking score=(1, 1, 1, 1, 2250400) data={'title': 'WinWatt gólya', 'window_text': 'WinWatt gólya', 'class_name': 'TMainForm', 'control_type': None, 'process_id': 30108, 'handle': None, 'is_visible': True, 'is_enabled': True, 'rectangle': {'left': -10, 'top': -10, 'right': 1930, 'bottom': 1150, 'width': 1940, 'height': 1160}, 'size': {'width': 1940, 'height': 1160}}
2026-03-17 11:28:52.738 | INFO     | winwatt_automation.live_ui.app_connector:select_main_window:194 - Selected main window process_id=30108 handle=None score=(1, 1, 1, 1, 2250400) reasons=['has_process_id=True', 'has_handle=False', 'visible=True', 'enabled=True', 'title_has_winwatt=True', 'area=2250400']
2026-03-17 11:28:52.739 | INFO     | winwatt_automation.live_ui.app_connector:_connect_with_win32_handle:237 - Connected to WinWatt backend=win32 attach_mode=process candidate={'process_id': 30108, 'handle': None, 'class_name': 'TMainForm', 'title': 'WinWatt gólya'}
2026-03-17 11:28:52.740 | INFO     | winwatt_automation.live_ui.app_connector:_connect_with_win32_handle:251 - Resolved win32 main window after process attach process_id=30108 resolved_handle=None
2026-03-17 11:28:52.741 | INFO     | winwatt_automation.live_ui.app_connector:_resolve_uia_main_window:287 - Connected to WinWatt backend=uia process_id=30108
2026-03-17 11:28:52.741 | INFO     | winwatt_automation.live_ui.app_connector:_resolve_uia_main_window:289 - Resolving main WinWatt window backend=uia class_name=TMainForm title_re=.*WinWatt.*
2026-03-17 11:28:53.566 | WARNING  | winwatt_automation.runtime_mapping.program_mapper:should_restore_clean_menu_baseline:238 - baseline_restore_needed state=no_project stage=after:Rendszer reason=focus_lost
2026-03-17 11:28:54.214 | INFO     | winwatt_automation.live_ui.app_connector:ensure_main_window_foreground_before_click:653 - focus_guard precheck action=baseline_restore:no_project:after:Rendszer main_handle=2885916 exists=True visible=True enabled=True rect={'left': -10, 'top': -10, 'right': 1930, 'bottom': 1150, 'width': 1940, 'height': 1160}
2026-03-17 11:28:55.327 | INFO     | winwatt_automation.live_ui.app_connector:ensure_main_window_foreground_before_click:672 - focus_guard result action=baseline_restore:no_project:after:Rendszer status=focus_ok
[event] state_mapped: {"actions": 0, "dialogs": 0, "state_id": "no_project", "top_menus": 7}
[event] project_open_result: {"dialog_found": false, "error": "Safe mode only allows explicitly approved test project path.", "success": false}
2026-03-17 11:29:14.520 | INFO     | winwatt_automation.live_ui.menu_helpers:list_top_menu_items:190 - Top-level menu items (raw): ['Rendszer', 'Fájl', 'Jegyzékek', 'Adatbázis...', 'Beállítások', 'Ablak', 'Súgó']
2026-03-17 11:29:15.685 | INFO     | winwatt_automation.runtime_mapping.program_mapper:get_canonical_top_menu_names:216 - Canonical top-level menus [7]: ['Rendszer', 'Fájl', 'Jegyzékek', 'Adatbázis...', 'Beállítások', 'Ablak', 'Súgó']
[event] state_mapped: {"actions": 0, "dialogs": 0, "state_id": "project_open", "top_menus": 7}
[event] runtime_diff: {"enabled_changes": 0, "project_only_paths": 0, "summary": {"actions_only_in_a": 0, "actions_only_in_b": 0, "enabled_changes": 0, "project_only_paths": 0, "shared_top_menus": 7}}
[event] runtime_mapping_summary: {"diff_summary": {"actions_only_in_a": 0, "actions_only_in_b": 0, "enabled_changes": 0, "project_only_paths": 0, "shared_top_menus": 7}, "no_project_top_menus": 7, "project_open_top_menus": 7}

finished_at=2026-03-17T10:29:34.704224+00:00 success=True exit_code=0
