run_id=0017_c_users_dancsg_documents_github_autowinwatt_winwatt_automation_src_winwatt_automation_scripts_map_full_program_py_2026-03-17_10-34-56
started_at=2026-03-17T10:34:56.112328+00:00
command=python C:\Users\dancsg\Documents\GitHub\autowinwatt\winwatt_automation\src\winwatt_automation\scripts\map_full_program.py

2026-03-17 11:34:56.357 | INFO     | winwatt_automation.live_ui.app_connector:select_main_window:184 - Candidate ranking score=(1, 1, 1, 1, 1053945) data={'title': 'WinWatt gólya', 'window_text': 'WinWatt gólya', 'class_name': 'TMainForm', 'control_type': None, 'process_id': 27140, 'handle': None, 'is_visible': True, 'is_enabled': True, 'rectangle': {'left': 271, 'top': 68, 'right': 1270, 'bottom': 1123, 'width': 999, 'height': 1055}, 'size': {'width': 999, 'height': 1055}}
2026-03-17 11:34:56.358 | INFO     | winwatt_automation.live_ui.app_connector:select_main_window:194 - Selected main window process_id=27140 handle=None score=(1, 1, 1, 1, 1053945) reasons=['has_process_id=True', 'has_handle=False', 'visible=True', 'enabled=True', 'title_has_winwatt=True', 'area=1053945']
2026-03-17 11:34:56.359 | INFO     | winwatt_automation.live_ui.app_connector:_connect_with_win32_handle:237 - Connected to WinWatt backend=win32 attach_mode=process candidate={'process_id': 27140, 'handle': None, 'class_name': 'TMainForm', 'title': 'WinWatt gólya'}
2026-03-17 11:34:56.361 | INFO     | winwatt_automation.live_ui.app_connector:_connect_with_win32_handle:251 - Resolved win32 main window after process attach process_id=27140 resolved_handle=None
2026-03-17 11:34:56.362 | INFO     | winwatt_automation.live_ui.app_connector:_resolve_uia_main_window:287 - Connected to WinWatt backend=uia process_id=27140
2026-03-17 11:34:56.362 | INFO     | winwatt_automation.live_ui.app_connector:_resolve_uia_main_window:289 - Resolving main WinWatt window backend=uia class_name=TMainForm title_re=.*WinWatt.*
2026-03-17 11:34:58.735 | INFO     | winwatt_automation.live_ui.menu_helpers:list_top_menu_items:190 - Top-level menu items (raw): ['Rendszer', 'Fájl', 'Jegyzékek', 'Adatbázis...', 'Beállítások', 'Ablak', 'Súgó']
2026-03-17 11:34:59.162 | INFO     | winwatt_automation.runtime_mapping.program_mapper:get_canonical_top_menu_names:216 - Canonical top-level menus [7]: ['Rendszer', 'Fájl', 'Jegyzékek', 'Adatbázis...', 'Beállítások', 'Ablak', 'Súgó']
2026-03-17 11:35:01.731 | INFO     | winwatt_automation.live_ui.app_connector:select_main_window:184 - Candidate ranking score=(1, 1, 1, 1, 1053945) data={'title': 'WinWatt gólya', 'window_text': 'WinWatt gólya', 'class_name': 'TMainForm', 'control_type': None, 'process_id': 27140, 'handle': None, 'is_visible': True, 'is_enabled': True, 'rectangle': {'left': 271, 'top': 68, 'right': 1270, 'bottom': 1123, 'width': 999, 'height': 1055}, 'size': {'width': 999, 'height': 1055}}
2026-03-17 11:35:01.731 | INFO     | winwatt_automation.live_ui.app_connector:select_main_window:194 - Selected main window process_id=27140 handle=None score=(1, 1, 1, 1, 1053945) reasons=['has_process_id=True', 'has_handle=False', 'visible=True', 'enabled=True', 'title_has_winwatt=True', 'area=1053945']
2026-03-17 11:35:01.732 | INFO     | winwatt_automation.live_ui.app_connector:_connect_with_win32_handle:237 - Connected to WinWatt backend=win32 attach_mode=process candidate={'process_id': 27140, 'handle': None, 'class_name': 'TMainForm', 'title': 'WinWatt gólya'}
2026-03-17 11:35:01.734 | INFO     | winwatt_automation.live_ui.app_connector:_connect_with_win32_handle:251 - Resolved win32 main window after process attach process_id=27140 resolved_handle=None
2026-03-17 11:35:01.734 | INFO     | winwatt_automation.live_ui.app_connector:_resolve_uia_main_window:287 - Connected to WinWatt backend=uia process_id=27140
2026-03-17 11:35:01.734 | INFO     | winwatt_automation.live_ui.app_connector:_resolve_uia_main_window:289 - Resolving main WinWatt window backend=uia class_name=TMainForm title_re=.*WinWatt.*
2026-03-17 11:35:02.620 | WARNING  | winwatt_automation.runtime_mapping.program_mapper:should_restore_clean_menu_baseline:238 - baseline_restore_needed state=no_project stage=after:Rendszer reason=focus_lost
2026-03-17 11:35:03.323 | INFO     | winwatt_automation.live_ui.app_connector:ensure_main_window_foreground_before_click:653 - focus_guard precheck action=baseline_restore:no_project:after:Rendszer main_handle=1576324 exists=True visible=True enabled=True rect={'left': 271, 'top': 68, 'right': 1270, 'bottom': 1123, 'width': 999, 'height': 1055}
2026-03-17 11:35:04.435 | INFO     | winwatt_automation.live_ui.app_connector:ensure_main_window_foreground_before_click:672 - focus_guard result action=baseline_restore:no_project:after:Rendszer status=focus_ok
[event] state_mapped: {"actions": 0, "dialogs": 0, "state_id": "no_project", "top_menus": 7}
[event] project_open_result: {"dialog_found": false, "error": "Safe mode only allows explicitly approved test project path.", "success": false}
2026-03-17 11:35:25.617 | INFO     | winwatt_automation.live_ui.menu_helpers:list_top_menu_items:190 - Top-level menu items (raw): ['Rendszer', 'Fájl', 'Jegyzékek', 'Adatbázis...', 'Beállítások', 'Ablak', 'Súgó']
2026-03-17 11:35:25.975 | INFO     | winwatt_automation.runtime_mapping.program_mapper:get_canonical_top_menu_names:216 - Canonical top-level menus [7]: ['Rendszer', 'Fájl', 'Jegyzékek', 'Adatbázis...', 'Beállítások', 'Ablak', 'Súgó']
2026-03-17 11:35:43.662 | WARNING  | winwatt_automation.runtime_mapping.program_mapper:should_restore_clean_menu_baseline:238 - baseline_restore_needed state=project_open stage=after:Súgó reason=focus_lost
2026-03-17 11:35:44.396 | INFO     | winwatt_automation.live_ui.app_connector:ensure_main_window_foreground_before_click:653 - focus_guard precheck action=baseline_restore:project_open:after:Súgó main_handle=1576324 exists=True visible=True enabled=True rect={'left': 271, 'top': 68, 'right': 1270, 'bottom': 1123, 'width': 999, 'height': 1055}
2026-03-17 11:35:46.523 | ERROR    | winwatt_automation.live_ui.app_connector:ensure_main_window_foreground_before_click:696 - focus_guard result action=baseline_restore:project_open:after:Súgó status=focus_failed foreground={'handle': 18156128, 'title': 'Gyorsbeállítások', 'class_name': 'ControlCenterWindow', 'process_id': 33496}
2026-03-17 11:35:47.459 | INFO     | winwatt_automation.live_ui.app_connector:select_main_window:184 - Candidate ranking score=(1, 1, 1, 1, 1053945) data={'title': 'WinWatt gólya', 'window_text': 'WinWatt gólya', 'class_name': 'TMainForm', 'control_type': None, 'process_id': 27140, 'handle': None, 'is_visible': True, 'is_enabled': True, 'rectangle': {'left': 271, 'top': 68, 'right': 1270, 'bottom': 1123, 'width': 999, 'height': 1055}, 'size': {'width': 999, 'height': 1055}}
2026-03-17 11:35:47.460 | INFO     | winwatt_automation.live_ui.app_connector:select_main_window:194 - Selected main window process_id=27140 handle=None score=(1, 1, 1, 1, 1053945) reasons=['has_process_id=True', 'has_handle=False', 'visible=True', 'enabled=True', 'title_has_winwatt=True', 'area=1053945']
2026-03-17 11:35:47.460 | INFO     | winwatt_automation.live_ui.app_connector:_connect_with_win32_handle:237 - Connected to WinWatt backend=win32 attach_mode=process candidate={'process_id': 27140, 'handle': None, 'class_name': 'TMainForm', 'title': 'WinWatt gólya'}
2026-03-17 11:35:47.462 | INFO     | winwatt_automation.live_ui.app_connector:_connect_with_win32_handle:251 - Resolved win32 main window after process attach process_id=27140 resolved_handle=None
2026-03-17 11:35:47.462 | INFO     | winwatt_automation.live_ui.app_connector:_resolve_uia_main_window:287 - Connected to WinWatt backend=uia process_id=27140
2026-03-17 11:35:47.462 | INFO     | winwatt_automation.live_ui.app_connector:_resolve_uia_main_window:289 - Resolving main WinWatt window backend=uia class_name=TMainForm title_re=.*WinWatt.*
2026-03-17 11:35:47.968 | ERROR    | winwatt_automation.runtime_mapping.program_mapper:restore_clean_menu_baseline:266 - baseline_restore failed state=project_open stage=after:Súgó error=focus_not_restored: could not bring WinWatt to foreground for action=baseline_restore:project_open:after:Súgó foreground_title=Gyorsbeállítások foreground_class=ControlCenterWindow
2026-03-17 11:35:47.969 | ERROR    | winwatt_automation.runtime_mapping.program_mapper:map_runtime_state:1248 - unrecoverable main window loss after top menu state=project_open top_menu=Súgó
[event] state_mapped: {"actions": 0, "dialogs": 0, "state_id": "project_open", "top_menus": 7}
[event] runtime_diff: {"enabled_changes": 0, "project_only_paths": 0, "summary": {"actions_only_in_a": 0, "actions_only_in_b": 0, "enabled_changes": 0, "project_only_paths": 0, "shared_top_menus": 7}}
[event] runtime_mapping_summary: {"diff_summary": {"actions_only_in_a": 0, "actions_only_in_b": 0, "enabled_changes": 0, "project_only_paths": 0, "shared_top_menus": 7}, "no_project_top_menus": 7, "project_open_top_menus": 7}

finished_at=2026-03-17T10:35:47.974625+00:00 success=True exit_code=0
