run_id=0020_1_2026-03-18_19-08-46
started_at=2026-03-18T19:08:46.166490+00:00
command=python C:\Users\dancsg\Documents\GitHub\autowinwatt\winwatt_automation\src\winwatt_automation\scripts\map_full_program.py --safe-mode off --max-submenu-depth -1

2026-03-18 20:08:47.444 | INFO     | winwatt_automation.live_ui.app_connector:select_main_window:184 - Candidate ranking score=(1, 1, 1, 1, 2250400) data={'title': 'WinWatt gólya', 'window_text': 'WinWatt gólya', 'class_name': 'TMainForm', 'control_type': None, 'process_id': 37448, 'handle': None, 'is_visible': True, 'is_enabled': True, 'rectangle': {'left': -10, 'top': -10, 'right': 1930, 'bottom': 1150, 'width': 1940, 'height': 1160}, 'size': {'width': 1940, 'height': 1160}}
2026-03-18 20:08:47.447 | INFO     | winwatt_automation.live_ui.app_connector:select_main_window:194 - Selected main window process_id=37448 handle=None score=(1, 1, 1, 1, 2250400) reasons=['has_process_id=True', 'has_handle=False', 'visible=True', 'enabled=True', 'title_has_winwatt=True', 'area=2250400']
2026-03-18 20:08:47.499 | INFO     | winwatt_automation.live_ui.app_connector:_connect_with_win32_handle:237 - Connected to WinWatt backend=win32 attach_mode=process candidate={'process_id': 37448, 'handle': None, 'class_name': 'TMainForm', 'title': 'WinWatt gólya'}
2026-03-18 20:08:47.511 | INFO     | winwatt_automation.live_ui.app_connector:_connect_with_win32_handle:251 - Resolved win32 main window after process attach process_id=37448 resolved_handle=None
2026-03-18 20:08:47.513 | INFO     | winwatt_automation.live_ui.app_connector:_resolve_uia_main_window:287 - Connected to WinWatt backend=uia process_id=37448
2026-03-18 20:08:47.513 | INFO     | winwatt_automation.live_ui.app_connector:_resolve_uia_main_window:289 - Resolving main WinWatt window backend=uia class_name=TMainForm title_re=.*WinWatt.*
2026-03-18 20:09:00.541 | INFO     | winwatt_automation.live_ui.menu_helpers:list_top_menu_items:190 - Top-level menu items (raw): ['Rendszer', 'Fájl', 'Jegyzékek', 'Adatbázis...', 'Beállítások', 'Ablak', 'Súgó']
2026-03-18 20:09:08.040 | INFO     | winwatt_automation.live_ui.app_connector:select_main_window:184 - Candidate ranking score=(1, 1, 1, 1, 2250400) data={'title': 'WinWatt gólya', 'window_text': 'WinWatt gólya', 'class_name': 'TMainForm', 'control_type': None, 'process_id': 37448, 'handle': None, 'is_visible': True, 'is_enabled': True, 'rectangle': {'left': -10, 'top': -10, 'right': 1930, 'bottom': 1150, 'width': 1940, 'height': 1160}, 'size': {'width': 1940, 'height': 1160}}
2026-03-18 20:09:08.040 | INFO     | winwatt_automation.live_ui.app_connector:select_main_window:194 - Selected main window process_id=37448 handle=None score=(1, 1, 1, 1, 2250400) reasons=['has_process_id=True', 'has_handle=False', 'visible=True', 'enabled=True', 'title_has_winwatt=True', 'area=2250400']
2026-03-18 20:09:08.042 | INFO     | winwatt_automation.live_ui.app_connector:_connect_with_win32_handle:237 - Connected to WinWatt backend=win32 attach_mode=process candidate={'process_id': 37448, 'handle': None, 'class_name': 'TMainForm', 'title': 'WinWatt gólya'}
2026-03-18 20:09:08.048 | INFO     | winwatt_automation.live_ui.app_connector:_connect_with_win32_handle:251 - Resolved win32 main window after process attach process_id=37448 resolved_handle=None
2026-03-18 20:09:08.049 | INFO     | winwatt_automation.live_ui.app_connector:_resolve_uia_main_window:287 - Connected to WinWatt backend=uia process_id=37448
2026-03-18 20:09:08.050 | INFO     | winwatt_automation.live_ui.app_connector:_resolve_uia_main_window:289 - Resolving main WinWatt window backend=uia class_name=TMainForm title_re=.*WinWatt.*
2026-03-18 20:09:10.992 | INFO     | winwatt_automation.runtime_mapping.program_mapper:get_canonical_top_menu_names:216 - Canonical top-level menus [7]: ['Rendszer', 'Fájl', 'Jegyzékek', 'Adatbázis...', 'Beállítások', 'Ablak', 'Súgó']
2026-03-18 20:09:22.397 | INFO     | winwatt_automation.live_ui.app_connector:select_main_window:184 - Candidate ranking score=(1, 1, 1, 1, 2250400) data={'title': 'WinWatt gólya', 'window_text': 'WinWatt gólya', 'class_name': 'TMainForm', 'control_type': None, 'process_id': 37448, 'handle': None, 'is_visible': True, 'is_enabled': True, 'rectangle': {'left': -10, 'top': -10, 'right': 1930, 'bottom': 1150, 'width': 1940, 'height': 1160}, 'size': {'width': 1940, 'height': 1160}}
2026-03-18 20:09:22.398 | INFO     | winwatt_automation.live_ui.app_connector:select_main_window:194 - Selected main window process_id=37448 handle=None score=(1, 1, 1, 1, 2250400) reasons=['has_process_id=True', 'has_handle=False', 'visible=True', 'enabled=True', 'title_has_winwatt=True', 'area=2250400']
2026-03-18 20:09:22.400 | INFO     | winwatt_automation.live_ui.app_connector:_connect_with_win32_handle:237 - Connected to WinWatt backend=win32 attach_mode=process candidate={'process_id': 37448, 'handle': None, 'class_name': 'TMainForm', 'title': 'WinWatt gólya'}
2026-03-18 20:09:22.404 | INFO     | winwatt_automation.live_ui.app_connector:_connect_with_win32_handle:251 - Resolved win32 main window after process attach process_id=37448 resolved_handle=None
2026-03-18 20:09:22.405 | INFO     | winwatt_automation.live_ui.app_connector:_resolve_uia_main_window:287 - Connected to WinWatt backend=uia process_id=37448
2026-03-18 20:09:22.405 | INFO     | winwatt_automation.live_ui.app_connector:_resolve_uia_main_window:289 - Resolving main WinWatt window backend=uia class_name=TMainForm title_re=.*WinWatt.*
2026-03-18 20:09:28.406 | WARNING  | winwatt_automation.runtime_mapping.program_mapper:should_restore_clean_menu_baseline:238 - baseline_restore_needed state=no_project stage=after:Rendszer reason=focus_lost
2026-03-18 20:09:32.977 | INFO     | winwatt_automation.live_ui.app_connector:ensure_main_window_foreground_before_click:653 - focus_guard precheck action=baseline_restore:no_project:after:Rendszer main_handle=4133584 exists=True visible=True enabled=True rect={'left': -10, 'top': -10, 'right': 1930, 'bottom': 1150, 'width': 1940, 'height': 1160}
2026-03-18 20:09:37.053 | ERROR    | winwatt_automation.live_ui.app_connector:ensure_main_window_foreground_before_click:696 - focus_guard result action=baseline_restore:no_project:after:Rendszer status=focus_failed foreground={'handle': 4133584, 'title': 'WinWatt gólya', 'class_name': 'TMainForm', 'process_id': 37448}
2026-03-18 20:09:43.295 | ERROR    | winwatt_automation.runtime_mapping.program_mapper:restore_clean_menu_baseline:266 - baseline_restore failed state=no_project stage=after:Rendszer error=focus_not_restored: could not bring WinWatt to foreground for action=baseline_restore:no_project:after:Rendszer foreground_title=WinWatt gólya foreground_class=TMainForm
2026-03-18 20:09:43.296 | ERROR    | winwatt_automation.runtime_mapping.program_mapper:map_runtime_state:1248 - unrecoverable main window loss after top menu state=no_project top_menu=Rendszer
[event] state_mapped: {"actions": 0, "dialogs": 0, "state_id": "no_project", "top_menus": 7}
2026-03-18 20:10:00.436 | INFO     | winwatt_automation.live_ui.menu_helpers:list_top_menu_items:190 - Top-level menu items (raw): ['Rendszer', 'Fájl', 'Jegyzékek', 'Adatbázis...', 'Beállítások', 'Ablak', 'Súgó']
2026-03-18 20:10:01.553 | INFO     | winwatt_automation.live_ui.app_connector:prepare_main_window_for_menu_interaction:499 - Preparing WinWatt window for menu interaction
2026-03-18 20:10:07.855 | INFO     | winwatt_automation.live_ui.app_connector:prepare_main_window_for_menu_interaction:519 - Window state before: normal
2026-03-18 20:10:09.226 | INFO     | winwatt_automation.live_ui.app_connector:prepare_main_window_for_menu_interaction:540 - Window maximized
2026-03-18 20:10:09.531 | INFO     | winwatt_automation.live_ui.app_connector:prepare_main_window_for_menu_interaction:553 - Focus confirmed
2026-03-18 20:10:21.998 | INFO     | winwatt_automation.live_ui.app_connector:ensure_main_window_foreground_before_click:653 - focus_guard precheck action=open_file_menu main_handle=4133584 exists=True visible=True enabled=True rect={'left': -10, 'top': -10, 'right': 1930, 'bottom': 1150, 'width': 1940, 'height': 1160}
2026-03-18 20:10:24.953 | INFO     | winwatt_automation.live_ui.app_connector:ensure_main_window_foreground_before_click:672 - focus_guard result action=open_file_menu status=focus_ok
2026-03-18 20:11:01.864 | INFO     | winwatt_automation.live_ui.menu_helpers:_validate_post_menu_open_foreground:47 - post_click_foreground_validation title=Fájl foreground={'handle': 4133584, 'title': 'WinWatt gólya', 'class_name': 'TMainForm', 'process_id': 37448}
2026-03-18 20:11:31.200 | INFO     | winwatt_automation.live_ui.menu_helpers:did_any_new_menu_popup_appear:791 - Menu popup snapshot diff: before=14 after=82 new=68
2026-03-18 20:12:12.538 | INFO     | winwatt_automation.live_ui.menu_helpers:_structured_popup_rows_from_snapshots:501 - Popup row dedupe: rect={'left': 3, 'top': 45, 'right': 703, 'bottom': 67} text='' control_type=MenuItem chosen preferred source=main_window
2026-03-18 20:12:12.539 | INFO     | winwatt_automation.live_ui.menu_helpers:_structured_popup_rows_from_snapshots:516 - Popup row dedupe: rect={'left': 3, 'top': 45, 'right': 703, 'bottom': 67} text='' control_type=MenuItem chosen preferred source=main_window dropped source=global_process_scan
2026-03-18 20:12:12.540 | INFO     | winwatt_automation.live_ui.menu_helpers:_structured_popup_rows_from_snapshots:501 - Popup row dedupe: rect={'left': 4, 'top': 56, 'right': 879, 'bottom': 84} text='' control_type=MenuItem chosen preferred source=main_window
2026-03-18 20:12:12.540 | INFO     | winwatt_automation.live_ui.menu_helpers:_structured_popup_rows_from_snapshots:516 - Popup row dedupe: rect={'left': 4, 'top': 56, 'right': 879, 'bottom': 84} text='' control_type=MenuItem chosen preferred source=main_window dropped source=global_process_scan
2026-03-18 20:12:12.541 | INFO     | winwatt_automation.live_ui.menu_helpers:_structured_popup_rows_from_snapshots:501 - Popup row dedupe: rect={'left': 3, 'top': 67, 'right': 703, 'bottom': 89} text='' control_type=MenuItem chosen preferred source=main_window
2026-03-18 20:12:12.542 | INFO     | winwatt_automation.live_ui.menu_helpers:_structured_popup_rows_from_snapshots:516 - Popup row dedupe: rect={'left': 3, 'top': 67, 'right': 703, 'bottom': 89} text='' control_type=MenuItem chosen preferred source=main_window dropped source=global_process_scan
2026-03-18 20:12:12.542 | INFO     | winwatt_automation.live_ui.menu_helpers:_structured_popup_rows_from_snapshots:501 - Popup row dedupe: rect={'left': 4, 'top': 84, 'right': 879, 'bottom': 112} text='' control_type=MenuItem chosen preferred source=main_window
2026-03-18 20:12:12.543 | INFO     | winwatt_automation.live_ui.menu_helpers:_structured_popup_rows_from_snapshots:516 - Popup row dedupe: rect={'left': 4, 'top': 84, 'right': 879, 'bottom': 112} text='' control_type=MenuItem chosen preferred source=main_window dropped source=global_process_scan
2026-03-18 20:12:12.543 | INFO     | winwatt_automation.live_ui.menu_helpers:_structured_popup_rows_from_snapshots:501 - Popup row dedupe: rect={'left': 3, 'top': 89, 'right': 703, 'bottom': 111} text='' control_type=MenuItem chosen preferred source=main_window
2026-03-18 20:12:12.544 | INFO     | winwatt_automation.live_ui.menu_helpers:_structured_popup_rows_from_snapshots:516 - Popup row dedupe: rect={'left': 3, 'top': 89, 'right': 703, 'bottom': 111} text='' control_type=MenuItem chosen preferred source=main_window dropped source=global_process_scan
2026-03-18 20:12:12.545 | INFO     | winwatt_automation.live_ui.menu_helpers:_structured_popup_rows_from_snapshots:501 - Popup row dedupe: rect={'left': 3, 'top': 111, 'right': 703, 'bottom': 133} text='' control_type=MenuItem chosen preferred source=main_window
2026-03-18 20:12:12.547 | INFO     | winwatt_automation.live_ui.menu_helpers:_structured_popup_rows_from_snapshots:516 - Popup row dedupe: rect={'left': 3, 'top': 111, 'right': 703, 'bottom': 133} text='' control_type=MenuItem chosen preferred source=main_window dropped source=global_process_scan
2026-03-18 20:12:12.549 | INFO     | winwatt_automation.live_ui.menu_helpers:_structured_popup_rows_from_snapshots:501 - Popup row dedupe: rect={'left': 4, 'top': 111, 'right': 879, 'bottom': 139} text='' control_type=MenuItem chosen preferred source=main_window
2026-03-18 20:12:12.551 | INFO     | winwatt_automation.live_ui.menu_helpers:_structured_popup_rows_from_snapshots:516 - Popup row dedupe: rect={'left': 4, 'top': 111, 'right': 879, 'bottom': 139} text='' control_type=MenuItem chosen preferred source=main_window dropped source=global_process_scan
2026-03-18 20:12:12.552 | INFO     | winwatt_automation.live_ui.menu_helpers:_structured_popup_rows_from_snapshots:501 - Popup row dedupe: rect={'left': 3, 'top': 133, 'right': 703, 'bottom': 155} text='' control_type=MenuItem chosen preferred source=main_window
2026-03-18 20:12:12.553 | INFO     | winwatt_automation.live_ui.menu_helpers:_structured_popup_rows_from_snapshots:516 - Popup row dedupe: rect={'left': 3, 'top': 133, 'right': 703, 'bottom': 155} text='' control_type=MenuItem chosen preferred source=main_window dropped source=global_process_scan
2026-03-18 20:12:12.555 | INFO     | winwatt_automation.live_ui.menu_helpers:_structured_popup_rows_from_snapshots:501 - Popup row dedupe: rect={'left': 4, 'top': 139, 'right': 879, 'bottom': 167} text='' control_type=MenuItem chosen preferred source=main_window
2026-03-18 20:12:12.556 | INFO     | winwatt_automation.live_ui.menu_helpers:_structured_popup_rows_from_snapshots:516 - Popup row dedupe: rect={'left': 4, 'top': 139, 'right': 879, 'bottom': 167} text='' control_type=MenuItem chosen preferred source=main_window dropped source=global_process_scan
2026-03-18 20:12:12.557 | INFO     | winwatt_automation.live_ui.menu_helpers:_structured_popup_rows_from_snapshots:501 - Popup row dedupe: rect={'left': 3, 'top': 161, 'right': 703, 'bottom': 183} text='' control_type=MenuItem chosen preferred source=main_window
2026-03-18 20:12:12.558 | INFO     | winwatt_automation.live_ui.menu_helpers:_structured_popup_rows_from_snapshots:516 - Popup row dedupe: rect={'left': 3, 'top': 161, 'right': 703, 'bottom': 183} text='' control_type=MenuItem chosen preferred source=main_window dropped source=global_process_scan
2026-03-18 20:12:12.560 | INFO     | winwatt_automation.live_ui.menu_helpers:_structured_popup_rows_from_snapshots:501 - Popup row dedupe: rect={'left': 4, 'top': 166, 'right': 879, 'bottom': 194} text='' control_type=MenuItem chosen preferred source=main_window
2026-03-18 20:12:12.561 | INFO     | winwatt_automation.live_ui.menu_helpers:_structured_popup_rows_from_snapshots:516 - Popup row dedupe: rect={'left': 4, 'top': 166, 'right': 879, 'bottom': 194} text='' control_type=MenuItem chosen preferred source=main_window dropped source=global_process_scan
2026-03-18 20:12:12.562 | INFO     | winwatt_automation.live_ui.menu_helpers:_structured_popup_rows_from_snapshots:501 - Popup row dedupe: rect={'left': 3, 'top': 183, 'right': 703, 'bottom': 205} text='' control_type=MenuItem chosen preferred source=main_window
2026-03-18 20:12:12.564 | INFO     | winwatt_automation.live_ui.menu_helpers:_structured_popup_rows_from_snapshots:516 - Popup row dedupe: rect={'left': 3, 'top': 183, 'right': 703, 'bottom': 205} text='' control_type=MenuItem chosen preferred source=main_window dropped source=global_process_scan
2026-03-18 20:12:12.565 | INFO     | winwatt_automation.live_ui.menu_helpers:_structured_popup_rows_from_snapshots:501 - Popup row dedupe: rect={'left': 4, 'top': 201, 'right': 879, 'bottom': 229} text='' control_type=MenuItem chosen preferred source=main_window
2026-03-18 20:12:12.567 | INFO     | winwatt_automation.live_ui.menu_helpers:_structured_popup_rows_from_snapshots:516 - Popup row dedupe: rect={'left': 4, 'top': 201, 'right': 879, 'bottom': 229} text='' control_type=MenuItem chosen preferred source=main_window dropped source=global_process_scan
2026-03-18 20:12:12.568 | INFO     | winwatt_automation.live_ui.menu_helpers:_structured_popup_rows_from_snapshots:501 - Popup row dedupe: rect={'left': 3, 'top': 211, 'right': 703, 'bottom': 233} text='' control_type=MenuItem chosen preferred source=main_window
2026-03-18 20:12:12.570 | INFO     | winwatt_automation.live_ui.menu_helpers:_structured_popup_rows_from_snapshots:516 - Popup row dedupe: rect={'left': 3, 'top': 211, 'right': 703, 'bottom': 233} text='' control_type=MenuItem chosen preferred source=main_window dropped source=global_process_scan
2026-03-18 20:12:12.571 | INFO     | winwatt_automation.live_ui.menu_helpers:_structured_popup_rows_from_snapshots:501 - Popup row dedupe: rect={'left': 4, 'top': 229, 'right': 879, 'bottom': 257} text='' control_type=MenuItem chosen preferred source=main_window
2026-03-18 20:12:12.573 | INFO     | winwatt_automation.live_ui.menu_helpers:_structured_popup_rows_from_snapshots:516 - Popup row dedupe: rect={'left': 4, 'top': 229, 'right': 879, 'bottom': 257} text='' control_type=MenuItem chosen preferred source=main_window dropped source=global_process_scan
2026-03-18 20:12:12.574 | INFO     | winwatt_automation.live_ui.menu_helpers:_structured_popup_rows_from_snapshots:501 - Popup row dedupe: rect={'left': 3, 'top': 233, 'right': 703, 'bottom': 255} text='' control_type=MenuItem chosen preferred source=main_window
2026-03-18 20:12:12.575 | INFO     | winwatt_automation.live_ui.menu_helpers:_structured_popup_rows_from_snapshots:516 - Popup row dedupe: rect={'left': 3, 'top': 233, 'right': 703, 'bottom': 255} text='' control_type=MenuItem chosen preferred source=main_window dropped source=global_process_scan
2026-03-18 20:12:12.576 | INFO     | winwatt_automation.live_ui.menu_helpers:_structured_popup_rows_from_snapshots:501 - Popup row dedupe: rect={'left': 3, 'top': 255, 'right': 703, 'bottom': 277} text='' control_type=MenuItem chosen preferred source=main_window
2026-03-18 20:12:12.577 | INFO     | winwatt_automation.live_ui.menu_helpers:_structured_popup_rows_from_snapshots:516 - Popup row dedupe: rect={'left': 3, 'top': 255, 'right': 703, 'bottom': 277} text='' control_type=MenuItem chosen preferred source=main_window dropped source=global_process_scan
2026-03-18 20:12:12.580 | INFO     | winwatt_automation.live_ui.menu_helpers:_structured_popup_rows_from_snapshots:501 - Popup row dedupe: rect={'left': 4, 'top': 264, 'right': 879, 'bottom': 292} text='' control_type=MenuItem chosen preferred source=main_window
2026-03-18 20:12:12.582 | INFO     | winwatt_automation.live_ui.menu_helpers:_structured_popup_rows_from_snapshots:516 - Popup row dedupe: rect={'left': 4, 'top': 264, 'right': 879, 'bottom': 292} text='' control_type=MenuItem chosen preferred source=main_window dropped source=global_process_scan
2026-03-18 20:12:12.584 | INFO     | winwatt_automation.live_ui.menu_helpers:_structured_popup_rows_from_snapshots:501 - Popup row dedupe: rect={'left': 3, 'top': 277, 'right': 703, 'bottom': 299} text='' control_type=MenuItem chosen preferred source=main_window
2026-03-18 20:12:12.585 | INFO     | winwatt_automation.live_ui.menu_helpers:_structured_popup_rows_from_snapshots:516 - Popup row dedupe: rect={'left': 3, 'top': 277, 'right': 703, 'bottom': 299} text='' control_type=MenuItem chosen preferred source=main_window dropped source=global_process_scan
2026-03-18 20:12:12.587 | INFO     | winwatt_automation.live_ui.menu_helpers:_structured_popup_rows_from_snapshots:501 - Popup row dedupe: rect={'left': 4, 'top': 291, 'right': 879, 'bottom': 319} text='' control_type=MenuItem chosen preferred source=main_window
2026-03-18 20:12:12.588 | INFO     | winwatt_automation.live_ui.menu_helpers:_structured_popup_rows_from_snapshots:516 - Popup row dedupe: rect={'left': 4, 'top': 291, 'right': 879, 'bottom': 319} text='' control_type=MenuItem chosen preferred source=main_window dropped source=global_process_scan
2026-03-18 20:12:12.590 | INFO     | winwatt_automation.live_ui.menu_helpers:_structured_popup_rows_from_snapshots:501 - Popup row dedupe: rect={'left': 3, 'top': 299, 'right': 703, 'bottom': 321} text='' control_type=MenuItem chosen preferred source=main_window
2026-03-18 20:12:12.591 | INFO     | winwatt_automation.live_ui.menu_helpers:_structured_popup_rows_from_snapshots:516 - Popup row dedupe: rect={'left': 3, 'top': 299, 'right': 703, 'bottom': 321} text='' control_type=MenuItem chosen preferred source=main_window dropped source=global_process_scan
2026-03-18 20:12:12.593 | INFO     | winwatt_automation.live_ui.menu_helpers:_structured_popup_rows_from_snapshots:501 - Popup row dedupe: rect={'left': 4, 'top': 319, 'right': 879, 'bottom': 347} text='' control_type=MenuItem chosen preferred source=main_window
2026-03-18 20:12:12.594 | INFO     | winwatt_automation.live_ui.menu_helpers:_structured_popup_rows_from_snapshots:516 - Popup row dedupe: rect={'left': 4, 'top': 319, 'right': 879, 'bottom': 347} text='' control_type=MenuItem chosen preferred source=main_window dropped source=global_process_scan
2026-03-18 20:12:12.597 | INFO     | winwatt_automation.live_ui.menu_helpers:_structured_popup_rows_from_snapshots:501 - Popup row dedupe: rect={'left': 3, 'top': 321, 'right': 703, 'bottom': 343} text='' control_type=MenuItem chosen preferred source=main_window
2026-03-18 20:12:12.599 | INFO     | winwatt_automation.live_ui.menu_helpers:_structured_popup_rows_from_snapshots:516 - Popup row dedupe: rect={'left': 3, 'top': 321, 'right': 703, 'bottom': 343} text='' control_type=MenuItem chosen preferred source=main_window dropped source=global_process_scan
2026-03-18 20:12:12.600 | INFO     | winwatt_automation.live_ui.menu_helpers:_structured_popup_rows_from_snapshots:501 - Popup row dedupe: rect={'left': 3, 'top': 343, 'right': 703, 'bottom': 365} text='' control_type=MenuItem chosen preferred source=main_window
2026-03-18 20:12:12.601 | INFO     | winwatt_automation.live_ui.menu_helpers:_structured_popup_rows_from_snapshots:516 - Popup row dedupe: rect={'left': 3, 'top': 343, 'right': 703, 'bottom': 365} text='' control_type=MenuItem chosen preferred source=main_window dropped source=global_process_scan
2026-03-18 20:12:12.603 | INFO     | winwatt_automation.live_ui.menu_helpers:_structured_popup_rows_from_snapshots:501 - Popup row dedupe: rect={'left': 4, 'top': 346, 'right': 879, 'bottom': 374} text='' control_type=MenuItem chosen preferred source=main_window
2026-03-18 20:12:12.604 | INFO     | winwatt_automation.live_ui.menu_helpers:_structured_popup_rows_from_snapshots:516 - Popup row dedupe: rect={'left': 4, 'top': 346, 'right': 879, 'bottom': 374} text='' control_type=MenuItem chosen preferred source=main_window dropped source=global_process_scan
2026-03-18 20:12:12.606 | INFO     | winwatt_automation.live_ui.menu_helpers:_structured_popup_rows_from_snapshots:501 - Popup row dedupe: rect={'left': 3, 'top': 365, 'right': 703, 'bottom': 387} text='' control_type=MenuItem chosen preferred source=main_window
2026-03-18 20:12:12.608 | INFO     | winwatt_automation.live_ui.menu_helpers:_structured_popup_rows_from_snapshots:516 - Popup row dedupe: rect={'left': 3, 'top': 365, 'right': 703, 'bottom': 387} text='' control_type=MenuItem chosen preferred source=main_window dropped source=global_process_scan
2026-03-18 20:12:12.610 | INFO     | winwatt_automation.live_ui.menu_helpers:_structured_popup_rows_from_snapshots:501 - Popup row dedupe: rect={'left': 4, 'top': 374, 'right': 879, 'bottom': 402} text='' control_type=MenuItem chosen preferred source=main_window
2026-03-18 20:12:12.611 | INFO     | winwatt_automation.live_ui.menu_helpers:_structured_popup_rows_from_snapshots:516 - Popup row dedupe: rect={'left': 4, 'top': 374, 'right': 879, 'bottom': 402} text='' control_type=MenuItem chosen preferred source=main_window dropped source=global_process_scan
2026-03-18 20:12:12.614 | INFO     | winwatt_automation.live_ui.menu_helpers:_structured_popup_rows_from_snapshots:501 - Popup row dedupe: rect={'left': 3, 'top': 387, 'right': 703, 'bottom': 409} text='' control_type=MenuItem chosen preferred source=main_window
2026-03-18 20:12:12.616 | INFO     | winwatt_automation.live_ui.menu_helpers:_structured_popup_rows_from_snapshots:516 - Popup row dedupe: rect={'left': 3, 'top': 387, 'right': 703, 'bottom': 409} text='' control_type=MenuItem chosen preferred source=main_window dropped source=global_process_scan
2026-03-18 20:12:12.618 | INFO     | winwatt_automation.live_ui.menu_helpers:_structured_popup_rows_from_snapshots:501 - Popup row dedupe: rect={'left': 4, 'top': 401, 'right': 879, 'bottom': 429} text='' control_type=MenuItem chosen preferred source=main_window
2026-03-18 20:12:12.620 | INFO     | winwatt_automation.live_ui.menu_helpers:_structured_popup_rows_from_snapshots:516 - Popup row dedupe: rect={'left': 4, 'top': 401, 'right': 879, 'bottom': 429} text='' control_type=MenuItem chosen preferred source=main_window dropped source=global_process_scan
2026-03-18 20:12:12.621 | INFO     | winwatt_automation.live_ui.menu_helpers:_structured_popup_rows_from_snapshots:501 - Popup row dedupe: rect={'left': 3, 'top': 415, 'right': 703, 'bottom': 437} text='' control_type=MenuItem chosen preferred source=main_window
2026-03-18 20:12:12.623 | INFO     | winwatt_automation.live_ui.menu_helpers:_structured_popup_rows_from_snapshots:516 - Popup row dedupe: rect={'left': 3, 'top': 415, 'right': 703, 'bottom': 437} text='' control_type=MenuItem chosen preferred source=main_window dropped source=global_process_scan
2026-03-18 20:12:12.624 | INFO     | winwatt_automation.live_ui.menu_helpers:_structured_popup_rows_from_snapshots:501 - Popup row dedupe: rect={'left': 4, 'top': 429, 'right': 879, 'bottom': 457} text='' control_type=MenuItem chosen preferred source=main_window
2026-03-18 20:12:12.625 | INFO     | winwatt_automation.live_ui.menu_helpers:_structured_popup_rows_from_snapshots:516 - Popup row dedupe: rect={'left': 4, 'top': 429, 'right': 879, 'bottom': 457} text='' control_type=MenuItem chosen preferred source=main_window dropped source=global_process_scan
2026-03-18 20:12:12.626 | INFO     | winwatt_automation.live_ui.menu_helpers:_structured_popup_rows_from_snapshots:501 - Popup row dedupe: rect={'left': 4, 'top': 456, 'right': 879, 'bottom': 484} text='' control_type=MenuItem chosen preferred source=main_window
2026-03-18 20:12:12.628 | INFO     | winwatt_automation.live_ui.menu_helpers:_structured_popup_rows_from_snapshots:516 - Popup row dedupe: rect={'left': 4, 'top': 456, 'right': 879, 'bottom': 484} text='' control_type=MenuItem chosen preferred source=main_window dropped source=global_process_scan
2026-03-18 20:12:12.631 | INFO     | winwatt_automation.live_ui.menu_helpers:_structured_popup_rows_from_snapshots:501 - Popup row dedupe: rect={'left': 4, 'top': 484, 'right': 879, 'bottom': 512} text='' control_type=MenuItem chosen preferred source=main_window
2026-03-18 20:12:12.633 | INFO     | winwatt_automation.live_ui.menu_helpers:_structured_popup_rows_from_snapshots:516 - Popup row dedupe: rect={'left': 4, 'top': 484, 'right': 879, 'bottom': 512} text='' control_type=MenuItem chosen preferred source=main_window dropped source=global_process_scan
2026-03-18 20:12:12.634 | INFO     | winwatt_automation.live_ui.menu_helpers:_structured_popup_rows_from_snapshots:501 - Popup row dedupe: rect={'left': 4, 'top': 519, 'right': 879, 'bottom': 547} text='' control_type=MenuItem chosen preferred source=main_window
2026-03-18 20:12:12.635 | INFO     | winwatt_automation.live_ui.menu_helpers:_structured_popup_rows_from_snapshots:516 - Popup row dedupe: rect={'left': 4, 'top': 519, 'right': 879, 'bottom': 547} text='' control_type=MenuItem chosen preferred source=main_window dropped source=global_process_scan
2026-03-18 20:12:12.641 | INFO     | winwatt_automation.live_ui.menu_helpers:_structured_popup_rows_from_snapshots:534 - Structured popup rows: before snapshot row count=14 after snapshot row count=82 structured row count=68 deduped fragment count=34 logical row count=17
2026-03-18 20:12:12.643 | INFO     | winwatt_automation.live_ui.menu_helpers:open_file_menu_and_capture_popup_state:713 - Menu open transitions: before snapshot row count=14 after snapshot row count=82 structured row count=17 top menu clicked more than once=False
2026-03-18 20:12:12.646 | INFO     | winwatt_automation.runtime_mapping.program_mapper:recover_after_project_open:775 - project_open_recovery_start timeout_s=15.0 poll_interval_s=0.25
2026-03-18 20:12:26.872 | INFO     | winwatt_automation.runtime_mapping.program_mapper:recover_after_project_open:785 - project_open_recovery_success
[event] project_open_result: {"dialog_found": false, "error": "Could not locate 'Projekt megnyitás' row in Fájl popup.", "success": false}
[event] project_open_recovery: {"modal_detected": false, "reason": null, "success": true}
2026-03-18 20:13:07.790 | INFO     | winwatt_automation.live_ui.menu_helpers:list_top_menu_items:190 - Top-level menu items (raw): ['Rendszer', 'Fájl', 'Jegyzékek', 'Adatbázis...', 'Beállítások', 'Ablak', 'Súgó']
2026-03-18 20:13:17.863 | INFO     | winwatt_automation.runtime_mapping.program_mapper:get_canonical_top_menu_names:216 - Canonical top-level menus [7]: ['Rendszer', 'Fájl', 'Jegyzékek', 'Adatbázis...', 'Beállítások', 'Ablak', 'Súgó']
2026-03-18 20:13:43.311 | INFO     | winwatt_automation.live_ui.app_connector:select_main_window:184 - Candidate ranking score=(0, 1, 1, 1, 2250400) data={'title': 'WinWatt gólya', 'window_text': 'WinWatt gólya', 'class_name': 'TMainForm', 'control_type': None, 'process_id': 37448, 'handle': None, 'is_visible': False, 'is_enabled': True, 'rectangle': {'left': -10, 'top': -10, 'right': 1930, 'bottom': 1150, 'width': 1940, 'height': 1160}, 'size': {'width': 1940, 'height': 1160}}
2026-03-18 20:13:43.311 | INFO     | winwatt_automation.live_ui.app_connector:select_main_window:194 - Selected main window process_id=37448 handle=None score=(0, 1, 1, 1, 2250400) reasons=['has_process_id=True', 'has_handle=False', 'visible=False', 'enabled=True', 'title_has_winwatt=True', 'area=2250400']
2026-03-18 20:13:43.313 | INFO     | winwatt_automation.live_ui.app_connector:_connect_with_win32_handle:237 - Connected to WinWatt backend=win32 attach_mode=process candidate={'process_id': 37448, 'handle': None, 'class_name': 'TMainForm', 'title': 'WinWatt gólya'}
2026-03-18 20:13:49.569 | INFO     | winwatt_automation.live_ui.app_connector:select_main_window:184 - Candidate ranking score=(0, 1, 1, 1, 2250400) data={'title': 'WinWatt gólya', 'window_text': 'WinWatt gólya', 'class_name': 'TMainForm', 'control_type': None, 'process_id': 37448, 'handle': None, 'is_visible': False, 'is_enabled': True, 'rectangle': {'left': -10, 'top': -10, 'right': 1930, 'bottom': 1150, 'width': 1940, 'height': 1160}, 'size': {'width': 1940, 'height': 1160}}
2026-03-18 20:13:49.570 | INFO     | winwatt_automation.live_ui.app_connector:select_main_window:194 - Selected main window process_id=37448 handle=None score=(0, 1, 1, 1, 2250400) reasons=['has_process_id=True', 'has_handle=False', 'visible=False', 'enabled=True', 'title_has_winwatt=True', 'area=2250400']
2026-03-18 20:13:49.570 | INFO     | winwatt_automation.live_ui.app_connector:_connect_with_win32_handle:237 - Connected to WinWatt backend=win32 attach_mode=process candidate={'process_id': 37448, 'handle': None, 'class_name': 'TMainForm', 'title': 'WinWatt gólya'}
2026-03-18 20:13:50.891 | INFO     | winwatt_automation.live_ui.app_connector:_connect_with_win32_handle:251 - Resolved win32 main window after process attach process_id=37448 resolved_handle=None
2026-03-18 20:13:50.893 | INFO     | winwatt_automation.live_ui.app_connector:_resolve_uia_main_window:287 - Connected to WinWatt backend=uia process_id=37448
2026-03-18 20:13:50.894 | INFO     | winwatt_automation.live_ui.app_connector:_resolve_uia_main_window:289 - Resolving main WinWatt window backend=uia class_name=TMainForm title_re=.*WinWatt.*
2026-03-18 20:14:46.357 | INFO     | winwatt_automation.live_ui.menu_helpers:list_top_menu_items:190 - Top-level menu items (raw): ['Rendszer', 'Fájl', 'Jegyzékek', 'Adatbázis...', 'Beállítások', 'Ablak', 'Súgó']
2026-03-18 20:15:01.818 | INFO     | winwatt_automation.live_ui.app_connector:ensure_main_window_foreground_before_click:653 - focus_guard precheck action=click_structured_popup_row[0] main_handle=4133584 exists=True visible=True enabled=True rect={'left': -10, 'top': -10, 'right': 1930, 'bottom': 1150, 'width': 1940, 'height': 1160}
2026-03-18 20:15:04.925 | INFO     | winwatt_automation.live_ui.app_connector:ensure_main_window_foreground_before_click:672 - focus_guard result action=click_structured_popup_row[0] status=focus_ok
2026-03-18 20:15:05.042 | INFO     | winwatt_automation.live_ui.menu_helpers:click_structured_popup_row:757 - Popup row click: selected row index=0 selected row rectangle={'left': 4, 'top': 56, 'right': 879, 'bottom': 84} top menu clicked more than once=False
2026-03-18 20:15:44.519 | INFO     | winwatt_automation.live_ui.app_connector:ensure_main_window_foreground_before_click:653 - focus_guard precheck action=click_structured_popup_row[0] main_handle=4133584 exists=True visible=True enabled=False rect={'left': -10, 'top': -10, 'right': 1930, 'bottom': 1150, 'width': 1940, 'height': 1160}
2026-03-18 20:16:33.653 | INFO     | winwatt_automation.live_ui.menu_helpers:list_top_menu_items:190 - Top-level menu items (raw): ['Rendszer', 'Fájl', 'Jegyzékek', 'Adatbázis...', 'Beállítások', 'Ablak', 'Súgó']
2026-03-18 20:17:00.148 | INFO     | winwatt_automation.live_ui.menu_helpers:list_top_menu_items:190 - Top-level menu items (raw): ['Rendszer', 'Fájl', 'Jegyzékek', 'Adatbázis...', 'Beállítások', 'Ablak', 'Súgó']
2026-03-18 20:17:15.585 | INFO     | winwatt_automation.live_ui.app_connector:ensure_main_window_foreground_before_click:653 - focus_guard precheck action=baseline_restore:project_open:reopen_parent:Rendszer main_handle=4133584 exists=True visible=True enabled=False rect={'left': -10, 'top': -10, 'right': 1930, 'bottom': 1150, 'width': 1940, 'height': 1160}
2026-03-18 20:17:24.673 | WARNING  | winwatt_automation.runtime_mapping.program_mapper:restore_clean_menu_baseline:258 - baseline_restore modal_pending state=project_open stage=reopen_parent:Rendszer error=focus_not_restored: main window not ready before action=baseline_restore:project_open:reopen_parent:Rendszer visible=True enabled=False
2026-03-18 20:17:24.675 | INFO     | winwatt_automation.runtime_mapping.program_mapper:recover_after_project_open:775 - project_open_recovery_start timeout_s=15.0 poll_interval_s=0.25
2026-03-18 20:17:49.197 | WARNING  | winwatt_automation.runtime_mapping.program_mapper:recover_after_project_open:792 - project_open_recovery_modal_detected diagnostics={'foreground_window': {'handle': 6098506, 'title': 'Projekt létrehozása', 'class_name': '#32770', 'process_id': 37448}, 'dialog_candidates': [], 'main_window': {'enabled': False, 'visible': True, 'rect': {'left': -10, 'top': -10, 'right': 1930, 'bottom': 1150}, 'title': 'WinWatt gólya', 'class_name': 'TMainForm', 'process_id': 37448, 'handle': None, 'exists': True}}
2026-03-18 20:17:49.199 | INFO     | winwatt_automation.runtime_mapping.program_mapper:_attempt_project_open_modal_close:752 - project_open_recovery_close_attempt method=key name=Esc
2026-03-18 20:18:04.914 | INFO     | winwatt_automation.runtime_mapping.program_mapper:_attempt_project_open_modal_close:760 - project_open_recovery_close_success method=key name=Esc
2026-03-18 20:18:19.997 | ERROR    | winwatt_automation.runtime_mapping.program_mapper:recover_after_project_open:804 - project_open_recovery_failed diagnostics={'foreground_window': {'handle': 4133584, 'title': 'WinWatt gólya', 'class_name': 'TMainForm', 'process_id': 37448}, 'dialog_candidates': [], 'main_window': {'enabled': True, 'visible': True, 'rect': {'left': -10, 'top': -10, 'right': 1930, 'bottom': 1150}, 'title': 'WinWatt gólya', 'class_name': 'TMainForm', 'process_id': 37448, 'handle': None, 'exists': True}}
2026-03-18 20:18:19.998 | ERROR    | winwatt_automation.runtime_mapping.program_mapper:restore_clean_menu_baseline:263 - baseline_restore failed state=project_open stage=reopen_parent:Rendszer error=focus_not_restored: main window not ready before action=baseline_restore:project_open:reopen_parent:Rendszer visible=True enabled=False
2026-03-18 20:18:32.393 | INFO     | winwatt_automation.live_ui.app_connector:ensure_main_window_foreground_before_click:653 - focus_guard precheck action=click_structured_popup_row[2] main_handle=4133584 exists=True visible=True enabled=True rect={'left': -10, 'top': -10, 'right': 1930, 'bottom': 1150, 'width': 1940, 'height': 1160}
2026-03-18 20:18:35.304 | INFO     | winwatt_automation.live_ui.app_connector:ensure_main_window_foreground_before_click:672 - focus_guard result action=click_structured_popup_row[2] status=focus_ok
2026-03-18 20:18:35.420 | INFO     | winwatt_automation.live_ui.menu_helpers:click_structured_popup_row:757 - Popup row click: selected row index=2 selected row rectangle={'left': 4, 'top': 111, 'right': 879, 'bottom': 139} top menu clicked more than once=False
2026-03-18 20:19:20.890 | INFO     | winwatt_automation.live_ui.menu_helpers:list_top_menu_items:190 - Top-level menu items (raw): ['Rendszer', 'Fájl', 'Jegyzékek', 'Adatbázis...', 'Beállítások', 'Ablak', 'Súgó']
2026-03-18 20:19:36.448 | INFO     | winwatt_automation.live_ui.app_connector:ensure_main_window_foreground_before_click:653 - focus_guard precheck action=baseline_restore:project_open:reopen_parent:Rendszer main_handle=4133584 exists=True visible=True enabled=True rect={'left': -10, 'top': -10, 'right': 1930, 'bottom': 1150, 'width': 1940, 'height': 1160}
2026-03-18 20:19:39.513 | INFO     | winwatt_automation.live_ui.app_connector:ensure_main_window_foreground_before_click:672 - focus_guard result action=baseline_restore:project_open:reopen_parent:Rendszer status=focus_ok
2026-03-18 20:20:02.132 | INFO     | winwatt_automation.live_ui.app_connector:prepare_main_window_for_menu_interaction:499 - Preparing WinWatt window for menu interaction
2026-03-18 20:20:10.981 | INFO     | winwatt_automation.live_ui.app_connector:prepare_main_window_for_menu_interaction:519 - Window state before: maximized
2026-03-18 20:20:12.976 | INFO     | winwatt_automation.live_ui.app_connector:prepare_main_window_for_menu_interaction:540 - Window maximized
2026-03-18 20:20:13.279 | INFO     | winwatt_automation.live_ui.app_connector:prepare_main_window_for_menu_interaction:553 - Focus confirmed
2026-03-18 20:20:25.919 | INFO     | winwatt_automation.live_ui.app_connector:ensure_main_window_foreground_before_click:653 - focus_guard precheck action=click_top_menu_item:Rendszer main_handle=4133584 exists=True visible=True enabled=True rect={'left': -10, 'top': -10, 'right': 1930, 'bottom': 1150, 'width': 1940, 'height': 1160}
2026-03-18 20:20:28.892 | INFO     | winwatt_automation.live_ui.app_connector:ensure_main_window_foreground_before_click:672 - focus_guard result action=click_top_menu_item:Rendszer status=focus_ok
2026-03-18 20:20:28.906 | INFO     | winwatt_automation.live_ui.menu_helpers:click_top_menu_item:836 - click_top_menu_item('Rendszer'): foreground_before_click={'handle': 4133584, 'title': 'WinWatt gólya', 'class_name': 'TMainForm', 'process_id': 37448}
2026-03-18 20:21:03.192 | ERROR    | winwatt_automation.live_ui.menu_helpers:_validate_not_in_forbidden_top_left_zone:41 - blocked_click_forbidden_zone point=(11, 11) main_left=-10 main_top=-10
2026-03-18 20:21:03.193 | WARNING  | winwatt_automation.live_ui.menu_helpers:click_top_menu_item:851 - Top menu item 'Rendszer' click_input() failed: click_blocked_forbidden_zone
2026-03-18 20:21:03.327 | INFO     | winwatt_automation.live_ui.menu_helpers:_validate_post_menu_open_foreground:47 - post_click_foreground_validation title=Rendszer foreground={'handle': 4133584, 'title': 'WinWatt gólya', 'class_name': 'TMainForm', 'process_id': 37448}
2026-03-18 20:21:28.914 | INFO     | winwatt_automation.live_ui.menu_helpers:did_any_new_menu_popup_appear:791 - Menu popup snapshot diff: before=14 after=14 new=0
2026-03-18 20:21:32.391 | INFO     | winwatt_automation.live_ui.app_connector:select_main_window:184 - Candidate ranking score=(1, 1, 1, 1, 2250400) data={'title': 'WinWatt gólya', 'window_text': 'WinWatt gólya', 'class_name': 'TMainForm', 'control_type': None, 'process_id': 37448, 'handle': None, 'is_visible': True, 'is_enabled': True, 'rectangle': {'left': -10, 'top': -10, 'right': 1930, 'bottom': 1150, 'width': 1940, 'height': 1160}, 'size': {'width': 1940, 'height': 1160}}
2026-03-18 20:21:32.391 | INFO     | winwatt_automation.live_ui.app_connector:select_main_window:194 - Selected main window process_id=37448 handle=None score=(1, 1, 1, 1, 2250400) reasons=['has_process_id=True', 'has_handle=False', 'visible=True', 'enabled=True', 'title_has_winwatt=True', 'area=2250400']
2026-03-18 20:21:32.393 | INFO     | winwatt_automation.live_ui.app_connector:_connect_with_win32_handle:237 - Connected to WinWatt backend=win32 attach_mode=process candidate={'process_id': 37448, 'handle': None, 'class_name': 'TMainForm', 'title': 'WinWatt gólya'}
2026-03-18 20:21:32.398 | INFO     | winwatt_automation.live_ui.app_connector:_connect_with_win32_handle:251 - Resolved win32 main window after process attach process_id=37448 resolved_handle=None
2026-03-18 20:21:32.399 | INFO     | winwatt_automation.live_ui.app_connector:_resolve_uia_main_window:287 - Connected to WinWatt backend=uia process_id=37448
2026-03-18 20:21:32.399 | INFO     | winwatt_automation.live_ui.app_connector:_resolve_uia_main_window:289 - Resolving main WinWatt window backend=uia class_name=TMainForm title_re=.*WinWatt.*
2026-03-18 20:21:37.980 | INFO     | winwatt_automation.live_ui.app_connector:ensure_main_window_foreground_before_click:653 - focus_guard precheck action=relative_menu_click main_handle=4133584 exists=True visible=True enabled=True rect={'left': -10, 'top': -10, 'right': 1930, 'bottom': 1150, 'width': 1940, 'height': 1160}
2026-03-18 20:21:41.163 | INFO     | winwatt_automation.live_ui.app_connector:ensure_main_window_foreground_before_click:672 - focus_guard result action=relative_menu_click status=focus_ok
2026-03-18 20:21:55.658 | ERROR    | winwatt_automation.live_ui.menu_helpers:_validate_not_in_forbidden_top_left_zone:41 - blocked_click_forbidden_zone point=(11, 11) main_left=788 main_top=11
2026-03-18 20:21:55.659 | ERROR    | winwatt_automation.runtime_mapping.program_mapper:map_runtime_state:1210 - Top menu mapping failed: Rendszer
Traceback (most recent call last):

  File "<frozen runpy>", line 198, in _run_module_as_main
  File "<frozen runpy>", line 88, in _run_code

  File "C:\Users\dancsg\Documents\GitHub\autowinwatt\winwatt_automation\src\winwatt_automation\scripts\map_full_program.py", line 150, in <module>
    raise SystemExit(main())
                     └ <function main at 0x000001CFCB637320>

  File "C:\Users\dancsg\Documents\GitHub\autowinwatt\winwatt_automation\src\winwatt_automation\scripts\map_full_program.py", line 79, in main
    result = build_full_runtime_program_map(
             └ <function build_full_runtime_program_map at 0x000001CFCB636DA0>

  File "C:\Users\dancsg\Documents\GitHub\autowinwatt\winwatt_automation\src\winwatt_automation\runtime_mapping\program_mapper.py", line 1544, in build_full_runtime_program_map
    state_project_open = map_runtime_state(
                         └ <function map_runtime_state at 0x000001CFCB635D20>

> File "C:\Users\dancsg\Documents\GitHub\autowinwatt\winwatt_automation\src\winwatt_automation\runtime_mapping\program_mapper.py", line 1189, in map_runtime_state
    tree, rows, actions, dialogs, windows = explore_menu_tree(
          │                                 └ <function explore_menu_tree at 0x000001CFCB635900>
          └ []

  File "C:\Users\dancsg\Documents\GitHub\autowinwatt\winwatt_automation\src\winwatt_automation\runtime_mapping\program_mapper.py", line 982, in explore_menu_tree
    active_popup_rows = _reopen_parent_popup_rows(
                        └ <function _reopen_parent_popup_rows at 0x000001CFCB673CC0>

  File "C:\Users\dancsg\Documents\GitHub\autowinwatt\winwatt_automation\src\winwatt_automation\runtime_mapping\program_mapper.py", line 400, in _reopen_parent_popup_rows
    menu_helpers.click_top_menu_item(top_menu)
    │            │                   └ 'Rendszer'
    │            └ <function click_top_menu_item at 0x000001CFCB68B530>
    └ <module 'winwatt_automation.live_ui.menu_helpers' from 'C:\\Users\\dancsg\\Documents\\GitHub\\autowinwatt\\winwatt_automation...

  File "C:\Users\dancsg\Documents\GitHub\autowinwatt\winwatt_automation\src\winwatt_automation\live_ui\menu_helpers.py", line 859, in click_top_menu_item
    _click_by_relative_rect_center(item, main_window)
    │                              │     └ <pywinauto.application.WindowSpecification object at 0x000001CFCD6793D0>
    │                              └ <uia_controls.MenuItemWrapper - 'Rendszer', MenuItem, -8546284399459219855>
    └ <function _click_by_relative_rect_center at 0x000001CFCB68B3D0>

  File "C:\Users\dancsg\Documents\GitHub\autowinwatt\winwatt_automation\src\winwatt_automation\live_ui\menu_helpers.py", line 822, in _click_by_relative_rect_center
    _validate_not_in_forbidden_top_left_zone(main_window, (x, y))
    │                                        │             │  └ 11
    │                                        │             └ 11
    │                                        └ <pywinauto.application.WindowSpecification object at 0x000001CFCD6793D0>
    └ <function _validate_not_in_forbidden_top_left_zone at 0x000001CFCB688A90>

  File "C:\Users\dancsg\Documents\GitHub\autowinwatt\winwatt_automation\src\winwatt_automation\live_ui\menu_helpers.py", line 42, in _validate_not_in_forbidden_top_left_zone
    raise RuntimeError("click_blocked_forbidden_zone")

RuntimeError: click_blocked_forbidden_zone
2026-03-18 20:23:20.879 | INFO     | winwatt_automation.live_ui.app_connector:select_main_window:184 - Candidate ranking score=(1, 1, 1, 1, 2250400) data={'title': 'WinWatt gólya', 'window_text': 'WinWatt gólya', 'class_name': 'TMainForm', 'control_type': None, 'process_id': 37448, 'handle': None, 'is_visible': True, 'is_enabled': True, 'rectangle': {'left': -10, 'top': -10, 'right': 1930, 'bottom': 1150, 'width': 1940, 'height': 1160}, 'size': {'width': 1940, 'height': 1160}}
2026-03-18 20:23:20.879 | INFO     | winwatt_automation.live_ui.app_connector:select_main_window:194 - Selected main window process_id=37448 handle=None score=(1, 1, 1, 1, 2250400) reasons=['has_process_id=True', 'has_handle=False', 'visible=True', 'enabled=True', 'title_has_winwatt=True', 'area=2250400']
2026-03-18 20:23:20.880 | INFO     | winwatt_automation.live_ui.app_connector:_connect_with_win32_handle:237 - Connected to WinWatt backend=win32 attach_mode=process candidate={'process_id': 37448, 'handle': None, 'class_name': 'TMainForm', 'title': 'WinWatt gólya'}
2026-03-18 20:23:20.888 | INFO     | winwatt_automation.live_ui.app_connector:_connect_with_win32_handle:251 - Resolved win32 main window after process attach process_id=37448 resolved_handle=None
2026-03-18 20:23:20.890 | INFO     | winwatt_automation.live_ui.app_connector:_resolve_uia_main_window:287 - Connected to WinWatt backend=uia process_id=37448
2026-03-18 20:23:20.891 | INFO     | winwatt_automation.live_ui.app_connector:_resolve_uia_main_window:289 - Resolving main WinWatt window backend=uia class_name=TMainForm title_re=.*WinWatt.*
[event] run_failed: {"error": "{'class_name': 'TMainForm', 'title_re': '.*WinWatt.*', 'backend': 'uia', 'enabled_only': False, 'visible_only': False, 'process': 37448}"}

finished_at=2026-03-18T19:23:45.839981+00:00 success=False exit_code=1
