run_id=0023_progress_overlay_2026-03-18_19-27-45
started_at=2026-03-18T19:27:45.028468+00:00
command=python C:\Users\dancsg\Documents\GitHub\autowinwatt\winwatt_automation\src\winwatt_automation\scripts\map_full_program.py --safe-mode off --max-submenu-depth -1 --progress-overlay

2026-03-18 20:27:45.947 | INFO     | winwatt_automation.live_ui.app_connector:select_main_window:184 - Candidate ranking score=(1, 1, 1, 1, 2250400) data={'title': 'WinWatt gólya', 'window_text': 'WinWatt gólya', 'class_name': 'TMainForm', 'control_type': None, 'process_id': 1348, 'handle': None, 'is_visible': True, 'is_enabled': True, 'rectangle': {'left': -10, 'top': -10, 'right': 1930, 'bottom': 1150, 'width': 1940, 'height': 1160}, 'size': {'width': 1940, 'height': 1160}}
2026-03-18 20:27:45.948 | INFO     | winwatt_automation.live_ui.app_connector:select_main_window:194 - Selected main window process_id=1348 handle=None score=(1, 1, 1, 1, 2250400) reasons=['has_process_id=True', 'has_handle=False', 'visible=True', 'enabled=True', 'title_has_winwatt=True', 'area=2250400']
2026-03-18 20:27:45.950 | INFO     | winwatt_automation.live_ui.app_connector:_connect_with_win32_handle:237 - Connected to WinWatt backend=win32 attach_mode=process candidate={'process_id': 1348, 'handle': None, 'class_name': 'TMainForm', 'title': 'WinWatt gólya'}
2026-03-18 20:27:45.955 | INFO     | winwatt_automation.live_ui.app_connector:_connect_with_win32_handle:251 - Resolved win32 main window after process attach process_id=1348 resolved_handle=None
2026-03-18 20:27:45.956 | INFO     | winwatt_automation.live_ui.app_connector:_resolve_uia_main_window:287 - Connected to WinWatt backend=uia process_id=1348
2026-03-18 20:27:45.957 | INFO     | winwatt_automation.live_ui.app_connector:_resolve_uia_main_window:289 - Resolving main WinWatt window backend=uia class_name=TMainForm title_re=.*WinWatt.*
2026-03-18 20:27:59.910 | INFO     | winwatt_automation.live_ui.menu_helpers:list_top_menu_items:190 - Top-level menu items (raw): ['Rendszer', 'Fájl', 'Jegyzékek', 'Adatbázis...', 'Beállítások', 'Ablak', 'Súgó']
2026-03-18 20:28:07.093 | INFO     | winwatt_automation.live_ui.app_connector:select_main_window:184 - Candidate ranking score=(1, 1, 1, 1, 2250400) data={'title': 'WinWatt gólya', 'window_text': 'WinWatt gólya', 'class_name': 'TMainForm', 'control_type': None, 'process_id': 1348, 'handle': None, 'is_visible': True, 'is_enabled': True, 'rectangle': {'left': -10, 'top': -10, 'right': 1930, 'bottom': 1150, 'width': 1940, 'height': 1160}, 'size': {'width': 1940, 'height': 1160}}
2026-03-18 20:28:07.094 | INFO     | winwatt_automation.live_ui.app_connector:select_main_window:194 - Selected main window process_id=1348 handle=None score=(1, 1, 1, 1, 2250400) reasons=['has_process_id=True', 'has_handle=False', 'visible=True', 'enabled=True', 'title_has_winwatt=True', 'area=2250400']
2026-03-18 20:28:07.096 | INFO     | winwatt_automation.live_ui.app_connector:_connect_with_win32_handle:237 - Connected to WinWatt backend=win32 attach_mode=process candidate={'process_id': 1348, 'handle': None, 'class_name': 'TMainForm', 'title': 'WinWatt gólya'}
2026-03-18 20:28:07.103 | INFO     | winwatt_automation.live_ui.app_connector:_connect_with_win32_handle:251 - Resolved win32 main window after process attach process_id=1348 resolved_handle=None
2026-03-18 20:28:07.104 | INFO     | winwatt_automation.live_ui.app_connector:_resolve_uia_main_window:287 - Connected to WinWatt backend=uia process_id=1348
2026-03-18 20:28:07.104 | INFO     | winwatt_automation.live_ui.app_connector:_resolve_uia_main_window:289 - Resolving main WinWatt window backend=uia class_name=TMainForm title_re=.*WinWatt.*
2026-03-18 20:28:10.107 | INFO     | winwatt_automation.runtime_mapping.program_mapper:get_canonical_top_menu_names:216 - Canonical top-level menus [7]: ['Rendszer', 'Fájl', 'Jegyzékek', 'Adatbázis...', 'Beállítások', 'Ablak', 'Súgó']
2026-03-18 20:28:20.592 | INFO     | winwatt_automation.live_ui.app_connector:select_main_window:184 - Candidate ranking score=(1, 1, 1, 1, 2250400) data={'title': 'WinWatt gólya', 'window_text': 'WinWatt gólya', 'class_name': 'TMainForm', 'control_type': None, 'process_id': 1348, 'handle': None, 'is_visible': True, 'is_enabled': True, 'rectangle': {'left': -10, 'top': -10, 'right': 1930, 'bottom': 1150, 'width': 1940, 'height': 1160}, 'size': {'width': 1940, 'height': 1160}}
2026-03-18 20:28:20.593 | INFO     | winwatt_automation.live_ui.app_connector:select_main_window:194 - Selected main window process_id=1348 handle=None score=(1, 1, 1, 1, 2250400) reasons=['has_process_id=True', 'has_handle=False', 'visible=True', 'enabled=True', 'title_has_winwatt=True', 'area=2250400']
2026-03-18 20:28:20.594 | INFO     | winwatt_automation.live_ui.app_connector:_connect_with_win32_handle:237 - Connected to WinWatt backend=win32 attach_mode=process candidate={'process_id': 1348, 'handle': None, 'class_name': 'TMainForm', 'title': 'WinWatt gólya'}
2026-03-18 20:28:20.607 | INFO     | winwatt_automation.live_ui.app_connector:_connect_with_win32_handle:251 - Resolved win32 main window after process attach process_id=1348 resolved_handle=None
2026-03-18 20:28:20.608 | INFO     | winwatt_automation.live_ui.app_connector:_resolve_uia_main_window:287 - Connected to WinWatt backend=uia process_id=1348
2026-03-18 20:28:20.609 | INFO     | winwatt_automation.live_ui.app_connector:_resolve_uia_main_window:289 - Resolving main WinWatt window backend=uia class_name=TMainForm title_re=.*WinWatt.*
2026-03-18 20:28:26.047 | WARNING  | winwatt_automation.runtime_mapping.program_mapper:should_restore_clean_menu_baseline:238 - baseline_restore_needed state=no_project stage=after:Rendszer reason=focus_lost
2026-03-18 20:28:29.833 | INFO     | winwatt_automation.live_ui.app_connector:ensure_main_window_foreground_before_click:653 - focus_guard precheck action=baseline_restore:no_project:after:Rendszer main_handle=986842 exists=True visible=True enabled=True rect={'left': -10, 'top': -10, 'right': 1930, 'bottom': 1150, 'width': 1940, 'height': 1160}
2026-03-18 20:28:33.249 | ERROR    | winwatt_automation.live_ui.app_connector:ensure_main_window_foreground_before_click:696 - focus_guard result action=baseline_restore:no_project:after:Rendszer status=focus_failed foreground={'handle': 986842, 'title': 'WinWatt gólya', 'class_name': 'TMainForm', 'process_id': 1348}
2026-03-18 20:28:41.407 | ERROR    | winwatt_automation.runtime_mapping.program_mapper:restore_clean_menu_baseline:266 - baseline_restore failed state=no_project stage=after:Rendszer error=focus_not_restored: could not bring WinWatt to foreground for action=baseline_restore:no_project:after:Rendszer foreground_title=WinWatt gólya foreground_class=TMainForm
2026-03-18 20:28:41.408 | ERROR    | winwatt_automation.runtime_mapping.program_mapper:map_runtime_state:1248 - unrecoverable main window loss after top menu state=no_project top_menu=Rendszer
[event] state_mapped: {"actions": 0, "dialogs": 0, "state_id": "no_project", "top_menus": 7}
2026-03-18 20:29:03.049 | INFO     | winwatt_automation.live_ui.menu_helpers:list_top_menu_items:190 - Top-level menu items (raw): ['Rendszer', 'Fájl', 'Jegyzékek', 'Adatbázis...', 'Beállítások', 'Ablak', 'Súgó']
2026-03-18 20:29:04.864 | INFO     | winwatt_automation.live_ui.app_connector:prepare_main_window_for_menu_interaction:499 - Preparing WinWatt window for menu interaction
2026-03-18 20:29:12.346 | INFO     | winwatt_automation.live_ui.app_connector:prepare_main_window_for_menu_interaction:519 - Window state before: normal
2026-03-18 20:29:14.193 | INFO     | winwatt_automation.live_ui.app_connector:prepare_main_window_for_menu_interaction:540 - Window maximized
2026-03-18 20:29:14.497 | INFO     | winwatt_automation.live_ui.app_connector:prepare_main_window_for_menu_interaction:553 - Focus confirmed
2026-03-18 20:29:28.231 | INFO     | winwatt_automation.live_ui.app_connector:ensure_main_window_foreground_before_click:653 - focus_guard precheck action=open_file_menu main_handle=986842 exists=True visible=True enabled=True rect={'left': -10, 'top': -10, 'right': 1930, 'bottom': 1150, 'width': 1940, 'height': 1160}
2026-03-18 20:29:31.485 | INFO     | winwatt_automation.live_ui.app_connector:ensure_main_window_foreground_before_click:672 - focus_guard result action=open_file_menu status=focus_ok
2026-03-18 20:30:11.281 | INFO     | winwatt_automation.live_ui.menu_helpers:_validate_post_menu_open_foreground:47 - post_click_foreground_validation title=Fájl foreground={'handle': 986842, 'title': 'WinWatt gólya', 'class_name': 'TMainForm', 'process_id': 1348}
2026-03-18 20:30:42.111 | INFO     | winwatt_automation.live_ui.menu_helpers:did_any_new_menu_popup_appear:791 - Menu popup snapshot diff: before=14 after=82 new=68
2026-03-18 20:31:25.845 | INFO     | winwatt_automation.live_ui.menu_helpers:_structured_popup_rows_from_snapshots:501 - Popup row dedupe: rect={'left': 3, 'top': 45, 'right': 703, 'bottom': 67} text='' control_type=MenuItem chosen preferred source=main_window
2026-03-18 20:31:25.847 | INFO     | winwatt_automation.live_ui.menu_helpers:_structured_popup_rows_from_snapshots:516 - Popup row dedupe: rect={'left': 3, 'top': 45, 'right': 703, 'bottom': 67} text='' control_type=MenuItem chosen preferred source=main_window dropped source=global_process_scan
2026-03-18 20:31:25.848 | INFO     | winwatt_automation.live_ui.menu_helpers:_structured_popup_rows_from_snapshots:501 - Popup row dedupe: rect={'left': 4, 'top': 56, 'right': 879, 'bottom': 84} text='' control_type=MenuItem chosen preferred source=main_window
2026-03-18 20:31:25.850 | INFO     | winwatt_automation.live_ui.menu_helpers:_structured_popup_rows_from_snapshots:516 - Popup row dedupe: rect={'left': 4, 'top': 56, 'right': 879, 'bottom': 84} text='' control_type=MenuItem chosen preferred source=main_window dropped source=global_process_scan
2026-03-18 20:31:25.852 | INFO     | winwatt_automation.live_ui.menu_helpers:_structured_popup_rows_from_snapshots:501 - Popup row dedupe: rect={'left': 3, 'top': 67, 'right': 703, 'bottom': 89} text='' control_type=MenuItem chosen preferred source=main_window
2026-03-18 20:31:25.855 | INFO     | winwatt_automation.live_ui.menu_helpers:_structured_popup_rows_from_snapshots:516 - Popup row dedupe: rect={'left': 3, 'top': 67, 'right': 703, 'bottom': 89} text='' control_type=MenuItem chosen preferred source=main_window dropped source=global_process_scan
2026-03-18 20:31:25.857 | INFO     | winwatt_automation.live_ui.menu_helpers:_structured_popup_rows_from_snapshots:501 - Popup row dedupe: rect={'left': 4, 'top': 84, 'right': 879, 'bottom': 112} text='' control_type=MenuItem chosen preferred source=main_window
2026-03-18 20:31:25.859 | INFO     | winwatt_automation.live_ui.menu_helpers:_structured_popup_rows_from_snapshots:516 - Popup row dedupe: rect={'left': 4, 'top': 84, 'right': 879, 'bottom': 112} text='' control_type=MenuItem chosen preferred source=main_window dropped source=global_process_scan
2026-03-18 20:31:25.861 | INFO     | winwatt_automation.live_ui.menu_helpers:_structured_popup_rows_from_snapshots:501 - Popup row dedupe: rect={'left': 3, 'top': 89, 'right': 703, 'bottom': 111} text='' control_type=MenuItem chosen preferred source=main_window
2026-03-18 20:31:25.866 | INFO     | winwatt_automation.live_ui.menu_helpers:_structured_popup_rows_from_snapshots:516 - Popup row dedupe: rect={'left': 3, 'top': 89, 'right': 703, 'bottom': 111} text='' control_type=MenuItem chosen preferred source=main_window dropped source=global_process_scan
2026-03-18 20:31:25.867 | INFO     | winwatt_automation.live_ui.menu_helpers:_structured_popup_rows_from_snapshots:501 - Popup row dedupe: rect={'left': 3, 'top': 111, 'right': 703, 'bottom': 133} text='' control_type=MenuItem chosen preferred source=main_window
2026-03-18 20:31:25.870 | INFO     | winwatt_automation.live_ui.menu_helpers:_structured_popup_rows_from_snapshots:516 - Popup row dedupe: rect={'left': 3, 'top': 111, 'right': 703, 'bottom': 133} text='' control_type=MenuItem chosen preferred source=main_window dropped source=global_process_scan
2026-03-18 20:31:25.871 | INFO     | winwatt_automation.live_ui.menu_helpers:_structured_popup_rows_from_snapshots:501 - Popup row dedupe: rect={'left': 4, 'top': 111, 'right': 879, 'bottom': 139} text='' control_type=MenuItem chosen preferred source=main_window
2026-03-18 20:31:25.872 | INFO     | winwatt_automation.live_ui.menu_helpers:_structured_popup_rows_from_snapshots:516 - Popup row dedupe: rect={'left': 4, 'top': 111, 'right': 879, 'bottom': 139} text='' control_type=MenuItem chosen preferred source=main_window dropped source=global_process_scan
2026-03-18 20:31:25.874 | INFO     | winwatt_automation.live_ui.menu_helpers:_structured_popup_rows_from_snapshots:501 - Popup row dedupe: rect={'left': 3, 'top': 133, 'right': 703, 'bottom': 155} text='' control_type=MenuItem chosen preferred source=main_window
2026-03-18 20:31:25.879 | INFO     | winwatt_automation.live_ui.menu_helpers:_structured_popup_rows_from_snapshots:516 - Popup row dedupe: rect={'left': 3, 'top': 133, 'right': 703, 'bottom': 155} text='' control_type=MenuItem chosen preferred source=main_window dropped source=global_process_scan
2026-03-18 20:31:25.881 | INFO     | winwatt_automation.live_ui.menu_helpers:_structured_popup_rows_from_snapshots:501 - Popup row dedupe: rect={'left': 4, 'top': 139, 'right': 879, 'bottom': 167} text='' control_type=MenuItem chosen preferred source=main_window
2026-03-18 20:31:25.883 | INFO     | winwatt_automation.live_ui.menu_helpers:_structured_popup_rows_from_snapshots:516 - Popup row dedupe: rect={'left': 4, 'top': 139, 'right': 879, 'bottom': 167} text='' control_type=MenuItem chosen preferred source=main_window dropped source=global_process_scan
2026-03-18 20:31:25.884 | INFO     | winwatt_automation.live_ui.menu_helpers:_structured_popup_rows_from_snapshots:501 - Popup row dedupe: rect={'left': 3, 'top': 161, 'right': 703, 'bottom': 183} text='' control_type=MenuItem chosen preferred source=main_window
2026-03-18 20:31:25.887 | INFO     | winwatt_automation.live_ui.menu_helpers:_structured_popup_rows_from_snapshots:516 - Popup row dedupe: rect={'left': 3, 'top': 161, 'right': 703, 'bottom': 183} text='' control_type=MenuItem chosen preferred source=main_window dropped source=global_process_scan
2026-03-18 20:31:25.888 | INFO     | winwatt_automation.live_ui.menu_helpers:_structured_popup_rows_from_snapshots:501 - Popup row dedupe: rect={'left': 4, 'top': 166, 'right': 879, 'bottom': 194} text='' control_type=MenuItem chosen preferred source=main_window
2026-03-18 20:31:25.890 | INFO     | winwatt_automation.live_ui.menu_helpers:_structured_popup_rows_from_snapshots:516 - Popup row dedupe: rect={'left': 4, 'top': 166, 'right': 879, 'bottom': 194} text='' control_type=MenuItem chosen preferred source=main_window dropped source=global_process_scan
2026-03-18 20:31:25.892 | INFO     | winwatt_automation.live_ui.menu_helpers:_structured_popup_rows_from_snapshots:501 - Popup row dedupe: rect={'left': 3, 'top': 183, 'right': 703, 'bottom': 205} text='' control_type=MenuItem chosen preferred source=main_window
2026-03-18 20:31:25.893 | INFO     | winwatt_automation.live_ui.menu_helpers:_structured_popup_rows_from_snapshots:516 - Popup row dedupe: rect={'left': 3, 'top': 183, 'right': 703, 'bottom': 205} text='' control_type=MenuItem chosen preferred source=main_window dropped source=global_process_scan
2026-03-18 20:31:25.894 | INFO     | winwatt_automation.live_ui.menu_helpers:_structured_popup_rows_from_snapshots:501 - Popup row dedupe: rect={'left': 4, 'top': 201, 'right': 879, 'bottom': 229} text='' control_type=MenuItem chosen preferred source=main_window
2026-03-18 20:31:25.897 | INFO     | winwatt_automation.live_ui.menu_helpers:_structured_popup_rows_from_snapshots:516 - Popup row dedupe: rect={'left': 4, 'top': 201, 'right': 879, 'bottom': 229} text='' control_type=MenuItem chosen preferred source=main_window dropped source=global_process_scan
2026-03-18 20:31:25.899 | INFO     | winwatt_automation.live_ui.menu_helpers:_structured_popup_rows_from_snapshots:501 - Popup row dedupe: rect={'left': 3, 'top': 211, 'right': 703, 'bottom': 233} text='' control_type=MenuItem chosen preferred source=main_window
2026-03-18 20:31:25.901 | INFO     | winwatt_automation.live_ui.menu_helpers:_structured_popup_rows_from_snapshots:516 - Popup row dedupe: rect={'left': 3, 'top': 211, 'right': 703, 'bottom': 233} text='' control_type=MenuItem chosen preferred source=main_window dropped source=global_process_scan
2026-03-18 20:31:25.903 | INFO     | winwatt_automation.live_ui.menu_helpers:_structured_popup_rows_from_snapshots:501 - Popup row dedupe: rect={'left': 4, 'top': 229, 'right': 879, 'bottom': 257} text='' control_type=MenuItem chosen preferred source=main_window
2026-03-18 20:31:25.905 | INFO     | winwatt_automation.live_ui.menu_helpers:_structured_popup_rows_from_snapshots:516 - Popup row dedupe: rect={'left': 4, 'top': 229, 'right': 879, 'bottom': 257} text='' control_type=MenuItem chosen preferred source=main_window dropped source=global_process_scan
2026-03-18 20:31:25.907 | INFO     | winwatt_automation.live_ui.menu_helpers:_structured_popup_rows_from_snapshots:501 - Popup row dedupe: rect={'left': 3, 'top': 233, 'right': 703, 'bottom': 255} text='' control_type=MenuItem chosen preferred source=main_window
2026-03-18 20:31:25.909 | INFO     | winwatt_automation.live_ui.menu_helpers:_structured_popup_rows_from_snapshots:516 - Popup row dedupe: rect={'left': 3, 'top': 233, 'right': 703, 'bottom': 255} text='' control_type=MenuItem chosen preferred source=main_window dropped source=global_process_scan
2026-03-18 20:31:25.911 | INFO     | winwatt_automation.live_ui.menu_helpers:_structured_popup_rows_from_snapshots:501 - Popup row dedupe: rect={'left': 3, 'top': 255, 'right': 703, 'bottom': 277} text='' control_type=MenuItem chosen preferred source=main_window
2026-03-18 20:31:25.913 | INFO     | winwatt_automation.live_ui.menu_helpers:_structured_popup_rows_from_snapshots:516 - Popup row dedupe: rect={'left': 3, 'top': 255, 'right': 703, 'bottom': 277} text='' control_type=MenuItem chosen preferred source=main_window dropped source=global_process_scan
2026-03-18 20:31:25.915 | INFO     | winwatt_automation.live_ui.menu_helpers:_structured_popup_rows_from_snapshots:501 - Popup row dedupe: rect={'left': 4, 'top': 264, 'right': 879, 'bottom': 292} text='' control_type=MenuItem chosen preferred source=main_window
2026-03-18 20:31:25.916 | INFO     | winwatt_automation.live_ui.menu_helpers:_structured_popup_rows_from_snapshots:516 - Popup row dedupe: rect={'left': 4, 'top': 264, 'right': 879, 'bottom': 292} text='' control_type=MenuItem chosen preferred source=main_window dropped source=global_process_scan
2026-03-18 20:31:25.917 | INFO     | winwatt_automation.live_ui.menu_helpers:_structured_popup_rows_from_snapshots:501 - Popup row dedupe: rect={'left': 3, 'top': 277, 'right': 703, 'bottom': 299} text='' control_type=MenuItem chosen preferred source=main_window
2026-03-18 20:31:25.920 | INFO     | winwatt_automation.live_ui.menu_helpers:_structured_popup_rows_from_snapshots:516 - Popup row dedupe: rect={'left': 3, 'top': 277, 'right': 703, 'bottom': 299} text='' control_type=MenuItem chosen preferred source=main_window dropped source=global_process_scan
2026-03-18 20:31:25.921 | INFO     | winwatt_automation.live_ui.menu_helpers:_structured_popup_rows_from_snapshots:501 - Popup row dedupe: rect={'left': 4, 'top': 291, 'right': 879, 'bottom': 319} text='' control_type=MenuItem chosen preferred source=main_window
2026-03-18 20:31:25.922 | INFO     | winwatt_automation.live_ui.menu_helpers:_structured_popup_rows_from_snapshots:516 - Popup row dedupe: rect={'left': 4, 'top': 291, 'right': 879, 'bottom': 319} text='' control_type=MenuItem chosen preferred source=main_window dropped source=global_process_scan
2026-03-18 20:31:25.923 | INFO     | winwatt_automation.live_ui.menu_helpers:_structured_popup_rows_from_snapshots:501 - Popup row dedupe: rect={'left': 3, 'top': 299, 'right': 703, 'bottom': 321} text='' control_type=MenuItem chosen preferred source=main_window
2026-03-18 20:31:25.924 | INFO     | winwatt_automation.live_ui.menu_helpers:_structured_popup_rows_from_snapshots:516 - Popup row dedupe: rect={'left': 3, 'top': 299, 'right': 703, 'bottom': 321} text='' control_type=MenuItem chosen preferred source=main_window dropped source=global_process_scan
2026-03-18 20:31:25.926 | INFO     | winwatt_automation.live_ui.menu_helpers:_structured_popup_rows_from_snapshots:501 - Popup row dedupe: rect={'left': 4, 'top': 319, 'right': 879, 'bottom': 347} text='' control_type=MenuItem chosen preferred source=main_window
2026-03-18 20:31:25.929 | INFO     | winwatt_automation.live_ui.menu_helpers:_structured_popup_rows_from_snapshots:516 - Popup row dedupe: rect={'left': 4, 'top': 319, 'right': 879, 'bottom': 347} text='' control_type=MenuItem chosen preferred source=main_window dropped source=global_process_scan
2026-03-18 20:31:25.931 | INFO     | winwatt_automation.live_ui.menu_helpers:_structured_popup_rows_from_snapshots:501 - Popup row dedupe: rect={'left': 3, 'top': 321, 'right': 703, 'bottom': 343} text='' control_type=MenuItem chosen preferred source=main_window
2026-03-18 20:31:25.933 | INFO     | winwatt_automation.live_ui.menu_helpers:_structured_popup_rows_from_snapshots:516 - Popup row dedupe: rect={'left': 3, 'top': 321, 'right': 703, 'bottom': 343} text='' control_type=MenuItem chosen preferred source=main_window dropped source=global_process_scan
2026-03-18 20:31:25.934 | INFO     | winwatt_automation.live_ui.menu_helpers:_structured_popup_rows_from_snapshots:501 - Popup row dedupe: rect={'left': 3, 'top': 343, 'right': 703, 'bottom': 365} text='' control_type=MenuItem chosen preferred source=main_window
2026-03-18 20:31:25.936 | INFO     | winwatt_automation.live_ui.menu_helpers:_structured_popup_rows_from_snapshots:516 - Popup row dedupe: rect={'left': 3, 'top': 343, 'right': 703, 'bottom': 365} text='' control_type=MenuItem chosen preferred source=main_window dropped source=global_process_scan
2026-03-18 20:31:25.937 | INFO     | winwatt_automation.live_ui.menu_helpers:_structured_popup_rows_from_snapshots:501 - Popup row dedupe: rect={'left': 4, 'top': 346, 'right': 879, 'bottom': 374} text='' control_type=MenuItem chosen preferred source=main_window
2026-03-18 20:31:25.938 | INFO     | winwatt_automation.live_ui.menu_helpers:_structured_popup_rows_from_snapshots:516 - Popup row dedupe: rect={'left': 4, 'top': 346, 'right': 879, 'bottom': 374} text='' control_type=MenuItem chosen preferred source=main_window dropped source=global_process_scan
2026-03-18 20:31:25.939 | INFO     | winwatt_automation.live_ui.menu_helpers:_structured_popup_rows_from_snapshots:501 - Popup row dedupe: rect={'left': 3, 'top': 365, 'right': 703, 'bottom': 387} text='' control_type=MenuItem chosen preferred source=main_window
2026-03-18 20:31:25.941 | INFO     | winwatt_automation.live_ui.menu_helpers:_structured_popup_rows_from_snapshots:516 - Popup row dedupe: rect={'left': 3, 'top': 365, 'right': 703, 'bottom': 387} text='' control_type=MenuItem chosen preferred source=main_window dropped source=global_process_scan
2026-03-18 20:31:25.942 | INFO     | winwatt_automation.live_ui.menu_helpers:_structured_popup_rows_from_snapshots:501 - Popup row dedupe: rect={'left': 4, 'top': 374, 'right': 879, 'bottom': 402} text='' control_type=MenuItem chosen preferred source=main_window
2026-03-18 20:31:25.943 | INFO     | winwatt_automation.live_ui.menu_helpers:_structured_popup_rows_from_snapshots:516 - Popup row dedupe: rect={'left': 4, 'top': 374, 'right': 879, 'bottom': 402} text='' control_type=MenuItem chosen preferred source=main_window dropped source=global_process_scan
2026-03-18 20:31:25.944 | INFO     | winwatt_automation.live_ui.menu_helpers:_structured_popup_rows_from_snapshots:501 - Popup row dedupe: rect={'left': 3, 'top': 387, 'right': 703, 'bottom': 409} text='' control_type=MenuItem chosen preferred source=main_window
2026-03-18 20:31:25.946 | INFO     | winwatt_automation.live_ui.menu_helpers:_structured_popup_rows_from_snapshots:516 - Popup row dedupe: rect={'left': 3, 'top': 387, 'right': 703, 'bottom': 409} text='' control_type=MenuItem chosen preferred source=main_window dropped source=global_process_scan
2026-03-18 20:31:25.948 | INFO     | winwatt_automation.live_ui.menu_helpers:_structured_popup_rows_from_snapshots:501 - Popup row dedupe: rect={'left': 4, 'top': 401, 'right': 879, 'bottom': 429} text='' control_type=MenuItem chosen preferred source=main_window
2026-03-18 20:31:25.949 | INFO     | winwatt_automation.live_ui.menu_helpers:_structured_popup_rows_from_snapshots:516 - Popup row dedupe: rect={'left': 4, 'top': 401, 'right': 879, 'bottom': 429} text='' control_type=MenuItem chosen preferred source=main_window dropped source=global_process_scan
2026-03-18 20:31:25.950 | INFO     | winwatt_automation.live_ui.menu_helpers:_structured_popup_rows_from_snapshots:501 - Popup row dedupe: rect={'left': 3, 'top': 415, 'right': 703, 'bottom': 437} text='' control_type=MenuItem chosen preferred source=main_window
2026-03-18 20:31:25.951 | INFO     | winwatt_automation.live_ui.menu_helpers:_structured_popup_rows_from_snapshots:516 - Popup row dedupe: rect={'left': 3, 'top': 415, 'right': 703, 'bottom': 437} text='' control_type=MenuItem chosen preferred source=main_window dropped source=global_process_scan
2026-03-18 20:31:25.952 | INFO     | winwatt_automation.live_ui.menu_helpers:_structured_popup_rows_from_snapshots:501 - Popup row dedupe: rect={'left': 4, 'top': 429, 'right': 879, 'bottom': 457} text='' control_type=MenuItem chosen preferred source=main_window
2026-03-18 20:31:25.953 | INFO     | winwatt_automation.live_ui.menu_helpers:_structured_popup_rows_from_snapshots:516 - Popup row dedupe: rect={'left': 4, 'top': 429, 'right': 879, 'bottom': 457} text='' control_type=MenuItem chosen preferred source=main_window dropped source=global_process_scan
2026-03-18 20:31:25.954 | INFO     | winwatt_automation.live_ui.menu_helpers:_structured_popup_rows_from_snapshots:501 - Popup row dedupe: rect={'left': 4, 'top': 456, 'right': 879, 'bottom': 484} text='' control_type=MenuItem chosen preferred source=main_window
2026-03-18 20:31:25.955 | INFO     | winwatt_automation.live_ui.menu_helpers:_structured_popup_rows_from_snapshots:516 - Popup row dedupe: rect={'left': 4, 'top': 456, 'right': 879, 'bottom': 484} text='' control_type=MenuItem chosen preferred source=main_window dropped source=global_process_scan
2026-03-18 20:31:25.956 | INFO     | winwatt_automation.live_ui.menu_helpers:_structured_popup_rows_from_snapshots:501 - Popup row dedupe: rect={'left': 4, 'top': 484, 'right': 879, 'bottom': 512} text='' control_type=MenuItem chosen preferred source=main_window
2026-03-18 20:31:25.958 | INFO     | winwatt_automation.live_ui.menu_helpers:_structured_popup_rows_from_snapshots:516 - Popup row dedupe: rect={'left': 4, 'top': 484, 'right': 879, 'bottom': 512} text='' control_type=MenuItem chosen preferred source=main_window dropped source=global_process_scan
2026-03-18 20:31:25.959 | INFO     | winwatt_automation.live_ui.menu_helpers:_structured_popup_rows_from_snapshots:501 - Popup row dedupe: rect={'left': 4, 'top': 519, 'right': 879, 'bottom': 547} text='' control_type=MenuItem chosen preferred source=main_window
2026-03-18 20:31:25.960 | INFO     | winwatt_automation.live_ui.menu_helpers:_structured_popup_rows_from_snapshots:516 - Popup row dedupe: rect={'left': 4, 'top': 519, 'right': 879, 'bottom': 547} text='' control_type=MenuItem chosen preferred source=main_window dropped source=global_process_scan
2026-03-18 20:31:25.965 | INFO     | winwatt_automation.live_ui.menu_helpers:_structured_popup_rows_from_snapshots:534 - Structured popup rows: before snapshot row count=14 after snapshot row count=82 structured row count=68 deduped fragment count=34 logical row count=17
2026-03-18 20:31:25.966 | INFO     | winwatt_automation.live_ui.menu_helpers:open_file_menu_and_capture_popup_state:713 - Menu open transitions: before snapshot row count=14 after snapshot row count=82 structured row count=17 top menu clicked more than once=False
2026-03-18 20:31:25.969 | INFO     | winwatt_automation.runtime_mapping.program_mapper:recover_after_project_open:775 - project_open_recovery_start timeout_s=15.0 poll_interval_s=0.25
2026-03-18 20:31:40.914 | INFO     | winwatt_automation.runtime_mapping.program_mapper:recover_after_project_open:785 - project_open_recovery_success
[event] project_open_result: {"dialog_found": false, "error": "Could not locate 'Projekt megnyitás' row in Fájl popup.", "success": false}
[event] project_open_recovery: {"modal_detected": false, "reason": null, "success": true}
2026-03-18 20:32:23.417 | INFO     | winwatt_automation.live_ui.menu_helpers:list_top_menu_items:190 - Top-level menu items (raw): ['Rendszer', 'Fájl', 'Jegyzékek', 'Adatbázis...', 'Beállítások', 'Ablak', 'Súgó']
2026-03-18 20:32:34.253 | INFO     | winwatt_automation.runtime_mapping.program_mapper:get_canonical_top_menu_names:216 - Canonical top-level menus [7]: ['Rendszer', 'Fájl', 'Jegyzékek', 'Adatbázis...', 'Beállítások', 'Ablak', 'Súgó']
2026-03-18 20:33:20.227 | INFO     | winwatt_automation.live_ui.app_connector:ensure_main_window_foreground_before_click:653 - focus_guard precheck action=click_structured_popup_row[0] main_handle=986842 exists=True visible=True enabled=True rect={'left': -10, 'top': -10, 'right': 1930, 'bottom': 1150, 'width': 1940, 'height': 1160}
2026-03-18 20:33:23.801 | INFO     | winwatt_automation.live_ui.app_connector:ensure_main_window_foreground_before_click:672 - focus_guard result action=click_structured_popup_row[0] status=focus_ok
2026-03-18 20:33:23.916 | INFO     | winwatt_automation.live_ui.menu_helpers:click_structured_popup_row:757 - Popup row click: selected row index=0 selected row rectangle={'left': 4, 'top': 56, 'right': 879, 'bottom': 84} top menu clicked more than once=False
2026-03-18 20:34:07.766 | INFO     | winwatt_automation.live_ui.app_connector:ensure_main_window_foreground_before_click:653 - focus_guard precheck action=click_structured_popup_row[0] main_handle=986842 exists=True visible=True enabled=False rect={'left': -10, 'top': -10, 'right': 1930, 'bottom': 1150, 'width': 1940, 'height': 1160}
2026-03-18 20:35:01.417 | INFO     | winwatt_automation.live_ui.menu_helpers:list_top_menu_items:190 - Top-level menu items (raw): ['Rendszer', 'Fájl', 'Jegyzékek', 'Adatbázis...', 'Beállítások', 'Ablak', 'Súgó']
2026-03-18 20:35:29.999 | INFO     | winwatt_automation.live_ui.menu_helpers:list_top_menu_items:190 - Top-level menu items (raw): ['Rendszer', 'Fájl', 'Jegyzékek', 'Adatbázis...', 'Beállítások', 'Ablak', 'Súgó']
2026-03-18 20:35:46.595 | INFO     | winwatt_automation.live_ui.app_connector:ensure_main_window_foreground_before_click:653 - focus_guard precheck action=baseline_restore:project_open:reopen_parent:Rendszer main_handle=986842 exists=True visible=True enabled=False rect={'left': -10, 'top': -10, 'right': 1930, 'bottom': 1150, 'width': 1940, 'height': 1160}
2026-03-18 20:35:56.468 | WARNING  | winwatt_automation.runtime_mapping.program_mapper:restore_clean_menu_baseline:258 - baseline_restore modal_pending state=project_open stage=reopen_parent:Rendszer error=focus_not_restored: main window not ready before action=baseline_restore:project_open:reopen_parent:Rendszer visible=True enabled=False
2026-03-18 20:35:56.470 | INFO     | winwatt_automation.runtime_mapping.program_mapper:recover_after_project_open:775 - project_open_recovery_start timeout_s=15.0 poll_interval_s=0.25
2026-03-18 20:36:20.044 | WARNING  | winwatt_automation.runtime_mapping.program_mapper:recover_after_project_open:792 - project_open_recovery_modal_detected diagnostics={'foreground_window': {'handle': 3609116, 'title': 'Projekt létrehozása', 'class_name': '#32770', 'process_id': 1348}, 'dialog_candidates': [], 'main_window': {'enabled': False, 'visible': True, 'rect': {'left': -10, 'top': -10, 'right': 1930, 'bottom': 1150}, 'title': 'WinWatt gólya', 'class_name': 'TMainForm', 'process_id': 1348, 'handle': None, 'exists': True}}
2026-03-18 20:36:20.047 | INFO     | winwatt_automation.runtime_mapping.program_mapper:_attempt_project_open_modal_close:752 - project_open_recovery_close_attempt method=key name=Esc
2026-03-18 20:36:36.808 | INFO     | winwatt_automation.runtime_mapping.program_mapper:_attempt_project_open_modal_close:760 - project_open_recovery_close_success method=key name=Esc
2026-03-18 20:36:52.884 | ERROR    | winwatt_automation.runtime_mapping.program_mapper:recover_after_project_open:804 - project_open_recovery_failed diagnostics={'foreground_window': {'handle': 4264188, 'title': 'dev_cycle_controller_gui.py - autowinwatt - Visual Studio Code', 'class_name': 'Chrome_WidgetWin_1', 'process_id': 17008}, 'dialog_candidates': [], 'main_window': {'enabled': True, 'visible': True, 'rect': {'left': -10, 'top': -10, 'right': 1930, 'bottom': 1150}, 'title': 'WinWatt gólya', 'class_name': 'TMainForm', 'process_id': 1348, 'handle': None, 'exists': True}}
2026-03-18 20:36:52.886 | ERROR    | winwatt_automation.runtime_mapping.program_mapper:restore_clean_menu_baseline:263 - baseline_restore failed state=project_open stage=reopen_parent:Rendszer error=focus_not_restored: main window not ready before action=baseline_restore:project_open:reopen_parent:Rendszer visible=True enabled=False
2026-03-18 20:37:07.430 | INFO     | winwatt_automation.live_ui.app_connector:ensure_main_window_foreground_before_click:653 - focus_guard precheck action=click_structured_popup_row[1] main_handle=986842 exists=True visible=True enabled=True rect={'left': -10, 'top': -10, 'right': 1930, 'bottom': 1150, 'width': 1940, 'height': 1160}
2026-03-18 20:37:10.625 | INFO     | winwatt_automation.live_ui.app_connector:ensure_main_window_foreground_before_click:672 - focus_guard result action=click_structured_popup_row[1] status=focus_ok
2026-03-18 20:37:10.748 | INFO     | winwatt_automation.live_ui.menu_helpers:click_structured_popup_row:757 - Popup row click: selected row index=1 selected row rectangle={'left': 4, 'top': 84, 'right': 879, 'bottom': 112} top menu clicked more than once=False
2026-03-18 20:38:01.103 | INFO     | winwatt_automation.live_ui.menu_helpers:list_top_menu_items:190 - Top-level menu items (raw): ['Rendszer', 'Fájl', 'Jegyzékek', 'Adatbázis...', 'Beállítások', 'Ablak', 'Súgó']
2026-03-18 20:38:17.919 | INFO     | winwatt_automation.live_ui.app_connector:ensure_main_window_foreground_before_click:653 - focus_guard precheck action=baseline_restore:project_open:reopen_parent:Rendszer main_handle=986842 exists=True visible=True enabled=True rect={'left': -10, 'top': -10, 'right': 1930, 'bottom': 1150, 'width': 1940, 'height': 1160}
2026-03-18 20:38:21.252 | INFO     | winwatt_automation.live_ui.app_connector:ensure_main_window_foreground_before_click:672 - focus_guard result action=baseline_restore:project_open:reopen_parent:Rendszer status=focus_ok
2026-03-18 20:38:43.876 | INFO     | winwatt_automation.live_ui.app_connector:prepare_main_window_for_menu_interaction:499 - Preparing WinWatt window for menu interaction
2026-03-18 20:38:53.856 | INFO     | winwatt_automation.live_ui.app_connector:prepare_main_window_for_menu_interaction:519 - Window state before: maximized
2026-03-18 20:38:56.176 | INFO     | winwatt_automation.live_ui.app_connector:prepare_main_window_for_menu_interaction:540 - Window maximized
2026-03-18 20:38:56.480 | INFO     | winwatt_automation.live_ui.app_connector:prepare_main_window_for_menu_interaction:553 - Focus confirmed
2026-03-18 20:39:10.408 | INFO     | winwatt_automation.live_ui.app_connector:ensure_main_window_foreground_before_click:653 - focus_guard precheck action=click_top_menu_item:Rendszer main_handle=986842 exists=True visible=True enabled=True rect={'left': -10, 'top': -10, 'right': 1930, 'bottom': 1150, 'width': 1940, 'height': 1160}
2026-03-18 20:39:13.640 | INFO     | winwatt_automation.live_ui.app_connector:ensure_main_window_foreground_before_click:672 - focus_guard result action=click_top_menu_item:Rendszer status=focus_ok
2026-03-18 20:39:13.648 | INFO     | winwatt_automation.live_ui.menu_helpers:click_top_menu_item:836 - click_top_menu_item('Rendszer'): foreground_before_click={'handle': 986842, 'title': 'WinWatt gólya', 'class_name': 'TMainForm', 'process_id': 1348}
2026-03-18 20:39:47.772 | ERROR    | winwatt_automation.live_ui.menu_helpers:_validate_not_in_forbidden_top_left_zone:41 - blocked_click_forbidden_zone point=(11, 11) main_left=-10 main_top=-10
2026-03-18 20:39:47.773 | WARNING  | winwatt_automation.live_ui.menu_helpers:click_top_menu_item:851 - Top menu item 'Rendszer' click_input() failed: click_blocked_forbidden_zone
2026-03-18 20:39:47.904 | INFO     | winwatt_automation.live_ui.menu_helpers:_validate_post_menu_open_foreground:47 - post_click_foreground_validation title=Rendszer foreground={'handle': 986842, 'title': 'WinWatt gólya', 'class_name': 'TMainForm', 'process_id': 1348}
2026-03-18 20:40:12.970 | INFO     | winwatt_automation.live_ui.menu_helpers:did_any_new_menu_popup_appear:791 - Menu popup snapshot diff: before=14 after=14 new=0
2026-03-18 20:40:28.062 | INFO     | winwatt_automation.live_ui.app_connector:ensure_main_window_foreground_before_click:653 - focus_guard precheck action=relative_menu_click main_handle=986842 exists=True visible=True enabled=True rect={'left': -10, 'top': -10, 'right': 1930, 'bottom': 1150, 'width': 1940, 'height': 1160}
2026-03-18 20:40:31.621 | INFO     | winwatt_automation.live_ui.app_connector:ensure_main_window_foreground_before_click:672 - focus_guard result action=relative_menu_click status=focus_ok
2026-03-18 20:40:37.229 | ERROR    | winwatt_automation.live_ui.menu_helpers:_validate_not_in_forbidden_top_left_zone:41 - blocked_click_forbidden_zone point=(11, 11) main_left=-10 main_top=-10
2026-03-18 20:40:37.231 | ERROR    | winwatt_automation.runtime_mapping.program_mapper:map_runtime_state:1210 - Top menu mapping failed: Rendszer
Traceback (most recent call last):

  File "<frozen runpy>", line 198, in _run_module_as_main
  File "<frozen runpy>", line 88, in _run_code

  File "C:\Users\dancsg\Documents\GitHub\autowinwatt\winwatt_automation\src\winwatt_automation\scripts\map_full_program.py", line 178, in <module>
    raise SystemExit(main())
                     └ <function main at 0x0000022308B6F950>

  File "C:\Users\dancsg\Documents\GitHub\autowinwatt\winwatt_automation\src\winwatt_automation\scripts\map_full_program.py", line 96, in main
    result = build_full_runtime_program_map(
             └ <function build_full_runtime_program_map at 0x0000022308B6F3D0>

  File "C:\Users\dancsg\Documents\GitHub\autowinwatt\winwatt_automation\src\winwatt_automation\runtime_mapping\program_mapper.py", line 1544, in build_full_runtime_program_map
    state_project_open = map_runtime_state(
                         └ <function map_runtime_state at 0x0000022308B6E350>

> File "C:\Users\dancsg\Documents\GitHub\autowinwatt\winwatt_automation\src\winwatt_automation\runtime_mapping\program_mapper.py", line 1189, in map_runtime_state
    tree, rows, actions, dialogs, windows = explore_menu_tree(
          │                                 └ <function explore_menu_tree at 0x0000022308B6DF30>
          └ []

  File "C:\Users\dancsg\Documents\GitHub\autowinwatt\winwatt_automation\src\winwatt_automation\runtime_mapping\program_mapper.py", line 982, in explore_menu_tree
    active_popup_rows = _reopen_parent_popup_rows(
                        └ <function _reopen_parent_popup_rows at 0x0000022308B6C3B0>

  File "C:\Users\dancsg\Documents\GitHub\autowinwatt\winwatt_automation\src\winwatt_automation\runtime_mapping\program_mapper.py", line 400, in _reopen_parent_popup_rows
    menu_helpers.click_top_menu_item(top_menu)
    │            │                   └ 'Rendszer'
    │            └ <function click_top_menu_item at 0x0000022308B1B740>
    └ <module 'winwatt_automation.live_ui.menu_helpers' from 'C:\\Users\\dancsg\\Documents\\GitHub\\autowinwatt\\winwatt_automation...

  File "C:\Users\dancsg\Documents\GitHub\autowinwatt\winwatt_automation\src\winwatt_automation\live_ui\menu_helpers.py", line 859, in click_top_menu_item
    _click_by_relative_rect_center(item, main_window)
    │                              │     └ <pywinauto.application.WindowSpecification object at 0x0000022309BE87C0>
    │                              └ <uia_controls.MenuItemWrapper - 'Rendszer', MenuItem, -7271237167598413918>
    └ <function _click_by_relative_rect_center at 0x0000022308B1B5E0>

  File "C:\Users\dancsg\Documents\GitHub\autowinwatt\winwatt_automation\src\winwatt_automation\live_ui\menu_helpers.py", line 822, in _click_by_relative_rect_center
    _validate_not_in_forbidden_top_left_zone(main_window, (x, y))
    │                                        │             │  └ 11
    │                                        │             └ 11
    │                                        └ <pywinauto.application.WindowSpecification object at 0x0000022309BE87C0>
    └ <function _validate_not_in_forbidden_top_left_zone at 0x0000022308B18CA0>

  File "C:\Users\dancsg\Documents\GitHub\autowinwatt\winwatt_automation\src\winwatt_automation\live_ui\menu_helpers.py", line 42, in _validate_not_in_forbidden_top_left_zone
    raise RuntimeError("click_blocked_forbidden_zone")

RuntimeError: click_blocked_forbidden_zone
2026-03-18 20:42:55.153 | INFO     | winwatt_automation.live_ui.app_connector:select_main_window:184 - Candidate ranking score=(1, 1, 1, 1, 2250400) data={'title': 'WinWatt gólya', 'window_text': 'WinWatt gólya', 'class_name': 'TMainForm', 'control_type': None, 'process_id': 1348, 'handle': None, 'is_visible': True, 'is_enabled': True, 'rectangle': {'left': -10, 'top': -10, 'right': 1930, 'bottom': 1150, 'width': 1940, 'height': 1160}, 'size': {'width': 1940, 'height': 1160}}
2026-03-18 20:42:55.154 | INFO     | winwatt_automation.live_ui.app_connector:select_main_window:194 - Selected main window process_id=1348 handle=None score=(1, 1, 1, 1, 2250400) reasons=['has_process_id=True', 'has_handle=False', 'visible=True', 'enabled=True', 'title_has_winwatt=True', 'area=2250400']
2026-03-18 20:42:55.157 | INFO     | winwatt_automation.live_ui.app_connector:_connect_with_win32_handle:237 - Connected to WinWatt backend=win32 attach_mode=process candidate={'process_id': 1348, 'handle': None, 'class_name': 'TMainForm', 'title': 'WinWatt gólya'}
2026-03-18 20:42:55.167 | INFO     | winwatt_automation.live_ui.app_connector:_connect_with_win32_handle:251 - Resolved win32 main window after process attach process_id=1348 resolved_handle=None
2026-03-18 20:42:55.169 | INFO     | winwatt_automation.live_ui.app_connector:_resolve_uia_main_window:287 - Connected to WinWatt backend=uia process_id=1348
2026-03-18 20:42:55.170 | INFO     | winwatt_automation.live_ui.app_connector:_resolve_uia_main_window:289 - Resolving main WinWatt window backend=uia class_name=TMainForm title_re=.*WinWatt.*
2026-03-18 20:43:10.512 | INFO     | winwatt_automation.live_ui.app_connector:select_main_window:184 - Candidate ranking score=(1, 1, 1, 1, 2250400) data={'title': 'WinWatt gólya', 'window_text': 'WinWatt gólya', 'class_name': 'TMainForm', 'control_type': None, 'process_id': 1348, 'handle': None, 'is_visible': True, 'is_enabled': True, 'rectangle': {'left': -10, 'top': -10, 'right': 1930, 'bottom': 1150, 'width': 1940, 'height': 1160}, 'size': {'width': 1940, 'height': 1160}}
2026-03-18 20:43:10.513 | INFO     | winwatt_automation.live_ui.app_connector:select_main_window:194 - Selected main window process_id=1348 handle=None score=(1, 1, 1, 1, 2250400) reasons=['has_process_id=True', 'has_handle=False', 'visible=True', 'enabled=True', 'title_has_winwatt=True', 'area=2250400']
2026-03-18 20:43:10.516 | INFO     | winwatt_automation.live_ui.app_connector:_connect_with_win32_handle:237 - Connected to WinWatt backend=win32 attach_mode=process candidate={'process_id': 1348, 'handle': None, 'class_name': 'TMainForm', 'title': 'WinWatt gólya'}
2026-03-18 20:43:10.522 | INFO     | winwatt_automation.live_ui.app_connector:_connect_with_win32_handle:251 - Resolved win32 main window after process attach process_id=1348 resolved_handle=None
2026-03-18 20:43:10.523 | INFO     | winwatt_automation.live_ui.app_connector:_resolve_uia_main_window:287 - Connected to WinWatt backend=uia process_id=1348
2026-03-18 20:43:10.523 | INFO     | winwatt_automation.live_ui.app_connector:_resolve_uia_main_window:289 - Resolving main WinWatt window backend=uia class_name=TMainForm title_re=.*WinWatt.*
[event] state_mapped: {"actions": 1, "dialogs": 0, "state_id": "project_open", "top_menus": 7}
[event] runtime_diff: {"enabled_changes": 0, "project_only_paths": 0, "summary": {"actions_only_in_a": 0, "actions_only_in_b": 1, "enabled_changes": 0, "project_only_paths": 0, "shared_top_menus": 7}}
[event] knowledge_verification: {"baseline_loaded": true, "coverage_pct": 100.0, "covered_known_menu_paths": 0, "current_menu_paths": 0, "known_menu_paths": 0, "missing_dialogs": [], "missing_menu_paths": [], "missing_windows": [], "new_dialogs": [], "new_menu_paths": [], "new_windows": []}
[event] runtime_mapping_summary: {"diff_summary": {"actions_only_in_a": 0, "actions_only_in_b": 1, "enabled_changes": 0, "project_only_paths": 0, "shared_top_menus": 7}, "no_project_top_menus": 7, "project_open_top_menus": 7}

finished_at=2026-03-18T19:44:31.784172+00:00 success=True exit_code=0
