run_id=0025_true_2026-03-18_20-46-02
started_at=2026-03-18T20:46:02.862896+00:00
command=python C:\Users\dancsg\Documents\GitHub\autowinwatt\winwatt_automation\src\winwatt_automation\scripts\map_full_program.py --top-menus Rendszer --safe-mode safe --max-submenu-depth 1 --include-disabled true

2026-03-18 21:46:03.290 | INFO     | winwatt_automation.live_ui.app_connector:select_main_window:185 - Candidate ranking score=(1, 1, 1, 1, 2250400) data={'title': 'WinWatt gólya', 'window_text': 'WinWatt gólya', 'class_name': 'TMainForm', 'control_type': None, 'process_id': 12892, 'handle': None, 'is_visible': True, 'is_enabled': True, 'rectangle': {'left': -10, 'top': -10, 'right': 1930, 'bottom': 1150, 'width': 1940, 'height': 1160}, 'size': {'width': 1940, 'height': 1160}}
2026-03-18 21:46:03.292 | INFO     | winwatt_automation.live_ui.app_connector:select_main_window:195 - Selected main window process_id=12892 handle=None score=(1, 1, 1, 1, 2250400) reasons=['has_process_id=True', 'has_handle=False', 'visible=True', 'enabled=True', 'title_has_winwatt=True', 'area=2250400']
2026-03-18 21:46:03.313 | INFO     | winwatt_automation.live_ui.app_connector:_connect_with_win32_handle:238 - Connected to WinWatt backend=win32 attach_mode=process candidate={'process_id': 12892, 'handle': None, 'class_name': 'TMainForm', 'title': 'WinWatt gólya'}
2026-03-18 21:46:03.317 | INFO     | winwatt_automation.live_ui.app_connector:_connect_with_win32_handle:252 - Resolved win32 main window after process attach process_id=12892 resolved_handle=None
2026-03-18 21:46:03.318 | INFO     | winwatt_automation.live_ui.app_connector:_resolve_uia_main_window:288 - Connected to WinWatt backend=uia process_id=12892
2026-03-18 21:46:03.319 | INFO     | winwatt_automation.live_ui.app_connector:_resolve_uia_main_window:290 - Resolving main WinWatt window backend=uia class_name=TMainForm title_re=.*WinWatt.*
2026-03-18 21:46:06.929 | INFO     | winwatt_automation.live_ui.menu_helpers:list_top_menu_items:251 - Top-level menu items (raw): ['Rendszer', 'Fájl', 'Jegyzékek', 'Adatbázis...', 'Beállítások', 'Ablak', 'Súgó']
2026-03-18 21:46:07.542 | INFO     | winwatt_automation.runtime_mapping.program_mapper:get_canonical_top_menu_names:216 - Canonical top-level menus [7]: ['Rendszer', 'Fájl', 'Jegyzékek', 'Adatbázis...', 'Beállítások', 'Ablak', 'Súgó']
2026-03-18 21:46:10.119 | INFO     | winwatt_automation.live_ui.app_connector:select_main_window:185 - Candidate ranking score=(1, 1, 1, 1, 2250400) data={'title': 'WinWatt gólya', 'window_text': 'WinWatt gólya', 'class_name': 'TMainForm', 'control_type': None, 'process_id': 12892, 'handle': None, 'is_visible': True, 'is_enabled': True, 'rectangle': {'left': -10, 'top': -10, 'right': 1930, 'bottom': 1150, 'width': 1940, 'height': 1160}, 'size': {'width': 1940, 'height': 1160}}
2026-03-18 21:46:10.120 | INFO     | winwatt_automation.live_ui.app_connector:select_main_window:195 - Selected main window process_id=12892 handle=None score=(1, 1, 1, 1, 2250400) reasons=['has_process_id=True', 'has_handle=False', 'visible=True', 'enabled=True', 'title_has_winwatt=True', 'area=2250400']
2026-03-18 21:46:10.120 | INFO     | winwatt_automation.live_ui.app_connector:_connect_with_win32_handle:238 - Connected to WinWatt backend=win32 attach_mode=process candidate={'process_id': 12892, 'handle': None, 'class_name': 'TMainForm', 'title': 'WinWatt gólya'}
2026-03-18 21:46:10.122 | INFO     | winwatt_automation.live_ui.app_connector:_connect_with_win32_handle:252 - Resolved win32 main window after process attach process_id=12892 resolved_handle=None
2026-03-18 21:46:10.122 | INFO     | winwatt_automation.live_ui.app_connector:_resolve_uia_main_window:288 - Connected to WinWatt backend=uia process_id=12892
2026-03-18 21:46:10.122 | INFO     | winwatt_automation.live_ui.app_connector:_resolve_uia_main_window:290 - Resolving main WinWatt window backend=uia class_name=TMainForm title_re=.*WinWatt.*
2026-03-18 21:46:12.787 | WARNING  | winwatt_automation.runtime_mapping.program_mapper:should_restore_clean_menu_baseline:238 - baseline_restore_needed state=no_project stage=after:Rendszer reason=focus_lost
2026-03-18 21:46:13.998 | INFO     | winwatt_automation.live_ui.app_connector:ensure_main_window_foreground_before_click:674 - focus_guard precheck action=baseline_restore:no_project:after:Rendszer main_handle=5964692 exists=True visible=True enabled=True rect={'left': -10, 'top': -10, 'right': 1930, 'bottom': 1150, 'width': 1940, 'height': 1160}
2026-03-18 21:46:16.274 | INFO     | winwatt_automation.live_ui.app_connector:ensure_main_window_foreground_before_click:693 - focus_guard result action=baseline_restore:no_project:after:Rendszer status=focus_ok
[event] state_mapped: {"actions": 0, "dialogs": 0, "state_id": "no_project", "top_menus": 1}
[event] project_open_result: {"dialog_found": false, "error": "Safe mode only allows explicitly approved test project path.", "success": false}
2026-03-18 21:46:29.810 | INFO     | winwatt_automation.live_ui.menu_helpers:list_top_menu_items:251 - Top-level menu items (raw): ['Rendszer', 'Fájl', 'Jegyzékek', 'Adatbázis...', 'Beállítások', 'Ablak', 'Súgó']
2026-03-18 21:46:32.063 | INFO     | winwatt_automation.runtime_mapping.program_mapper:get_canonical_top_menu_names:216 - Canonical top-level menus [7]: ['Rendszer', 'Fájl', 'Jegyzékek', 'Adatbázis...', 'Beállítások', 'Ablak', 'Súgó']
[event] state_mapped: {"actions": 0, "dialogs": 0, "state_id": "project_open", "top_menus": 1}
[event] runtime_diff: {"enabled_changes": 0, "project_only_paths": 0, "summary": {"actions_only_in_a": 0, "actions_only_in_b": 0, "enabled_changes": 0, "project_only_paths": 0, "shared_top_menus": 1}}
[event] knowledge_verification: {"baseline_loaded": true, "coverage_pct": 100.0, "covered_known_menu_paths": 0, "current_menu_paths": 0, "known_menu_paths": 0, "missing_dialogs": [], "missing_menu_paths": [], "missing_windows": [], "new_dialogs": [], "new_menu_paths": [], "new_windows": []}
[event] runtime_mapping_summary: {"diff_summary": {"actions_only_in_a": 0, "actions_only_in_b": 0, "enabled_changes": 0, "project_only_paths": 0, "shared_top_menus": 1}, "no_project_top_menus": 1, "project_open_top_menus": 1}

finished_at=2026-03-18T20:46:35.094833+00:00 success=True exit_code=0
