run_id=0032_true_2026-03-18_22-51-19
started_at=2026-03-18T22:51:19.617532+00:00
command=python C:\Users\dancsg\Documents\GitHub\autowinwatt\winwatt_automation\src\winwatt_automation\scripts\map_full_program.py --top-menus Rendszer --safe-mode off --max-submenu-depth 1 --include-disabled true

2026-03-18 23:51:19.671 | INFO     | winwatt_automation.live_ui.app_connector:get_cached_main_window:502 - DBG_WINWATT_CACHE_GET reason_code=cache_missing_resolving_fresh
2026-03-18 23:51:19.984 | INFO     | winwatt_automation.live_ui.app_connector:_connect_with_win32_handle:228 - DBG_WINWATT_CONNECT_WIN32_CANDIDATES locator=backend=win32 ranked_candidates=[{'rank': 1, 'score': (1, 1, 1, 1, 2250400), 'process_id': 31716, 'handle': None, 'class_name': 'TMainForm', 'title': 'WinWatt gólya', 'visible': True, 'enabled': True}]
2026-03-18 23:51:19.986 | INFO     | winwatt_automation.live_ui.app_connector:select_main_window:190 - Candidate ranking score=(1, 1, 1, 1, 2250400) data={'title': 'WinWatt gólya', 'window_text': 'WinWatt gólya', 'class_name': 'TMainForm', 'control_type': None, 'process_id': 31716, 'handle': None, 'is_visible': True, 'is_enabled': True, 'rectangle': {'left': -10, 'top': -10, 'right': 1930, 'bottom': 1150, 'width': 1940, 'height': 1160}, 'size': {'width': 1940, 'height': 1160}}
2026-03-18 23:51:19.987 | INFO     | winwatt_automation.live_ui.app_connector:select_main_window:200 - Selected main window process_id=31716 handle=None score=(1, 1, 1, 1, 2250400) reasons=['has_process_id=True', 'has_handle=False', 'visible=True', 'enabled=True', 'title_has_winwatt=True', 'area=2250400']
2026-03-18 23:51:19.987 | INFO     | winwatt_automation.live_ui.app_connector:_connect_with_win32_handle:245 - DBG_WINWATT_CONNECT_WIN32_SELECTED selected_payload={'title': 'WinWatt gólya', 'window_text': 'WinWatt gólya', 'class_name': 'TMainForm', 'control_type': None, 'process_id': 31716, 'handle': None, 'is_visible': True, 'is_enabled': True, 'rectangle': {'left': -10, 'top': -10, 'right': 1930, 'bottom': 1150, 'width': 1940, 'height': 1160}, 'size': {'width': 1940, 'height': 1160}} selected_handle_is_none=True
2026-03-18 23:51:20.003 | INFO     | winwatt_automation.live_ui.app_connector:_connect_with_win32_handle:288 - Connected to WinWatt backend=win32 attach_mode=process candidate={'process_id': 31716, 'handle': None, 'class_name': 'TMainForm', 'title': 'WinWatt gólya'}
2026-03-18 23:51:20.005 | INFO     | winwatt_automation.live_ui.app_connector:_connect_with_win32_handle:302 - DBG_WINWATT_CONNECT_WIN32_RESOLVED process_id=31716 resolved_handle=None selected_payload={'title': 'WinWatt gólya', 'window_text': 'WinWatt gólya', 'class_name': 'TMainForm', 'control_type': None, 'process_id': 31716, 'handle': None, 'is_visible': True, 'is_enabled': True, 'rectangle': {'left': -10, 'top': -10, 'right': 1930, 'bottom': 1150, 'width': 1940, 'height': 1160}, 'size': {'width': 1940, 'height': 1160}}
2026-03-18 23:51:20.006 | INFO     | winwatt_automation.live_ui.app_connector:_resolve_uia_main_window:334 - DBG_WINWATT_RESOLVE_UIA_WIN32_SELECTED selected_payload={'title': 'WinWatt gólya', 'window_text': 'WinWatt gólya', 'class_name': 'TMainForm', 'control_type': None, 'process_id': 31716, 'handle': None, 'is_visible': True, 'is_enabled': True, 'rectangle': {'left': -10, 'top': -10, 'right': 1930, 'bottom': 1150, 'width': 1940, 'height': 1160}, 'size': {'width': 1940, 'height': 1160}}
2026-03-18 23:51:20.006 | INFO     | winwatt_automation.live_ui.app_connector:_resolve_uia_main_window:340 - Connected to WinWatt backend=uia process_id=31716
2026-03-18 23:51:20.006 | INFO     | winwatt_automation.live_ui.app_connector:_resolve_uia_main_window:342 - Resolving main WinWatt window backend=uia class_name=TMainForm title_re=.*WinWatt.*
2026-03-18 23:51:20.611 | INFO     | winwatt_automation.live_ui.app_connector:_resolve_uia_main_window:352 - DBG_WINWATT_RESOLVE_UIA_PRIMARY selected_payload={'title': 'WinWatt gólya', 'window_text': 'WinWatt gólya', 'class_name': 'TMainForm', 'control_type': None, 'process_id': 31716, 'handle': None, 'is_visible': True, 'is_enabled': True, 'rectangle': {'left': -10, 'top': -10, 'right': 1930, 'bottom': 1150, 'width': 1940, 'height': 1160}, 'size': {'width': 1940, 'height': 1160}} primary_result={'wrapper_type': 'UIAWrapper', 'handle': 4789224, 'process_id': 31716, 'title': 'WinWatt gólya', 'class_name': 'TMainForm', 'control_type': 'Window'} identity_match_with_win32=None
2026-03-18 23:51:20.823 | INFO     | winwatt_automation.live_ui.app_connector:get_cached_main_window:477 - DBG_WINWATT_CACHE_GET reason_code=cache_reused_without_validation payload={'wrapper_type': 'UIAWrapper', 'handle': 4789224, 'process_id': 31716, 'title': 'WinWatt gólya', 'class_name': 'TMainForm', 'control_type': 'Window'} last_validation_age_s=0.20886759995482862
2026-03-18 23:51:20.824 | INFO     | winwatt_automation.live_ui.app_connector:get_cached_main_window:477 - DBG_WINWATT_CACHE_GET reason_code=cache_reused_without_validation payload={'wrapper_type': 'UIAWrapper', 'handle': 4789224, 'process_id': 31716, 'title': 'WinWatt gólya', 'class_name': 'TMainForm', 'control_type': 'Window'} last_validation_age_s=0.2104770999867469
2026-03-18 23:51:22.658 | INFO     | winwatt_automation.live_ui.menu_helpers:_menu_items:754 - DBG_MENU_ITEMS_SUMMARY total_items=7 visible_items=7 topbar_band=(0, 0, 327, 42) topbar_band_visible_count=7 popup_region_visible_count=0 force_refresh=True handle=4789224
2026-03-18 23:51:23.050 | INFO     | winwatt_automation.live_ui.menu_helpers:list_top_menu_items:792 - Top-level menu items (raw): ['Rendszer', 'Fájl', 'Jegyzékek', 'Adatbázis...', 'Beállítások', 'Ablak', 'Súgó']
2026-03-18 23:51:23.053 | INFO     | winwatt_automation.live_ui.app_connector:get_cached_main_window:477 - DBG_WINWATT_CACHE_GET reason_code=cache_reused_without_validation payload={'wrapper_type': 'UIAWrapper', 'handle': 4789224, 'process_id': 31716, 'title': 'WinWatt gólya', 'class_name': 'TMainForm', 'control_type': 'Window'} last_validation_age_s=2.438878000015393
2026-03-18 23:51:23.054 | INFO     | winwatt_automation.runtime_mapping.program_mapper:get_canonical_top_menu_names:216 - Canonical top-level menus [7]: ['Rendszer', 'Fájl', 'Jegyzékek', 'Adatbázis...', 'Beállítások', 'Ablak', 'Súgó']
2026-03-18 23:51:23.258 | INFO     | winwatt_automation.live_ui.menu_helpers:_system_menu_windows:291 - DBG_WINWATT_SYSTEM_MENU_WINDOW_SCAN visible_system_menu_windows=0 foreground={'handle': 4264188, 'title': 'explore_file_menu.py - autowinwatt - Visual Studio Code', 'class_name': 'Chrome_WidgetWin_1', 'process_id': 17008}
2026-03-18 23:51:23.258 | INFO     | winwatt_automation.live_ui.menu_helpers:_capture_popup_region_rows_for_system_menu:388 - DBG_WINWATT_SYSTEM_MENU_FALLBACK_PATH method=isolated_popup_region_capture
2026-03-18 23:51:23.261 | INFO     | winwatt_automation.live_ui.app_connector:get_cached_main_window_snapshot:525 - DBG_WINWATT_CACHE_SNAPSHOT reason_code=cache_snapshot_reused payload={'wrapper_type': 'UIAWrapper', 'handle': 4789224, 'process_id': 31716, 'title': 'WinWatt gólya', 'class_name': 'TMainForm', 'control_type': 'Window'}
2026-03-18 23:51:24.150 | INFO     | winwatt_automation.live_ui.menu_helpers:_capture_popup_region_rows_for_system_menu:416 - DBG_WINWATT_SYSTEM_MENU_FALLBACK_SNAPSHOT menu_items=7 preliminary_rows=7 topbar_band=(0, 0, 327, 42) foreground={'handle': 4264188, 'title': 'explore_file_menu.py - autowinwatt - Visual Studio Code', 'class_name': 'Chrome_WidgetWin_1', 'process_id': 17008}
2026-03-18 23:51:24.153 | INFO     | winwatt_automation.live_ui.menu_helpers:_log_popup_fragment:205 - DBG_WINWATT_SYSTEM_MENU_FALLBACK_EXCLUDED_TOPBAR source_scope=system_menu_fallback_main_window control_type=MenuItem class_name= text='Rendszer' rectangle={'left': 0, 'top': 0, 'right': 22, 'bottom': 22} center=(11, 11) process_id=31716 native_handle=None topbar_candidate=True popup_candidate=False
2026-03-18 23:51:24.157 | INFO     | winwatt_automation.live_ui.menu_helpers:_log_popup_fragment:205 - DBG_WINWATT_SYSTEM_MENU_FALLBACK_EXCLUDED_TOPBAR source_scope=system_menu_fallback_main_window control_type=MenuItem class_name= text='Fájl' rectangle={'left': 0, 'top': 23, 'right': 32, 'bottom': 42} center=(16, 32) process_id=31716 native_handle=None topbar_candidate=True popup_candidate=False
2026-03-18 23:51:24.166 | INFO     | winwatt_automation.live_ui.menu_helpers:_log_popup_fragment:205 - DBG_WINWATT_SYSTEM_MENU_FALLBACK_EXCLUDED_TOPBAR source_scope=system_menu_fallback_main_window control_type=MenuItem class_name= text='Jegyzékek' rectangle={'left': 32, 'top': 23, 'right': 98, 'bottom': 42} center=(65, 32) process_id=31716 native_handle=None topbar_candidate=True popup_candidate=False
2026-03-18 23:51:24.168 | INFO     | winwatt_automation.live_ui.menu_helpers:_log_popup_fragment:205 - DBG_WINWATT_SYSTEM_MENU_FALLBACK_EXCLUDED_TOPBAR source_scope=system_menu_fallback_main_window control_type=MenuItem class_name= text='Adatbázis...' rectangle={'left': 98, 'top': 23, 'right': 172, 'bottom': 42} center=(135, 32) process_id=31716 native_handle=None topbar_candidate=True popup_candidate=False
2026-03-18 23:51:24.170 | INFO     | winwatt_automation.live_ui.menu_helpers:_log_popup_fragment:205 - DBG_WINWATT_SYSTEM_MENU_FALLBACK_EXCLUDED_TOPBAR source_scope=system_menu_fallback_main_window control_type=MenuItem class_name= text='Beállítások' rectangle={'left': 172, 'top': 23, 'right': 242, 'bottom': 42} center=(207, 32) process_id=31716 native_handle=None topbar_candidate=True popup_candidate=False
2026-03-18 23:51:24.173 | INFO     | winwatt_automation.live_ui.menu_helpers:_log_popup_fragment:205 - DBG_WINWATT_SYSTEM_MENU_FALLBACK_EXCLUDED_TOPBAR source_scope=system_menu_fallback_main_window control_type=MenuItem class_name= text='Ablak' rectangle={'left': 242, 'top': 23, 'right': 286, 'bottom': 42} center=(264, 32) process_id=31716 native_handle=None topbar_candidate=True popup_candidate=False
2026-03-18 23:51:24.177 | INFO     | winwatt_automation.live_ui.menu_helpers:_log_popup_fragment:205 - DBG_WINWATT_SYSTEM_MENU_FALLBACK_EXCLUDED_TOPBAR source_scope=system_menu_fallback_main_window control_type=MenuItem class_name= text='Súgó' rectangle={'left': 286, 'top': 23, 'right': 327, 'bottom': 42} center=(306, 32) process_id=31716 native_handle=None topbar_candidate=True popup_candidate=False
2026-03-18 23:51:24.178 | INFO     | winwatt_automation.live_ui.menu_helpers:_system_menu_fallback_rows_from_popup_region:456 - DBG_WINWATT_SYSTEM_MENU_FALLBACK_SUMMARY snapshot_rows=7 popup_region_candidates=0 excluded_topbar_candidates=7 logical_rows=0 topbar_band=(0, 0, 327, 42) foreground={'handle': 4264188, 'title': 'explore_file_menu.py - autowinwatt - Visual Studio Code', 'class_name': 'Chrome_WidgetWin_1', 'process_id': 17008}
2026-03-18 23:51:24.180 | INFO     | winwatt_automation.live_ui.app_connector:get_cached_main_window:477 - DBG_WINWATT_CACHE_GET reason_code=cache_reused_without_validation payload={'wrapper_type': 'UIAWrapper', 'handle': 4789224, 'process_id': 31716, 'title': 'WinWatt gólya', 'class_name': 'TMainForm', 'control_type': 'Window'} last_validation_age_s=3.5660147999878973
2026-03-18 23:51:24.414 | INFO     | winwatt_automation.live_ui.app_connector:get_cached_main_window:477 - DBG_WINWATT_CACHE_GET reason_code=cache_reused_without_validation payload={'wrapper_type': 'UIAWrapper', 'handle': 4789224, 'process_id': 31716, 'title': 'WinWatt gólya', 'class_name': 'TMainForm', 'control_type': 'Window'} last_validation_age_s=3.798990299925208
2026-03-18 23:51:24.416 | INFO     | winwatt_automation.live_ui.app_connector:get_cached_main_window:477 - DBG_WINWATT_CACHE_GET reason_code=cache_reused_without_validation payload={'wrapper_type': 'UIAWrapper', 'handle': 4789224, 'process_id': 31716, 'title': 'WinWatt gólya', 'class_name': 'TMainForm', 'control_type': 'Window'} last_validation_age_s=3.8017300999490544
2026-03-18 23:51:25.812 | INFO     | winwatt_automation.live_ui.menu_helpers:_menu_items:754 - DBG_MENU_ITEMS_SUMMARY total_items=7 visible_items=7 topbar_band=(0, 0, 327, 42) topbar_band_visible_count=7 popup_region_visible_count=0 force_refresh=True handle=4789224
2026-03-18 23:51:26.201 | INFO     | winwatt_automation.live_ui.menu_helpers:list_top_menu_items:792 - Top-level menu items (raw): ['Rendszer', 'Fájl', 'Jegyzékek', 'Adatbázis...', 'Beállítások', 'Ablak', 'Súgó']
2026-03-18 23:51:26.206 | INFO     | winwatt_automation.live_ui.app_connector:is_winwatt_foreground_context:871 - DBG_WINWATT_FOREGROUND_CONTEXT expected_handle=4789224 expected_process_id=31716 expected_title=WinWatt gólya expected_class_name=TMainForm actual_foreground_handle=4264188 actual_foreground_process_id=17008 actual_foreground_title=explore_file_menu.py - autowinwatt - Visual Studio Code actual_foreground_class_name=Chrome_WidgetWin_1 allow_dialog=True result_reason=no_match
2026-03-18 23:51:26.212 | INFO     | winwatt_automation.live_ui.app_connector:_cached_window_health_status:438 - DBG_WINWATT_CACHE_HEALTH reason_code=foreground_context_failed payload={'wrapper_type': 'UIAWrapper', 'handle': 4789224, 'process_id': 31716, 'title': 'WinWatt gólya', 'class_name': 'TMainForm', 'control_type': 'Window'} foreground={'handle': 4264188, 'title': 'explore_file_menu.py - autowinwatt - Visual Studio Code', 'class_name': 'Chrome_WidgetWin_1', 'process_id': 17008}
2026-03-18 23:51:26.215 | INFO     | winwatt_automation.live_ui.app_connector:get_cached_main_window:500 - DBG_WINWATT_CACHE_GET reason_code=cache_invalid_resolving_fresh payload={'wrapper_type': 'UIAWrapper', 'handle': 4789224, 'process_id': 31716, 'title': 'WinWatt gólya', 'class_name': 'TMainForm', 'control_type': 'Window'} health_reason=foreground_context_failed
2026-03-18 23:51:26.267 | INFO     | winwatt_automation.live_ui.app_connector:_connect_with_win32_handle:228 - DBG_WINWATT_CONNECT_WIN32_CANDIDATES locator=backend=win32 ranked_candidates=[{'rank': 1, 'score': (1, 1, 1, 1, 2250400), 'process_id': 31716, 'handle': None, 'class_name': 'TMainForm', 'title': 'WinWatt gólya', 'visible': True, 'enabled': True}]
2026-03-18 23:51:26.268 | INFO     | winwatt_automation.live_ui.app_connector:select_main_window:190 - Candidate ranking score=(1, 1, 1, 1, 2250400) data={'title': 'WinWatt gólya', 'window_text': 'WinWatt gólya', 'class_name': 'TMainForm', 'control_type': None, 'process_id': 31716, 'handle': None, 'is_visible': True, 'is_enabled': True, 'rectangle': {'left': -10, 'top': -10, 'right': 1930, 'bottom': 1150, 'width': 1940, 'height': 1160}, 'size': {'width': 1940, 'height': 1160}}
2026-03-18 23:51:26.268 | INFO     | winwatt_automation.live_ui.app_connector:select_main_window:200 - Selected main window process_id=31716 handle=None score=(1, 1, 1, 1, 2250400) reasons=['has_process_id=True', 'has_handle=False', 'visible=True', 'enabled=True', 'title_has_winwatt=True', 'area=2250400']
2026-03-18 23:51:26.268 | INFO     | winwatt_automation.live_ui.app_connector:_connect_with_win32_handle:245 - DBG_WINWATT_CONNECT_WIN32_SELECTED selected_payload={'title': 'WinWatt gólya', 'window_text': 'WinWatt gólya', 'class_name': 'TMainForm', 'control_type': None, 'process_id': 31716, 'handle': None, 'is_visible': True, 'is_enabled': True, 'rectangle': {'left': -10, 'top': -10, 'right': 1930, 'bottom': 1150, 'width': 1940, 'height': 1160}, 'size': {'width': 1940, 'height': 1160}} selected_handle_is_none=True
2026-03-18 23:51:26.269 | INFO     | winwatt_automation.live_ui.app_connector:_connect_with_win32_handle:288 - Connected to WinWatt backend=win32 attach_mode=process candidate={'process_id': 31716, 'handle': None, 'class_name': 'TMainForm', 'title': 'WinWatt gólya'}
2026-03-18 23:51:26.271 | INFO     | winwatt_automation.live_ui.app_connector:_connect_with_win32_handle:302 - DBG_WINWATT_CONNECT_WIN32_RESOLVED process_id=31716 resolved_handle=None selected_payload={'title': 'WinWatt gólya', 'window_text': 'WinWatt gólya', 'class_name': 'TMainForm', 'control_type': None, 'process_id': 31716, 'handle': None, 'is_visible': True, 'is_enabled': True, 'rectangle': {'left': -10, 'top': -10, 'right': 1930, 'bottom': 1150, 'width': 1940, 'height': 1160}, 'size': {'width': 1940, 'height': 1160}}
2026-03-18 23:51:26.271 | INFO     | winwatt_automation.live_ui.app_connector:_resolve_uia_main_window:334 - DBG_WINWATT_RESOLVE_UIA_WIN32_SELECTED selected_payload={'title': 'WinWatt gólya', 'window_text': 'WinWatt gólya', 'class_name': 'TMainForm', 'control_type': None, 'process_id': 31716, 'handle': None, 'is_visible': True, 'is_enabled': True, 'rectangle': {'left': -10, 'top': -10, 'right': 1930, 'bottom': 1150, 'width': 1940, 'height': 1160}, 'size': {'width': 1940, 'height': 1160}}
2026-03-18 23:51:26.272 | INFO     | winwatt_automation.live_ui.app_connector:_resolve_uia_main_window:340 - Connected to WinWatt backend=uia process_id=31716
2026-03-18 23:51:26.272 | INFO     | winwatt_automation.live_ui.app_connector:_resolve_uia_main_window:342 - Resolving main WinWatt window backend=uia class_name=TMainForm title_re=.*WinWatt.*
2026-03-18 23:51:26.631 | INFO     | winwatt_automation.live_ui.app_connector:_resolve_uia_main_window:352 - DBG_WINWATT_RESOLVE_UIA_PRIMARY selected_payload={'title': 'WinWatt gólya', 'window_text': 'WinWatt gólya', 'class_name': 'TMainForm', 'control_type': None, 'process_id': 31716, 'handle': None, 'is_visible': True, 'is_enabled': True, 'rectangle': {'left': -10, 'top': -10, 'right': 1930, 'bottom': 1150, 'width': 1940, 'height': 1160}, 'size': {'width': 1940, 'height': 1160}} primary_result={'wrapper_type': 'UIAWrapper', 'handle': 4789224, 'process_id': 31716, 'title': 'WinWatt gólya', 'class_name': 'TMainForm', 'control_type': 'Window'} identity_match_with_win32=None
2026-03-18 23:51:26.633 | INFO     | winwatt_automation.live_ui.app_connector:get_cached_main_window:477 - DBG_WINWATT_CACHE_GET reason_code=cache_reused_without_validation payload={'wrapper_type': 'UIAWrapper', 'handle': 4789224, 'process_id': 31716, 'title': 'WinWatt gólya', 'class_name': 'TMainForm', 'control_type': 'Window'} last_validation_age_s=6.200047209858894e-06
2026-03-18 23:51:26.636 | INFO     | winwatt_automation.live_ui.app_connector:ensure_main_window_foreground_before_click:902 - DBG_WINWATT_FOCUS_GUARD_PRECHECK action_label=open_system_menu wrapper_type=UIAWrapper cached_handle=4789224 cached_pid=31716 cached_title=WinWatt gólya cached_class=TMainForm precheck_exists=False precheck_visible=True precheck_enabled=True rect={'left': -10, 'top': -10, 'right': 1930, 'bottom': 1150, 'width': 1940, 'height': 1160}
2026-03-18 23:51:26.637 | ERROR    | winwatt_automation.runtime_mapping.program_mapper:map_runtime_state:1318 - Top menu mapping failed: Rendszer
Traceback (most recent call last):

  File "<frozen runpy>", line 198, in _run_module_as_main
  File "<frozen runpy>", line 88, in _run_code

  File "C:\Users\dancsg\Documents\GitHub\autowinwatt\winwatt_automation\src\winwatt_automation\scripts\map_full_program.py", line 178, in <module>
    raise SystemExit(main())
                     └ <function main at 0x0000027176BCB5E0>

  File "C:\Users\dancsg\Documents\GitHub\autowinwatt\winwatt_automation\src\winwatt_automation\scripts\map_full_program.py", line 96, in main
    result = build_full_runtime_program_map(
             └ <function build_full_runtime_program_map at 0x0000027176BCB060>

  File "C:\Users\dancsg\Documents\GitHub\autowinwatt\winwatt_automation\src\winwatt_automation\runtime_mapping\program_mapper.py", line 1592, in build_full_runtime_program_map
    state_no_project = map_runtime_state(
                       └ <function map_runtime_state at 0x0000027176BC9FE0>

> File "C:\Users\dancsg\Documents\GitHub\autowinwatt\winwatt_automation\src\winwatt_automation\runtime_mapping\program_mapper.py", line 1297, in map_runtime_state
    tree, rows, actions, dialogs, windows = explore_menu_tree(
          │                                 └ <function explore_menu_tree at 0x0000027176BC9BC0>
          └ []

  File "C:\Users\dancsg\Documents\GitHub\autowinwatt\winwatt_automation\src\winwatt_automation\runtime_mapping\program_mapper.py", line 999, in explore_menu_tree
    popup_rows, top_transition = _open_and_capture_root_menu(state_id=state_id, top_menu=top_menu)
    │                            │                                    │                  └ 'Rendszer'
    │                            │                                    └ 'no_project'
    │                            └ <function _open_and_capture_root_menu at 0x0000027176BB3CC0>
    └ []

  File "C:\Users\dancsg\Documents\GitHub\autowinwatt\winwatt_automation\src\winwatt_automation\runtime_mapping\program_mapper.py", line 433, in _open_and_capture_root_menu
    menu_helpers.open_system_menu(main_window)
    │            │                └ <uiawrapper.UIAWrapper - 'WinWatt gólya', Dialog, -1093641373967833161>
    │            └ <function open_system_menu at 0x0000027176B53690>
    └ <module 'winwatt_automation.live_ui.menu_helpers' from 'C:\\Users\\dancsg\\Documents\\GitHub\\autowinwatt\\winwatt_automation...

  File "C:\Users\dancsg\Documents\GitHub\autowinwatt\winwatt_automation\src\winwatt_automation\live_ui\menu_helpers.py", line 469, in open_system_menu
    ensure_main_window_foreground_before_click(action_label="open_system_menu")
    └ <function ensure_main_window_foreground_before_click at 0x0000027176B11640>

  File "C:\Users\dancsg\Documents\GitHub\autowinwatt\winwatt_automation\src\winwatt_automation\live_ui\app_connector.py", line 916, in ensure_main_window_foreground_before_click
    raise RuntimeError(f"focus_not_restored: main window no longer exists before action={action_label}")
                                                                                         └ 'open_system_menu'

RuntimeError: focus_not_restored: main window no longer exists before action=open_system_menu
2026-03-18 23:51:26.650 | INFO     | winwatt_automation.live_ui.app_connector:get_cached_main_window:477 - DBG_WINWATT_CACHE_GET reason_code=cache_reused_without_validation payload={'wrapper_type': 'UIAWrapper', 'handle': 4789224, 'process_id': 31716, 'title': 'WinWatt gólya', 'class_name': 'TMainForm', 'control_type': 'Window'} last_validation_age_s=0.01733319996856153
2026-03-18 23:51:26.651 | INFO     | winwatt_automation.live_ui.app_connector:ensure_main_window_foreground_before_click:902 - DBG_WINWATT_FOCUS_GUARD_PRECHECK action_label=baseline_restore:no_project:recover_after_exception:Rendszer wrapper_type=UIAWrapper cached_handle=4789224 cached_pid=31716 cached_title=WinWatt gólya cached_class=TMainForm precheck_exists=False precheck_visible=True precheck_enabled=True rect={'left': -10, 'top': -10, 'right': 1930, 'bottom': 1150, 'width': 1940, 'height': 1160}
2026-03-18 23:51:26.653 | INFO     | winwatt_automation.live_ui.app_connector:get_cached_main_window:477 - DBG_WINWATT_CACHE_GET reason_code=cache_reused_without_validation payload={'wrapper_type': 'UIAWrapper', 'handle': 4789224, 'process_id': 31716, 'title': 'WinWatt gólya', 'class_name': 'TMainForm', 'control_type': 'Window'} last_validation_age_s=0.020229600020684302
2026-03-18 23:51:26.654 | ERROR    | winwatt_automation.runtime_mapping.program_mapper:restore_clean_menu_baseline:266 - baseline_restore failed state=no_project stage=recover_after_exception:Rendszer error=focus_not_restored: main window no longer exists before action=baseline_restore:no_project:recover_after_exception:Rendszer
2026-03-18 23:51:26.654 | ERROR    | winwatt_automation.runtime_mapping.program_mapper:map_runtime_state:1349 - unrecoverable main window loss during top menu state=no_project top_menu=Rendszer
[event] state_mapped: {"actions": 1, "dialogs": 0, "state_id": "no_project", "top_menus": 1}
2026-03-18 23:51:26.662 | INFO     | winwatt_automation.live_ui.app_connector:get_cached_main_window:477 - DBG_WINWATT_CACHE_GET reason_code=cache_reused_without_validation payload={'wrapper_type': 'UIAWrapper', 'handle': 4789224, 'process_id': 31716, 'title': 'WinWatt gólya', 'class_name': 'TMainForm', 'control_type': 'Window'} last_validation_age_s=0.0266645000083372
2026-03-18 23:51:26.936 | INFO     | winwatt_automation.live_ui.app_connector:get_cached_main_window:477 - DBG_WINWATT_CACHE_GET reason_code=cache_reused_without_validation payload={'wrapper_type': 'UIAWrapper', 'handle': 4789224, 'process_id': 31716, 'title': 'WinWatt gólya', 'class_name': 'TMainForm', 'control_type': 'Window'} last_validation_age_s=0.30000859999563545
2026-03-18 23:51:26.939 | INFO     | winwatt_automation.live_ui.app_connector:get_cached_main_window:477 - DBG_WINWATT_CACHE_GET reason_code=cache_reused_without_validation payload={'wrapper_type': 'UIAWrapper', 'handle': 4789224, 'process_id': 31716, 'title': 'WinWatt gólya', 'class_name': 'TMainForm', 'control_type': 'Window'} last_validation_age_s=0.3048039999557659
2026-03-18 23:51:28.617 | INFO     | winwatt_automation.live_ui.menu_helpers:_menu_items:754 - DBG_MENU_ITEMS_SUMMARY total_items=7 visible_items=7 topbar_band=(0, 0, 327, 42) topbar_band_visible_count=7 popup_region_visible_count=0 force_refresh=True handle=4789224
2026-03-18 23:51:29.306 | INFO     | winwatt_automation.live_ui.menu_helpers:list_top_menu_items:792 - Top-level menu items (raw): ['Rendszer', 'Fájl', 'Jegyzékek', 'Adatbázis...', 'Beállítások', 'Ablak', 'Súgó']
2026-03-18 23:51:29.307 | INFO     | winwatt_automation.live_ui.app_connector:prepare_main_window_for_menu_interaction:718 - Preparing WinWatt window for menu interaction
2026-03-18 23:51:29.310 | INFO     | winwatt_automation.live_ui.app_connector:get_cached_main_window:477 - DBG_WINWATT_CACHE_GET reason_code=cache_reused_without_validation payload={'wrapper_type': 'UIAWrapper', 'handle': 4789224, 'process_id': 31716, 'title': 'WinWatt gólya', 'class_name': 'TMainForm', 'control_type': 'Window'} last_validation_age_s=2.6760644000023603
2026-03-18 23:51:29.315 | INFO     | winwatt_automation.live_ui.app_connector:prepare_main_window_for_menu_interaction:738 - Window state before: maximized
2026-03-18 23:51:29.371 | INFO     | winwatt_automation.live_ui.app_connector:prepare_main_window_for_menu_interaction:759 - Window maximized
2026-03-18 23:51:29.375 | INFO     | winwatt_automation.live_ui.app_connector:prepare_main_window_for_menu_interaction:768 - Focus confirmed
2026-03-18 23:51:29.387 | INFO     | winwatt_automation.live_ui.app_connector:get_cached_main_window:477 - DBG_WINWATT_CACHE_GET reason_code=cache_reused_without_validation payload={'wrapper_type': 'UIAWrapper', 'handle': 4789224, 'process_id': 31716, 'title': 'WinWatt gólya', 'class_name': 'TMainForm', 'control_type': 'Window'} last_validation_age_s=2.7505882000550628
2026-03-18 23:51:29.390 | INFO     | winwatt_automation.live_ui.app_connector:ensure_main_window_foreground_before_click:902 - DBG_WINWATT_FOCUS_GUARD_PRECHECK action_label=open_file_menu wrapper_type=UIAWrapper cached_handle=4789224 cached_pid=31716 cached_title=WinWatt gólya cached_class=TMainForm precheck_exists=False precheck_visible=True precheck_enabled=True rect={'left': -10, 'top': -10, 'right': 1930, 'bottom': 1150, 'width': 1940, 'height': 1160}
2026-03-18 23:51:29.390 | INFO     | winwatt_automation.runtime_mapping.program_mapper:recover_after_project_open:857 - project_open_recovery_start timeout_s=15.0 poll_interval_s=0.25
2026-03-18 23:51:29.394 | INFO     | winwatt_automation.live_ui.app_connector:get_cached_main_window:477 - DBG_WINWATT_CACHE_GET reason_code=cache_reused_without_validation payload={'wrapper_type': 'UIAWrapper', 'handle': 4789224, 'process_id': 31716, 'title': 'WinWatt gólya', 'class_name': 'TMainForm', 'control_type': 'Window'} last_validation_age_s=2.758936999947764
2026-03-18 23:51:29.396 | INFO     | winwatt_automation.runtime_mapping.program_mapper:recover_after_project_open:868 - project_open_recovery_success
[event] project_open_result: {"dialog_found": false, "error": "Could not locate 'Projekt megnyitás' row in Fájl popup.", "success": false}
[event] project_open_recovery: {"modal_detected": false, "reason": "main_window_ready", "success": true}
2026-03-18 23:51:29.843 | INFO     | winwatt_automation.live_ui.app_connector:get_cached_main_window:477 - DBG_WINWATT_CACHE_GET reason_code=cache_reused_without_validation payload={'wrapper_type': 'UIAWrapper', 'handle': 4789224, 'process_id': 31716, 'title': 'WinWatt gólya', 'class_name': 'TMainForm', 'control_type': 'Window'} last_validation_age_s=3.2058887999737635
2026-03-18 23:51:30.267 | INFO     | winwatt_automation.live_ui.app_connector:get_cached_main_window:477 - DBG_WINWATT_CACHE_GET reason_code=cache_reused_without_validation payload={'wrapper_type': 'UIAWrapper', 'handle': 4789224, 'process_id': 31716, 'title': 'WinWatt gólya', 'class_name': 'TMainForm', 'control_type': 'Window'} last_validation_age_s=3.6333473999984562
2026-03-18 23:51:30.269 | INFO     | winwatt_automation.live_ui.app_connector:get_cached_main_window:477 - DBG_WINWATT_CACHE_GET reason_code=cache_reused_without_validation payload={'wrapper_type': 'UIAWrapper', 'handle': 4789224, 'process_id': 31716, 'title': 'WinWatt gólya', 'class_name': 'TMainForm', 'control_type': 'Window'} last_validation_age_s=3.6359316000016406
2026-03-18 23:51:31.670 | INFO     | winwatt_automation.live_ui.menu_helpers:_menu_items:754 - DBG_MENU_ITEMS_SUMMARY total_items=7 visible_items=7 topbar_band=(0, 0, 327, 42) topbar_band_visible_count=7 popup_region_visible_count=0 force_refresh=True handle=4789224
2026-03-18 23:51:32.103 | INFO     | winwatt_automation.live_ui.menu_helpers:list_top_menu_items:792 - Top-level menu items (raw): ['Rendszer', 'Fájl', 'Jegyzékek', 'Adatbázis...', 'Beállítások', 'Ablak', 'Súgó']
2026-03-18 23:51:32.107 | INFO     | winwatt_automation.live_ui.app_connector:is_winwatt_foreground_context:871 - DBG_WINWATT_FOREGROUND_CONTEXT expected_handle=4789224 expected_process_id=31716 expected_title=WinWatt gólya expected_class_name=TMainForm actual_foreground_handle=4789224 actual_foreground_process_id=31716 actual_foreground_title=WinWatt gólya actual_foreground_class_name=TMainForm allow_dialog=True result_reason=handle_match
2026-03-18 23:51:32.110 | INFO     | winwatt_automation.live_ui.app_connector:_cached_window_health_status:441 - DBG_WINWATT_CACHE_HEALTH reason_code=healthy payload={'wrapper_type': 'UIAWrapper', 'handle': 4789224, 'process_id': 31716, 'title': 'WinWatt gólya', 'class_name': 'TMainForm', 'control_type': 'Window'}
2026-03-18 23:51:32.114 | INFO     | winwatt_automation.live_ui.app_connector:get_cached_main_window:484 - DBG_WINWATT_CACHE_GET reason_code=cache_validated_ok payload={'wrapper_type': 'UIAWrapper', 'handle': 4789224, 'process_id': 31716, 'title': 'WinWatt gólya', 'class_name': 'TMainForm', 'control_type': 'Window'} last_validation_age_s=5.472283700015396
2026-03-18 23:51:32.115 | INFO     | winwatt_automation.runtime_mapping.program_mapper:get_canonical_top_menu_names:216 - Canonical top-level menus [7]: ['Rendszer', 'Fájl', 'Jegyzékek', 'Adatbázis...', 'Beállítások', 'Ablak', 'Súgó']
2026-03-18 23:51:32.488 | INFO     | winwatt_automation.live_ui.menu_helpers:_system_menu_windows:291 - DBG_WINWATT_SYSTEM_MENU_WINDOW_SCAN visible_system_menu_windows=0 foreground={'handle': 4789224, 'title': 'WinWatt gólya', 'class_name': 'TMainForm', 'process_id': 31716}
2026-03-18 23:51:32.489 | INFO     | winwatt_automation.live_ui.menu_helpers:_capture_popup_region_rows_for_system_menu:388 - DBG_WINWATT_SYSTEM_MENU_FALLBACK_PATH method=isolated_popup_region_capture
2026-03-18 23:51:32.492 | INFO     | winwatt_automation.live_ui.app_connector:get_cached_main_window_snapshot:525 - DBG_WINWATT_CACHE_SNAPSHOT reason_code=cache_snapshot_reused payload={'wrapper_type': 'UIAWrapper', 'handle': 4789224, 'process_id': 31716, 'title': 'WinWatt gólya', 'class_name': 'TMainForm', 'control_type': 'Window'}
2026-03-18 23:51:34.070 | INFO     | winwatt_automation.live_ui.menu_helpers:_capture_popup_region_rows_for_system_menu:416 - DBG_WINWATT_SYSTEM_MENU_FALLBACK_SNAPSHOT menu_items=7 preliminary_rows=7 topbar_band=(0, 0, 327, 42) foreground={'handle': 4789224, 'title': 'WinWatt gólya', 'class_name': 'TMainForm', 'process_id': 31716}
2026-03-18 23:51:34.079 | INFO     | winwatt_automation.live_ui.menu_helpers:_log_popup_fragment:205 - DBG_WINWATT_SYSTEM_MENU_FALLBACK_EXCLUDED_TOPBAR source_scope=system_menu_fallback_main_window control_type=MenuItem class_name= text='Rendszer' rectangle={'left': 0, 'top': 0, 'right': 22, 'bottom': 22} center=(11, 11) process_id=31716 native_handle=None topbar_candidate=True popup_candidate=False
2026-03-18 23:51:34.102 | INFO     | winwatt_automation.live_ui.menu_helpers:_log_popup_fragment:205 - DBG_WINWATT_SYSTEM_MENU_FALLBACK_EXCLUDED_TOPBAR source_scope=system_menu_fallback_main_window control_type=MenuItem class_name= text='Fájl' rectangle={'left': 0, 'top': 23, 'right': 32, 'bottom': 42} center=(16, 32) process_id=31716 native_handle=None topbar_candidate=True popup_candidate=False
2026-03-18 23:51:34.112 | INFO     | winwatt_automation.live_ui.menu_helpers:_log_popup_fragment:205 - DBG_WINWATT_SYSTEM_MENU_FALLBACK_EXCLUDED_TOPBAR source_scope=system_menu_fallback_main_window control_type=MenuItem class_name= text='Jegyzékek' rectangle={'left': 32, 'top': 23, 'right': 98, 'bottom': 42} center=(65, 32) process_id=31716 native_handle=None topbar_candidate=True popup_candidate=False
2026-03-18 23:51:34.121 | INFO     | winwatt_automation.live_ui.menu_helpers:_log_popup_fragment:205 - DBG_WINWATT_SYSTEM_MENU_FALLBACK_EXCLUDED_TOPBAR source_scope=system_menu_fallback_main_window control_type=MenuItem class_name= text='Adatbázis...' rectangle={'left': 98, 'top': 23, 'right': 172, 'bottom': 42} center=(135, 32) process_id=31716 native_handle=None topbar_candidate=True popup_candidate=False
2026-03-18 23:51:34.131 | INFO     | winwatt_automation.live_ui.menu_helpers:_log_popup_fragment:205 - DBG_WINWATT_SYSTEM_MENU_FALLBACK_EXCLUDED_TOPBAR source_scope=system_menu_fallback_main_window control_type=MenuItem class_name= text='Beállítások' rectangle={'left': 172, 'top': 23, 'right': 242, 'bottom': 42} center=(207, 32) process_id=31716 native_handle=None topbar_candidate=True popup_candidate=False
2026-03-18 23:51:34.143 | INFO     | winwatt_automation.live_ui.menu_helpers:_log_popup_fragment:205 - DBG_WINWATT_SYSTEM_MENU_FALLBACK_EXCLUDED_TOPBAR source_scope=system_menu_fallback_main_window control_type=MenuItem class_name= text='Ablak' rectangle={'left': 242, 'top': 23, 'right': 286, 'bottom': 42} center=(264, 32) process_id=31716 native_handle=None topbar_candidate=True popup_candidate=False
2026-03-18 23:51:34.149 | INFO     | winwatt_automation.live_ui.menu_helpers:_log_popup_fragment:205 - DBG_WINWATT_SYSTEM_MENU_FALLBACK_EXCLUDED_TOPBAR source_scope=system_menu_fallback_main_window control_type=MenuItem class_name= text='Súgó' rectangle={'left': 286, 'top': 23, 'right': 327, 'bottom': 42} center=(306, 32) process_id=31716 native_handle=None topbar_candidate=True popup_candidate=False
2026-03-18 23:51:34.153 | INFO     | winwatt_automation.live_ui.menu_helpers:_system_menu_fallback_rows_from_popup_region:456 - DBG_WINWATT_SYSTEM_MENU_FALLBACK_SUMMARY snapshot_rows=7 popup_region_candidates=0 excluded_topbar_candidates=7 logical_rows=0 topbar_band=(0, 0, 327, 42) foreground={'handle': 4789224, 'title': 'WinWatt gólya', 'class_name': 'TMainForm', 'process_id': 31716}
2026-03-18 23:51:34.162 | INFO     | winwatt_automation.live_ui.app_connector:get_cached_main_window:477 - DBG_WINWATT_CACHE_GET reason_code=cache_reused_without_validation payload={'wrapper_type': 'UIAWrapper', 'handle': 4789224, 'process_id': 31716, 'title': 'WinWatt gólya', 'class_name': 'TMainForm', 'control_type': 'Window'} last_validation_age_s=2.0506140999495983
2026-03-18 23:51:34.619 | INFO     | winwatt_automation.live_ui.app_connector:get_cached_main_window:477 - DBG_WINWATT_CACHE_GET reason_code=cache_reused_without_validation payload={'wrapper_type': 'UIAWrapper', 'handle': 4789224, 'process_id': 31716, 'title': 'WinWatt gólya', 'class_name': 'TMainForm', 'control_type': 'Window'} last_validation_age_s=2.5131364000262693
2026-03-18 23:51:34.623 | INFO     | winwatt_automation.live_ui.app_connector:get_cached_main_window:477 - DBG_WINWATT_CACHE_GET reason_code=cache_reused_without_validation payload={'wrapper_type': 'UIAWrapper', 'handle': 4789224, 'process_id': 31716, 'title': 'WinWatt gólya', 'class_name': 'TMainForm', 'control_type': 'Window'} last_validation_age_s=2.5160175999626517
2026-03-18 23:51:37.006 | INFO     | winwatt_automation.live_ui.menu_helpers:_menu_items:754 - DBG_MENU_ITEMS_SUMMARY total_items=7 visible_items=7 topbar_band=(0, 0, 327, 42) topbar_band_visible_count=7 popup_region_visible_count=0 force_refresh=True handle=4789224
2026-03-18 23:51:37.602 | INFO     | winwatt_automation.live_ui.menu_helpers:list_top_menu_items:792 - Top-level menu items (raw): ['Rendszer', 'Fájl', 'Jegyzékek', 'Adatbázis...', 'Beállítások', 'Ablak', 'Súgó']
2026-03-18 23:51:37.610 | INFO     | winwatt_automation.live_ui.app_connector:is_winwatt_foreground_context:871 - DBG_WINWATT_FOREGROUND_CONTEXT expected_handle=4789224 expected_process_id=31716 expected_title=WinWatt gólya expected_class_name=TMainForm actual_foreground_handle=4789224 actual_foreground_process_id=31716 actual_foreground_title=WinWatt gólya actual_foreground_class_name=TMainForm allow_dialog=True result_reason=handle_match
2026-03-18 23:51:37.614 | INFO     | winwatt_automation.live_ui.app_connector:_cached_window_health_status:441 - DBG_WINWATT_CACHE_HEALTH reason_code=healthy payload={'wrapper_type': 'UIAWrapper', 'handle': 4789224, 'process_id': 31716, 'title': 'WinWatt gólya', 'class_name': 'TMainForm', 'control_type': 'Window'}
2026-03-18 23:51:37.618 | INFO     | winwatt_automation.live_ui.app_connector:get_cached_main_window:484 - DBG_WINWATT_CACHE_GET reason_code=cache_validated_ok payload={'wrapper_type': 'UIAWrapper', 'handle': 4789224, 'process_id': 31716, 'title': 'WinWatt gólya', 'class_name': 'TMainForm', 'control_type': 'Window'} last_validation_age_s=5.500160299940035
2026-03-18 23:51:37.622 | INFO     | winwatt_automation.live_ui.app_connector:get_cached_main_window:477 - DBG_WINWATT_CACHE_GET reason_code=cache_reused_without_validation payload={'wrapper_type': 'UIAWrapper', 'handle': 4789224, 'process_id': 31716, 'title': 'WinWatt gólya', 'class_name': 'TMainForm', 'control_type': 'Window'} last_validation_age_s=0.01510650001000613
2026-03-18 23:51:37.627 | INFO     | winwatt_automation.live_ui.app_connector:ensure_main_window_foreground_before_click:902 - DBG_WINWATT_FOCUS_GUARD_PRECHECK action_label=open_system_menu wrapper_type=UIAWrapper cached_handle=4789224 cached_pid=31716 cached_title=WinWatt gólya cached_class=TMainForm precheck_exists=False precheck_visible=True precheck_enabled=True rect={'left': -10, 'top': -10, 'right': 1930, 'bottom': 1150, 'width': 1940, 'height': 1160}
2026-03-18 23:51:37.629 | ERROR    | winwatt_automation.runtime_mapping.program_mapper:map_runtime_state:1318 - Top menu mapping failed: Rendszer
Traceback (most recent call last):

  File "<frozen runpy>", line 198, in _run_module_as_main
  File "<frozen runpy>", line 88, in _run_code

  File "C:\Users\dancsg\Documents\GitHub\autowinwatt\winwatt_automation\src\winwatt_automation\scripts\map_full_program.py", line 178, in <module>
    raise SystemExit(main())
                     └ <function main at 0x0000027176BCB5E0>

  File "C:\Users\dancsg\Documents\GitHub\autowinwatt\winwatt_automation\src\winwatt_automation\scripts\map_full_program.py", line 96, in main
    result = build_full_runtime_program_map(
             └ <function build_full_runtime_program_map at 0x0000027176BCB060>

  File "C:\Users\dancsg\Documents\GitHub\autowinwatt\winwatt_automation\src\winwatt_automation\runtime_mapping\program_mapper.py", line 1652, in build_full_runtime_program_map
    state_project_open = map_runtime_state(
                         └ <function map_runtime_state at 0x0000027176BC9FE0>

> File "C:\Users\dancsg\Documents\GitHub\autowinwatt\winwatt_automation\src\winwatt_automation\runtime_mapping\program_mapper.py", line 1297, in map_runtime_state
    tree, rows, actions, dialogs, windows = explore_menu_tree(
          │                                 └ <function explore_menu_tree at 0x0000027176BC9BC0>
          └ []

  File "C:\Users\dancsg\Documents\GitHub\autowinwatt\winwatt_automation\src\winwatt_automation\runtime_mapping\program_mapper.py", line 999, in explore_menu_tree
    popup_rows, top_transition = _open_and_capture_root_menu(state_id=state_id, top_menu=top_menu)
    │                            │                                    │                  └ 'Rendszer'
    │                            │                                    └ 'project_open'
    │                            └ <function _open_and_capture_root_menu at 0x0000027176BB3CC0>
    └ []

  File "C:\Users\dancsg\Documents\GitHub\autowinwatt\winwatt_automation\src\winwatt_automation\runtime_mapping\program_mapper.py", line 433, in _open_and_capture_root_menu
    menu_helpers.open_system_menu(main_window)
    │            │                └ <uiawrapper.UIAWrapper - 'WinWatt gólya', Dialog, -1093641373967833161>
    │            └ <function open_system_menu at 0x0000027176B53690>
    └ <module 'winwatt_automation.live_ui.menu_helpers' from 'C:\\Users\\dancsg\\Documents\\GitHub\\autowinwatt\\winwatt_automation...

  File "C:\Users\dancsg\Documents\GitHub\autowinwatt\winwatt_automation\src\winwatt_automation\live_ui\menu_helpers.py", line 469, in open_system_menu
    ensure_main_window_foreground_before_click(action_label="open_system_menu")
    └ <function ensure_main_window_foreground_before_click at 0x0000027176B11640>

  File "C:\Users\dancsg\Documents\GitHub\autowinwatt\winwatt_automation\src\winwatt_automation\live_ui\app_connector.py", line 916, in ensure_main_window_foreground_before_click
    raise RuntimeError(f"focus_not_restored: main window no longer exists before action={action_label}")
                                                                                         └ 'open_system_menu'

RuntimeError: focus_not_restored: main window no longer exists before action=open_system_menu
2026-03-18 23:51:37.653 | INFO     | winwatt_automation.live_ui.app_connector:get_cached_main_window:477 - DBG_WINWATT_CACHE_GET reason_code=cache_reused_without_validation payload={'wrapper_type': 'UIAWrapper', 'handle': 4789224, 'process_id': 31716, 'title': 'WinWatt gólya', 'class_name': 'TMainForm', 'control_type': 'Window'} last_validation_age_s=0.04460960009600967
2026-03-18 23:51:37.662 | INFO     | winwatt_automation.live_ui.app_connector:ensure_main_window_foreground_before_click:902 - DBG_WINWATT_FOCUS_GUARD_PRECHECK action_label=baseline_restore:project_open:recover_after_exception:Rendszer wrapper_type=UIAWrapper cached_handle=4789224 cached_pid=31716 cached_title=WinWatt gólya cached_class=TMainForm precheck_exists=False precheck_visible=True precheck_enabled=True rect={'left': -10, 'top': -10, 'right': 1930, 'bottom': 1150, 'width': 1940, 'height': 1160}
2026-03-18 23:51:37.666 | INFO     | winwatt_automation.live_ui.app_connector:get_cached_main_window:477 - DBG_WINWATT_CACHE_GET reason_code=cache_reused_without_validation payload={'wrapper_type': 'UIAWrapper', 'handle': 4789224, 'process_id': 31716, 'title': 'WinWatt gólya', 'class_name': 'TMainForm', 'control_type': 'Window'} last_validation_age_s=0.05886320001445711
2026-03-18 23:51:37.667 | ERROR    | winwatt_automation.runtime_mapping.program_mapper:restore_clean_menu_baseline:266 - baseline_restore failed state=project_open stage=recover_after_exception:Rendszer error=focus_not_restored: main window no longer exists before action=baseline_restore:project_open:recover_after_exception:Rendszer
2026-03-18 23:51:37.668 | ERROR    | winwatt_automation.runtime_mapping.program_mapper:map_runtime_state:1349 - unrecoverable main window loss during top menu state=project_open top_menu=Rendszer
[event] state_mapped: {"actions": 1, "dialogs": 0, "state_id": "project_open", "top_menus": 1}
[event] runtime_diff: {"enabled_changes": 0, "project_only_paths": 0, "summary": {"actions_only_in_a": 0, "actions_only_in_b": 0, "enabled_changes": 0, "project_only_paths": 0, "shared_top_menus": 1}}
[event] knowledge_verification: {"baseline_loaded": true, "coverage_pct": 100.0, "covered_known_menu_paths": 0, "current_menu_paths": 0, "known_menu_paths": 0, "missing_dialogs": [], "missing_menu_paths": [], "missing_windows": [], "new_dialogs": [], "new_menu_paths": [], "new_windows": []}
[event] runtime_mapping_summary: {"diff_summary": {"actions_only_in_a": 0, "actions_only_in_b": 0, "enabled_changes": 0, "project_only_paths": 0, "shared_top_menus": 1}, "no_project_top_menus": 1, "project_open_top_menus": 1}

finished_at=2026-03-18T22:51:37.729845+00:00 success=True exit_code=0
