run_id=0034_true_2026-03-18_23-00-04
started_at=2026-03-18T23:00:04.947245+00:00
command=python C:\Users\dancsg\Documents\GitHub\autowinwatt\winwatt_automation\src\winwatt_automation\scripts\map_full_program.py --safe-mode off --include-disabled true

2026-03-19 00:00:04.998 | INFO     | winwatt_automation.live_ui.app_connector:get_cached_main_window:502 - DBG_WINWATT_CACHE_GET reason_code=cache_missing_resolving_fresh
2026-03-19 00:00:05.411 | INFO     | winwatt_automation.live_ui.app_connector:_connect_with_win32_handle:228 - DBG_WINWATT_CONNECT_WIN32_CANDIDATES locator=backend=win32 ranked_candidates=[{'rank': 1, 'score': (1, 1, 1, 1, 2250400), 'process_id': 39716, 'handle': None, 'class_name': 'TMainForm', 'title': 'WinWatt gólya', 'visible': True, 'enabled': True}]
2026-03-19 00:00:05.413 | INFO     | winwatt_automation.live_ui.app_connector:select_main_window:190 - Candidate ranking score=(1, 1, 1, 1, 2250400) data={'title': 'WinWatt gólya', 'window_text': 'WinWatt gólya', 'class_name': 'TMainForm', 'control_type': None, 'process_id': 39716, 'handle': None, 'is_visible': True, 'is_enabled': True, 'rectangle': {'left': -10, 'top': -10, 'right': 1930, 'bottom': 1150, 'width': 1940, 'height': 1160}, 'size': {'width': 1940, 'height': 1160}}
2026-03-19 00:00:05.413 | INFO     | winwatt_automation.live_ui.app_connector:select_main_window:200 - Selected main window process_id=39716 handle=None score=(1, 1, 1, 1, 2250400) reasons=['has_process_id=True', 'has_handle=False', 'visible=True', 'enabled=True', 'title_has_winwatt=True', 'area=2250400']
2026-03-19 00:00:05.413 | INFO     | winwatt_automation.live_ui.app_connector:_connect_with_win32_handle:245 - DBG_WINWATT_CONNECT_WIN32_SELECTED selected_payload={'title': 'WinWatt gólya', 'window_text': 'WinWatt gólya', 'class_name': 'TMainForm', 'control_type': None, 'process_id': 39716, 'handle': None, 'is_visible': True, 'is_enabled': True, 'rectangle': {'left': -10, 'top': -10, 'right': 1930, 'bottom': 1150, 'width': 1940, 'height': 1160}, 'size': {'width': 1940, 'height': 1160}} selected_handle_is_none=True
2026-03-19 00:00:05.415 | INFO     | winwatt_automation.live_ui.app_connector:_connect_with_win32_handle:288 - Connected to WinWatt backend=win32 attach_mode=process candidate={'process_id': 39716, 'handle': None, 'class_name': 'TMainForm', 'title': 'WinWatt gólya'}
2026-03-19 00:00:05.418 | INFO     | winwatt_automation.live_ui.app_connector:_connect_with_win32_handle:302 - DBG_WINWATT_CONNECT_WIN32_RESOLVED process_id=39716 resolved_handle=None selected_payload={'title': 'WinWatt gólya', 'window_text': 'WinWatt gólya', 'class_name': 'TMainForm', 'control_type': None, 'process_id': 39716, 'handle': None, 'is_visible': True, 'is_enabled': True, 'rectangle': {'left': -10, 'top': -10, 'right': 1930, 'bottom': 1150, 'width': 1940, 'height': 1160}, 'size': {'width': 1940, 'height': 1160}}
2026-03-19 00:00:05.419 | INFO     | winwatt_automation.live_ui.app_connector:_resolve_uia_main_window:334 - DBG_WINWATT_RESOLVE_UIA_WIN32_SELECTED selected_payload={'title': 'WinWatt gólya', 'window_text': 'WinWatt gólya', 'class_name': 'TMainForm', 'control_type': None, 'process_id': 39716, 'handle': None, 'is_visible': True, 'is_enabled': True, 'rectangle': {'left': -10, 'top': -10, 'right': 1930, 'bottom': 1150, 'width': 1940, 'height': 1160}, 'size': {'width': 1940, 'height': 1160}}
2026-03-19 00:00:05.419 | INFO     | winwatt_automation.live_ui.app_connector:_resolve_uia_main_window:340 - Connected to WinWatt backend=uia process_id=39716
2026-03-19 00:00:05.420 | INFO     | winwatt_automation.live_ui.app_connector:_resolve_uia_main_window:342 - Resolving main WinWatt window backend=uia class_name=TMainForm title_re=.*WinWatt.*
2026-03-19 00:00:06.463 | INFO     | winwatt_automation.live_ui.app_connector:_resolve_uia_main_window:352 - DBG_WINWATT_RESOLVE_UIA_PRIMARY selected_payload={'title': 'WinWatt gólya', 'window_text': 'WinWatt gólya', 'class_name': 'TMainForm', 'control_type': None, 'process_id': 39716, 'handle': None, 'is_visible': True, 'is_enabled': True, 'rectangle': {'left': -10, 'top': -10, 'right': 1930, 'bottom': 1150, 'width': 1940, 'height': 1160}, 'size': {'width': 1940, 'height': 1160}} primary_result={'wrapper_type': 'UIAWrapper', 'handle': 7214346, 'process_id': 39716, 'title': 'WinWatt gólya', 'class_name': 'TMainForm', 'control_type': 'Window'} identity_match_with_win32=None
2026-03-19 00:00:06.914 | INFO     | winwatt_automation.live_ui.app_connector:get_cached_main_window:477 - DBG_WINWATT_CACHE_GET reason_code=cache_reused_without_validation payload={'wrapper_type': 'UIAWrapper', 'handle': 7214346, 'process_id': 39716, 'title': 'WinWatt gólya', 'class_name': 'TMainForm', 'control_type': 'Window'} last_validation_age_s=0.4451799999224022
2026-03-19 00:00:06.919 | INFO     | winwatt_automation.live_ui.app_connector:get_cached_main_window:477 - DBG_WINWATT_CACHE_GET reason_code=cache_reused_without_validation payload={'wrapper_type': 'UIAWrapper', 'handle': 7214346, 'process_id': 39716, 'title': 'WinWatt gólya', 'class_name': 'TMainForm', 'control_type': 'Window'} last_validation_age_s=0.4503735000034794
2026-03-19 00:00:09.137 | INFO     | winwatt_automation.live_ui.menu_helpers:_menu_items:754 - DBG_MENU_ITEMS_SUMMARY total_items=7 visible_items=7 topbar_band=(0, 0, 327, 42) topbar_band_visible_count=7 popup_region_visible_count=0 force_refresh=True handle=7214346
2026-03-19 00:00:09.544 | INFO     | winwatt_automation.live_ui.menu_helpers:list_top_menu_items:792 - Top-level menu items (raw): ['Rendszer', 'Fájl', 'Jegyzékek', 'Adatbázis...', 'Beállítások', 'Ablak', 'Súgó']
2026-03-19 00:00:09.547 | INFO     | winwatt_automation.live_ui.app_connector:get_cached_main_window:477 - DBG_WINWATT_CACHE_GET reason_code=cache_reused_without_validation payload={'wrapper_type': 'UIAWrapper', 'handle': 7214346, 'process_id': 39716, 'title': 'WinWatt gólya', 'class_name': 'TMainForm', 'control_type': 'Window'} last_validation_age_s=3.0809753999346867
2026-03-19 00:00:09.547 | INFO     | winwatt_automation.runtime_mapping.program_mapper:get_canonical_top_menu_names:216 - Canonical top-level menus [7]: ['Rendszer', 'Fájl', 'Jegyzékek', 'Adatbázis...', 'Beállítások', 'Ablak', 'Súgó']
2026-03-19 00:00:09.737 | INFO     | winwatt_automation.live_ui.menu_helpers:_system_menu_windows:291 - DBG_WINWATT_SYSTEM_MENU_WINDOW_SCAN visible_system_menu_windows=0 foreground={'handle': 4264188, 'title': 'explore_file_menu.py - autowinwatt - Visual Studio Code', 'class_name': 'Chrome_WidgetWin_1', 'process_id': 17008}
2026-03-19 00:00:09.738 | INFO     | winwatt_automation.live_ui.menu_helpers:_capture_popup_region_rows_for_system_menu:388 - DBG_WINWATT_SYSTEM_MENU_FALLBACK_PATH method=isolated_popup_region_capture
2026-03-19 00:00:09.740 | INFO     | winwatt_automation.live_ui.app_connector:get_cached_main_window_snapshot:525 - DBG_WINWATT_CACHE_SNAPSHOT reason_code=cache_snapshot_reused payload={'wrapper_type': 'UIAWrapper', 'handle': 7214346, 'process_id': 39716, 'title': 'WinWatt gólya', 'class_name': 'TMainForm', 'control_type': 'Window'}
2026-03-19 00:00:11.032 | INFO     | winwatt_automation.live_ui.menu_helpers:_capture_popup_region_rows_for_system_menu:416 - DBG_WINWATT_SYSTEM_MENU_FALLBACK_SNAPSHOT menu_items=7 preliminary_rows=7 topbar_band=(0, 0, 327, 42) foreground={'handle': 4264188, 'title': 'explore_file_menu.py - autowinwatt - Visual Studio Code', 'class_name': 'Chrome_WidgetWin_1', 'process_id': 17008}
2026-03-19 00:00:11.035 | INFO     | winwatt_automation.live_ui.menu_helpers:_log_popup_fragment:205 - DBG_WINWATT_SYSTEM_MENU_FALLBACK_EXCLUDED_TOPBAR source_scope=system_menu_fallback_main_window control_type=MenuItem class_name= text='Rendszer' rectangle={'left': 0, 'top': 0, 'right': 22, 'bottom': 22} center=(11, 11) process_id=39716 native_handle=None topbar_candidate=True popup_candidate=False
2026-03-19 00:00:11.038 | INFO     | winwatt_automation.live_ui.menu_helpers:_log_popup_fragment:205 - DBG_WINWATT_SYSTEM_MENU_FALLBACK_EXCLUDED_TOPBAR source_scope=system_menu_fallback_main_window control_type=MenuItem class_name= text='Fájl' rectangle={'left': 0, 'top': 23, 'right': 32, 'bottom': 42} center=(16, 32) process_id=39716 native_handle=None topbar_candidate=True popup_candidate=False
2026-03-19 00:00:11.044 | INFO     | winwatt_automation.live_ui.menu_helpers:_log_popup_fragment:205 - DBG_WINWATT_SYSTEM_MENU_FALLBACK_EXCLUDED_TOPBAR source_scope=system_menu_fallback_main_window control_type=MenuItem class_name= text='Jegyzékek' rectangle={'left': 32, 'top': 23, 'right': 98, 'bottom': 42} center=(65, 32) process_id=39716 native_handle=None topbar_candidate=True popup_candidate=False
2026-03-19 00:00:11.048 | INFO     | winwatt_automation.live_ui.menu_helpers:_log_popup_fragment:205 - DBG_WINWATT_SYSTEM_MENU_FALLBACK_EXCLUDED_TOPBAR source_scope=system_menu_fallback_main_window control_type=MenuItem class_name= text='Adatbázis...' rectangle={'left': 98, 'top': 23, 'right': 172, 'bottom': 42} center=(135, 32) process_id=39716 native_handle=None topbar_candidate=True popup_candidate=False
2026-03-19 00:00:11.055 | INFO     | winwatt_automation.live_ui.menu_helpers:_log_popup_fragment:205 - DBG_WINWATT_SYSTEM_MENU_FALLBACK_EXCLUDED_TOPBAR source_scope=system_menu_fallback_main_window control_type=MenuItem class_name= text='Beállítások' rectangle={'left': 172, 'top': 23, 'right': 242, 'bottom': 42} center=(207, 32) process_id=39716 native_handle=None topbar_candidate=True popup_candidate=False
2026-03-19 00:00:11.061 | INFO     | winwatt_automation.live_ui.menu_helpers:_log_popup_fragment:205 - DBG_WINWATT_SYSTEM_MENU_FALLBACK_EXCLUDED_TOPBAR source_scope=system_menu_fallback_main_window control_type=MenuItem class_name= text='Ablak' rectangle={'left': 242, 'top': 23, 'right': 286, 'bottom': 42} center=(264, 32) process_id=39716 native_handle=None topbar_candidate=True popup_candidate=False
2026-03-19 00:00:11.064 | INFO     | winwatt_automation.live_ui.menu_helpers:_log_popup_fragment:205 - DBG_WINWATT_SYSTEM_MENU_FALLBACK_EXCLUDED_TOPBAR source_scope=system_menu_fallback_main_window control_type=MenuItem class_name= text='Súgó' rectangle={'left': 286, 'top': 23, 'right': 327, 'bottom': 42} center=(306, 32) process_id=39716 native_handle=None topbar_candidate=True popup_candidate=False
2026-03-19 00:00:11.065 | INFO     | winwatt_automation.live_ui.menu_helpers:_system_menu_fallback_rows_from_popup_region:456 - DBG_WINWATT_SYSTEM_MENU_FALLBACK_SUMMARY snapshot_rows=7 popup_region_candidates=0 excluded_topbar_candidates=7 logical_rows=0 topbar_band=(0, 0, 327, 42) foreground={'handle': 4264188, 'title': 'explore_file_menu.py - autowinwatt - Visual Studio Code', 'class_name': 'Chrome_WidgetWin_1', 'process_id': 17008}
2026-03-19 00:00:11.072 | INFO     | winwatt_automation.live_ui.app_connector:is_winwatt_foreground_context:871 - DBG_WINWATT_FOREGROUND_CONTEXT expected_handle=7214346 expected_process_id=39716 expected_title=WinWatt gólya expected_class_name=TMainForm actual_foreground_handle=4264188 actual_foreground_process_id=17008 actual_foreground_title=explore_file_menu.py - autowinwatt - Visual Studio Code actual_foreground_class_name=Chrome_WidgetWin_1 allow_dialog=True result_reason=no_match
2026-03-19 00:00:11.076 | INFO     | winwatt_automation.live_ui.app_connector:_cached_window_health_status:438 - DBG_WINWATT_CACHE_HEALTH reason_code=foreground_context_failed payload={'wrapper_type': 'UIAWrapper', 'handle': 7214346, 'process_id': 39716, 'title': 'WinWatt gólya', 'class_name': 'TMainForm', 'control_type': 'Window'} foreground={'handle': 4264188, 'title': 'explore_file_menu.py - autowinwatt - Visual Studio Code', 'class_name': 'Chrome_WidgetWin_1', 'process_id': 17008}
2026-03-19 00:00:11.079 | INFO     | winwatt_automation.live_ui.app_connector:get_cached_main_window:500 - DBG_WINWATT_CACHE_GET reason_code=cache_invalid_resolving_fresh payload={'wrapper_type': 'UIAWrapper', 'handle': 7214346, 'process_id': 39716, 'title': 'WinWatt gólya', 'class_name': 'TMainForm', 'control_type': 'Window'} health_reason=foreground_context_failed
2026-03-19 00:00:11.133 | INFO     | winwatt_automation.live_ui.app_connector:_connect_with_win32_handle:228 - DBG_WINWATT_CONNECT_WIN32_CANDIDATES locator=backend=win32 ranked_candidates=[{'rank': 1, 'score': (1, 1, 1, 1, 2250400), 'process_id': 39716, 'handle': None, 'class_name': 'TMainForm', 'title': 'WinWatt gólya', 'visible': True, 'enabled': True}]
2026-03-19 00:00:11.133 | INFO     | winwatt_automation.live_ui.app_connector:select_main_window:190 - Candidate ranking score=(1, 1, 1, 1, 2250400) data={'title': 'WinWatt gólya', 'window_text': 'WinWatt gólya', 'class_name': 'TMainForm', 'control_type': None, 'process_id': 39716, 'handle': None, 'is_visible': True, 'is_enabled': True, 'rectangle': {'left': -10, 'top': -10, 'right': 1930, 'bottom': 1150, 'width': 1940, 'height': 1160}, 'size': {'width': 1940, 'height': 1160}}
2026-03-19 00:00:11.133 | INFO     | winwatt_automation.live_ui.app_connector:select_main_window:200 - Selected main window process_id=39716 handle=None score=(1, 1, 1, 1, 2250400) reasons=['has_process_id=True', 'has_handle=False', 'visible=True', 'enabled=True', 'title_has_winwatt=True', 'area=2250400']
2026-03-19 00:00:11.133 | INFO     | winwatt_automation.live_ui.app_connector:_connect_with_win32_handle:245 - DBG_WINWATT_CONNECT_WIN32_SELECTED selected_payload={'title': 'WinWatt gólya', 'window_text': 'WinWatt gólya', 'class_name': 'TMainForm', 'control_type': None, 'process_id': 39716, 'handle': None, 'is_visible': True, 'is_enabled': True, 'rectangle': {'left': -10, 'top': -10, 'right': 1930, 'bottom': 1150, 'width': 1940, 'height': 1160}, 'size': {'width': 1940, 'height': 1160}} selected_handle_is_none=True
2026-03-19 00:00:11.135 | INFO     | winwatt_automation.live_ui.app_connector:_connect_with_win32_handle:288 - Connected to WinWatt backend=win32 attach_mode=process candidate={'process_id': 39716, 'handle': None, 'class_name': 'TMainForm', 'title': 'WinWatt gólya'}
2026-03-19 00:00:11.138 | INFO     | winwatt_automation.live_ui.app_connector:_connect_with_win32_handle:302 - DBG_WINWATT_CONNECT_WIN32_RESOLVED process_id=39716 resolved_handle=None selected_payload={'title': 'WinWatt gólya', 'window_text': 'WinWatt gólya', 'class_name': 'TMainForm', 'control_type': None, 'process_id': 39716, 'handle': None, 'is_visible': True, 'is_enabled': True, 'rectangle': {'left': -10, 'top': -10, 'right': 1930, 'bottom': 1150, 'width': 1940, 'height': 1160}, 'size': {'width': 1940, 'height': 1160}}
2026-03-19 00:00:11.138 | INFO     | winwatt_automation.live_ui.app_connector:_resolve_uia_main_window:334 - DBG_WINWATT_RESOLVE_UIA_WIN32_SELECTED selected_payload={'title': 'WinWatt gólya', 'window_text': 'WinWatt gólya', 'class_name': 'TMainForm', 'control_type': None, 'process_id': 39716, 'handle': None, 'is_visible': True, 'is_enabled': True, 'rectangle': {'left': -10, 'top': -10, 'right': 1930, 'bottom': 1150, 'width': 1940, 'height': 1160}, 'size': {'width': 1940, 'height': 1160}}
2026-03-19 00:00:11.139 | INFO     | winwatt_automation.live_ui.app_connector:_resolve_uia_main_window:340 - Connected to WinWatt backend=uia process_id=39716
2026-03-19 00:00:11.139 | INFO     | winwatt_automation.live_ui.app_connector:_resolve_uia_main_window:342 - Resolving main WinWatt window backend=uia class_name=TMainForm title_re=.*WinWatt.*
2026-03-19 00:00:11.562 | INFO     | winwatt_automation.live_ui.app_connector:_resolve_uia_main_window:352 - DBG_WINWATT_RESOLVE_UIA_PRIMARY selected_payload={'title': 'WinWatt gólya', 'window_text': 'WinWatt gólya', 'class_name': 'TMainForm', 'control_type': None, 'process_id': 39716, 'handle': None, 'is_visible': True, 'is_enabled': True, 'rectangle': {'left': -10, 'top': -10, 'right': 1930, 'bottom': 1150, 'width': 1940, 'height': 1160}, 'size': {'width': 1940, 'height': 1160}} primary_result={'wrapper_type': 'UIAWrapper', 'handle': 7214346, 'process_id': 39716, 'title': 'WinWatt gólya', 'class_name': 'TMainForm', 'control_type': 'Window'} identity_match_with_win32=None
2026-03-19 00:00:11.823 | INFO     | winwatt_automation.live_ui.app_connector:get_cached_main_window:477 - DBG_WINWATT_CACHE_GET reason_code=cache_reused_without_validation payload={'wrapper_type': 'UIAWrapper', 'handle': 7214346, 'process_id': 39716, 'title': 'WinWatt gólya', 'class_name': 'TMainForm', 'control_type': 'Window'} last_validation_age_s=0.25721740000881255
2026-03-19 00:00:11.827 | INFO     | winwatt_automation.live_ui.app_connector:get_cached_main_window:477 - DBG_WINWATT_CACHE_GET reason_code=cache_reused_without_validation payload={'wrapper_type': 'UIAWrapper', 'handle': 7214346, 'process_id': 39716, 'title': 'WinWatt gólya', 'class_name': 'TMainForm', 'control_type': 'Window'} last_validation_age_s=0.2610362000996247
2026-03-19 00:00:13.893 | INFO     | winwatt_automation.live_ui.menu_helpers:_menu_items:754 - DBG_MENU_ITEMS_SUMMARY total_items=7 visible_items=7 topbar_band=(0, 0, 327, 42) topbar_band_visible_count=7 popup_region_visible_count=0 force_refresh=True handle=7214346
2026-03-19 00:00:14.475 | INFO     | winwatt_automation.live_ui.menu_helpers:list_top_menu_items:792 - Top-level menu items (raw): ['Rendszer', 'Fájl', 'Jegyzékek', 'Adatbázis...', 'Beállítások', 'Ablak', 'Súgó']
2026-03-19 00:00:14.479 | INFO     | winwatt_automation.live_ui.app_connector:get_cached_main_window:477 - DBG_WINWATT_CACHE_GET reason_code=cache_reused_without_validation payload={'wrapper_type': 'UIAWrapper', 'handle': 7214346, 'process_id': 39716, 'title': 'WinWatt gólya', 'class_name': 'TMainForm', 'control_type': 'Window'} last_validation_age_s=2.9133507000515237
2026-03-19 00:00:14.482 | INFO     | winwatt_automation.live_ui.app_connector:get_cached_main_window:477 - DBG_WINWATT_CACHE_GET reason_code=cache_reused_without_validation payload={'wrapper_type': 'UIAWrapper', 'handle': 7214346, 'process_id': 39716, 'title': 'WinWatt gólya', 'class_name': 'TMainForm', 'control_type': 'Window'} last_validation_age_s=2.9164447000948712
2026-03-19 00:00:14.490 | INFO     | winwatt_automation.live_ui.app_connector:ensure_main_window_foreground_before_click:902 - DBG_WINWATT_FOCUS_GUARD_PRECHECK action_label=open_system_menu wrapper_type=UIAWrapper cached_handle=7214346 cached_pid=39716 cached_title=WinWatt gólya cached_class=TMainForm precheck_exists=False precheck_visible=True precheck_enabled=True rect={'left': -10, 'top': -10, 'right': 1930, 'bottom': 1150, 'width': 1940, 'height': 1160}
2026-03-19 00:00:14.491 | ERROR    | winwatt_automation.runtime_mapping.program_mapper:map_runtime_state:1318 - Top menu mapping failed: Rendszer
Traceback (most recent call last):

  File "<frozen runpy>", line 198, in _run_module_as_main
  File "<frozen runpy>", line 88, in _run_code

  File "C:\Users\dancsg\Documents\GitHub\autowinwatt\winwatt_automation\src\winwatt_automation\scripts\map_full_program.py", line 178, in <module>
    raise SystemExit(main())
                     └ <function main at 0x000002138A06F5E0>

  File "C:\Users\dancsg\Documents\GitHub\autowinwatt\winwatt_automation\src\winwatt_automation\scripts\map_full_program.py", line 96, in main
    result = build_full_runtime_program_map(
             └ <function build_full_runtime_program_map at 0x000002138A06F060>

  File "C:\Users\dancsg\Documents\GitHub\autowinwatt\winwatt_automation\src\winwatt_automation\runtime_mapping\program_mapper.py", line 1592, in build_full_runtime_program_map
    state_no_project = map_runtime_state(
                       └ <function map_runtime_state at 0x000002138A06DFE0>

> File "C:\Users\dancsg\Documents\GitHub\autowinwatt\winwatt_automation\src\winwatt_automation\runtime_mapping\program_mapper.py", line 1297, in map_runtime_state
    tree, rows, actions, dialogs, windows = explore_menu_tree(
          │                                 └ <function explore_menu_tree at 0x000002138A06DBC0>
          └ []

  File "C:\Users\dancsg\Documents\GitHub\autowinwatt\winwatt_automation\src\winwatt_automation\runtime_mapping\program_mapper.py", line 999, in explore_menu_tree
    popup_rows, top_transition = _open_and_capture_root_menu(state_id=state_id, top_menu=top_menu)
    │                            │                                    │                  └ 'Rendszer'
    │                            │                                    └ 'no_project'
    │                            └ <function _open_and_capture_root_menu at 0x000002138A063CC0>
    └ []

  File "C:\Users\dancsg\Documents\GitHub\autowinwatt\winwatt_automation\src\winwatt_automation\runtime_mapping\program_mapper.py", line 433, in _open_and_capture_root_menu
    menu_helpers.open_system_menu(main_window)
    │            │                └ <uiawrapper.UIAWrapper - 'WinWatt gólya', Dialog, 7729836048035146728>
    │            └ <function open_system_menu at 0x000002138A003690>
    └ <module 'winwatt_automation.live_ui.menu_helpers' from 'C:\\Users\\dancsg\\Documents\\GitHub\\autowinwatt\\winwatt_automation...

  File "C:\Users\dancsg\Documents\GitHub\autowinwatt\winwatt_automation\src\winwatt_automation\live_ui\menu_helpers.py", line 469, in open_system_menu
    ensure_main_window_foreground_before_click(action_label="open_system_menu")
    └ <function ensure_main_window_foreground_before_click at 0x0000021389FE1640>

  File "C:\Users\dancsg\Documents\GitHub\autowinwatt\winwatt_automation\src\winwatt_automation\live_ui\app_connector.py", line 916, in ensure_main_window_foreground_before_click
    raise RuntimeError(f"focus_not_restored: main window no longer exists before action={action_label}")
                                                                                         └ 'open_system_menu'

RuntimeError: focus_not_restored: main window no longer exists before action=open_system_menu
2026-03-19 00:00:14.512 | INFO     | winwatt_automation.live_ui.app_connector:get_cached_main_window:477 - DBG_WINWATT_CACHE_GET reason_code=cache_reused_without_validation payload={'wrapper_type': 'UIAWrapper', 'handle': 7214346, 'process_id': 39716, 'title': 'WinWatt gólya', 'class_name': 'TMainForm', 'control_type': 'Window'} last_validation_age_s=2.9418068000813946
2026-03-19 00:00:14.521 | INFO     | winwatt_automation.live_ui.app_connector:ensure_main_window_foreground_before_click:902 - DBG_WINWATT_FOCUS_GUARD_PRECHECK action_label=baseline_restore:no_project:recover_after_exception:Rendszer wrapper_type=UIAWrapper cached_handle=7214346 cached_pid=39716 cached_title=WinWatt gólya cached_class=TMainForm precheck_exists=False precheck_visible=True precheck_enabled=True rect={'left': -10, 'top': -10, 'right': 1930, 'bottom': 1150, 'width': 1940, 'height': 1160}
2026-03-19 00:00:14.527 | INFO     | winwatt_automation.live_ui.app_connector:get_cached_main_window:477 - DBG_WINWATT_CACHE_GET reason_code=cache_reused_without_validation payload={'wrapper_type': 'UIAWrapper', 'handle': 7214346, 'process_id': 39716, 'title': 'WinWatt gólya', 'class_name': 'TMainForm', 'control_type': 'Window'} last_validation_age_s=2.958556200028397
2026-03-19 00:00:14.529 | ERROR    | winwatt_automation.runtime_mapping.program_mapper:restore_clean_menu_baseline:266 - baseline_restore failed state=no_project stage=recover_after_exception:Rendszer error=focus_not_restored: main window no longer exists before action=baseline_restore:no_project:recover_after_exception:Rendszer
2026-03-19 00:00:14.529 | ERROR    | winwatt_automation.runtime_mapping.program_mapper:map_runtime_state:1349 - unrecoverable main window loss during top menu state=no_project top_menu=Rendszer
[event] state_mapped: {"actions": 1, "dialogs": 0, "state_id": "no_project", "top_menus": 7}
2026-03-19 00:00:14.542 | INFO     | winwatt_automation.live_ui.app_connector:get_cached_main_window:477 - DBG_WINWATT_CACHE_GET reason_code=cache_reused_without_validation payload={'wrapper_type': 'UIAWrapper', 'handle': 7214346, 'process_id': 39716, 'title': 'WinWatt gólya', 'class_name': 'TMainForm', 'control_type': 'Window'} last_validation_age_s=2.974027600022964
2026-03-19 00:00:14.882 | INFO     | winwatt_automation.live_ui.app_connector:get_cached_main_window:477 - DBG_WINWATT_CACHE_GET reason_code=cache_reused_without_validation payload={'wrapper_type': 'UIAWrapper', 'handle': 7214346, 'process_id': 39716, 'title': 'WinWatt gólya', 'class_name': 'TMainForm', 'control_type': 'Window'} last_validation_age_s=3.316321499994956
2026-03-19 00:00:14.887 | INFO     | winwatt_automation.live_ui.app_connector:get_cached_main_window:477 - DBG_WINWATT_CACHE_GET reason_code=cache_reused_without_validation payload={'wrapper_type': 'UIAWrapper', 'handle': 7214346, 'process_id': 39716, 'title': 'WinWatt gólya', 'class_name': 'TMainForm', 'control_type': 'Window'} last_validation_age_s=3.319747700006701
2026-03-19 00:00:17.278 | INFO     | winwatt_automation.live_ui.menu_helpers:_menu_items:754 - DBG_MENU_ITEMS_SUMMARY total_items=7 visible_items=7 topbar_band=(0, 0, 327, 42) topbar_band_visible_count=7 popup_region_visible_count=0 force_refresh=True handle=7214346
2026-03-19 00:00:17.930 | INFO     | winwatt_automation.live_ui.menu_helpers:list_top_menu_items:792 - Top-level menu items (raw): ['Rendszer', 'Fájl', 'Jegyzékek', 'Adatbázis...', 'Beállítások', 'Ablak', 'Súgó']
2026-03-19 00:00:17.932 | INFO     | winwatt_automation.live_ui.app_connector:prepare_main_window_for_menu_interaction:718 - Preparing WinWatt window for menu interaction
2026-03-19 00:00:17.938 | INFO     | winwatt_automation.live_ui.app_connector:is_winwatt_foreground_context:871 - DBG_WINWATT_FOREGROUND_CONTEXT expected_handle=7214346 expected_process_id=39716 expected_title=WinWatt gólya expected_class_name=TMainForm actual_foreground_handle=4264188 actual_foreground_process_id=17008 actual_foreground_title=explore_file_menu.py - autowinwatt - Visual Studio Code actual_foreground_class_name=Chrome_WidgetWin_1 allow_dialog=True result_reason=no_match
2026-03-19 00:00:17.944 | INFO     | winwatt_automation.live_ui.app_connector:_cached_window_health_status:438 - DBG_WINWATT_CACHE_HEALTH reason_code=foreground_context_failed payload={'wrapper_type': 'UIAWrapper', 'handle': 7214346, 'process_id': 39716, 'title': 'WinWatt gólya', 'class_name': 'TMainForm', 'control_type': 'Window'} foreground={'handle': 4264188, 'title': 'explore_file_menu.py - autowinwatt - Visual Studio Code', 'class_name': 'Chrome_WidgetWin_1', 'process_id': 17008}
2026-03-19 00:00:17.948 | INFO     | winwatt_automation.live_ui.app_connector:get_cached_main_window:500 - DBG_WINWATT_CACHE_GET reason_code=cache_invalid_resolving_fresh payload={'wrapper_type': 'UIAWrapper', 'handle': 7214346, 'process_id': 39716, 'title': 'WinWatt gólya', 'class_name': 'TMainForm', 'control_type': 'Window'} health_reason=foreground_context_failed
2026-03-19 00:00:18.018 | INFO     | winwatt_automation.live_ui.app_connector:_connect_with_win32_handle:228 - DBG_WINWATT_CONNECT_WIN32_CANDIDATES locator=backend=win32 ranked_candidates=[{'rank': 1, 'score': (1, 1, 1, 1, 2250400), 'process_id': 39716, 'handle': None, 'class_name': 'TMainForm', 'title': 'WinWatt gólya', 'visible': True, 'enabled': True}]
2026-03-19 00:00:18.018 | INFO     | winwatt_automation.live_ui.app_connector:select_main_window:190 - Candidate ranking score=(1, 1, 1, 1, 2250400) data={'title': 'WinWatt gólya', 'window_text': 'WinWatt gólya', 'class_name': 'TMainForm', 'control_type': None, 'process_id': 39716, 'handle': None, 'is_visible': True, 'is_enabled': True, 'rectangle': {'left': -10, 'top': -10, 'right': 1930, 'bottom': 1150, 'width': 1940, 'height': 1160}, 'size': {'width': 1940, 'height': 1160}}
2026-03-19 00:00:18.018 | INFO     | winwatt_automation.live_ui.app_connector:select_main_window:200 - Selected main window process_id=39716 handle=None score=(1, 1, 1, 1, 2250400) reasons=['has_process_id=True', 'has_handle=False', 'visible=True', 'enabled=True', 'title_has_winwatt=True', 'area=2250400']
2026-03-19 00:00:18.019 | INFO     | winwatt_automation.live_ui.app_connector:_connect_with_win32_handle:245 - DBG_WINWATT_CONNECT_WIN32_SELECTED selected_payload={'title': 'WinWatt gólya', 'window_text': 'WinWatt gólya', 'class_name': 'TMainForm', 'control_type': None, 'process_id': 39716, 'handle': None, 'is_visible': True, 'is_enabled': True, 'rectangle': {'left': -10, 'top': -10, 'right': 1930, 'bottom': 1150, 'width': 1940, 'height': 1160}, 'size': {'width': 1940, 'height': 1160}} selected_handle_is_none=True
2026-03-19 00:00:18.020 | INFO     | winwatt_automation.live_ui.app_connector:_connect_with_win32_handle:288 - Connected to WinWatt backend=win32 attach_mode=process candidate={'process_id': 39716, 'handle': None, 'class_name': 'TMainForm', 'title': 'WinWatt gólya'}
2026-03-19 00:00:18.022 | INFO     | winwatt_automation.live_ui.app_connector:_connect_with_win32_handle:302 - DBG_WINWATT_CONNECT_WIN32_RESOLVED process_id=39716 resolved_handle=None selected_payload={'title': 'WinWatt gólya', 'window_text': 'WinWatt gólya', 'class_name': 'TMainForm', 'control_type': None, 'process_id': 39716, 'handle': None, 'is_visible': True, 'is_enabled': True, 'rectangle': {'left': -10, 'top': -10, 'right': 1930, 'bottom': 1150, 'width': 1940, 'height': 1160}, 'size': {'width': 1940, 'height': 1160}}
2026-03-19 00:00:18.022 | INFO     | winwatt_automation.live_ui.app_connector:_resolve_uia_main_window:334 - DBG_WINWATT_RESOLVE_UIA_WIN32_SELECTED selected_payload={'title': 'WinWatt gólya', 'window_text': 'WinWatt gólya', 'class_name': 'TMainForm', 'control_type': None, 'process_id': 39716, 'handle': None, 'is_visible': True, 'is_enabled': True, 'rectangle': {'left': -10, 'top': -10, 'right': 1930, 'bottom': 1150, 'width': 1940, 'height': 1160}, 'size': {'width': 1940, 'height': 1160}}
2026-03-19 00:00:18.023 | INFO     | winwatt_automation.live_ui.app_connector:_resolve_uia_main_window:340 - Connected to WinWatt backend=uia process_id=39716
2026-03-19 00:00:18.023 | INFO     | winwatt_automation.live_ui.app_connector:_resolve_uia_main_window:342 - Resolving main WinWatt window backend=uia class_name=TMainForm title_re=.*WinWatt.*
2026-03-19 00:00:18.698 | INFO     | winwatt_automation.live_ui.app_connector:_resolve_uia_main_window:352 - DBG_WINWATT_RESOLVE_UIA_PRIMARY selected_payload={'title': 'WinWatt gólya', 'window_text': 'WinWatt gólya', 'class_name': 'TMainForm', 'control_type': None, 'process_id': 39716, 'handle': None, 'is_visible': True, 'is_enabled': True, 'rectangle': {'left': -10, 'top': -10, 'right': 1930, 'bottom': 1150, 'width': 1940, 'height': 1160}, 'size': {'width': 1940, 'height': 1160}} primary_result={'wrapper_type': 'UIAWrapper', 'handle': 7214346, 'process_id': 39716, 'title': 'WinWatt gólya', 'class_name': 'TMainForm', 'control_type': 'Window'} identity_match_with_win32=None
2026-03-19 00:00:18.700 | INFO     | winwatt_automation.live_ui.app_connector:prepare_main_window_for_menu_interaction:738 - Window state before: maximized
2026-03-19 00:00:18.762 | INFO     | winwatt_automation.live_ui.app_connector:prepare_main_window_for_menu_interaction:759 - Window maximized
2026-03-19 00:00:18.768 | INFO     | winwatt_automation.live_ui.app_connector:prepare_main_window_for_menu_interaction:768 - Focus confirmed
2026-03-19 00:00:18.775 | INFO     | winwatt_automation.live_ui.app_connector:get_cached_main_window:477 - DBG_WINWATT_CACHE_GET reason_code=cache_reused_without_validation payload={'wrapper_type': 'UIAWrapper', 'handle': 7214346, 'process_id': 39716, 'title': 'WinWatt gólya', 'class_name': 'TMainForm', 'control_type': 'Window'} last_validation_age_s=0.07283019996248186
2026-03-19 00:00:18.782 | INFO     | winwatt_automation.live_ui.app_connector:ensure_main_window_foreground_before_click:902 - DBG_WINWATT_FOCUS_GUARD_PRECHECK action_label=open_file_menu wrapper_type=UIAWrapper cached_handle=7214346 cached_pid=39716 cached_title=WinWatt gólya cached_class=TMainForm precheck_exists=False precheck_visible=True precheck_enabled=True rect={'left': -10, 'top': -10, 'right': 1930, 'bottom': 1150, 'width': 1940, 'height': 1160}
2026-03-19 00:00:18.783 | INFO     | winwatt_automation.runtime_mapping.program_mapper:recover_after_project_open:857 - project_open_recovery_start timeout_s=15.0 poll_interval_s=0.25
2026-03-19 00:00:18.788 | INFO     | winwatt_automation.live_ui.app_connector:get_cached_main_window:477 - DBG_WINWATT_CACHE_GET reason_code=cache_reused_without_validation payload={'wrapper_type': 'UIAWrapper', 'handle': 7214346, 'process_id': 39716, 'title': 'WinWatt gólya', 'class_name': 'TMainForm', 'control_type': 'Window'} last_validation_age_s=0.08596569998189807
2026-03-19 00:00:18.793 | INFO     | winwatt_automation.runtime_mapping.program_mapper:recover_after_project_open:868 - project_open_recovery_success
[event] project_open_result: {"dialog_found": false, "error": "Could not locate 'Projekt megnyitás' row in Fájl popup.", "success": false}
[event] project_open_recovery: {"modal_detected": false, "reason": "main_window_ready", "success": true}
2026-03-19 00:00:19.281 | INFO     | winwatt_automation.live_ui.app_connector:get_cached_main_window:477 - DBG_WINWATT_CACHE_GET reason_code=cache_reused_without_validation payload={'wrapper_type': 'UIAWrapper', 'handle': 7214346, 'process_id': 39716, 'title': 'WinWatt gólya', 'class_name': 'TMainForm', 'control_type': 'Window'} last_validation_age_s=0.5782602999825031
2026-03-19 00:00:19.716 | INFO     | winwatt_automation.live_ui.app_connector:get_cached_main_window:477 - DBG_WINWATT_CACHE_GET reason_code=cache_reused_without_validation payload={'wrapper_type': 'UIAWrapper', 'handle': 7214346, 'process_id': 39716, 'title': 'WinWatt gólya', 'class_name': 'TMainForm', 'control_type': 'Window'} last_validation_age_s=1.015115199959837
2026-03-19 00:00:19.719 | INFO     | winwatt_automation.live_ui.app_connector:get_cached_main_window:477 - DBG_WINWATT_CACHE_GET reason_code=cache_reused_without_validation payload={'wrapper_type': 'UIAWrapper', 'handle': 7214346, 'process_id': 39716, 'title': 'WinWatt gólya', 'class_name': 'TMainForm', 'control_type': 'Window'} last_validation_age_s=1.0175702000269666
2026-03-19 00:00:21.726 | INFO     | winwatt_automation.live_ui.menu_helpers:_menu_items:754 - DBG_MENU_ITEMS_SUMMARY total_items=7 visible_items=7 topbar_band=(0, 0, 327, 42) topbar_band_visible_count=7 popup_region_visible_count=0 force_refresh=True handle=7214346
2026-03-19 00:00:22.299 | INFO     | winwatt_automation.live_ui.menu_helpers:list_top_menu_items:792 - Top-level menu items (raw): ['Rendszer', 'Fájl', 'Jegyzékek', 'Adatbázis...', 'Beállítások', 'Ablak', 'Súgó']
2026-03-19 00:00:22.302 | INFO     | winwatt_automation.live_ui.app_connector:get_cached_main_window:477 - DBG_WINWATT_CACHE_GET reason_code=cache_reused_without_validation payload={'wrapper_type': 'UIAWrapper', 'handle': 7214346, 'process_id': 39716, 'title': 'WinWatt gólya', 'class_name': 'TMainForm', 'control_type': 'Window'} last_validation_age_s=3.6013048000168055
2026-03-19 00:00:22.303 | INFO     | winwatt_automation.runtime_mapping.program_mapper:get_canonical_top_menu_names:216 - Canonical top-level menus [7]: ['Rendszer', 'Fájl', 'Jegyzékek', 'Adatbázis...', 'Beállítások', 'Ablak', 'Súgó']
2026-03-19 00:00:22.660 | INFO     | winwatt_automation.live_ui.menu_helpers:_system_menu_windows:291 - DBG_WINWATT_SYSTEM_MENU_WINDOW_SCAN visible_system_menu_windows=0 foreground={'handle': 7214346, 'title': 'WinWatt gólya', 'class_name': 'TMainForm', 'process_id': 39716}
2026-03-19 00:00:22.662 | INFO     | winwatt_automation.live_ui.menu_helpers:_capture_popup_region_rows_for_system_menu:388 - DBG_WINWATT_SYSTEM_MENU_FALLBACK_PATH method=isolated_popup_region_capture
2026-03-19 00:00:22.667 | INFO     | winwatt_automation.live_ui.app_connector:get_cached_main_window_snapshot:525 - DBG_WINWATT_CACHE_SNAPSHOT reason_code=cache_snapshot_reused payload={'wrapper_type': 'UIAWrapper', 'handle': 7214346, 'process_id': 39716, 'title': 'WinWatt gólya', 'class_name': 'TMainForm', 'control_type': 'Window'}
2026-03-19 00:00:24.482 | INFO     | winwatt_automation.live_ui.menu_helpers:_capture_popup_region_rows_for_system_menu:416 - DBG_WINWATT_SYSTEM_MENU_FALLBACK_SNAPSHOT menu_items=7 preliminary_rows=7 topbar_band=(0, 0, 327, 42) foreground={'handle': 7214346, 'title': 'WinWatt gólya', 'class_name': 'TMainForm', 'process_id': 39716}
2026-03-19 00:00:24.491 | INFO     | winwatt_automation.live_ui.menu_helpers:_log_popup_fragment:205 - DBG_WINWATT_SYSTEM_MENU_FALLBACK_EXCLUDED_TOPBAR source_scope=system_menu_fallback_main_window control_type=MenuItem class_name= text='Rendszer' rectangle={'left': 0, 'top': 0, 'right': 22, 'bottom': 22} center=(11, 11) process_id=39716 native_handle=None topbar_candidate=True popup_candidate=False
2026-03-19 00:00:24.498 | INFO     | winwatt_automation.live_ui.menu_helpers:_log_popup_fragment:205 - DBG_WINWATT_SYSTEM_MENU_FALLBACK_EXCLUDED_TOPBAR source_scope=system_menu_fallback_main_window control_type=MenuItem class_name= text='Fájl' rectangle={'left': 0, 'top': 23, 'right': 32, 'bottom': 42} center=(16, 32) process_id=39716 native_handle=None topbar_candidate=True popup_candidate=False
2026-03-19 00:00:24.510 | INFO     | winwatt_automation.live_ui.menu_helpers:_log_popup_fragment:205 - DBG_WINWATT_SYSTEM_MENU_FALLBACK_EXCLUDED_TOPBAR source_scope=system_menu_fallback_main_window control_type=MenuItem class_name= text='Jegyzékek' rectangle={'left': 32, 'top': 23, 'right': 98, 'bottom': 42} center=(65, 32) process_id=39716 native_handle=None topbar_candidate=True popup_candidate=False
2026-03-19 00:00:24.514 | INFO     | winwatt_automation.live_ui.menu_helpers:_log_popup_fragment:205 - DBG_WINWATT_SYSTEM_MENU_FALLBACK_EXCLUDED_TOPBAR source_scope=system_menu_fallback_main_window control_type=MenuItem class_name= text='Adatbázis...' rectangle={'left': 98, 'top': 23, 'right': 172, 'bottom': 42} center=(135, 32) process_id=39716 native_handle=None topbar_candidate=True popup_candidate=False
2026-03-19 00:00:24.522 | INFO     | winwatt_automation.live_ui.menu_helpers:_log_popup_fragment:205 - DBG_WINWATT_SYSTEM_MENU_FALLBACK_EXCLUDED_TOPBAR source_scope=system_menu_fallback_main_window control_type=MenuItem class_name= text='Beállítások' rectangle={'left': 172, 'top': 23, 'right': 242, 'bottom': 42} center=(207, 32) process_id=39716 native_handle=None topbar_candidate=True popup_candidate=False
2026-03-19 00:00:24.528 | INFO     | winwatt_automation.live_ui.menu_helpers:_log_popup_fragment:205 - DBG_WINWATT_SYSTEM_MENU_FALLBACK_EXCLUDED_TOPBAR source_scope=system_menu_fallback_main_window control_type=MenuItem class_name= text='Ablak' rectangle={'left': 242, 'top': 23, 'right': 286, 'bottom': 42} center=(264, 32) process_id=39716 native_handle=None topbar_candidate=True popup_candidate=False
2026-03-19 00:00:24.533 | INFO     | winwatt_automation.live_ui.menu_helpers:_log_popup_fragment:205 - DBG_WINWATT_SYSTEM_MENU_FALLBACK_EXCLUDED_TOPBAR source_scope=system_menu_fallback_main_window control_type=MenuItem class_name= text='Súgó' rectangle={'left': 286, 'top': 23, 'right': 327, 'bottom': 42} center=(306, 32) process_id=39716 native_handle=None topbar_candidate=True popup_candidate=False
2026-03-19 00:00:24.540 | INFO     | winwatt_automation.live_ui.menu_helpers:_system_menu_fallback_rows_from_popup_region:456 - DBG_WINWATT_SYSTEM_MENU_FALLBACK_SUMMARY snapshot_rows=7 popup_region_candidates=0 excluded_topbar_candidates=7 logical_rows=0 topbar_band=(0, 0, 327, 42) foreground={'handle': 7214346, 'title': 'WinWatt gólya', 'class_name': 'TMainForm', 'process_id': 39716}
2026-03-19 00:00:24.552 | INFO     | winwatt_automation.live_ui.app_connector:is_winwatt_foreground_context:871 - DBG_WINWATT_FOREGROUND_CONTEXT expected_handle=7214346 expected_process_id=39716 expected_title=WinWatt gólya expected_class_name=TMainForm actual_foreground_handle=7214346 actual_foreground_process_id=39716 actual_foreground_title=WinWatt gólya actual_foreground_class_name=TMainForm allow_dialog=True result_reason=handle_match
2026-03-19 00:00:24.561 | INFO     | winwatt_automation.live_ui.app_connector:_cached_window_health_status:441 - DBG_WINWATT_CACHE_HEALTH reason_code=healthy payload={'wrapper_type': 'UIAWrapper', 'handle': 7214346, 'process_id': 39716, 'title': 'WinWatt gólya', 'class_name': 'TMainForm', 'control_type': 'Window'}
2026-03-19 00:00:24.567 | INFO     | winwatt_automation.live_ui.app_connector:get_cached_main_window:484 - DBG_WINWATT_CACHE_GET reason_code=cache_validated_ok payload={'wrapper_type': 'UIAWrapper', 'handle': 7214346, 'process_id': 39716, 'title': 'WinWatt gólya', 'class_name': 'TMainForm', 'control_type': 'Window'} last_validation_age_s=5.8423821000615135
2026-03-19 00:00:25.135 | INFO     | winwatt_automation.live_ui.app_connector:get_cached_main_window:477 - DBG_WINWATT_CACHE_GET reason_code=cache_reused_without_validation payload={'wrapper_type': 'UIAWrapper', 'handle': 7214346, 'process_id': 39716, 'title': 'WinWatt gólya', 'class_name': 'TMainForm', 'control_type': 'Window'} last_validation_age_s=0.588309699902311
2026-03-19 00:00:25.140 | INFO     | winwatt_automation.live_ui.app_connector:get_cached_main_window:477 - DBG_WINWATT_CACHE_GET reason_code=cache_reused_without_validation payload={'wrapper_type': 'UIAWrapper', 'handle': 7214346, 'process_id': 39716, 'title': 'WinWatt gólya', 'class_name': 'TMainForm', 'control_type': 'Window'} last_validation_age_s=0.5942875999026
2026-03-19 00:00:28.154 | INFO     | winwatt_automation.live_ui.menu_helpers:_menu_items:754 - DBG_MENU_ITEMS_SUMMARY total_items=7 visible_items=7 topbar_band=(0, 0, 327, 42) topbar_band_visible_count=7 popup_region_visible_count=0 force_refresh=True handle=7214346
2026-03-19 00:00:29.229 | INFO     | winwatt_automation.live_ui.menu_helpers:list_top_menu_items:792 - Top-level menu items (raw): ['Rendszer', 'Fájl', 'Jegyzékek', 'Adatbázis...', 'Beállítások', 'Ablak', 'Súgó']
2026-03-19 00:00:29.242 | INFO     | winwatt_automation.live_ui.app_connector:is_winwatt_foreground_context:871 - DBG_WINWATT_FOREGROUND_CONTEXT expected_handle=7214346 expected_process_id=39716 expected_title=WinWatt gólya expected_class_name=TMainForm actual_foreground_handle=7214346 actual_foreground_process_id=39716 actual_foreground_title=WinWatt gólya actual_foreground_class_name=TMainForm allow_dialog=True result_reason=handle_match
2026-03-19 00:00:29.247 | INFO     | winwatt_automation.live_ui.app_connector:_cached_window_health_status:441 - DBG_WINWATT_CACHE_HEALTH reason_code=healthy payload={'wrapper_type': 'UIAWrapper', 'handle': 7214346, 'process_id': 39716, 'title': 'WinWatt gólya', 'class_name': 'TMainForm', 'control_type': 'Window'}
2026-03-19 00:00:29.259 | INFO     | winwatt_automation.live_ui.app_connector:get_cached_main_window:484 - DBG_WINWATT_CACHE_GET reason_code=cache_validated_ok payload={'wrapper_type': 'UIAWrapper', 'handle': 7214346, 'process_id': 39716, 'title': 'WinWatt gólya', 'class_name': 'TMainForm', 'control_type': 'Window'} last_validation_age_s=4.695269599906169
2026-03-19 00:00:29.265 | INFO     | winwatt_automation.live_ui.app_connector:get_cached_main_window:477 - DBG_WINWATT_CACHE_GET reason_code=cache_reused_without_validation payload={'wrapper_type': 'UIAWrapper', 'handle': 7214346, 'process_id': 39716, 'title': 'WinWatt gólya', 'class_name': 'TMainForm', 'control_type': 'Window'} last_validation_age_s=0.023811400053091347
2026-03-19 00:00:29.275 | INFO     | winwatt_automation.live_ui.app_connector:ensure_main_window_foreground_before_click:902 - DBG_WINWATT_FOCUS_GUARD_PRECHECK action_label=open_system_menu wrapper_type=UIAWrapper cached_handle=7214346 cached_pid=39716 cached_title=WinWatt gólya cached_class=TMainForm precheck_exists=False precheck_visible=True precheck_enabled=True rect={'left': -10, 'top': -10, 'right': 1930, 'bottom': 1150, 'width': 1940, 'height': 1160}
2026-03-19 00:00:29.276 | ERROR    | winwatt_automation.runtime_mapping.program_mapper:map_runtime_state:1318 - Top menu mapping failed: Rendszer
Traceback (most recent call last):

  File "<frozen runpy>", line 198, in _run_module_as_main
  File "<frozen runpy>", line 88, in _run_code

  File "C:\Users\dancsg\Documents\GitHub\autowinwatt\winwatt_automation\src\winwatt_automation\scripts\map_full_program.py", line 178, in <module>
    raise SystemExit(main())
                     └ <function main at 0x000002138A06F5E0>

  File "C:\Users\dancsg\Documents\GitHub\autowinwatt\winwatt_automation\src\winwatt_automation\scripts\map_full_program.py", line 96, in main
    result = build_full_runtime_program_map(
             └ <function build_full_runtime_program_map at 0x000002138A06F060>

  File "C:\Users\dancsg\Documents\GitHub\autowinwatt\winwatt_automation\src\winwatt_automation\runtime_mapping\program_mapper.py", line 1652, in build_full_runtime_program_map
    state_project_open = map_runtime_state(
                         └ <function map_runtime_state at 0x000002138A06DFE0>

> File "C:\Users\dancsg\Documents\GitHub\autowinwatt\winwatt_automation\src\winwatt_automation\runtime_mapping\program_mapper.py", line 1297, in map_runtime_state
    tree, rows, actions, dialogs, windows = explore_menu_tree(
          │                                 └ <function explore_menu_tree at 0x000002138A06DBC0>
          └ []

  File "C:\Users\dancsg\Documents\GitHub\autowinwatt\winwatt_automation\src\winwatt_automation\runtime_mapping\program_mapper.py", line 999, in explore_menu_tree
    popup_rows, top_transition = _open_and_capture_root_menu(state_id=state_id, top_menu=top_menu)
    │                            │                                    │                  └ 'Rendszer'
    │                            │                                    └ 'project_open'
    │                            └ <function _open_and_capture_root_menu at 0x000002138A063CC0>
    └ []

  File "C:\Users\dancsg\Documents\GitHub\autowinwatt\winwatt_automation\src\winwatt_automation\runtime_mapping\program_mapper.py", line 433, in _open_and_capture_root_menu
    menu_helpers.open_system_menu(main_window)
    │            │                └ <uiawrapper.UIAWrapper - 'WinWatt gólya', Dialog, 7729836048035146728>
    │            └ <function open_system_menu at 0x000002138A003690>
    └ <module 'winwatt_automation.live_ui.menu_helpers' from 'C:\\Users\\dancsg\\Documents\\GitHub\\autowinwatt\\winwatt_automation...

  File "C:\Users\dancsg\Documents\GitHub\autowinwatt\winwatt_automation\src\winwatt_automation\live_ui\menu_helpers.py", line 469, in open_system_menu
    ensure_main_window_foreground_before_click(action_label="open_system_menu")
    └ <function ensure_main_window_foreground_before_click at 0x0000021389FE1640>

  File "C:\Users\dancsg\Documents\GitHub\autowinwatt\winwatt_automation\src\winwatt_automation\live_ui\app_connector.py", line 916, in ensure_main_window_foreground_before_click
    raise RuntimeError(f"focus_not_restored: main window no longer exists before action={action_label}")
                                                                                         └ 'open_system_menu'

RuntimeError: focus_not_restored: main window no longer exists before action=open_system_menu
2026-03-19 00:00:29.304 | INFO     | winwatt_automation.live_ui.app_connector:get_cached_main_window:477 - DBG_WINWATT_CACHE_GET reason_code=cache_reused_without_validation payload={'wrapper_type': 'UIAWrapper', 'handle': 7214346, 'process_id': 39716, 'title': 'WinWatt gólya', 'class_name': 'TMainForm', 'control_type': 'Window'} last_validation_age_s=0.0618304000236094
2026-03-19 00:00:29.314 | INFO     | winwatt_automation.live_ui.app_connector:ensure_main_window_foreground_before_click:902 - DBG_WINWATT_FOCUS_GUARD_PRECHECK action_label=baseline_restore:project_open:recover_after_exception:Rendszer wrapper_type=UIAWrapper cached_handle=7214346 cached_pid=39716 cached_title=WinWatt gólya cached_class=TMainForm precheck_exists=False precheck_visible=True precheck_enabled=True rect={'left': -10, 'top': -10, 'right': 1930, 'bottom': 1150, 'width': 1940, 'height': 1160}
2026-03-19 00:00:29.322 | INFO     | winwatt_automation.live_ui.app_connector:get_cached_main_window:477 - DBG_WINWATT_CACHE_GET reason_code=cache_reused_without_validation payload={'wrapper_type': 'UIAWrapper', 'handle': 7214346, 'process_id': 39716, 'title': 'WinWatt gólya', 'class_name': 'TMainForm', 'control_type': 'Window'} last_validation_age_s=0.07849400001578033
2026-03-19 00:00:29.325 | ERROR    | winwatt_automation.runtime_mapping.program_mapper:restore_clean_menu_baseline:266 - baseline_restore failed state=project_open stage=recover_after_exception:Rendszer error=focus_not_restored: main window no longer exists before action=baseline_restore:project_open:recover_after_exception:Rendszer
2026-03-19 00:00:29.326 | ERROR    | winwatt_automation.runtime_mapping.program_mapper:map_runtime_state:1349 - unrecoverable main window loss during top menu state=project_open top_menu=Rendszer
[event] state_mapped: {"actions": 1, "dialogs": 0, "state_id": "project_open", "top_menus": 7}
[event] runtime_diff: {"enabled_changes": 0, "project_only_paths": 0, "summary": {"actions_only_in_a": 0, "actions_only_in_b": 0, "enabled_changes": 0, "project_only_paths": 0, "shared_top_menus": 7}}
[event] knowledge_verification: {"baseline_loaded": true, "coverage_pct": 100.0, "covered_known_menu_paths": 0, "current_menu_paths": 0, "known_menu_paths": 0, "missing_dialogs": [], "missing_menu_paths": [], "missing_windows": [], "new_dialogs": [], "new_menu_paths": [], "new_windows": []}
[event] runtime_mapping_summary: {"diff_summary": {"actions_only_in_a": 0, "actions_only_in_b": 0, "enabled_changes": 0, "project_only_paths": 0, "shared_top_menus": 7}, "no_project_top_menus": 7, "project_open_top_menus": 7}

finished_at=2026-03-18T23:00:29.392249+00:00 success=True exit_code=0
