run_id=0073_true_2026-03-20_13-18-56
started_at=2026-03-20T13:18:56.925604+00:00
command=python C:\Users\dancsg\Documents\GitHub\autowinwatt\winwatt_automation\src\winwatt_automation\scripts\map_full_program.py --top-menus Fájl;Jegyzékek --safe-mode hybrid --max-submenu-depth 2 --include-disabled true

2026-03-20 14:18:56.969 | INFO     | winwatt_automation.live_ui.app_connector:get_cached_main_window:551 - DBG_WINWATT_CACHE_GET reason_code=cache_missing_resolving_fresh diagnostic_fast_mode=False
2026-03-20 14:18:57.305 | INFO     | winwatt_automation.live_ui.app_connector:_connect_with_win32_handle:230 - DBG_WINWATT_CONNECT_WIN32_CANDIDATES locator=backend=win32 ranked_candidates=[{'rank': 1, 'score': (1, 1, 1, 1, 1053945), 'process_id': 25400, 'handle': None, 'class_name': 'TMainForm', 'title': 'WinWatt gólya', 'visible': True, 'enabled': True}]
2026-03-20 14:18:57.308 | INFO     | winwatt_automation.live_ui.app_connector:select_main_window:192 - Candidate ranking score=(1, 1, 1, 1, 1053945) data={'title': 'WinWatt gólya', 'window_text': 'WinWatt gólya', 'class_name': 'TMainForm', 'control_type': None, 'process_id': 25400, 'handle': None, 'is_visible': True, 'is_enabled': True, 'rectangle': {'left': 171, 'top': 96, 'right': 1170, 'bottom': 1151, 'width': 999, 'height': 1055}, 'size': {'width': 999, 'height': 1055}}
2026-03-20 14:18:57.308 | INFO     | winwatt_automation.live_ui.app_connector:select_main_window:202 - Selected main window process_id=25400 handle=None score=(1, 1, 1, 1, 1053945) reasons=['has_process_id=True', 'has_handle=False', 'visible=True', 'enabled=True', 'title_has_winwatt=True', 'area=1053945']
2026-03-20 14:18:57.308 | INFO     | winwatt_automation.live_ui.app_connector:_connect_with_win32_handle:247 - DBG_WINWATT_CONNECT_WIN32_SELECTED selected_payload={'title': 'WinWatt gólya', 'window_text': 'WinWatt gólya', 'class_name': 'TMainForm', 'control_type': None, 'process_id': 25400, 'handle': None, 'is_visible': True, 'is_enabled': True, 'rectangle': {'left': 171, 'top': 96, 'right': 1170, 'bottom': 1151, 'width': 999, 'height': 1055}, 'size': {'width': 999, 'height': 1055}} selected_handle_is_none=True
2026-03-20 14:18:57.309 | INFO     | winwatt_automation.live_ui.app_connector:_connect_with_win32_handle:290 - Connected to WinWatt backend=win32 attach_mode=process candidate={'process_id': 25400, 'handle': None, 'class_name': 'TMainForm', 'title': 'WinWatt gólya'}
2026-03-20 14:18:57.312 | INFO     | winwatt_automation.live_ui.app_connector:_connect_with_win32_handle:304 - DBG_WINWATT_CONNECT_WIN32_RESOLVED process_id=25400 resolved_handle=None selected_payload={'title': 'WinWatt gólya', 'window_text': 'WinWatt gólya', 'class_name': 'TMainForm', 'control_type': None, 'process_id': 25400, 'handle': None, 'is_visible': True, 'is_enabled': True, 'rectangle': {'left': 171, 'top': 96, 'right': 1170, 'bottom': 1151, 'width': 999, 'height': 1055}, 'size': {'width': 999, 'height': 1055}}
2026-03-20 14:18:57.312 | INFO     | winwatt_automation.live_ui.app_connector:_resolve_uia_main_window:336 - DBG_WINWATT_RESOLVE_UIA_WIN32_SELECTED selected_payload={'title': 'WinWatt gólya', 'window_text': 'WinWatt gólya', 'class_name': 'TMainForm', 'control_type': None, 'process_id': 25400, 'handle': None, 'is_visible': True, 'is_enabled': True, 'rectangle': {'left': 171, 'top': 96, 'right': 1170, 'bottom': 1151, 'width': 999, 'height': 1055}, 'size': {'width': 999, 'height': 1055}}
2026-03-20 14:18:57.313 | INFO     | winwatt_automation.live_ui.app_connector:_resolve_uia_main_window:342 - Connected to WinWatt backend=uia process_id=25400
2026-03-20 14:18:57.313 | INFO     | winwatt_automation.live_ui.app_connector:_resolve_uia_main_window:344 - Resolving main WinWatt window backend=uia class_name=TMainForm title_re=.*WinWatt.*
2026-03-20 14:18:57.899 | INFO     | winwatt_automation.live_ui.app_connector:_resolve_uia_main_window:354 - DBG_WINWATT_RESOLVE_UIA_PRIMARY selected_payload={'title': 'WinWatt gólya', 'window_text': 'WinWatt gólya', 'class_name': 'TMainForm', 'control_type': None, 'process_id': 25400, 'handle': None, 'is_visible': True, 'is_enabled': True, 'rectangle': {'left': 171, 'top': 96, 'right': 1170, 'bottom': 1151, 'width': 999, 'height': 1055}, 'size': {'width': 999, 'height': 1055}} primary_result={'wrapper_type': 'UIAWrapper', 'handle': 855794, 'process_id': 25400, 'title': 'WinWatt gólya', 'class_name': 'TMainForm', 'control_type': 'Window'} identity_match_with_win32=None
2026-03-20 14:18:59.082 | INFO     | winwatt_automation.live_ui.menu_helpers:_menu_items:1072 - DBG_MENU_ITEMS_SUMMARY total_items=7 visible_items=7 topbar_band=(181, 106, 590, 159) topbar_band_visible_count=7 popup_region_visible_count=0 force_refresh=True handle=855794
2026-03-20 14:18:59.206 | INFO     | winwatt_automation.live_ui.menu_helpers:list_top_menu_items:1112 - Top-level menu items (raw): ['Rendszer', 'Fájl', 'Jegyzékek', 'Adatbázis...', 'Beállítások', 'Ablak', 'Súgó']
2026-03-20 14:18:59.219 | INFO     | winwatt_automation.runtime_mapping.program_mapper:get_canonical_top_menu_names:412 - Canonical top-level menus [7]: ['Rendszer', 'Fájl', 'Jegyzékek', 'Adatbázis...', 'Beállítások', 'Ablak', 'Súgó']
2026-03-20 14:18:59.220 | INFO     | winwatt_automation.runtime_mapping.program_mapper:_build_state_atlas_entry:1106 - STATE_ATLAS_ENTRY_CREATED state_id=no_project top_menus=0 rows=0 actions=0 transitions=0
[event] state_mapped: {"actions": 0, "dialogs": 0, "state_id": "no_project", "top_menus": 0}
2026-03-20 14:19:00.410 | INFO     | winwatt_automation.live_ui.menu_helpers:_menu_items:1072 - DBG_MENU_ITEMS_SUMMARY total_items=7 visible_items=7 topbar_band=(181, 106, 590, 159) topbar_band_visible_count=7 popup_region_visible_count=0 force_refresh=True handle=855794
2026-03-20 14:19:00.510 | INFO     | winwatt_automation.live_ui.menu_helpers:list_top_menu_items:1112 - Top-level menu items (raw): ['Rendszer', 'Fájl', 'Jegyzékek', 'Adatbázis...', 'Beállítások', 'Ablak', 'Súgó']
2026-03-20 14:19:00.513 | INFO     | winwatt_automation.live_ui.app_connector:prepare_main_window_for_menu_interaction:818 - Preparing WinWatt window for menu interaction
2026-03-20 14:19:00.523 | INFO     | winwatt_automation.live_ui.app_connector:prepare_main_window_for_menu_interaction:838 - Window state before: normal
2026-03-20 14:19:00.579 | INFO     | winwatt_automation.live_ui.app_connector:prepare_main_window_for_menu_interaction:859 - Window maximized
2026-03-20 14:19:00.607 | INFO     | winwatt_automation.live_ui.app_connector:prepare_main_window_for_menu_interaction:868 - Focus confirmed
2026-03-20 14:19:00.618 | INFO     | winwatt_automation.live_ui.app_connector:ensure_main_window_foreground_before_click:1012 - DBG_WINWATT_FOCUS_GUARD_PRECHECK action_label=open_top_menu:fájl wrapper_type=UIAWrapper cached_handle=855794 cached_pid=25400 cached_title=WinWatt gólya cached_class=TMainForm precheck_exists=False precheck_visible=True precheck_enabled=True rect={'left': -10, 'top': -10, 'right': 1930, 'bottom': 1150, 'width': 1940, 'height': 1160}
2026-03-20 14:19:00.618 | WARNING  | winwatt_automation.live_ui.app_connector:ensure_main_window_foreground_before_click:1036 - DBG_WINWATT_FOCUS_GUARD_OPEN_TOP_MENU_OVERRIDE action_label=open_top_menu:fájl reason=exists_false_but_identity_strong wrapper_type=UIAWrapper identity_reasons=['handle', 'process_id', 'title', 'class_name', 'rect', 'visible', 'enabled'] cached_identity={'wrapper_type': 'UIAWrapper', 'handle': 855794, 'process_id': 25400, 'title': 'WinWatt gólya', 'class_name': 'TMainForm', 'control_type': 'Window'} rect={'left': -10, 'top': -10, 'right': 1930, 'bottom': 1150, 'width': 1940, 'height': 1160}
2026-03-20 14:19:00.633 | INFO     | winwatt_automation.live_ui.app_connector:is_winwatt_foreground_context:971 - DBG_WINWATT_FOREGROUND_CONTEXT expected_handle=855794 expected_process_id=25400 expected_title=WinWatt gólya expected_class_name=TMainForm actual_foreground_handle=855794 actual_foreground_process_id=25400 actual_foreground_title=WinWatt gólya actual_foreground_class_name=TMainForm allow_dialog=False result_reason=handle_match
2026-03-20 14:19:00.639 | INFO     | winwatt_automation.live_ui.app_connector:ensure_main_window_foreground_before_click:1080 - DBG_WINWATT_FOCUS_GUARD_RESULT action_label=open_top_menu:fájl status=focus_ok reason=handle_match foreground={'handle': 855794, 'title': 'WinWatt gólya', 'class_name': 'TMainForm', 'process_id': 25400} same_context_as_cached_main=True win32_uia_identity_match=True
2026-03-20 14:19:00.932 | INFO     | winwatt_automation.live_ui.menu_helpers:_menu_items:1072 - DBG_MENU_ITEMS_SUMMARY total_items=7 visible_items=7 topbar_band=(0, 0, 409, 53) topbar_band_visible_count=7 popup_region_visible_count=0 force_refresh=False handle=855794
2026-03-20 14:19:00.994 | INFO     | winwatt_automation.live_ui.menu_helpers:_menu_items:1072 - DBG_MENU_ITEMS_SUMMARY total_items=7 visible_items=7 topbar_band=(0, 0, 409, 53) topbar_band_visible_count=7 popup_region_visible_count=0 force_refresh=False handle=855794
2026-03-20 14:19:01.536 | INFO     | winwatt_automation.live_ui.menu_helpers:capture_menu_popup_snapshot:1458 - POPUP_SNAPSHOT_SUMMARY main_window_fragments=7 global_scan_fragments=7 deduped_fragments=14 topbar_like=12 popup_like=0 empty_text=0 topbar_band=(0, 29, 409, 53) empty_text_vertical_cluster_detected=False accepted_popup_rows=0 popup_heuristic=candidate_count_below_threshold
2026-03-20 14:19:01.703 | INFO     | winwatt_automation.live_ui.menu_helpers:_validate_post_menu_open_foreground:933 - post_click_foreground_validation title=Fájl foreground={'handle': 855794, 'title': 'WinWatt gólya', 'class_name': 'TMainForm', 'process_id': 25400}
2026-03-20 14:19:01.730 | INFO     | winwatt_automation.live_ui.app_connector:is_winwatt_foreground_context:971 - DBG_WINWATT_FOREGROUND_CONTEXT expected_handle=855794 expected_process_id=25400 expected_title=WinWatt gólya expected_class_name=TMainForm actual_foreground_handle=855794 actual_foreground_process_id=25400 actual_foreground_title=WinWatt gólya actual_foreground_class_name=TMainForm allow_dialog=True result_reason=handle_match
2026-03-20 14:19:01.756 | INFO     | winwatt_automation.live_ui.menu_helpers:_menu_items:1072 - DBG_MENU_ITEMS_SUMMARY total_items=7 visible_items=7 topbar_band=(0, 0, 409, 53) topbar_band_visible_count=7 popup_region_visible_count=0 force_refresh=False handle=855794
2026-03-20 14:19:02.226 | INFO     | winwatt_automation.live_ui.menu_helpers:_menu_row_from_wrapper:1289 - TEXT_EXTRACTION_FALLBACK_USED source=legacy_text confidence=high rect={'left': 4, 'top': 56, 'right': 932, 'bottom': 84}
2026-03-20 14:19:02.235 | INFO     | winwatt_automation.live_ui.menu_helpers:_menu_row_from_wrapper:1289 - TEXT_EXTRACTION_FALLBACK_USED source=legacy_text confidence=high rect={'left': 4, 'top': 84, 'right': 932, 'bottom': 112}
2026-03-20 14:19:02.246 | WARNING  | winwatt_automation.live_ui.menu_helpers:_menu_row_from_wrapper:1291 - TEXT_EXTRACTION_FAILED source_scope=global_process_scan rect={'left': 4, 'top': 111, 'right': 932, 'bottom': 139}
2026-03-20 14:19:02.261 | WARNING  | winwatt_automation.live_ui.menu_helpers:_menu_row_from_wrapper:1291 - TEXT_EXTRACTION_FAILED source_scope=global_process_scan rect={'left': 4, 'top': 139, 'right': 932, 'bottom': 167}
2026-03-20 14:19:02.275 | INFO     | winwatt_automation.live_ui.menu_helpers:_menu_row_from_wrapper:1289 - TEXT_EXTRACTION_FALLBACK_USED source=legacy_text confidence=high rect={'left': 4, 'top': 166, 'right': 932, 'bottom': 194}
2026-03-20 14:19:02.288 | WARNING  | winwatt_automation.live_ui.menu_helpers:_menu_row_from_wrapper:1291 - TEXT_EXTRACTION_FAILED source_scope=global_process_scan rect={'left': 4, 'top': 201, 'right': 932, 'bottom': 229}
2026-03-20 14:19:02.303 | INFO     | winwatt_automation.live_ui.menu_helpers:_menu_row_from_wrapper:1289 - TEXT_EXTRACTION_FALLBACK_USED source=legacy_text confidence=high rect={'left': 4, 'top': 229, 'right': 932, 'bottom': 257}
2026-03-20 14:19:02.318 | INFO     | winwatt_automation.live_ui.menu_helpers:_menu_row_from_wrapper:1289 - TEXT_EXTRACTION_FALLBACK_USED source=legacy_text confidence=high rect={'left': 4, 'top': 264, 'right': 932, 'bottom': 292}
2026-03-20 14:19:02.332 | INFO     | winwatt_automation.live_ui.menu_helpers:_menu_row_from_wrapper:1289 - TEXT_EXTRACTION_FALLBACK_USED source=legacy_text confidence=high rect={'left': 4, 'top': 291, 'right': 932, 'bottom': 319}
2026-03-20 14:19:02.360 | INFO     | winwatt_automation.live_ui.menu_helpers:_menu_row_from_wrapper:1289 - TEXT_EXTRACTION_FALLBACK_USED source=legacy_text confidence=high rect={'left': 4, 'top': 319, 'right': 932, 'bottom': 347}
2026-03-20 14:19:02.379 | INFO     | winwatt_automation.live_ui.menu_helpers:_menu_row_from_wrapper:1289 - TEXT_EXTRACTION_FALLBACK_USED source=legacy_text confidence=high rect={'left': 4, 'top': 346, 'right': 932, 'bottom': 374}
2026-03-20 14:19:02.394 | INFO     | winwatt_automation.live_ui.menu_helpers:_menu_row_from_wrapper:1289 - TEXT_EXTRACTION_FALLBACK_USED source=legacy_text confidence=high rect={'left': 4, 'top': 374, 'right': 932, 'bottom': 402}
2026-03-20 14:19:02.410 | INFO     | winwatt_automation.live_ui.menu_helpers:_menu_row_from_wrapper:1289 - TEXT_EXTRACTION_FALLBACK_USED source=legacy_text confidence=high rect={'left': 4, 'top': 401, 'right': 932, 'bottom': 429}
2026-03-20 14:19:02.431 | INFO     | winwatt_automation.live_ui.menu_helpers:_menu_row_from_wrapper:1289 - TEXT_EXTRACTION_FALLBACK_USED source=legacy_text confidence=high rect={'left': 4, 'top': 429, 'right': 932, 'bottom': 457}
2026-03-20 14:19:02.450 | INFO     | winwatt_automation.live_ui.menu_helpers:_menu_row_from_wrapper:1289 - TEXT_EXTRACTION_FALLBACK_USED source=legacy_text confidence=high rect={'left': 4, 'top': 456, 'right': 932, 'bottom': 484}
2026-03-20 14:19:02.479 | INFO     | winwatt_automation.live_ui.menu_helpers:_menu_row_from_wrapper:1289 - TEXT_EXTRACTION_FALLBACK_USED source=legacy_text confidence=high rect={'left': 4, 'top': 484, 'right': 932, 'bottom': 512}
2026-03-20 14:19:02.502 | INFO     | winwatt_automation.live_ui.menu_helpers:_menu_row_from_wrapper:1289 - TEXT_EXTRACTION_FALLBACK_USED source=legacy_text confidence=high rect={'left': 4, 'top': 519, 'right': 932, 'bottom': 547}
2026-03-20 14:19:02.536 | INFO     | winwatt_automation.live_ui.app_connector:is_winwatt_foreground_context:971 - DBG_WINWATT_FOREGROUND_CONTEXT expected_handle=855794 expected_process_id=25400 expected_title=WinWatt gólya expected_class_name=TMainForm actual_foreground_handle=855794 actual_foreground_process_id=25400 actual_foreground_title=WinWatt gólya actual_foreground_class_name=TMainForm allow_dialog=True result_reason=handle_match
2026-03-20 14:19:02.539 | INFO     | winwatt_automation.live_ui.app_connector:_cached_window_health_status:443 - DBG_WINWATT_CACHE_HEALTH reason_code=healthy payload={'wrapper_type': 'UIAWrapper', 'handle': 855794, 'process_id': 25400, 'title': 'WinWatt gólya', 'class_name': 'TMainForm', 'control_type': 'Window'}
2026-03-20 14:19:03.132 | INFO     | winwatt_automation.live_ui.menu_helpers:capture_menu_popup_snapshot:1458 - POPUP_SNAPSHOT_SUMMARY main_window_fragments=7 global_scan_fragments=24 deduped_fragments=31 topbar_like=12 popup_like=17 empty_text=3 topbar_band=(0, 29, 409, 53) empty_text_vertical_cluster_detected=False accepted_popup_rows=0 popup_heuristic=candidate_count_below_threshold
2026-03-20 14:19:04.559 | INFO     | winwatt_automation.live_ui.menu_helpers:_menu_items:1072 - DBG_MENU_ITEMS_SUMMARY total_items=24 visible_items=24 topbar_band=(0, 0, 932, 547) topbar_band_visible_count=24 popup_region_visible_count=0 force_refresh=False handle=855794
2026-03-20 14:19:04.567 | INFO     | winwatt_automation.live_ui.menu_helpers:_menu_row_from_wrapper:1289 - TEXT_EXTRACTION_FALLBACK_USED source=legacy_text confidence=high rect={'left': 4, 'top': 56, 'right': 932, 'bottom': 84}
2026-03-20 14:19:04.575 | INFO     | winwatt_automation.live_ui.menu_helpers:_menu_row_from_wrapper:1289 - TEXT_EXTRACTION_FALLBACK_USED source=legacy_text confidence=high rect={'left': 4, 'top': 84, 'right': 932, 'bottom': 112}
2026-03-20 14:19:04.582 | WARNING  | winwatt_automation.live_ui.menu_helpers:_menu_row_from_wrapper:1291 - TEXT_EXTRACTION_FAILED source_scope=main_window rect={'left': 4, 'top': 111, 'right': 932, 'bottom': 139}
2026-03-20 14:19:04.591 | WARNING  | winwatt_automation.live_ui.menu_helpers:_menu_row_from_wrapper:1291 - TEXT_EXTRACTION_FAILED source_scope=main_window rect={'left': 4, 'top': 139, 'right': 932, 'bottom': 167}
2026-03-20 14:19:04.602 | INFO     | winwatt_automation.live_ui.menu_helpers:_menu_row_from_wrapper:1289 - TEXT_EXTRACTION_FALLBACK_USED source=legacy_text confidence=high rect={'left': 4, 'top': 166, 'right': 932, 'bottom': 194}
2026-03-20 14:19:04.615 | WARNING  | winwatt_automation.live_ui.menu_helpers:_menu_row_from_wrapper:1291 - TEXT_EXTRACTION_FAILED source_scope=main_window rect={'left': 4, 'top': 201, 'right': 932, 'bottom': 229}
2026-03-20 14:19:04.625 | INFO     | winwatt_automation.live_ui.menu_helpers:_menu_row_from_wrapper:1289 - TEXT_EXTRACTION_FALLBACK_USED source=legacy_text confidence=high rect={'left': 4, 'top': 229, 'right': 932, 'bottom': 257}
2026-03-20 14:19:04.636 | INFO     | winwatt_automation.live_ui.menu_helpers:_menu_row_from_wrapper:1289 - TEXT_EXTRACTION_FALLBACK_USED source=legacy_text confidence=high rect={'left': 4, 'top': 264, 'right': 932, 'bottom': 292}
2026-03-20 14:19:04.648 | INFO     | winwatt_automation.live_ui.menu_helpers:_menu_row_from_wrapper:1289 - TEXT_EXTRACTION_FALLBACK_USED source=legacy_text confidence=high rect={'left': 4, 'top': 291, 'right': 932, 'bottom': 319}
2026-03-20 14:19:04.667 | INFO     | winwatt_automation.live_ui.menu_helpers:_menu_row_from_wrapper:1289 - TEXT_EXTRACTION_FALLBACK_USED source=legacy_text confidence=high rect={'left': 4, 'top': 319, 'right': 932, 'bottom': 347}
2026-03-20 14:19:04.682 | INFO     | winwatt_automation.live_ui.menu_helpers:_menu_row_from_wrapper:1289 - TEXT_EXTRACTION_FALLBACK_USED source=legacy_text confidence=high rect={'left': 4, 'top': 346, 'right': 932, 'bottom': 374}
2026-03-20 14:19:04.695 | INFO     | winwatt_automation.live_ui.menu_helpers:_menu_row_from_wrapper:1289 - TEXT_EXTRACTION_FALLBACK_USED source=legacy_text confidence=high rect={'left': 4, 'top': 374, 'right': 932, 'bottom': 402}
2026-03-20 14:19:04.707 | INFO     | winwatt_automation.live_ui.menu_helpers:_menu_row_from_wrapper:1289 - TEXT_EXTRACTION_FALLBACK_USED source=legacy_text confidence=high rect={'left': 4, 'top': 401, 'right': 932, 'bottom': 429}
2026-03-20 14:19:04.720 | INFO     | winwatt_automation.live_ui.menu_helpers:_menu_row_from_wrapper:1289 - TEXT_EXTRACTION_FALLBACK_USED source=legacy_text confidence=high rect={'left': 4, 'top': 429, 'right': 932, 'bottom': 457}
2026-03-20 14:19:04.742 | INFO     | winwatt_automation.live_ui.menu_helpers:_menu_row_from_wrapper:1289 - TEXT_EXTRACTION_FALLBACK_USED source=legacy_text confidence=high rect={'left': 4, 'top': 456, 'right': 932, 'bottom': 484}
2026-03-20 14:19:04.761 | INFO     | winwatt_automation.live_ui.menu_helpers:_menu_row_from_wrapper:1289 - TEXT_EXTRACTION_FALLBACK_USED source=legacy_text confidence=high rect={'left': 4, 'top': 484, 'right': 932, 'bottom': 512}
2026-03-20 14:19:04.776 | INFO     | winwatt_automation.live_ui.menu_helpers:_menu_row_from_wrapper:1289 - TEXT_EXTRACTION_FALLBACK_USED source=legacy_text confidence=high rect={'left': 4, 'top': 519, 'right': 932, 'bottom': 547}
2026-03-20 14:19:05.334 | INFO     | winwatt_automation.live_ui.menu_helpers:_menu_row_from_wrapper:1289 - TEXT_EXTRACTION_FALLBACK_USED source=legacy_text confidence=high rect={'left': 4, 'top': 56, 'right': 932, 'bottom': 84}
2026-03-20 14:19:05.340 | INFO     | winwatt_automation.live_ui.menu_helpers:_menu_row_from_wrapper:1289 - TEXT_EXTRACTION_FALLBACK_USED source=legacy_text confidence=high rect={'left': 4, 'top': 84, 'right': 932, 'bottom': 112}
2026-03-20 14:19:05.347 | WARNING  | winwatt_automation.live_ui.menu_helpers:_menu_row_from_wrapper:1291 - TEXT_EXTRACTION_FAILED source_scope=global_process_scan rect={'left': 4, 'top': 111, 'right': 932, 'bottom': 139}
2026-03-20 14:19:05.361 | WARNING  | winwatt_automation.live_ui.menu_helpers:_menu_row_from_wrapper:1291 - TEXT_EXTRACTION_FAILED source_scope=global_process_scan rect={'left': 4, 'top': 139, 'right': 932, 'bottom': 167}
2026-03-20 14:19:05.370 | INFO     | winwatt_automation.live_ui.menu_helpers:_menu_row_from_wrapper:1289 - TEXT_EXTRACTION_FALLBACK_USED source=legacy_text confidence=high rect={'left': 4, 'top': 166, 'right': 932, 'bottom': 194}
2026-03-20 14:19:05.379 | WARNING  | winwatt_automation.live_ui.menu_helpers:_menu_row_from_wrapper:1291 - TEXT_EXTRACTION_FAILED source_scope=global_process_scan rect={'left': 4, 'top': 201, 'right': 932, 'bottom': 229}
2026-03-20 14:19:05.387 | INFO     | winwatt_automation.live_ui.menu_helpers:_menu_row_from_wrapper:1289 - TEXT_EXTRACTION_FALLBACK_USED source=legacy_text confidence=high rect={'left': 4, 'top': 229, 'right': 932, 'bottom': 257}
2026-03-20 14:19:05.394 | INFO     | winwatt_automation.live_ui.menu_helpers:_menu_row_from_wrapper:1289 - TEXT_EXTRACTION_FALLBACK_USED source=legacy_text confidence=high rect={'left': 4, 'top': 264, 'right': 932, 'bottom': 292}
2026-03-20 14:19:05.401 | INFO     | winwatt_automation.live_ui.menu_helpers:_menu_row_from_wrapper:1289 - TEXT_EXTRACTION_FALLBACK_USED source=legacy_text confidence=high rect={'left': 4, 'top': 291, 'right': 932, 'bottom': 319}
2026-03-20 14:19:05.411 | INFO     | winwatt_automation.live_ui.menu_helpers:_menu_row_from_wrapper:1289 - TEXT_EXTRACTION_FALLBACK_USED source=legacy_text confidence=high rect={'left': 4, 'top': 319, 'right': 932, 'bottom': 347}
2026-03-20 14:19:05.419 | INFO     | winwatt_automation.live_ui.menu_helpers:_menu_row_from_wrapper:1289 - TEXT_EXTRACTION_FALLBACK_USED source=legacy_text confidence=high rect={'left': 4, 'top': 346, 'right': 932, 'bottom': 374}
2026-03-20 14:19:05.428 | INFO     | winwatt_automation.live_ui.menu_helpers:_menu_row_from_wrapper:1289 - TEXT_EXTRACTION_FALLBACK_USED source=legacy_text confidence=high rect={'left': 4, 'top': 374, 'right': 932, 'bottom': 402}
2026-03-20 14:19:05.434 | INFO     | winwatt_automation.live_ui.menu_helpers:_menu_row_from_wrapper:1289 - TEXT_EXTRACTION_FALLBACK_USED source=legacy_text confidence=high rect={'left': 4, 'top': 401, 'right': 932, 'bottom': 429}
2026-03-20 14:19:05.441 | INFO     | winwatt_automation.live_ui.menu_helpers:_menu_row_from_wrapper:1289 - TEXT_EXTRACTION_FALLBACK_USED source=legacy_text confidence=high rect={'left': 4, 'top': 429, 'right': 932, 'bottom': 457}
2026-03-20 14:19:05.448 | INFO     | winwatt_automation.live_ui.menu_helpers:_menu_row_from_wrapper:1289 - TEXT_EXTRACTION_FALLBACK_USED source=legacy_text confidence=high rect={'left': 4, 'top': 456, 'right': 932, 'bottom': 484}
2026-03-20 14:19:05.456 | INFO     | winwatt_automation.live_ui.menu_helpers:_menu_row_from_wrapper:1289 - TEXT_EXTRACTION_FALLBACK_USED source=legacy_text confidence=high rect={'left': 4, 'top': 484, 'right': 932, 'bottom': 512}
2026-03-20 14:19:05.462 | INFO     | winwatt_automation.live_ui.menu_helpers:_menu_row_from_wrapper:1289 - TEXT_EXTRACTION_FALLBACK_USED source=legacy_text confidence=high rect={'left': 4, 'top': 519, 'right': 932, 'bottom': 547}
2026-03-20 14:19:05.877 | INFO     | winwatt_automation.live_ui.menu_helpers:capture_menu_popup_snapshot:1458 - POPUP_SNAPSHOT_SUMMARY main_window_fragments=24 global_scan_fragments=24 deduped_fragments=48 topbar_like=12 popup_like=34 empty_text=6 topbar_band=(0, 29, 409, 53) empty_text_vertical_cluster_detected=False accepted_popup_rows=0 popup_heuristic=cluster_below_threshold
2026-03-20 14:19:05.896 | INFO     | winwatt_automation.live_ui.menu_helpers:_menu_items:1072 - DBG_MENU_ITEMS_SUMMARY total_items=24 visible_items=24 topbar_band=(0, 0, 932, 547) topbar_band_visible_count=24 popup_region_visible_count=0 force_refresh=False handle=855794
2026-03-20 14:19:06.588 | INFO     | winwatt_automation.live_ui.menu_helpers:_menu_items:1072 - DBG_MENU_ITEMS_SUMMARY total_items=24 visible_items=24 topbar_band=(0, 0, 932, 547) topbar_band_visible_count=24 popup_region_visible_count=0 force_refresh=False handle=855794
2026-03-20 14:19:06.880 | INFO     | winwatt_automation.live_ui.app_connector:is_winwatt_foreground_context:971 - DBG_WINWATT_FOREGROUND_CONTEXT expected_handle=855794 expected_process_id=25400 expected_title=WinWatt gólya expected_class_name=TMainForm actual_foreground_handle=855794 actual_foreground_process_id=25400 actual_foreground_title=WinWatt gólya actual_foreground_class_name=TMainForm allow_dialog=True result_reason=handle_match
2026-03-20 14:19:06.884 | INFO     | winwatt_automation.live_ui.app_connector:_cached_window_health_status:443 - DBG_WINWATT_CACHE_HEALTH reason_code=healthy payload={'wrapper_type': 'UIAWrapper', 'handle': 855794, 'process_id': 25400, 'title': 'WinWatt gólya', 'class_name': 'TMainForm', 'control_type': 'Window'}
2026-03-20 14:19:07.316 | INFO     | winwatt_automation.live_ui.menu_helpers:_group_popup_fragments_into_logical_rows:1798 - DBG_MENU_GROUP_ROW row_index=0 representative_text='Végrehajtás' fragment_count=1 fragment_texts=['Végrehajtás'] row_rectangle={'left': 4, 'top': 56, 'right': 932, 'bottom': 84} source_scope_summary=['main_window'] row_class_summary=[''] topbar_like=True popup_like=False popup_reason=None
2026-03-20 14:19:07.317 | INFO     | winwatt_automation.live_ui.menu_helpers:_group_popup_fragments_into_logical_rows:1798 - DBG_MENU_GROUP_ROW row_index=1 representative_text='Végrehajtás' fragment_count=1 fragment_texts=['Végrehajtás'] row_rectangle={'left': 4, 'top': 84, 'right': 932, 'bottom': 112} source_scope_summary=['main_window'] row_class_summary=[''] topbar_like=True popup_like=False popup_reason=None
2026-03-20 14:19:07.318 | INFO     | winwatt_automation.live_ui.menu_helpers:_group_popup_fragments_into_logical_rows:1798 - DBG_MENU_GROUP_ROW row_index=2 representative_text='' fragment_count=1 fragment_texts=[''] row_rectangle={'left': 4, 'top': 111, 'right': 932, 'bottom': 139} source_scope_summary=['main_window'] row_class_summary=[''] topbar_like=False popup_like=False popup_reason=None
2026-03-20 14:19:07.319 | INFO     | winwatt_automation.live_ui.menu_helpers:_group_popup_fragments_into_logical_rows:1798 - DBG_MENU_GROUP_ROW row_index=3 representative_text='' fragment_count=1 fragment_texts=[''] row_rectangle={'left': 4, 'top': 139, 'right': 932, 'bottom': 167} source_scope_summary=['main_window'] row_class_summary=[''] topbar_like=False popup_like=True popup_reason=below_topbar_band
2026-03-20 14:19:07.319 | INFO     | winwatt_automation.live_ui.menu_helpers:_group_popup_fragments_into_logical_rows:1798 - DBG_MENU_GROUP_ROW row_index=4 representative_text='Végrehajtás' fragment_count=1 fragment_texts=['Végrehajtás'] row_rectangle={'left': 4, 'top': 166, 'right': 932, 'bottom': 194} source_scope_summary=['main_window'] row_class_summary=[''] topbar_like=False popup_like=True popup_reason=below_topbar_band
2026-03-20 14:19:07.320 | INFO     | winwatt_automation.live_ui.menu_helpers:_group_popup_fragments_into_logical_rows:1798 - DBG_MENU_GROUP_ROW row_index=5 representative_text='' fragment_count=1 fragment_texts=[''] row_rectangle={'left': 4, 'top': 201, 'right': 932, 'bottom': 229} source_scope_summary=['main_window'] row_class_summary=[''] topbar_like=False popup_like=True popup_reason=below_topbar_band
2026-03-20 14:19:07.321 | INFO     | winwatt_automation.live_ui.menu_helpers:_group_popup_fragments_into_logical_rows:1798 - DBG_MENU_GROUP_ROW row_index=6 representative_text='Végrehajtás' fragment_count=1 fragment_texts=['Végrehajtás'] row_rectangle={'left': 4, 'top': 229, 'right': 932, 'bottom': 257} source_scope_summary=['main_window'] row_class_summary=[''] topbar_like=False popup_like=True popup_reason=below_topbar_band
2026-03-20 14:19:07.322 | INFO     | winwatt_automation.live_ui.menu_helpers:_group_popup_fragments_into_logical_rows:1798 - DBG_MENU_GROUP_ROW row_index=7 representative_text='Végrehajtás' fragment_count=1 fragment_texts=['Végrehajtás'] row_rectangle={'left': 4, 'top': 264, 'right': 932, 'bottom': 292} source_scope_summary=['main_window'] row_class_summary=[''] topbar_like=False popup_like=True popup_reason=below_topbar_band
2026-03-20 14:19:07.323 | INFO     | winwatt_automation.live_ui.menu_helpers:_group_popup_fragments_into_logical_rows:1798 - DBG_MENU_GROUP_ROW row_index=8 representative_text='Végrehajtás' fragment_count=1 fragment_texts=['Végrehajtás'] row_rectangle={'left': 4, 'top': 291, 'right': 932, 'bottom': 319} source_scope_summary=['main_window'] row_class_summary=[''] topbar_like=False popup_like=True popup_reason=below_topbar_band
2026-03-20 14:19:07.324 | INFO     | winwatt_automation.live_ui.menu_helpers:_group_popup_fragments_into_logical_rows:1798 - DBG_MENU_GROUP_ROW row_index=9 representative_text='Végrehajtás' fragment_count=1 fragment_texts=['Végrehajtás'] row_rectangle={'left': 4, 'top': 319, 'right': 932, 'bottom': 347} source_scope_summary=['main_window'] row_class_summary=[''] topbar_like=False popup_like=True popup_reason=below_topbar_band
2026-03-20 14:19:07.325 | INFO     | winwatt_automation.live_ui.menu_helpers:_group_popup_fragments_into_logical_rows:1798 - DBG_MENU_GROUP_ROW row_index=10 representative_text='Végrehajtás' fragment_count=1 fragment_texts=['Végrehajtás'] row_rectangle={'left': 4, 'top': 346, 'right': 932, 'bottom': 374} source_scope_summary=['main_window'] row_class_summary=[''] topbar_like=False popup_like=True popup_reason=below_topbar_band
2026-03-20 14:19:07.326 | INFO     | winwatt_automation.live_ui.menu_helpers:_group_popup_fragments_into_logical_rows:1798 - DBG_MENU_GROUP_ROW row_index=11 representative_text='Végrehajtás' fragment_count=1 fragment_texts=['Végrehajtás'] row_rectangle={'left': 4, 'top': 374, 'right': 932, 'bottom': 402} source_scope_summary=['main_window'] row_class_summary=[''] topbar_like=False popup_like=True popup_reason=below_topbar_band
2026-03-20 14:19:07.327 | INFO     | winwatt_automation.live_ui.menu_helpers:_group_popup_fragments_into_logical_rows:1798 - DBG_MENU_GROUP_ROW row_index=12 representative_text='Végrehajtás' fragment_count=1 fragment_texts=['Végrehajtás'] row_rectangle={'left': 4, 'top': 401, 'right': 932, 'bottom': 429} source_scope_summary=['main_window'] row_class_summary=[''] topbar_like=False popup_like=True popup_reason=below_topbar_band
2026-03-20 14:19:07.329 | INFO     | winwatt_automation.live_ui.menu_helpers:_group_popup_fragments_into_logical_rows:1798 - DBG_MENU_GROUP_ROW row_index=13 representative_text='Végrehajtás' fragment_count=1 fragment_texts=['Végrehajtás'] row_rectangle={'left': 4, 'top': 429, 'right': 932, 'bottom': 457} source_scope_summary=['main_window'] row_class_summary=[''] topbar_like=False popup_like=True popup_reason=below_topbar_band
2026-03-20 14:19:07.330 | INFO     | winwatt_automation.live_ui.menu_helpers:_group_popup_fragments_into_logical_rows:1798 - DBG_MENU_GROUP_ROW row_index=14 representative_text='Végrehajtás' fragment_count=1 fragment_texts=['Végrehajtás'] row_rectangle={'left': 4, 'top': 456, 'right': 932, 'bottom': 484} source_scope_summary=['main_window'] row_class_summary=[''] topbar_like=False popup_like=True popup_reason=below_topbar_band
2026-03-20 14:19:07.331 | INFO     | winwatt_automation.live_ui.menu_helpers:_group_popup_fragments_into_logical_rows:1798 - DBG_MENU_GROUP_ROW row_index=15 representative_text='Végrehajtás' fragment_count=1 fragment_texts=['Végrehajtás'] row_rectangle={'left': 4, 'top': 484, 'right': 932, 'bottom': 512} source_scope_summary=['main_window'] row_class_summary=[''] topbar_like=False popup_like=True popup_reason=below_topbar_band
2026-03-20 14:19:07.332 | INFO     | winwatt_automation.live_ui.menu_helpers:_group_popup_fragments_into_logical_rows:1798 - DBG_MENU_GROUP_ROW row_index=16 representative_text='Végrehajtás' fragment_count=1 fragment_texts=['Végrehajtás'] row_rectangle={'left': 4, 'top': 519, 'right': 932, 'bottom': 547} source_scope_summary=['main_window'] row_class_summary=[''] topbar_like=False popup_like=True popup_reason=below_topbar_band
2026-03-20 14:19:07.332 | INFO     | winwatt_automation.live_ui.menu_helpers:open_top_menu_and_capture_popup_state:1899 - Menu open transitions: before snapshot row count=14 after snapshot row count=48 structured row count=17 top menu clicked more than once=False
2026-03-20 14:19:07.334 | INFO     | winwatt_automation.runtime_mapping.program_mapper:recover_after_project_open:1909 - project_open_recovery_start timeout_s=15.0 poll_interval_s=0.25
2026-03-20 14:19:07.344 | INFO     | winwatt_automation.runtime_mapping.program_mapper:recover_after_project_open:1920 - project_open_recovery_success
[event] project_open_result: {"dialog_found": false, "error": "Could not locate 'Projekt megnyitás' row in Fájl popup.", "success": false}
[event] project_open_recovery: {"modal_detected": false, "reason": "main_window_ready", "success": true}
2026-03-20 14:19:08.997 | INFO     | winwatt_automation.live_ui.menu_helpers:_menu_items:1072 - DBG_MENU_ITEMS_SUMMARY total_items=24 visible_items=24 topbar_band=(0, 0, 932, 547) topbar_band_visible_count=24 popup_region_visible_count=0 force_refresh=True handle=855794
2026-03-20 14:19:09.249 | INFO     | winwatt_automation.live_ui.menu_helpers:list_top_menu_items:1112 - Top-level menu items (raw): ['Rendszer', 'Fájl', 'Jegyzékek', 'Adatbázis...', 'Beállítások', 'Ablak', 'Súgó']
2026-03-20 14:19:09.251 | INFO     | winwatt_automation.runtime_mapping.program_mapper:get_canonical_top_menu_names:412 - Canonical top-level menus [7]: ['Rendszer', 'Fájl', 'Jegyzékek', 'Adatbázis...', 'Beállítások', 'Ablak', 'Súgó']
2026-03-20 14:19:09.251 | INFO     | winwatt_automation.runtime_mapping.program_mapper:_build_state_atlas_entry:1106 - STATE_ATLAS_ENTRY_CREATED state_id=project_open top_menus=0 rows=0 actions=0 transitions=0
[event] state_mapped: {"actions": 0, "dialogs": 0, "state_id": "project_open", "top_menus": 0}
2026-03-20 14:19:09.260 | INFO     | winwatt_automation.runtime_mapping.program_mapper:_build_state_atlas_entry:1106 - STATE_ATLAS_ENTRY_CREATED state_id=no_project top_menus=0 rows=0 actions=0 transitions=0
2026-03-20 14:19:09.262 | INFO     | winwatt_automation.runtime_mapping.program_mapper:_build_state_atlas_entry:1106 - STATE_ATLAS_ENTRY_CREATED state_id=project_open top_menus=0 rows=0 actions=0 transitions=0
[event] runtime_diff: {"enabled_changes": 0, "project_only_paths": 0, "summary": {"actions_only_in_a": 0, "actions_only_in_b": 0, "enabled_changes": 0, "project_only_paths": 0, "shared_top_menus": 0}}
[event] knowledge_verification: {"baseline_loaded": true, "coverage_pct": 0.0, "covered_known_menu_paths": 0, "current_menu_paths": 0, "known_menu_paths": 19, "missing_dialogs": [], "missing_menu_paths": [["ablak", "[unlabeled row 0]"], ["beállítások", "[unlabeled row 0]"], ["fájl", "[unlabeled row 0]"], ["fájl", "[unlabeled row 10]"], ["fájl", "[unlabeled row 11]"], ["fájl", "[unlabeled row 12]"], ["fájl", "[unlabeled row 13]"], ["fájl", "[unlabeled row 14]"], ["fájl", "[unlabeled row 15]"], ["fájl", "[unlabeled row 16]"], ["fájl", "[unlabeled row 1]"], ["fájl", "[unlabeled row 2]"], ["fájl", "[unlabeled row 3]"], ["fájl", "[unlabeled row 4]"], ["fájl", "[unlabeled row 5]"], ["fájl", "[unlabeled row 6]"], ["fájl", "[unlabeled row 7]"], ["fájl", "[unlabeled row 8]"], ["fájl", "[unlabeled row 9]"]], "missing_windows": [], "new_dialogs": [], "new_menu_paths": [], "new_windows": []}
2026-03-20 14:19:09.286 | INFO     | winwatt_automation.live_ui.app_connector:log_cache_usage_summary:493 - CACHE_USAGE_SUMMARY reasons={'cache_missing_resolving_fresh': 1, 'cache_reused_without_validation': 36, 'cache_validated_ok': 2, 'fresh_resolve': 1} validation_age_summary={'count': 38, 'min_s': 0.208, 'max_s': 4.63} throttled_resolves=0
2026-03-20 14:19:09.287 | INFO     | winwatt_automation.live_ui.menu_helpers:log_popup_snapshot_summary:55 - POPUP_SNAPSHOT_SUMMARY snapshots=3 sources={'global_process_scan': 55, 'main_window': 38} dedupe={'kept': 93} topbar_like=36 popup_like=51 empty_text=9
2026-03-20 14:19:09.289 | INFO     | __main__:main:197 - Runtime mapping completed summary no_project_top_menus=0 project_open_top_menus=0 diff_summary={'shared_top_menus': 0, 'actions_only_in_a': 0, 'actions_only_in_b': 0, 'enabled_changes': 0, 'project_only_paths': 0} log_profile=concise
[event] runtime_mapping_summary: {"diff_summary": {"actions_only_in_a": 0, "actions_only_in_b": 0, "enabled_changes": 0, "project_only_paths": 0, "shared_top_menus": 0}, "no_project_top_menus": 0, "project_open_top_menus": 0}

finished_at=2026-03-20T13:19:09.293846+00:00 success=True exit_code=0
