run_id=0074_true_2026-03-20_18-52-57
started_at=2026-03-20T18:52:57.025599+00:00
command=python C:\Users\dancsg\Documents\GitHub\autowinwatt\winwatt_automation\src\winwatt_automation\scripts\map_full_program.py --top-menus Fájl;Jegyzékek --safe-mode hybrid --max-submenu-depth 2 --include-disabled true

2026-03-20 19:52:57.030 | INFO     | winwatt_automation.live_ui.app_connector:get_cached_main_window:551 - DBG_WINWATT_CACHE_GET reason_code=cache_missing_resolving_fresh diagnostic_fast_mode=False
2026-03-20 19:52:57.492 | INFO     | winwatt_automation.live_ui.app_connector:_connect_with_win32_handle:230 - DBG_WINWATT_CONNECT_WIN32_CANDIDATES locator=backend=win32 ranked_candidates=[{'rank': 1, 'score': (1, 1, 1, 1, 2250400), 'process_id': 19572, 'handle': None, 'class_name': 'TMainForm', 'title': 'WinWatt gólya', 'visible': True, 'enabled': True}]
2026-03-20 19:52:57.494 | INFO     | winwatt_automation.live_ui.app_connector:select_main_window:192 - Candidate ranking score=(1, 1, 1, 1, 2250400) data={'title': 'WinWatt gólya', 'window_text': 'WinWatt gólya', 'class_name': 'TMainForm', 'control_type': None, 'process_id': 19572, 'handle': None, 'is_visible': True, 'is_enabled': True, 'rectangle': {'left': -10, 'top': -10, 'right': 1930, 'bottom': 1150, 'width': 1940, 'height': 1160}, 'size': {'width': 1940, 'height': 1160}}
2026-03-20 19:52:57.495 | INFO     | winwatt_automation.live_ui.app_connector:select_main_window:202 - Selected main window process_id=19572 handle=None score=(1, 1, 1, 1, 2250400) reasons=['has_process_id=True', 'has_handle=False', 'visible=True', 'enabled=True', 'title_has_winwatt=True', 'area=2250400']
2026-03-20 19:52:57.495 | INFO     | winwatt_automation.live_ui.app_connector:_connect_with_win32_handle:247 - DBG_WINWATT_CONNECT_WIN32_SELECTED selected_payload={'title': 'WinWatt gólya', 'window_text': 'WinWatt gólya', 'class_name': 'TMainForm', 'control_type': None, 'process_id': 19572, 'handle': None, 'is_visible': True, 'is_enabled': True, 'rectangle': {'left': -10, 'top': -10, 'right': 1930, 'bottom': 1150, 'width': 1940, 'height': 1160}, 'size': {'width': 1940, 'height': 1160}} selected_handle_is_none=True
2026-03-20 19:52:57.497 | INFO     | winwatt_automation.live_ui.app_connector:_connect_with_win32_handle:290 - Connected to WinWatt backend=win32 attach_mode=process candidate={'process_id': 19572, 'handle': None, 'class_name': 'TMainForm', 'title': 'WinWatt gólya'}
2026-03-20 19:52:57.503 | INFO     | winwatt_automation.live_ui.app_connector:_connect_with_win32_handle:304 - DBG_WINWATT_CONNECT_WIN32_RESOLVED process_id=19572 resolved_handle=None selected_payload={'title': 'WinWatt gólya', 'window_text': 'WinWatt gólya', 'class_name': 'TMainForm', 'control_type': None, 'process_id': 19572, 'handle': None, 'is_visible': True, 'is_enabled': True, 'rectangle': {'left': -10, 'top': -10, 'right': 1930, 'bottom': 1150, 'width': 1940, 'height': 1160}, 'size': {'width': 1940, 'height': 1160}}
2026-03-20 19:52:57.503 | INFO     | winwatt_automation.live_ui.app_connector:_resolve_uia_main_window:336 - DBG_WINWATT_RESOLVE_UIA_WIN32_SELECTED selected_payload={'title': 'WinWatt gólya', 'window_text': 'WinWatt gólya', 'class_name': 'TMainForm', 'control_type': None, 'process_id': 19572, 'handle': None, 'is_visible': True, 'is_enabled': True, 'rectangle': {'left': -10, 'top': -10, 'right': 1930, 'bottom': 1150, 'width': 1940, 'height': 1160}, 'size': {'width': 1940, 'height': 1160}}
2026-03-20 19:52:57.504 | INFO     | winwatt_automation.live_ui.app_connector:_resolve_uia_main_window:342 - Connected to WinWatt backend=uia process_id=19572
2026-03-20 19:52:57.505 | INFO     | winwatt_automation.live_ui.app_connector:_resolve_uia_main_window:344 - Resolving main WinWatt window backend=uia class_name=TMainForm title_re=.*WinWatt.*
2026-03-20 19:52:58.027 | INFO     | winwatt_automation.live_ui.app_connector:_resolve_uia_main_window:354 - DBG_WINWATT_RESOLVE_UIA_PRIMARY selected_payload={'title': 'WinWatt gólya', 'window_text': 'WinWatt gólya', 'class_name': 'TMainForm', 'control_type': None, 'process_id': 19572, 'handle': None, 'is_visible': True, 'is_enabled': True, 'rectangle': {'left': -10, 'top': -10, 'right': 1930, 'bottom': 1150, 'width': 1940, 'height': 1160}, 'size': {'width': 1940, 'height': 1160}} primary_result={'wrapper_type': 'UIAWrapper', 'handle': 2032520, 'process_id': 19572, 'title': 'WinWatt gólya', 'class_name': 'TMainForm', 'control_type': 'Window'} identity_match_with_win32=None
2026-03-20 19:52:59.069 | INFO     | winwatt_automation.live_ui.menu_helpers:_menu_items:1074 - DBG_MENU_ITEMS_SUMMARY total_items=7 visible_items=7 topbar_band=(0, 0, 409, 53) topbar_band_visible_count=7 popup_region_visible_count=0 force_refresh=True handle=2032520
2026-03-20 19:52:59.166 | INFO     | winwatt_automation.live_ui.menu_helpers:list_top_menu_items:1114 - Top-level menu items (raw): ['Rendszer', 'Fájl', 'Jegyzékek', 'Adatbázis...', 'Beállítások', 'Ablak', 'Súgó']
2026-03-20 19:52:59.173 | INFO     | winwatt_automation.runtime_mapping.program_mapper:get_canonical_top_menu_names:433 - Canonical top-level menus [7]: ['Rendszer', 'Fájl', 'Jegyzékek', 'Adatbázis...', 'Beállítások', 'Ablak', 'Súgó']
2026-03-20 19:52:59.173 | INFO     | winwatt_automation.runtime_mapping.program_mapper:_build_state_atlas_entry:1127 - STATE_ATLAS_ENTRY_CREATED state_id=no_project top_menus=0 rows=0 actions=0 transitions=0
[event] state_mapped: {"actions": 0, "dialogs": 0, "state_id": "no_project", "top_menus": 0}
2026-03-20 19:53:00.856 | INFO     | winwatt_automation.live_ui.menu_helpers:_menu_items:1074 - DBG_MENU_ITEMS_SUMMARY total_items=7 visible_items=7 topbar_band=(0, 0, 409, 53) topbar_band_visible_count=7 popup_region_visible_count=0 force_refresh=True handle=2032520
2026-03-20 19:53:00.993 | INFO     | winwatt_automation.live_ui.menu_helpers:list_top_menu_items:1114 - Top-level menu items (raw): ['Rendszer', 'Fájl', 'Jegyzékek', 'Adatbázis...', 'Beállítások', 'Ablak', 'Súgó']
2026-03-20 19:53:00.997 | INFO     | winwatt_automation.live_ui.app_connector:prepare_main_window_for_menu_interaction:818 - Preparing WinWatt window for menu interaction
2026-03-20 19:53:01.016 | INFO     | winwatt_automation.live_ui.app_connector:prepare_main_window_for_menu_interaction:838 - Window state before: maximized
2026-03-20 19:53:01.066 | INFO     | winwatt_automation.live_ui.app_connector:prepare_main_window_for_menu_interaction:859 - Window maximized
2026-03-20 19:53:01.072 | INFO     | winwatt_automation.live_ui.app_connector:prepare_main_window_for_menu_interaction:868 - Focus confirmed
2026-03-20 19:53:01.096 | INFO     | winwatt_automation.live_ui.app_connector:ensure_main_window_foreground_before_click:1012 - DBG_WINWATT_FOCUS_GUARD_PRECHECK action_label=open_top_menu:fájl wrapper_type=UIAWrapper cached_handle=2032520 cached_pid=19572 cached_title=WinWatt gólya cached_class=TMainForm precheck_exists=False precheck_visible=True precheck_enabled=True rect={'left': -10, 'top': -10, 'right': 1930, 'bottom': 1150, 'width': 1940, 'height': 1160}
2026-03-20 19:53:01.098 | WARNING  | winwatt_automation.live_ui.app_connector:ensure_main_window_foreground_before_click:1036 - DBG_WINWATT_FOCUS_GUARD_OPEN_TOP_MENU_OVERRIDE action_label=open_top_menu:fájl reason=exists_false_but_identity_strong wrapper_type=UIAWrapper identity_reasons=['handle', 'process_id', 'title', 'class_name', 'rect', 'visible', 'enabled'] cached_identity={'wrapper_type': 'UIAWrapper', 'handle': 2032520, 'process_id': 19572, 'title': 'WinWatt gólya', 'class_name': 'TMainForm', 'control_type': 'Window'} rect={'left': -10, 'top': -10, 'right': 1930, 'bottom': 1150, 'width': 1940, 'height': 1160}
2026-03-20 19:53:01.105 | INFO     | winwatt_automation.live_ui.app_connector:is_winwatt_foreground_context:971 - DBG_WINWATT_FOREGROUND_CONTEXT expected_handle=2032520 expected_process_id=19572 expected_title=WinWatt gólya expected_class_name=TMainForm actual_foreground_handle=2032520 actual_foreground_process_id=19572 actual_foreground_title=WinWatt gólya actual_foreground_class_name=TMainForm allow_dialog=False result_reason=handle_match
2026-03-20 19:53:01.109 | INFO     | winwatt_automation.live_ui.app_connector:ensure_main_window_foreground_before_click:1080 - DBG_WINWATT_FOCUS_GUARD_RESULT action_label=open_top_menu:fájl status=focus_ok reason=handle_match foreground={'handle': 2032520, 'title': 'WinWatt gólya', 'class_name': 'TMainForm', 'process_id': 19572} same_context_as_cached_main=True win32_uia_identity_match=True
2026-03-20 19:53:01.335 | INFO     | winwatt_automation.live_ui.menu_helpers:_menu_items:1074 - DBG_MENU_ITEMS_SUMMARY total_items=7 visible_items=7 topbar_band=(0, 0, 409, 53) topbar_band_visible_count=7 popup_region_visible_count=0 force_refresh=False handle=2032520
2026-03-20 19:53:01.412 | INFO     | winwatt_automation.live_ui.menu_helpers:_menu_items:1074 - DBG_MENU_ITEMS_SUMMARY total_items=7 visible_items=7 topbar_band=(0, 0, 409, 53) topbar_band_visible_count=7 popup_region_visible_count=0 force_refresh=False handle=2032520
2026-03-20 19:53:02.197 | INFO     | winwatt_automation.live_ui.menu_helpers:capture_menu_popup_snapshot:1598 - POPUP_SNAPSHOT_SUMMARY main_window_fragments=7 global_scan_fragments=7 deduped_fragments=14 topbar_like=12 popup_like=0 empty_text=0 topbar_band=(0, 29, 409, 53) empty_text_vertical_cluster_detected=False accepted_popup_rows=0 popup_heuristic=candidate_count_below_threshold
2026-03-20 19:53:02.377 | INFO     | winwatt_automation.live_ui.menu_helpers:_validate_post_menu_open_foreground:935 - post_click_foreground_validation title=Fájl foreground={'handle': 2032520, 'title': 'WinWatt gólya', 'class_name': 'TMainForm', 'process_id': 19572}
2026-03-20 19:53:02.408 | INFO     | winwatt_automation.live_ui.app_connector:is_winwatt_foreground_context:971 - DBG_WINWATT_FOREGROUND_CONTEXT expected_handle=2032520 expected_process_id=19572 expected_title=WinWatt gólya expected_class_name=TMainForm actual_foreground_handle=2032520 actual_foreground_process_id=19572 actual_foreground_title=WinWatt gólya actual_foreground_class_name=TMainForm allow_dialog=True result_reason=handle_match
2026-03-20 19:53:02.434 | INFO     | winwatt_automation.live_ui.app_connector:is_winwatt_foreground_context:971 - DBG_WINWATT_FOREGROUND_CONTEXT expected_handle=2032520 expected_process_id=19572 expected_title=WinWatt gólya expected_class_name=TMainForm actual_foreground_handle=2032520 actual_foreground_process_id=19572 actual_foreground_title=WinWatt gólya actual_foreground_class_name=TMainForm allow_dialog=True result_reason=handle_match
2026-03-20 19:53:02.447 | INFO     | winwatt_automation.live_ui.app_connector:_cached_window_health_status:443 - DBG_WINWATT_CACHE_HEALTH reason_code=healthy payload={'wrapper_type': 'UIAWrapper', 'handle': 2032520, 'process_id': 19572, 'title': 'WinWatt gólya', 'class_name': 'TMainForm', 'control_type': 'Window'}
2026-03-20 19:53:04.609 | INFO     | winwatt_automation.live_ui.menu_helpers:_menu_items:1074 - DBG_MENU_ITEMS_SUMMARY total_items=24 visible_items=24 topbar_band=(0, 0, 932, 547) topbar_band_visible_count=24 popup_region_visible_count=0 force_refresh=False handle=2032520
2026-03-20 19:53:04.621 | INFO     | winwatt_automation.live_ui.menu_helpers:_menu_row_from_wrapper:1429 - TEXT_EXTRACTION_FALLBACK_USED source=legacy_text confidence=medium rect={'left': 4, 'top': 56, 'right': 932, 'bottom': 84}
2026-03-20 19:53:04.635 | INFO     | winwatt_automation.live_ui.menu_helpers:_menu_row_from_wrapper:1429 - TEXT_EXTRACTION_FALLBACK_USED source=legacy_text confidence=medium rect={'left': 4, 'top': 84, 'right': 932, 'bottom': 112}
2026-03-20 19:53:04.645 | WARNING  | winwatt_automation.live_ui.menu_helpers:_menu_row_from_wrapper:1431 - TEXT_EXTRACTION_FAILED source_scope=main_window rect={'left': 4, 'top': 111, 'right': 932, 'bottom': 139}
2026-03-20 19:53:04.660 | WARNING  | winwatt_automation.live_ui.menu_helpers:_menu_row_from_wrapper:1431 - TEXT_EXTRACTION_FAILED source_scope=main_window rect={'left': 4, 'top': 139, 'right': 932, 'bottom': 167}
2026-03-20 19:53:04.671 | INFO     | winwatt_automation.live_ui.menu_helpers:_menu_row_from_wrapper:1429 - TEXT_EXTRACTION_FALLBACK_USED source=legacy_text confidence=medium rect={'left': 4, 'top': 166, 'right': 932, 'bottom': 194}
2026-03-20 19:53:04.684 | WARNING  | winwatt_automation.live_ui.menu_helpers:_menu_row_from_wrapper:1431 - TEXT_EXTRACTION_FAILED source_scope=main_window rect={'left': 4, 'top': 201, 'right': 932, 'bottom': 229}
2026-03-20 19:53:04.696 | INFO     | winwatt_automation.live_ui.menu_helpers:_menu_row_from_wrapper:1429 - TEXT_EXTRACTION_FALLBACK_USED source=legacy_text confidence=medium rect={'left': 4, 'top': 229, 'right': 932, 'bottom': 257}
2026-03-20 19:53:04.706 | INFO     | winwatt_automation.live_ui.menu_helpers:_menu_row_from_wrapper:1429 - TEXT_EXTRACTION_FALLBACK_USED source=legacy_text confidence=medium rect={'left': 4, 'top': 264, 'right': 932, 'bottom': 292}
2026-03-20 19:53:04.717 | INFO     | winwatt_automation.live_ui.menu_helpers:_menu_row_from_wrapper:1429 - TEXT_EXTRACTION_FALLBACK_USED source=legacy_text confidence=medium rect={'left': 4, 'top': 291, 'right': 932, 'bottom': 319}
2026-03-20 19:53:04.729 | INFO     | winwatt_automation.live_ui.menu_helpers:_menu_row_from_wrapper:1429 - TEXT_EXTRACTION_FALLBACK_USED source=legacy_text confidence=medium rect={'left': 4, 'top': 319, 'right': 932, 'bottom': 347}
2026-03-20 19:53:04.739 | INFO     | winwatt_automation.live_ui.menu_helpers:_menu_row_from_wrapper:1429 - TEXT_EXTRACTION_FALLBACK_USED source=legacy_text confidence=medium rect={'left': 4, 'top': 346, 'right': 932, 'bottom': 374}
2026-03-20 19:53:04.757 | INFO     | winwatt_automation.live_ui.menu_helpers:_menu_row_from_wrapper:1429 - TEXT_EXTRACTION_FALLBACK_USED source=legacy_text confidence=medium rect={'left': 4, 'top': 374, 'right': 932, 'bottom': 402}
2026-03-20 19:53:04.779 | INFO     | winwatt_automation.live_ui.menu_helpers:_menu_row_from_wrapper:1429 - TEXT_EXTRACTION_FALLBACK_USED source=legacy_text confidence=medium rect={'left': 4, 'top': 401, 'right': 932, 'bottom': 429}
2026-03-20 19:53:04.797 | INFO     | winwatt_automation.live_ui.menu_helpers:_menu_row_from_wrapper:1429 - TEXT_EXTRACTION_FALLBACK_USED source=legacy_text confidence=medium rect={'left': 4, 'top': 429, 'right': 932, 'bottom': 457}
2026-03-20 19:53:04.810 | INFO     | winwatt_automation.live_ui.menu_helpers:_menu_row_from_wrapper:1429 - TEXT_EXTRACTION_FALLBACK_USED source=legacy_text confidence=medium rect={'left': 4, 'top': 456, 'right': 932, 'bottom': 484}
2026-03-20 19:53:04.821 | INFO     | winwatt_automation.live_ui.menu_helpers:_menu_row_from_wrapper:1429 - TEXT_EXTRACTION_FALLBACK_USED source=legacy_text confidence=medium rect={'left': 4, 'top': 484, 'right': 932, 'bottom': 512}
2026-03-20 19:53:04.842 | INFO     | winwatt_automation.live_ui.menu_helpers:_menu_row_from_wrapper:1429 - TEXT_EXTRACTION_FALLBACK_USED source=legacy_text confidence=medium rect={'left': 4, 'top': 519, 'right': 932, 'bottom': 547}
2026-03-20 19:53:06.137 | INFO     | winwatt_automation.live_ui.menu_helpers:_menu_row_from_wrapper:1429 - TEXT_EXTRACTION_FALLBACK_USED source=legacy_text confidence=medium rect={'left': 4, 'top': 56, 'right': 932, 'bottom': 84}
2026-03-20 19:53:06.150 | INFO     | winwatt_automation.live_ui.menu_helpers:_menu_row_from_wrapper:1429 - TEXT_EXTRACTION_FALLBACK_USED source=legacy_text confidence=medium rect={'left': 4, 'top': 84, 'right': 932, 'bottom': 112}
2026-03-20 19:53:06.167 | WARNING  | winwatt_automation.live_ui.menu_helpers:_menu_row_from_wrapper:1431 - TEXT_EXTRACTION_FAILED source_scope=global_process_scan rect={'left': 4, 'top': 111, 'right': 932, 'bottom': 139}
2026-03-20 19:53:06.183 | WARNING  | winwatt_automation.live_ui.menu_helpers:_menu_row_from_wrapper:1431 - TEXT_EXTRACTION_FAILED source_scope=global_process_scan rect={'left': 4, 'top': 139, 'right': 932, 'bottom': 167}
2026-03-20 19:53:06.197 | INFO     | winwatt_automation.live_ui.menu_helpers:_menu_row_from_wrapper:1429 - TEXT_EXTRACTION_FALLBACK_USED source=legacy_text confidence=medium rect={'left': 4, 'top': 166, 'right': 932, 'bottom': 194}
2026-03-20 19:53:06.207 | WARNING  | winwatt_automation.live_ui.menu_helpers:_menu_row_from_wrapper:1431 - TEXT_EXTRACTION_FAILED source_scope=global_process_scan rect={'left': 4, 'top': 201, 'right': 932, 'bottom': 229}
2026-03-20 19:53:06.218 | INFO     | winwatt_automation.live_ui.menu_helpers:_menu_row_from_wrapper:1429 - TEXT_EXTRACTION_FALLBACK_USED source=legacy_text confidence=medium rect={'left': 4, 'top': 229, 'right': 932, 'bottom': 257}
2026-03-20 19:53:06.233 | INFO     | winwatt_automation.live_ui.menu_helpers:_menu_row_from_wrapper:1429 - TEXT_EXTRACTION_FALLBACK_USED source=legacy_text confidence=medium rect={'left': 4, 'top': 264, 'right': 932, 'bottom': 292}
2026-03-20 19:53:06.252 | INFO     | winwatt_automation.live_ui.menu_helpers:_menu_row_from_wrapper:1429 - TEXT_EXTRACTION_FALLBACK_USED source=legacy_text confidence=medium rect={'left': 4, 'top': 291, 'right': 932, 'bottom': 319}
2026-03-20 19:53:06.268 | INFO     | winwatt_automation.live_ui.menu_helpers:_menu_row_from_wrapper:1429 - TEXT_EXTRACTION_FALLBACK_USED source=legacy_text confidence=medium rect={'left': 4, 'top': 319, 'right': 932, 'bottom': 347}
2026-03-20 19:53:06.285 | INFO     | winwatt_automation.live_ui.menu_helpers:_menu_row_from_wrapper:1429 - TEXT_EXTRACTION_FALLBACK_USED source=legacy_text confidence=medium rect={'left': 4, 'top': 346, 'right': 932, 'bottom': 374}
2026-03-20 19:53:06.298 | INFO     | winwatt_automation.live_ui.menu_helpers:_menu_row_from_wrapper:1429 - TEXT_EXTRACTION_FALLBACK_USED source=legacy_text confidence=medium rect={'left': 4, 'top': 374, 'right': 932, 'bottom': 402}
2026-03-20 19:53:06.309 | INFO     | winwatt_automation.live_ui.menu_helpers:_menu_row_from_wrapper:1429 - TEXT_EXTRACTION_FALLBACK_USED source=legacy_text confidence=medium rect={'left': 4, 'top': 401, 'right': 932, 'bottom': 429}
2026-03-20 19:53:06.324 | INFO     | winwatt_automation.live_ui.menu_helpers:_menu_row_from_wrapper:1429 - TEXT_EXTRACTION_FALLBACK_USED source=legacy_text confidence=medium rect={'left': 4, 'top': 429, 'right': 932, 'bottom': 457}
2026-03-20 19:53:06.357 | INFO     | winwatt_automation.live_ui.menu_helpers:_menu_row_from_wrapper:1429 - TEXT_EXTRACTION_FALLBACK_USED source=legacy_text confidence=medium rect={'left': 4, 'top': 456, 'right': 932, 'bottom': 484}
2026-03-20 19:53:06.374 | INFO     | winwatt_automation.live_ui.menu_helpers:_menu_row_from_wrapper:1429 - TEXT_EXTRACTION_FALLBACK_USED source=legacy_text confidence=medium rect={'left': 4, 'top': 484, 'right': 932, 'bottom': 512}
2026-03-20 19:53:06.396 | INFO     | winwatt_automation.live_ui.menu_helpers:_menu_row_from_wrapper:1429 - TEXT_EXTRACTION_FALLBACK_USED source=legacy_text confidence=medium rect={'left': 4, 'top': 519, 'right': 932, 'bottom': 547}
2026-03-20 19:53:06.434 | INFO     | winwatt_automation.live_ui.app_connector:is_winwatt_foreground_context:971 - DBG_WINWATT_FOREGROUND_CONTEXT expected_handle=2032520 expected_process_id=19572 expected_title=WinWatt gólya expected_class_name=TMainForm actual_foreground_handle=2032520 actual_foreground_process_id=19572 actual_foreground_title=WinWatt gólya actual_foreground_class_name=TMainForm allow_dialog=True result_reason=handle_match
2026-03-20 19:53:06.443 | INFO     | winwatt_automation.live_ui.app_connector:_cached_window_health_status:443 - DBG_WINWATT_CACHE_HEALTH reason_code=healthy payload={'wrapper_type': 'UIAWrapper', 'handle': 2032520, 'process_id': 19572, 'title': 'WinWatt gólya', 'class_name': 'TMainForm', 'control_type': 'Window'}
2026-03-20 19:53:07.166 | INFO     | winwatt_automation.live_ui.menu_helpers:capture_menu_popup_snapshot:1598 - POPUP_SNAPSHOT_SUMMARY main_window_fragments=24 global_scan_fragments=24 deduped_fragments=48 topbar_like=12 popup_like=34 empty_text=6 topbar_band=(0, 29, 409, 53) empty_text_vertical_cluster_detected=False accepted_popup_rows=0 popup_heuristic=cluster_below_threshold
2026-03-20 19:53:08.748 | INFO     | winwatt_automation.live_ui.menu_helpers:_menu_items:1074 - DBG_MENU_ITEMS_SUMMARY total_items=24 visible_items=24 topbar_band=(0, 0, 932, 547) topbar_band_visible_count=24 popup_region_visible_count=0 force_refresh=False handle=2032520
2026-03-20 19:53:08.758 | INFO     | winwatt_automation.live_ui.menu_helpers:_menu_row_from_wrapper:1429 - TEXT_EXTRACTION_FALLBACK_USED source=legacy_text confidence=medium rect={'left': 4, 'top': 56, 'right': 932, 'bottom': 84}
2026-03-20 19:53:08.768 | INFO     | winwatt_automation.live_ui.menu_helpers:_menu_row_from_wrapper:1429 - TEXT_EXTRACTION_FALLBACK_USED source=legacy_text confidence=medium rect={'left': 4, 'top': 84, 'right': 932, 'bottom': 112}
2026-03-20 19:53:08.778 | WARNING  | winwatt_automation.live_ui.menu_helpers:_menu_row_from_wrapper:1431 - TEXT_EXTRACTION_FAILED source_scope=main_window rect={'left': 4, 'top': 111, 'right': 932, 'bottom': 139}
2026-03-20 19:53:08.793 | WARNING  | winwatt_automation.live_ui.menu_helpers:_menu_row_from_wrapper:1431 - TEXT_EXTRACTION_FAILED source_scope=main_window rect={'left': 4, 'top': 139, 'right': 932, 'bottom': 167}
2026-03-20 19:53:08.807 | INFO     | winwatt_automation.live_ui.menu_helpers:_menu_row_from_wrapper:1429 - TEXT_EXTRACTION_FALLBACK_USED source=legacy_text confidence=medium rect={'left': 4, 'top': 166, 'right': 932, 'bottom': 194}
2026-03-20 19:53:08.823 | WARNING  | winwatt_automation.live_ui.menu_helpers:_menu_row_from_wrapper:1431 - TEXT_EXTRACTION_FAILED source_scope=main_window rect={'left': 4, 'top': 201, 'right': 932, 'bottom': 229}
2026-03-20 19:53:08.837 | INFO     | winwatt_automation.live_ui.menu_helpers:_menu_row_from_wrapper:1429 - TEXT_EXTRACTION_FALLBACK_USED source=legacy_text confidence=medium rect={'left': 4, 'top': 229, 'right': 932, 'bottom': 257}
2026-03-20 19:53:08.860 | INFO     | winwatt_automation.live_ui.menu_helpers:_menu_row_from_wrapper:1429 - TEXT_EXTRACTION_FALLBACK_USED source=legacy_text confidence=medium rect={'left': 4, 'top': 264, 'right': 932, 'bottom': 292}
2026-03-20 19:53:08.874 | INFO     | winwatt_automation.live_ui.menu_helpers:_menu_row_from_wrapper:1429 - TEXT_EXTRACTION_FALLBACK_USED source=legacy_text confidence=medium rect={'left': 4, 'top': 291, 'right': 932, 'bottom': 319}
2026-03-20 19:53:08.886 | INFO     | winwatt_automation.live_ui.menu_helpers:_menu_row_from_wrapper:1429 - TEXT_EXTRACTION_FALLBACK_USED source=legacy_text confidence=medium rect={'left': 4, 'top': 319, 'right': 932, 'bottom': 347}
2026-03-20 19:53:08.900 | INFO     | winwatt_automation.live_ui.menu_helpers:_menu_row_from_wrapper:1429 - TEXT_EXTRACTION_FALLBACK_USED source=legacy_text confidence=medium rect={'left': 4, 'top': 346, 'right': 932, 'bottom': 374}
2026-03-20 19:53:08.913 | INFO     | winwatt_automation.live_ui.menu_helpers:_menu_row_from_wrapper:1429 - TEXT_EXTRACTION_FALLBACK_USED source=legacy_text confidence=medium rect={'left': 4, 'top': 374, 'right': 932, 'bottom': 402}
2026-03-20 19:53:08.927 | INFO     | winwatt_automation.live_ui.menu_helpers:_menu_row_from_wrapper:1429 - TEXT_EXTRACTION_FALLBACK_USED source=legacy_text confidence=medium rect={'left': 4, 'top': 401, 'right': 932, 'bottom': 429}
2026-03-20 19:53:08.945 | INFO     | winwatt_automation.live_ui.menu_helpers:_menu_row_from_wrapper:1429 - TEXT_EXTRACTION_FALLBACK_USED source=legacy_text confidence=medium rect={'left': 4, 'top': 429, 'right': 932, 'bottom': 457}
2026-03-20 19:53:08.964 | INFO     | winwatt_automation.live_ui.menu_helpers:_menu_row_from_wrapper:1429 - TEXT_EXTRACTION_FALLBACK_USED source=legacy_text confidence=medium rect={'left': 4, 'top': 456, 'right': 932, 'bottom': 484}
2026-03-20 19:53:08.982 | INFO     | winwatt_automation.live_ui.menu_helpers:_menu_row_from_wrapper:1429 - TEXT_EXTRACTION_FALLBACK_USED source=legacy_text confidence=medium rect={'left': 4, 'top': 484, 'right': 932, 'bottom': 512}
2026-03-20 19:53:08.998 | INFO     | winwatt_automation.live_ui.menu_helpers:_menu_row_from_wrapper:1429 - TEXT_EXTRACTION_FALLBACK_USED source=legacy_text confidence=medium rect={'left': 4, 'top': 519, 'right': 932, 'bottom': 547}
2026-03-20 19:53:10.190 | INFO     | winwatt_automation.live_ui.menu_helpers:_menu_row_from_wrapper:1429 - TEXT_EXTRACTION_FALLBACK_USED source=legacy_text confidence=medium rect={'left': 4, 'top': 56, 'right': 932, 'bottom': 84}
2026-03-20 19:53:10.199 | INFO     | winwatt_automation.live_ui.menu_helpers:_menu_row_from_wrapper:1429 - TEXT_EXTRACTION_FALLBACK_USED source=legacy_text confidence=medium rect={'left': 4, 'top': 84, 'right': 932, 'bottom': 112}
2026-03-20 19:53:10.215 | WARNING  | winwatt_automation.live_ui.menu_helpers:_menu_row_from_wrapper:1431 - TEXT_EXTRACTION_FAILED source_scope=global_process_scan rect={'left': 4, 'top': 111, 'right': 932, 'bottom': 139}
2026-03-20 19:53:10.243 | WARNING  | winwatt_automation.live_ui.menu_helpers:_menu_row_from_wrapper:1431 - TEXT_EXTRACTION_FAILED source_scope=global_process_scan rect={'left': 4, 'top': 139, 'right': 932, 'bottom': 167}
2026-03-20 19:53:10.269 | INFO     | winwatt_automation.live_ui.menu_helpers:_menu_row_from_wrapper:1429 - TEXT_EXTRACTION_FALLBACK_USED source=legacy_text confidence=medium rect={'left': 4, 'top': 166, 'right': 932, 'bottom': 194}
2026-03-20 19:53:10.294 | WARNING  | winwatt_automation.live_ui.menu_helpers:_menu_row_from_wrapper:1431 - TEXT_EXTRACTION_FAILED source_scope=global_process_scan rect={'left': 4, 'top': 201, 'right': 932, 'bottom': 229}
2026-03-20 19:53:10.317 | INFO     | winwatt_automation.live_ui.menu_helpers:_menu_row_from_wrapper:1429 - TEXT_EXTRACTION_FALLBACK_USED source=legacy_text confidence=medium rect={'left': 4, 'top': 229, 'right': 932, 'bottom': 257}
2026-03-20 19:53:10.345 | INFO     | winwatt_automation.live_ui.menu_helpers:_menu_row_from_wrapper:1429 - TEXT_EXTRACTION_FALLBACK_USED source=legacy_text confidence=medium rect={'left': 4, 'top': 264, 'right': 932, 'bottom': 292}
2026-03-20 19:53:10.361 | INFO     | winwatt_automation.live_ui.menu_helpers:_menu_row_from_wrapper:1429 - TEXT_EXTRACTION_FALLBACK_USED source=legacy_text confidence=medium rect={'left': 4, 'top': 291, 'right': 932, 'bottom': 319}
2026-03-20 19:53:10.380 | INFO     | winwatt_automation.live_ui.menu_helpers:_menu_row_from_wrapper:1429 - TEXT_EXTRACTION_FALLBACK_USED source=legacy_text confidence=medium rect={'left': 4, 'top': 319, 'right': 932, 'bottom': 347}
2026-03-20 19:53:10.395 | INFO     | winwatt_automation.live_ui.menu_helpers:_menu_row_from_wrapper:1429 - TEXT_EXTRACTION_FALLBACK_USED source=legacy_text confidence=medium rect={'left': 4, 'top': 346, 'right': 932, 'bottom': 374}
2026-03-20 19:53:10.404 | INFO     | winwatt_automation.live_ui.menu_helpers:_menu_row_from_wrapper:1429 - TEXT_EXTRACTION_FALLBACK_USED source=legacy_text confidence=medium rect={'left': 4, 'top': 374, 'right': 932, 'bottom': 402}
2026-03-20 19:53:10.418 | INFO     | winwatt_automation.live_ui.menu_helpers:_menu_row_from_wrapper:1429 - TEXT_EXTRACTION_FALLBACK_USED source=legacy_text confidence=medium rect={'left': 4, 'top': 401, 'right': 932, 'bottom': 429}
2026-03-20 19:53:10.436 | INFO     | winwatt_automation.live_ui.menu_helpers:_menu_row_from_wrapper:1429 - TEXT_EXTRACTION_FALLBACK_USED source=legacy_text confidence=medium rect={'left': 4, 'top': 429, 'right': 932, 'bottom': 457}
2026-03-20 19:53:10.459 | INFO     | winwatt_automation.live_ui.menu_helpers:_menu_row_from_wrapper:1429 - TEXT_EXTRACTION_FALLBACK_USED source=legacy_text confidence=medium rect={'left': 4, 'top': 456, 'right': 932, 'bottom': 484}
2026-03-20 19:53:10.478 | INFO     | winwatt_automation.live_ui.menu_helpers:_menu_row_from_wrapper:1429 - TEXT_EXTRACTION_FALLBACK_USED source=legacy_text confidence=medium rect={'left': 4, 'top': 484, 'right': 932, 'bottom': 512}
2026-03-20 19:53:10.488 | INFO     | winwatt_automation.live_ui.menu_helpers:_menu_row_from_wrapper:1429 - TEXT_EXTRACTION_FALLBACK_USED source=legacy_text confidence=medium rect={'left': 4, 'top': 519, 'right': 932, 'bottom': 547}
2026-03-20 19:53:10.522 | INFO     | winwatt_automation.live_ui.app_connector:is_winwatt_foreground_context:971 - DBG_WINWATT_FOREGROUND_CONTEXT expected_handle=2032520 expected_process_id=19572 expected_title=WinWatt gólya expected_class_name=TMainForm actual_foreground_handle=2032520 actual_foreground_process_id=19572 actual_foreground_title=WinWatt gólya actual_foreground_class_name=TMainForm allow_dialog=True result_reason=handle_match
2026-03-20 19:53:10.533 | INFO     | winwatt_automation.live_ui.app_connector:_cached_window_health_status:443 - DBG_WINWATT_CACHE_HEALTH reason_code=healthy payload={'wrapper_type': 'UIAWrapper', 'handle': 2032520, 'process_id': 19572, 'title': 'WinWatt gólya', 'class_name': 'TMainForm', 'control_type': 'Window'}
2026-03-20 19:53:11.192 | INFO     | winwatt_automation.live_ui.menu_helpers:capture_menu_popup_snapshot:1598 - POPUP_SNAPSHOT_SUMMARY main_window_fragments=24 global_scan_fragments=24 deduped_fragments=48 topbar_like=12 popup_like=34 empty_text=6 topbar_band=(0, 29, 409, 53) empty_text_vertical_cluster_detected=False accepted_popup_rows=0 popup_heuristic=cluster_below_threshold
2026-03-20 19:53:12.223 | INFO     | winwatt_automation.live_ui.menu_helpers:_menu_items:1074 - DBG_MENU_ITEMS_SUMMARY total_items=24 visible_items=24 topbar_band=(0, 0, 932, 547) topbar_band_visible_count=24 popup_region_visible_count=0 force_refresh=False handle=2032520
2026-03-20 19:53:12.992 | INFO     | winwatt_automation.live_ui.menu_helpers:_menu_items:1074 - DBG_MENU_ITEMS_SUMMARY total_items=24 visible_items=24 topbar_band=(0, 0, 932, 547) topbar_band_visible_count=24 popup_region_visible_count=0 force_refresh=False handle=2032520
2026-03-20 19:53:13.352 | INFO     | winwatt_automation.live_ui.menu_helpers:_group_popup_fragments_into_logical_rows:1887 - POPUP_TEXT_RECOVERY_SOURCE_SELECTED row_index=0 source=legacy_text confidence=medium text='Végrehajtás'
2026-03-20 19:53:13.353 | INFO     | winwatt_automation.live_ui.menu_helpers:_group_popup_fragments_into_logical_rows:1887 - POPUP_TEXT_RECOVERY_SOURCE_SELECTED row_index=1 source=legacy_text confidence=medium text='Végrehajtás'
2026-03-20 19:53:13.354 | INFO     | winwatt_automation.live_ui.menu_helpers:_group_popup_fragments_into_logical_rows:1895 - POPUP_TEXT_RECOVERY_SOURCE_REJECTED row_index=2 source=none reason=no_viable_text_candidate
2026-03-20 19:53:13.355 | INFO     | winwatt_automation.live_ui.menu_helpers:_group_popup_fragments_into_logical_rows:1895 - POPUP_TEXT_RECOVERY_SOURCE_REJECTED row_index=3 source=none reason=no_viable_text_candidate
2026-03-20 19:53:13.356 | INFO     | winwatt_automation.live_ui.menu_helpers:_group_popup_fragments_into_logical_rows:1887 - POPUP_TEXT_RECOVERY_SOURCE_SELECTED row_index=4 source=legacy_text confidence=medium text='Végrehajtás'
2026-03-20 19:53:13.356 | INFO     | winwatt_automation.live_ui.menu_helpers:_group_popup_fragments_into_logical_rows:1895 - POPUP_TEXT_RECOVERY_SOURCE_REJECTED row_index=5 source=none reason=no_viable_text_candidate
2026-03-20 19:53:13.357 | INFO     | winwatt_automation.live_ui.menu_helpers:_group_popup_fragments_into_logical_rows:1887 - POPUP_TEXT_RECOVERY_SOURCE_SELECTED row_index=6 source=legacy_text confidence=medium text='Végrehajtás'
2026-03-20 19:53:13.358 | INFO     | winwatt_automation.live_ui.menu_helpers:_group_popup_fragments_into_logical_rows:1887 - POPUP_TEXT_RECOVERY_SOURCE_SELECTED row_index=7 source=legacy_text confidence=medium text='Végrehajtás'
2026-03-20 19:53:13.359 | INFO     | winwatt_automation.live_ui.menu_helpers:_group_popup_fragments_into_logical_rows:1887 - POPUP_TEXT_RECOVERY_SOURCE_SELECTED row_index=8 source=legacy_text confidence=medium text='Végrehajtás'
2026-03-20 19:53:13.360 | INFO     | winwatt_automation.live_ui.menu_helpers:_group_popup_fragments_into_logical_rows:1887 - POPUP_TEXT_RECOVERY_SOURCE_SELECTED row_index=9 source=legacy_text confidence=medium text='Végrehajtás'
2026-03-20 19:53:13.361 | INFO     | winwatt_automation.live_ui.menu_helpers:_group_popup_fragments_into_logical_rows:1887 - POPUP_TEXT_RECOVERY_SOURCE_SELECTED row_index=10 source=legacy_text confidence=medium text='Végrehajtás'
2026-03-20 19:53:13.361 | INFO     | winwatt_automation.live_ui.menu_helpers:_group_popup_fragments_into_logical_rows:1887 - POPUP_TEXT_RECOVERY_SOURCE_SELECTED row_index=11 source=legacy_text confidence=medium text='Végrehajtás'
2026-03-20 19:53:13.362 | INFO     | winwatt_automation.live_ui.menu_helpers:_group_popup_fragments_into_logical_rows:1887 - POPUP_TEXT_RECOVERY_SOURCE_SELECTED row_index=12 source=legacy_text confidence=medium text='Végrehajtás'
2026-03-20 19:53:13.362 | INFO     | winwatt_automation.live_ui.menu_helpers:_group_popup_fragments_into_logical_rows:1887 - POPUP_TEXT_RECOVERY_SOURCE_SELECTED row_index=13 source=legacy_text confidence=medium text='Végrehajtás'
2026-03-20 19:53:13.363 | INFO     | winwatt_automation.live_ui.menu_helpers:_group_popup_fragments_into_logical_rows:1887 - POPUP_TEXT_RECOVERY_SOURCE_SELECTED row_index=14 source=legacy_text confidence=medium text='Végrehajtás'
2026-03-20 19:53:13.363 | INFO     | winwatt_automation.live_ui.menu_helpers:_group_popup_fragments_into_logical_rows:1887 - POPUP_TEXT_RECOVERY_SOURCE_SELECTED row_index=15 source=legacy_text confidence=medium text='Végrehajtás'
2026-03-20 19:53:13.364 | INFO     | winwatt_automation.live_ui.menu_helpers:_group_popup_fragments_into_logical_rows:1887 - POPUP_TEXT_RECOVERY_SOURCE_SELECTED row_index=16 source=legacy_text confidence=medium text='Végrehajtás'
2026-03-20 19:53:13.940 | INFO     | winwatt_automation.live_ui.menu_helpers:_adjust_popup_row_text_confidence:1332 - POPUP_ROW_TEXT_CONFIDENCE_ADJUSTED row_index=0 source=legacy_text old_confidence=medium new_confidence=low text='Végrehajtás'
2026-03-20 19:53:13.940 | INFO     | winwatt_automation.live_ui.menu_helpers:_group_popup_fragments_into_logical_rows:1947 - DBG_MENU_GROUP_ROW row_index=0 representative_text='Végrehajtás' fragment_count=1 fragment_texts=['Végrehajtás'] row_rectangle={'left': 4, 'top': 56, 'right': 932, 'bottom': 84} source_scope_summary=['main_window'] row_class_summary=[''] topbar_like=True popup_like=False popup_reason=None
2026-03-20 19:53:13.941 | INFO     | winwatt_automation.live_ui.menu_helpers:_adjust_popup_row_text_confidence:1332 - POPUP_ROW_TEXT_CONFIDENCE_ADJUSTED row_index=1 source=legacy_text old_confidence=medium new_confidence=low text='Végrehajtás'
2026-03-20 19:53:13.943 | INFO     | winwatt_automation.live_ui.menu_helpers:_group_popup_fragments_into_logical_rows:1947 - DBG_MENU_GROUP_ROW row_index=1 representative_text='Végrehajtás' fragment_count=1 fragment_texts=['Végrehajtás'] row_rectangle={'left': 4, 'top': 84, 'right': 932, 'bottom': 112} source_scope_summary=['main_window'] row_class_summary=[''] topbar_like=True popup_like=False popup_reason=None
2026-03-20 19:53:13.944 | INFO     | winwatt_automation.live_ui.menu_helpers:_group_popup_fragments_into_logical_rows:1947 - DBG_MENU_GROUP_ROW row_index=2 representative_text='' fragment_count=1 fragment_texts=[''] row_rectangle={'left': 4, 'top': 111, 'right': 932, 'bottom': 139} source_scope_summary=['main_window'] row_class_summary=[''] topbar_like=False popup_like=False popup_reason=None
2026-03-20 19:53:13.945 | INFO     | winwatt_automation.live_ui.menu_helpers:_group_popup_fragments_into_logical_rows:1947 - DBG_MENU_GROUP_ROW row_index=3 representative_text='' fragment_count=1 fragment_texts=[''] row_rectangle={'left': 4, 'top': 139, 'right': 932, 'bottom': 167} source_scope_summary=['main_window'] row_class_summary=[''] topbar_like=False popup_like=True popup_reason=below_topbar_band
2026-03-20 19:53:13.946 | INFO     | winwatt_automation.live_ui.menu_helpers:_adjust_popup_row_text_confidence:1332 - POPUP_ROW_TEXT_CONFIDENCE_ADJUSTED row_index=4 source=legacy_text old_confidence=medium new_confidence=low text='Végrehajtás'
2026-03-20 19:53:13.947 | INFO     | winwatt_automation.live_ui.menu_helpers:_group_popup_fragments_into_logical_rows:1947 - DBG_MENU_GROUP_ROW row_index=4 representative_text='Végrehajtás' fragment_count=1 fragment_texts=['Végrehajtás'] row_rectangle={'left': 4, 'top': 166, 'right': 932, 'bottom': 194} source_scope_summary=['main_window'] row_class_summary=[''] topbar_like=False popup_like=True popup_reason=below_topbar_band
2026-03-20 19:53:13.948 | INFO     | winwatt_automation.live_ui.menu_helpers:_group_popup_fragments_into_logical_rows:1947 - DBG_MENU_GROUP_ROW row_index=5 representative_text='' fragment_count=1 fragment_texts=[''] row_rectangle={'left': 4, 'top': 201, 'right': 932, 'bottom': 229} source_scope_summary=['main_window'] row_class_summary=[''] topbar_like=False popup_like=True popup_reason=below_topbar_band
2026-03-20 19:53:13.949 | INFO     | winwatt_automation.live_ui.menu_helpers:_adjust_popup_row_text_confidence:1332 - POPUP_ROW_TEXT_CONFIDENCE_ADJUSTED row_index=6 source=legacy_text old_confidence=medium new_confidence=low text='Végrehajtás'
2026-03-20 19:53:13.950 | INFO     | winwatt_automation.live_ui.menu_helpers:_group_popup_fragments_into_logical_rows:1947 - DBG_MENU_GROUP_ROW row_index=6 representative_text='Végrehajtás' fragment_count=1 fragment_texts=['Végrehajtás'] row_rectangle={'left': 4, 'top': 229, 'right': 932, 'bottom': 257} source_scope_summary=['main_window'] row_class_summary=[''] topbar_like=False popup_like=True popup_reason=below_topbar_band
2026-03-20 19:53:13.951 | INFO     | winwatt_automation.live_ui.menu_helpers:_adjust_popup_row_text_confidence:1332 - POPUP_ROW_TEXT_CONFIDENCE_ADJUSTED row_index=7 source=legacy_text old_confidence=medium new_confidence=low text='Végrehajtás'
2026-03-20 19:53:13.951 | INFO     | winwatt_automation.live_ui.menu_helpers:_group_popup_fragments_into_logical_rows:1947 - DBG_MENU_GROUP_ROW row_index=7 representative_text='Végrehajtás' fragment_count=1 fragment_texts=['Végrehajtás'] row_rectangle={'left': 4, 'top': 264, 'right': 932, 'bottom': 292} source_scope_summary=['main_window'] row_class_summary=[''] topbar_like=False popup_like=True popup_reason=below_topbar_band
2026-03-20 19:53:13.954 | INFO     | winwatt_automation.live_ui.menu_helpers:_adjust_popup_row_text_confidence:1332 - POPUP_ROW_TEXT_CONFIDENCE_ADJUSTED row_index=8 source=legacy_text old_confidence=medium new_confidence=low text='Végrehajtás'
2026-03-20 19:53:13.955 | INFO     | winwatt_automation.live_ui.menu_helpers:_group_popup_fragments_into_logical_rows:1947 - DBG_MENU_GROUP_ROW row_index=8 representative_text='Végrehajtás' fragment_count=1 fragment_texts=['Végrehajtás'] row_rectangle={'left': 4, 'top': 291, 'right': 932, 'bottom': 319} source_scope_summary=['main_window'] row_class_summary=[''] topbar_like=False popup_like=True popup_reason=below_topbar_band
2026-03-20 19:53:13.956 | INFO     | winwatt_automation.live_ui.menu_helpers:_adjust_popup_row_text_confidence:1332 - POPUP_ROW_TEXT_CONFIDENCE_ADJUSTED row_index=9 source=legacy_text old_confidence=medium new_confidence=low text='Végrehajtás'
2026-03-20 19:53:13.956 | INFO     | winwatt_automation.live_ui.menu_helpers:_group_popup_fragments_into_logical_rows:1947 - DBG_MENU_GROUP_ROW row_index=9 representative_text='Végrehajtás' fragment_count=1 fragment_texts=['Végrehajtás'] row_rectangle={'left': 4, 'top': 319, 'right': 932, 'bottom': 347} source_scope_summary=['main_window'] row_class_summary=[''] topbar_like=False popup_like=True popup_reason=below_topbar_band
2026-03-20 19:53:13.957 | INFO     | winwatt_automation.live_ui.menu_helpers:_adjust_popup_row_text_confidence:1332 - POPUP_ROW_TEXT_CONFIDENCE_ADJUSTED row_index=10 source=legacy_text old_confidence=medium new_confidence=low text='Végrehajtás'
2026-03-20 19:53:13.958 | INFO     | winwatt_automation.live_ui.menu_helpers:_group_popup_fragments_into_logical_rows:1947 - DBG_MENU_GROUP_ROW row_index=10 representative_text='Végrehajtás' fragment_count=1 fragment_texts=['Végrehajtás'] row_rectangle={'left': 4, 'top': 346, 'right': 932, 'bottom': 374} source_scope_summary=['main_window'] row_class_summary=[''] topbar_like=False popup_like=True popup_reason=below_topbar_band
2026-03-20 19:53:13.958 | INFO     | winwatt_automation.live_ui.menu_helpers:_adjust_popup_row_text_confidence:1332 - POPUP_ROW_TEXT_CONFIDENCE_ADJUSTED row_index=11 source=legacy_text old_confidence=medium new_confidence=low text='Végrehajtás'
2026-03-20 19:53:13.959 | INFO     | winwatt_automation.live_ui.menu_helpers:_group_popup_fragments_into_logical_rows:1947 - DBG_MENU_GROUP_ROW row_index=11 representative_text='Végrehajtás' fragment_count=1 fragment_texts=['Végrehajtás'] row_rectangle={'left': 4, 'top': 374, 'right': 932, 'bottom': 402} source_scope_summary=['main_window'] row_class_summary=[''] topbar_like=False popup_like=True popup_reason=below_topbar_band
2026-03-20 19:53:13.959 | INFO     | winwatt_automation.live_ui.menu_helpers:_adjust_popup_row_text_confidence:1332 - POPUP_ROW_TEXT_CONFIDENCE_ADJUSTED row_index=12 source=legacy_text old_confidence=medium new_confidence=low text='Végrehajtás'
2026-03-20 19:53:13.959 | INFO     | winwatt_automation.live_ui.menu_helpers:_group_popup_fragments_into_logical_rows:1947 - DBG_MENU_GROUP_ROW row_index=12 representative_text='Végrehajtás' fragment_count=1 fragment_texts=['Végrehajtás'] row_rectangle={'left': 4, 'top': 401, 'right': 932, 'bottom': 429} source_scope_summary=['main_window'] row_class_summary=[''] topbar_like=False popup_like=True popup_reason=below_topbar_band
2026-03-20 19:53:13.960 | INFO     | winwatt_automation.live_ui.menu_helpers:_adjust_popup_row_text_confidence:1332 - POPUP_ROW_TEXT_CONFIDENCE_ADJUSTED row_index=13 source=legacy_text old_confidence=medium new_confidence=low text='Végrehajtás'
2026-03-20 19:53:13.962 | INFO     | winwatt_automation.live_ui.menu_helpers:_group_popup_fragments_into_logical_rows:1947 - DBG_MENU_GROUP_ROW row_index=13 representative_text='Végrehajtás' fragment_count=1 fragment_texts=['Végrehajtás'] row_rectangle={'left': 4, 'top': 429, 'right': 932, 'bottom': 457} source_scope_summary=['main_window'] row_class_summary=[''] topbar_like=False popup_like=True popup_reason=below_topbar_band
2026-03-20 19:53:13.963 | INFO     | winwatt_automation.live_ui.menu_helpers:_adjust_popup_row_text_confidence:1332 - POPUP_ROW_TEXT_CONFIDENCE_ADJUSTED row_index=14 source=legacy_text old_confidence=medium new_confidence=low text='Végrehajtás'
2026-03-20 19:53:13.963 | INFO     | winwatt_automation.live_ui.menu_helpers:_group_popup_fragments_into_logical_rows:1947 - DBG_MENU_GROUP_ROW row_index=14 representative_text='Végrehajtás' fragment_count=1 fragment_texts=['Végrehajtás'] row_rectangle={'left': 4, 'top': 456, 'right': 932, 'bottom': 484} source_scope_summary=['main_window'] row_class_summary=[''] topbar_like=False popup_like=True popup_reason=below_topbar_band
2026-03-20 19:53:13.963 | INFO     | winwatt_automation.live_ui.menu_helpers:_adjust_popup_row_text_confidence:1332 - POPUP_ROW_TEXT_CONFIDENCE_ADJUSTED row_index=15 source=legacy_text old_confidence=medium new_confidence=low text='Végrehajtás'
2026-03-20 19:53:13.964 | INFO     | winwatt_automation.live_ui.menu_helpers:_group_popup_fragments_into_logical_rows:1947 - DBG_MENU_GROUP_ROW row_index=15 representative_text='Végrehajtás' fragment_count=1 fragment_texts=['Végrehajtás'] row_rectangle={'left': 4, 'top': 484, 'right': 932, 'bottom': 512} source_scope_summary=['main_window'] row_class_summary=[''] topbar_like=False popup_like=True popup_reason=below_topbar_band
2026-03-20 19:53:13.965 | INFO     | winwatt_automation.live_ui.menu_helpers:_adjust_popup_row_text_confidence:1332 - POPUP_ROW_TEXT_CONFIDENCE_ADJUSTED row_index=16 source=legacy_text old_confidence=medium new_confidence=low text='Végrehajtás'
2026-03-20 19:53:13.966 | INFO     | winwatt_automation.live_ui.menu_helpers:_group_popup_fragments_into_logical_rows:1947 - DBG_MENU_GROUP_ROW row_index=16 representative_text='Végrehajtás' fragment_count=1 fragment_texts=['Végrehajtás'] row_rectangle={'left': 4, 'top': 519, 'right': 932, 'bottom': 547} source_scope_summary=['main_window'] row_class_summary=[''] topbar_like=False popup_like=True popup_reason=below_topbar_band
2026-03-20 19:53:13.966 | WARNING  | winwatt_automation.live_ui.menu_helpers:_reject_repeated_popup_legacy_texts:1366 - TEXT_EXTRACTION_REJECTED_REPEATED_LEGACY_TEXT row_index=0 repeated_text='Végrehajtás' occurrence_count=14 popup_row_count=17 raw_sources=['legacy_text'] rectangle={'left': 4, 'top': 56, 'right': 932, 'bottom': 84}
2026-03-20 19:53:13.967 | INFO     | winwatt_automation.live_ui.menu_helpers:_reject_repeated_popup_legacy_texts:1375 - POPUP_TEXT_RECOVERY_SOURCE_REJECTED row_index=0 source=legacy_text reason=repeated_fallback_text repeated_text='Végrehajtás'
2026-03-20 19:53:13.967 | WARNING  | winwatt_automation.live_ui.menu_helpers:_reject_repeated_popup_legacy_texts:1366 - TEXT_EXTRACTION_REJECTED_REPEATED_LEGACY_TEXT row_index=1 repeated_text='Végrehajtás' occurrence_count=14 popup_row_count=17 raw_sources=['legacy_text'] rectangle={'left': 4, 'top': 84, 'right': 932, 'bottom': 112}
2026-03-20 19:53:13.968 | INFO     | winwatt_automation.live_ui.menu_helpers:_reject_repeated_popup_legacy_texts:1375 - POPUP_TEXT_RECOVERY_SOURCE_REJECTED row_index=1 source=legacy_text reason=repeated_fallback_text repeated_text='Végrehajtás'
2026-03-20 19:53:13.968 | WARNING  | winwatt_automation.live_ui.menu_helpers:_reject_repeated_popup_legacy_texts:1366 - TEXT_EXTRACTION_REJECTED_REPEATED_LEGACY_TEXT row_index=4 repeated_text='Végrehajtás' occurrence_count=14 popup_row_count=17 raw_sources=['legacy_text'] rectangle={'left': 4, 'top': 166, 'right': 932, 'bottom': 194}
2026-03-20 19:53:13.969 | INFO     | winwatt_automation.live_ui.menu_helpers:_reject_repeated_popup_legacy_texts:1375 - POPUP_TEXT_RECOVERY_SOURCE_REJECTED row_index=4 source=legacy_text reason=repeated_fallback_text repeated_text='Végrehajtás'
2026-03-20 19:53:13.970 | WARNING  | winwatt_automation.live_ui.menu_helpers:_reject_repeated_popup_legacy_texts:1366 - TEXT_EXTRACTION_REJECTED_REPEATED_LEGACY_TEXT row_index=6 repeated_text='Végrehajtás' occurrence_count=14 popup_row_count=17 raw_sources=['legacy_text'] rectangle={'left': 4, 'top': 229, 'right': 932, 'bottom': 257}
2026-03-20 19:53:13.971 | INFO     | winwatt_automation.live_ui.menu_helpers:_reject_repeated_popup_legacy_texts:1375 - POPUP_TEXT_RECOVERY_SOURCE_REJECTED row_index=6 source=legacy_text reason=repeated_fallback_text repeated_text='Végrehajtás'
2026-03-20 19:53:13.971 | WARNING  | winwatt_automation.live_ui.menu_helpers:_reject_repeated_popup_legacy_texts:1366 - TEXT_EXTRACTION_REJECTED_REPEATED_LEGACY_TEXT row_index=7 repeated_text='Végrehajtás' occurrence_count=14 popup_row_count=17 raw_sources=['legacy_text'] rectangle={'left': 4, 'top': 264, 'right': 932, 'bottom': 292}
2026-03-20 19:53:13.972 | INFO     | winwatt_automation.live_ui.menu_helpers:_reject_repeated_popup_legacy_texts:1375 - POPUP_TEXT_RECOVERY_SOURCE_REJECTED row_index=7 source=legacy_text reason=repeated_fallback_text repeated_text='Végrehajtás'
2026-03-20 19:53:13.973 | WARNING  | winwatt_automation.live_ui.menu_helpers:_reject_repeated_popup_legacy_texts:1366 - TEXT_EXTRACTION_REJECTED_REPEATED_LEGACY_TEXT row_index=8 repeated_text='Végrehajtás' occurrence_count=14 popup_row_count=17 raw_sources=['legacy_text'] rectangle={'left': 4, 'top': 291, 'right': 932, 'bottom': 319}
2026-03-20 19:53:13.974 | INFO     | winwatt_automation.live_ui.menu_helpers:_reject_repeated_popup_legacy_texts:1375 - POPUP_TEXT_RECOVERY_SOURCE_REJECTED row_index=8 source=legacy_text reason=repeated_fallback_text repeated_text='Végrehajtás'
2026-03-20 19:53:13.975 | WARNING  | winwatt_automation.live_ui.menu_helpers:_reject_repeated_popup_legacy_texts:1366 - TEXT_EXTRACTION_REJECTED_REPEATED_LEGACY_TEXT row_index=9 repeated_text='Végrehajtás' occurrence_count=14 popup_row_count=17 raw_sources=['legacy_text'] rectangle={'left': 4, 'top': 319, 'right': 932, 'bottom': 347}
2026-03-20 19:53:13.976 | INFO     | winwatt_automation.live_ui.menu_helpers:_reject_repeated_popup_legacy_texts:1375 - POPUP_TEXT_RECOVERY_SOURCE_REJECTED row_index=9 source=legacy_text reason=repeated_fallback_text repeated_text='Végrehajtás'
2026-03-20 19:53:13.977 | WARNING  | winwatt_automation.live_ui.menu_helpers:_reject_repeated_popup_legacy_texts:1366 - TEXT_EXTRACTION_REJECTED_REPEATED_LEGACY_TEXT row_index=10 repeated_text='Végrehajtás' occurrence_count=14 popup_row_count=17 raw_sources=['legacy_text'] rectangle={'left': 4, 'top': 346, 'right': 932, 'bottom': 374}
2026-03-20 19:53:13.978 | INFO     | winwatt_automation.live_ui.menu_helpers:_reject_repeated_popup_legacy_texts:1375 - POPUP_TEXT_RECOVERY_SOURCE_REJECTED row_index=10 source=legacy_text reason=repeated_fallback_text repeated_text='Végrehajtás'
2026-03-20 19:53:13.978 | WARNING  | winwatt_automation.live_ui.menu_helpers:_reject_repeated_popup_legacy_texts:1366 - TEXT_EXTRACTION_REJECTED_REPEATED_LEGACY_TEXT row_index=11 repeated_text='Végrehajtás' occurrence_count=14 popup_row_count=17 raw_sources=['legacy_text'] rectangle={'left': 4, 'top': 374, 'right': 932, 'bottom': 402}
2026-03-20 19:53:13.978 | INFO     | winwatt_automation.live_ui.menu_helpers:_reject_repeated_popup_legacy_texts:1375 - POPUP_TEXT_RECOVERY_SOURCE_REJECTED row_index=11 source=legacy_text reason=repeated_fallback_text repeated_text='Végrehajtás'
2026-03-20 19:53:13.979 | WARNING  | winwatt_automation.live_ui.menu_helpers:_reject_repeated_popup_legacy_texts:1366 - TEXT_EXTRACTION_REJECTED_REPEATED_LEGACY_TEXT row_index=12 repeated_text='Végrehajtás' occurrence_count=14 popup_row_count=17 raw_sources=['legacy_text'] rectangle={'left': 4, 'top': 401, 'right': 932, 'bottom': 429}
2026-03-20 19:53:13.980 | INFO     | winwatt_automation.live_ui.menu_helpers:_reject_repeated_popup_legacy_texts:1375 - POPUP_TEXT_RECOVERY_SOURCE_REJECTED row_index=12 source=legacy_text reason=repeated_fallback_text repeated_text='Végrehajtás'
2026-03-20 19:53:13.980 | WARNING  | winwatt_automation.live_ui.menu_helpers:_reject_repeated_popup_legacy_texts:1366 - TEXT_EXTRACTION_REJECTED_REPEATED_LEGACY_TEXT row_index=13 repeated_text='Végrehajtás' occurrence_count=14 popup_row_count=17 raw_sources=['legacy_text'] rectangle={'left': 4, 'top': 429, 'right': 932, 'bottom': 457}
2026-03-20 19:53:13.980 | INFO     | winwatt_automation.live_ui.menu_helpers:_reject_repeated_popup_legacy_texts:1375 - POPUP_TEXT_RECOVERY_SOURCE_REJECTED row_index=13 source=legacy_text reason=repeated_fallback_text repeated_text='Végrehajtás'
2026-03-20 19:53:13.981 | WARNING  | winwatt_automation.live_ui.menu_helpers:_reject_repeated_popup_legacy_texts:1366 - TEXT_EXTRACTION_REJECTED_REPEATED_LEGACY_TEXT row_index=14 repeated_text='Végrehajtás' occurrence_count=14 popup_row_count=17 raw_sources=['legacy_text'] rectangle={'left': 4, 'top': 456, 'right': 932, 'bottom': 484}
2026-03-20 19:53:13.981 | INFO     | winwatt_automation.live_ui.menu_helpers:_reject_repeated_popup_legacy_texts:1375 - POPUP_TEXT_RECOVERY_SOURCE_REJECTED row_index=14 source=legacy_text reason=repeated_fallback_text repeated_text='Végrehajtás'
2026-03-20 19:53:13.982 | WARNING  | winwatt_automation.live_ui.menu_helpers:_reject_repeated_popup_legacy_texts:1366 - TEXT_EXTRACTION_REJECTED_REPEATED_LEGACY_TEXT row_index=15 repeated_text='Végrehajtás' occurrence_count=14 popup_row_count=17 raw_sources=['legacy_text'] rectangle={'left': 4, 'top': 484, 'right': 932, 'bottom': 512}
2026-03-20 19:53:13.982 | INFO     | winwatt_automation.live_ui.menu_helpers:_reject_repeated_popup_legacy_texts:1375 - POPUP_TEXT_RECOVERY_SOURCE_REJECTED row_index=15 source=legacy_text reason=repeated_fallback_text repeated_text='Végrehajtás'
2026-03-20 19:53:13.983 | WARNING  | winwatt_automation.live_ui.menu_helpers:_reject_repeated_popup_legacy_texts:1366 - TEXT_EXTRACTION_REJECTED_REPEATED_LEGACY_TEXT row_index=16 repeated_text='Végrehajtás' occurrence_count=14 popup_row_count=17 raw_sources=['legacy_text'] rectangle={'left': 4, 'top': 519, 'right': 932, 'bottom': 547}
2026-03-20 19:53:13.984 | INFO     | winwatt_automation.live_ui.menu_helpers:_reject_repeated_popup_legacy_texts:1375 - POPUP_TEXT_RECOVERY_SOURCE_REJECTED row_index=16 source=legacy_text reason=repeated_fallback_text repeated_text='Végrehajtás'
2026-03-20 19:53:13.984 | INFO     | winwatt_automation.live_ui.menu_helpers:open_top_menu_and_capture_popup_state:2049 - Menu open transitions: before snapshot row count=14 after snapshot row count=48 structured row count=17 top menu clicked more than once=False
2026-03-20 19:53:13.985 | INFO     | winwatt_automation.runtime_mapping.program_mapper:recover_after_project_open:1930 - project_open_recovery_start timeout_s=15.0 poll_interval_s=0.25
2026-03-20 19:53:13.993 | INFO     | winwatt_automation.runtime_mapping.program_mapper:recover_after_project_open:1941 - project_open_recovery_success
[event] project_open_result: {"dialog_found": false, "error": "Could not locate 'Projekt megnyitás' row in Fájl popup.", "success": false}
[event] project_open_recovery: {"modal_detected": false, "reason": "main_window_ready", "success": true}
2026-03-20 19:53:14.768 | INFO     | winwatt_automation.live_ui.app_connector:is_winwatt_foreground_context:971 - DBG_WINWATT_FOREGROUND_CONTEXT expected_handle=2032520 expected_process_id=19572 expected_title=WinWatt gólya expected_class_name=TMainForm actual_foreground_handle=2032520 actual_foreground_process_id=19572 actual_foreground_title=WinWatt gólya actual_foreground_class_name=TMainForm allow_dialog=True result_reason=handle_match
2026-03-20 19:53:14.774 | INFO     | winwatt_automation.live_ui.app_connector:_cached_window_health_status:443 - DBG_WINWATT_CACHE_HEALTH reason_code=healthy payload={'wrapper_type': 'UIAWrapper', 'handle': 2032520, 'process_id': 19572, 'title': 'WinWatt gólya', 'class_name': 'TMainForm', 'control_type': 'Window'}
2026-03-20 19:53:15.604 | INFO     | winwatt_automation.live_ui.menu_helpers:_menu_items:1074 - DBG_MENU_ITEMS_SUMMARY total_items=24 visible_items=24 topbar_band=(0, 0, 932, 547) topbar_band_visible_count=24 popup_region_visible_count=0 force_refresh=True handle=2032520
2026-03-20 19:53:15.961 | INFO     | winwatt_automation.live_ui.menu_helpers:list_top_menu_items:1114 - Top-level menu items (raw): ['Rendszer', 'Fájl', 'Jegyzékek', 'Adatbázis...', 'Beállítások', 'Ablak', 'Súgó']
2026-03-20 19:53:15.970 | INFO     | winwatt_automation.runtime_mapping.program_mapper:get_canonical_top_menu_names:433 - Canonical top-level menus [7]: ['Rendszer', 'Fájl', 'Jegyzékek', 'Adatbázis...', 'Beállítások', 'Ablak', 'Súgó']
2026-03-20 19:53:15.972 | INFO     | winwatt_automation.runtime_mapping.program_mapper:_build_state_atlas_entry:1127 - STATE_ATLAS_ENTRY_CREATED state_id=project_open top_menus=0 rows=0 actions=0 transitions=0
[event] state_mapped: {"actions": 0, "dialogs": 0, "state_id": "project_open", "top_menus": 0}
2026-03-20 19:53:16.041 | INFO     | winwatt_automation.runtime_mapping.program_mapper:_build_state_atlas_entry:1127 - STATE_ATLAS_ENTRY_CREATED state_id=no_project top_menus=0 rows=0 actions=0 transitions=0
2026-03-20 19:53:16.042 | INFO     | winwatt_automation.runtime_mapping.program_mapper:_build_state_atlas_entry:1127 - STATE_ATLAS_ENTRY_CREATED state_id=project_open top_menus=0 rows=0 actions=0 transitions=0
[event] runtime_diff: {"enabled_changes": 0, "project_only_paths": 0, "summary": {"actions_only_in_a": 0, "actions_only_in_b": 0, "enabled_changes": 0, "project_only_paths": 0, "shared_top_menus": 0}}
[event] knowledge_verification: {"baseline_loaded": true, "coverage_pct": 100.0, "covered_known_menu_paths": 0, "current_menu_paths": 0, "known_menu_paths": 0, "missing_dialogs": [], "missing_menu_paths": [], "missing_windows": [], "new_dialogs": [], "new_menu_paths": [], "new_windows": []}
2026-03-20 19:53:16.069 | INFO     | winwatt_automation.live_ui.app_connector:log_cache_usage_summary:493 - CACHE_USAGE_SUMMARY reasons={'cache_missing_resolving_fresh': 1, 'cache_reused_without_validation': 34, 'cache_validated_ok': 4, 'fresh_resolve': 1} validation_age_summary={'count': 38, 'min_s': 0.016, 'max_s': 4.383} throttled_resolves=0
2026-03-20 19:53:16.070 | INFO     | winwatt_automation.live_ui.menu_helpers:log_popup_snapshot_summary:55 - POPUP_SNAPSHOT_SUMMARY snapshots=3 sources={'global_process_scan': 55, 'main_window': 55} dedupe={'kept': 110} topbar_like=36 popup_like=68 empty_text=12
2026-03-20 19:53:16.073 | INFO     | __main__:main:197 - Runtime mapping completed summary no_project_top_menus=0 project_open_top_menus=0 diff_summary={'shared_top_menus': 0, 'actions_only_in_a': 0, 'actions_only_in_b': 0, 'enabled_changes': 0, 'project_only_paths': 0} log_profile=concise
[event] runtime_mapping_summary: {"diff_summary": {"actions_only_in_a": 0, "actions_only_in_b": 0, "enabled_changes": 0, "project_only_paths": 0, "shared_top_menus": 0}, "no_project_top_menus": 0, "project_open_top_menus": 0}

finished_at=2026-03-20T18:53:16.079806+00:00 success=True exit_code=0
